[2025-02-27T15:52:52.282+0000] {processor.py:186} INFO - Started process (PID=101) to work on /home/airflow/.local/lib/python3.12/site-packages/airflow/example_dags/example_sla_dag.py
[2025-02-27T15:52:52.283+0000] {processor.py:914} INFO - Processing file /home/airflow/.local/lib/python3.12/site-packages/airflow/example_dags/example_sla_dag.py for tasks to queue
[2025-02-27T15:52:52.285+0000] {logging_mixin.py:190} INFO - [2025-02-27T15:52:52.285+0000] {dagbag.py:588} INFO - Filling up the DagBag from /home/airflow/.local/lib/python3.12/site-packages/airflow/example_dags/example_sla_dag.py
[2025-02-27T15:52:52.309+0000] {processor.py:925} INFO - DAG(s) 'example_sla_dag' retrieved from /home/airflow/.local/lib/python3.12/site-packages/airflow/example_dags/example_sla_dag.py
[2025-02-27T15:52:52.456+0000] {logging_mixin.py:190} INFO - [2025-02-27T15:52:52.455+0000] {override.py:1912} INFO - Created Permission View: can edit on DAG:example_sla_dag
[2025-02-27T15:52:52.479+0000] {logging_mixin.py:190} INFO - [2025-02-27T15:52:52.479+0000] {override.py:1912} INFO - Created Permission View: can delete on DAG:example_sla_dag
[2025-02-27T15:52:52.501+0000] {logging_mixin.py:190} INFO - [2025-02-27T15:52:52.501+0000] {override.py:1912} INFO - Created Permission View: can read on DAG:example_sla_dag
[2025-02-27T15:52:52.548+0000] {logging_mixin.py:190} INFO - [2025-02-27T15:52:52.548+0000] {override.py:1912} INFO - Created Permission View: can delete on DAG Run:example_sla_dag
[2025-02-27T15:52:52.569+0000] {logging_mixin.py:190} INFO - [2025-02-27T15:52:52.569+0000] {override.py:1912} INFO - Created Permission View: menu access on DAG Run:example_sla_dag
[2025-02-27T15:52:52.592+0000] {logging_mixin.py:190} INFO - [2025-02-27T15:52:52.591+0000] {override.py:1912} INFO - Created Permission View: can read on DAG Run:example_sla_dag
[2025-02-27T15:52:52.634+0000] {logging_mixin.py:190} INFO - [2025-02-27T15:52:52.633+0000] {override.py:1912} INFO - Created Permission View: can create on DAG Run:example_sla_dag
[2025-02-27T15:52:52.635+0000] {logging_mixin.py:190} INFO - [2025-02-27T15:52:52.635+0000] {dag.py:3239} INFO - Sync 1 DAGs
[2025-02-27T15:52:52.664+0000] {logging_mixin.py:190} INFO - [2025-02-27T15:52:52.663+0000] {dag.py:3262} INFO - Creating ORM DAG for example_sla_dag
[2025-02-27T15:52:52.700+0000] {logging_mixin.py:190} INFO - [2025-02-27T15:52:52.700+0000] {dag.py:4180} INFO - Setting next_dagrun for example_sla_dag to 2025-02-27 15:50:00+00:00, run_after=2025-02-27 15:52:00+00:00
[2025-02-27T15:52:52.738+0000] {processor.py:208} INFO - Processing /home/airflow/.local/lib/python3.12/site-packages/airflow/example_dags/example_sla_dag.py took 0.464 seconds
[2025-02-27T15:53:22.910+0000] {processor.py:186} INFO - Started process (PID=164) to work on /home/airflow/.local/lib/python3.12/site-packages/airflow/example_dags/example_sla_dag.py
[2025-02-27T15:53:22.911+0000] {processor.py:914} INFO - Processing file /home/airflow/.local/lib/python3.12/site-packages/airflow/example_dags/example_sla_dag.py for tasks to queue
[2025-02-27T15:53:22.914+0000] {logging_mixin.py:190} INFO - [2025-02-27T15:53:22.913+0000] {dagbag.py:588} INFO - Filling up the DagBag from /home/airflow/.local/lib/python3.12/site-packages/airflow/example_dags/example_sla_dag.py
[2025-02-27T15:53:22.925+0000] {processor.py:925} INFO - DAG(s) 'example_sla_dag' retrieved from /home/airflow/.local/lib/python3.12/site-packages/airflow/example_dags/example_sla_dag.py
[2025-02-27T15:53:22.947+0000] {logging_mixin.py:190} INFO - [2025-02-27T15:53:22.947+0000] {dag.py:3239} INFO - Sync 1 DAGs
[2025-02-27T15:53:22.975+0000] {logging_mixin.py:190} INFO - [2025-02-27T15:53:22.975+0000] {dag.py:4180} INFO - Setting next_dagrun for example_sla_dag to 2025-02-27 15:50:00+00:00, run_after=2025-02-27 15:52:00+00:00
[2025-02-27T15:53:22.997+0000] {processor.py:208} INFO - Processing /home/airflow/.local/lib/python3.12/site-packages/airflow/example_dags/example_sla_dag.py took 0.094 seconds
[2025-02-27T15:53:53.175+0000] {processor.py:186} INFO - Started process (PID=226) to work on /home/airflow/.local/lib/python3.12/site-packages/airflow/example_dags/example_sla_dag.py
[2025-02-27T15:53:53.178+0000] {processor.py:914} INFO - Processing file /home/airflow/.local/lib/python3.12/site-packages/airflow/example_dags/example_sla_dag.py for tasks to queue
[2025-02-27T15:53:53.182+0000] {logging_mixin.py:190} INFO - [2025-02-27T15:53:53.182+0000] {dagbag.py:588} INFO - Filling up the DagBag from /home/airflow/.local/lib/python3.12/site-packages/airflow/example_dags/example_sla_dag.py
[2025-02-27T15:53:53.197+0000] {processor.py:925} INFO - DAG(s) 'example_sla_dag' retrieved from /home/airflow/.local/lib/python3.12/site-packages/airflow/example_dags/example_sla_dag.py
[2025-02-27T15:53:53.226+0000] {logging_mixin.py:190} INFO - [2025-02-27T15:53:53.225+0000] {dag.py:3239} INFO - Sync 1 DAGs
[2025-02-27T15:53:53.263+0000] {logging_mixin.py:190} INFO - [2025-02-27T15:53:53.263+0000] {dag.py:4180} INFO - Setting next_dagrun for example_sla_dag to 2025-02-27 15:50:00+00:00, run_after=2025-02-27 15:52:00+00:00
[2025-02-27T15:53:53.291+0000] {processor.py:208} INFO - Processing /home/airflow/.local/lib/python3.12/site-packages/airflow/example_dags/example_sla_dag.py took 0.125 seconds
[2025-02-27T15:54:23.914+0000] {processor.py:186} INFO - Started process (PID=289) to work on /home/airflow/.local/lib/python3.12/site-packages/airflow/example_dags/example_sla_dag.py
[2025-02-27T15:54:23.915+0000] {processor.py:914} INFO - Processing file /home/airflow/.local/lib/python3.12/site-packages/airflow/example_dags/example_sla_dag.py for tasks to queue
[2025-02-27T15:54:23.917+0000] {logging_mixin.py:190} INFO - [2025-02-27T15:54:23.917+0000] {dagbag.py:588} INFO - Filling up the DagBag from /home/airflow/.local/lib/python3.12/site-packages/airflow/example_dags/example_sla_dag.py
[2025-02-27T15:54:23.927+0000] {processor.py:925} INFO - DAG(s) 'example_sla_dag' retrieved from /home/airflow/.local/lib/python3.12/site-packages/airflow/example_dags/example_sla_dag.py
[2025-02-27T15:54:23.948+0000] {logging_mixin.py:190} INFO - [2025-02-27T15:54:23.947+0000] {dag.py:3239} INFO - Sync 1 DAGs
[2025-02-27T15:54:23.975+0000] {logging_mixin.py:190} INFO - [2025-02-27T15:54:23.974+0000] {dag.py:4180} INFO - Setting next_dagrun for example_sla_dag to 2025-02-27 15:52:00+00:00, run_after=2025-02-27 15:54:00+00:00
[2025-02-27T15:54:23.995+0000] {processor.py:208} INFO - Processing /home/airflow/.local/lib/python3.12/site-packages/airflow/example_dags/example_sla_dag.py took 0.086 seconds
[2025-02-27T15:54:54.478+0000] {processor.py:186} INFO - Started process (PID=352) to work on /home/airflow/.local/lib/python3.12/site-packages/airflow/example_dags/example_sla_dag.py
[2025-02-27T15:54:54.479+0000] {processor.py:914} INFO - Processing file /home/airflow/.local/lib/python3.12/site-packages/airflow/example_dags/example_sla_dag.py for tasks to queue
[2025-02-27T15:54:54.481+0000] {logging_mixin.py:190} INFO - [2025-02-27T15:54:54.480+0000] {dagbag.py:588} INFO - Filling up the DagBag from /home/airflow/.local/lib/python3.12/site-packages/airflow/example_dags/example_sla_dag.py
[2025-02-27T15:54:54.491+0000] {processor.py:925} INFO - DAG(s) 'example_sla_dag' retrieved from /home/airflow/.local/lib/python3.12/site-packages/airflow/example_dags/example_sla_dag.py
[2025-02-27T15:54:54.511+0000] {logging_mixin.py:190} INFO - [2025-02-27T15:54:54.511+0000] {dag.py:3239} INFO - Sync 1 DAGs
[2025-02-27T15:54:54.537+0000] {logging_mixin.py:190} INFO - [2025-02-27T15:54:54.536+0000] {dag.py:4180} INFO - Setting next_dagrun for example_sla_dag to 2025-02-27 15:52:00+00:00, run_after=2025-02-27 15:54:00+00:00
[2025-02-27T15:54:54.559+0000] {processor.py:208} INFO - Processing /home/airflow/.local/lib/python3.12/site-packages/airflow/example_dags/example_sla_dag.py took 0.087 seconds
[2025-02-27T15:55:24.944+0000] {processor.py:186} INFO - Started process (PID=416) to work on /home/airflow/.local/lib/python3.12/site-packages/airflow/example_dags/example_sla_dag.py
[2025-02-27T15:55:24.945+0000] {processor.py:914} INFO - Processing file /home/airflow/.local/lib/python3.12/site-packages/airflow/example_dags/example_sla_dag.py for tasks to queue
[2025-02-27T15:55:24.947+0000] {logging_mixin.py:190} INFO - [2025-02-27T15:55:24.947+0000] {dagbag.py:588} INFO - Filling up the DagBag from /home/airflow/.local/lib/python3.12/site-packages/airflow/example_dags/example_sla_dag.py
[2025-02-27T15:55:24.957+0000] {processor.py:925} INFO - DAG(s) 'example_sla_dag' retrieved from /home/airflow/.local/lib/python3.12/site-packages/airflow/example_dags/example_sla_dag.py
[2025-02-27T15:55:24.978+0000] {logging_mixin.py:190} INFO - [2025-02-27T15:55:24.978+0000] {dag.py:3239} INFO - Sync 1 DAGs
[2025-02-27T15:55:25.005+0000] {logging_mixin.py:190} INFO - [2025-02-27T15:55:25.005+0000] {dag.py:4180} INFO - Setting next_dagrun for example_sla_dag to 2025-02-27 15:52:00+00:00, run_after=2025-02-27 15:54:00+00:00
[2025-02-27T15:55:25.024+0000] {processor.py:208} INFO - Processing /home/airflow/.local/lib/python3.12/site-packages/airflow/example_dags/example_sla_dag.py took 0.086 seconds
[2025-02-27T15:55:55.165+0000] {processor.py:186} INFO - Started process (PID=478) to work on /home/airflow/.local/lib/python3.12/site-packages/airflow/example_dags/example_sla_dag.py
[2025-02-27T15:55:55.166+0000] {processor.py:914} INFO - Processing file /home/airflow/.local/lib/python3.12/site-packages/airflow/example_dags/example_sla_dag.py for tasks to queue
[2025-02-27T15:55:55.170+0000] {logging_mixin.py:190} INFO - [2025-02-27T15:55:55.169+0000] {dagbag.py:588} INFO - Filling up the DagBag from /home/airflow/.local/lib/python3.12/site-packages/airflow/example_dags/example_sla_dag.py
[2025-02-27T15:55:55.183+0000] {processor.py:925} INFO - DAG(s) 'example_sla_dag' retrieved from /home/airflow/.local/lib/python3.12/site-packages/airflow/example_dags/example_sla_dag.py
[2025-02-27T15:55:55.211+0000] {logging_mixin.py:190} INFO - [2025-02-27T15:55:55.210+0000] {dag.py:3239} INFO - Sync 1 DAGs
[2025-02-27T15:55:55.248+0000] {logging_mixin.py:190} INFO - [2025-02-27T15:55:55.248+0000] {dag.py:4180} INFO - Setting next_dagrun for example_sla_dag to 2025-02-27 15:52:00+00:00, run_after=2025-02-27 15:54:00+00:00
[2025-02-27T15:55:55.284+0000] {processor.py:208} INFO - Processing /home/airflow/.local/lib/python3.12/site-packages/airflow/example_dags/example_sla_dag.py took 0.126 seconds
[2025-02-27T15:56:25.740+0000] {processor.py:186} INFO - Started process (PID=541) to work on /home/airflow/.local/lib/python3.12/site-packages/airflow/example_dags/example_sla_dag.py
[2025-02-27T15:56:25.741+0000] {processor.py:914} INFO - Processing file /home/airflow/.local/lib/python3.12/site-packages/airflow/example_dags/example_sla_dag.py for tasks to queue
[2025-02-27T15:56:25.744+0000] {logging_mixin.py:190} INFO - [2025-02-27T15:56:25.743+0000] {dagbag.py:588} INFO - Filling up the DagBag from /home/airflow/.local/lib/python3.12/site-packages/airflow/example_dags/example_sla_dag.py
[2025-02-27T15:56:25.758+0000] {processor.py:925} INFO - DAG(s) 'example_sla_dag' retrieved from /home/airflow/.local/lib/python3.12/site-packages/airflow/example_dags/example_sla_dag.py
[2025-02-27T15:56:25.787+0000] {logging_mixin.py:190} INFO - [2025-02-27T15:56:25.787+0000] {dag.py:3239} INFO - Sync 1 DAGs
[2025-02-27T15:56:25.825+0000] {logging_mixin.py:190} INFO - [2025-02-27T15:56:25.824+0000] {dag.py:4180} INFO - Setting next_dagrun for example_sla_dag to 2025-02-27 15:54:00+00:00, run_after=2025-02-27 15:56:00+00:00
[2025-02-27T15:56:25.850+0000] {processor.py:208} INFO - Processing /home/airflow/.local/lib/python3.12/site-packages/airflow/example_dags/example_sla_dag.py took 0.117 seconds
[2025-02-27T15:56:56.130+0000] {processor.py:186} INFO - Started process (PID=605) to work on /home/airflow/.local/lib/python3.12/site-packages/airflow/example_dags/example_sla_dag.py
[2025-02-27T15:56:56.131+0000] {processor.py:914} INFO - Processing file /home/airflow/.local/lib/python3.12/site-packages/airflow/example_dags/example_sla_dag.py for tasks to queue
[2025-02-27T15:56:56.133+0000] {logging_mixin.py:190} INFO - [2025-02-27T15:56:56.132+0000] {dagbag.py:588} INFO - Filling up the DagBag from /home/airflow/.local/lib/python3.12/site-packages/airflow/example_dags/example_sla_dag.py
[2025-02-27T15:56:56.142+0000] {processor.py:925} INFO - DAG(s) 'example_sla_dag' retrieved from /home/airflow/.local/lib/python3.12/site-packages/airflow/example_dags/example_sla_dag.py
[2025-02-27T15:56:56.161+0000] {logging_mixin.py:190} INFO - [2025-02-27T15:56:56.161+0000] {dag.py:3239} INFO - Sync 1 DAGs
[2025-02-27T15:56:56.188+0000] {logging_mixin.py:190} INFO - [2025-02-27T15:56:56.188+0000] {dag.py:4180} INFO - Setting next_dagrun for example_sla_dag to 2025-02-27 15:54:00+00:00, run_after=2025-02-27 15:56:00+00:00
[2025-02-27T15:56:56.206+0000] {processor.py:208} INFO - Processing /home/airflow/.local/lib/python3.12/site-packages/airflow/example_dags/example_sla_dag.py took 0.082 seconds
[2025-02-27T15:57:26.482+0000] {processor.py:186} INFO - Started process (PID=668) to work on /home/airflow/.local/lib/python3.12/site-packages/airflow/example_dags/example_sla_dag.py
[2025-02-27T15:57:26.483+0000] {processor.py:914} INFO - Processing file /home/airflow/.local/lib/python3.12/site-packages/airflow/example_dags/example_sla_dag.py for tasks to queue
[2025-02-27T15:57:26.485+0000] {logging_mixin.py:190} INFO - [2025-02-27T15:57:26.485+0000] {dagbag.py:588} INFO - Filling up the DagBag from /home/airflow/.local/lib/python3.12/site-packages/airflow/example_dags/example_sla_dag.py
[2025-02-27T15:57:26.495+0000] {processor.py:925} INFO - DAG(s) 'example_sla_dag' retrieved from /home/airflow/.local/lib/python3.12/site-packages/airflow/example_dags/example_sla_dag.py
[2025-02-27T15:57:26.516+0000] {logging_mixin.py:190} INFO - [2025-02-27T15:57:26.516+0000] {dag.py:3239} INFO - Sync 1 DAGs
[2025-02-27T15:57:26.543+0000] {logging_mixin.py:190} INFO - [2025-02-27T15:57:26.543+0000] {dag.py:4180} INFO - Setting next_dagrun for example_sla_dag to 2025-02-27 15:54:00+00:00, run_after=2025-02-27 15:56:00+00:00
[2025-02-27T15:57:26.562+0000] {processor.py:208} INFO - Processing /home/airflow/.local/lib/python3.12/site-packages/airflow/example_dags/example_sla_dag.py took 0.086 seconds
[2025-02-27T15:57:56.786+0000] {processor.py:186} INFO - Started process (PID=731) to work on /home/airflow/.local/lib/python3.12/site-packages/airflow/example_dags/example_sla_dag.py
[2025-02-27T15:57:56.787+0000] {processor.py:914} INFO - Processing file /home/airflow/.local/lib/python3.12/site-packages/airflow/example_dags/example_sla_dag.py for tasks to queue
[2025-02-27T15:57:56.790+0000] {logging_mixin.py:190} INFO - [2025-02-27T15:57:56.789+0000] {dagbag.py:588} INFO - Filling up the DagBag from /home/airflow/.local/lib/python3.12/site-packages/airflow/example_dags/example_sla_dag.py
[2025-02-27T15:57:56.801+0000] {processor.py:925} INFO - DAG(s) 'example_sla_dag' retrieved from /home/airflow/.local/lib/python3.12/site-packages/airflow/example_dags/example_sla_dag.py
[2025-02-27T15:57:56.824+0000] {logging_mixin.py:190} INFO - [2025-02-27T15:57:56.824+0000] {dag.py:3239} INFO - Sync 1 DAGs
[2025-02-27T15:57:56.858+0000] {logging_mixin.py:190} INFO - [2025-02-27T15:57:56.858+0000] {dag.py:4180} INFO - Setting next_dagrun for example_sla_dag to 2025-02-27 15:54:00+00:00, run_after=2025-02-27 15:56:00+00:00
[2025-02-27T15:57:56.887+0000] {processor.py:208} INFO - Processing /home/airflow/.local/lib/python3.12/site-packages/airflow/example_dags/example_sla_dag.py took 0.107 seconds
[2025-02-27T15:58:27.074+0000] {processor.py:186} INFO - Started process (PID=794) to work on /home/airflow/.local/lib/python3.12/site-packages/airflow/example_dags/example_sla_dag.py
[2025-02-27T15:58:27.076+0000] {processor.py:914} INFO - Processing file /home/airflow/.local/lib/python3.12/site-packages/airflow/example_dags/example_sla_dag.py for tasks to queue
[2025-02-27T15:58:27.078+0000] {logging_mixin.py:190} INFO - [2025-02-27T15:58:27.077+0000] {dagbag.py:588} INFO - Filling up the DagBag from /home/airflow/.local/lib/python3.12/site-packages/airflow/example_dags/example_sla_dag.py
[2025-02-27T15:58:27.090+0000] {processor.py:925} INFO - DAG(s) 'example_sla_dag' retrieved from /home/airflow/.local/lib/python3.12/site-packages/airflow/example_dags/example_sla_dag.py
[2025-02-27T15:58:27.111+0000] {logging_mixin.py:190} INFO - [2025-02-27T15:58:27.111+0000] {dag.py:3239} INFO - Sync 1 DAGs
[2025-02-27T15:58:27.140+0000] {logging_mixin.py:190} INFO - [2025-02-27T15:58:27.140+0000] {dag.py:4180} INFO - Setting next_dagrun for example_sla_dag to 2025-02-27 15:56:00+00:00, run_after=2025-02-27 15:58:00+00:00
[2025-02-27T15:58:27.161+0000] {processor.py:208} INFO - Processing /home/airflow/.local/lib/python3.12/site-packages/airflow/example_dags/example_sla_dag.py took 0.093 seconds
[2025-02-27T15:58:57.388+0000] {processor.py:186} INFO - Started process (PID=857) to work on /home/airflow/.local/lib/python3.12/site-packages/airflow/example_dags/example_sla_dag.py
[2025-02-27T15:58:57.389+0000] {processor.py:914} INFO - Processing file /home/airflow/.local/lib/python3.12/site-packages/airflow/example_dags/example_sla_dag.py for tasks to queue
[2025-02-27T15:58:57.392+0000] {logging_mixin.py:190} INFO - [2025-02-27T15:58:57.391+0000] {dagbag.py:588} INFO - Filling up the DagBag from /home/airflow/.local/lib/python3.12/site-packages/airflow/example_dags/example_sla_dag.py
[2025-02-27T15:58:57.402+0000] {processor.py:925} INFO - DAG(s) 'example_sla_dag' retrieved from /home/airflow/.local/lib/python3.12/site-packages/airflow/example_dags/example_sla_dag.py
[2025-02-27T15:58:57.424+0000] {logging_mixin.py:190} INFO - [2025-02-27T15:58:57.423+0000] {dag.py:3239} INFO - Sync 1 DAGs
[2025-02-27T15:58:57.452+0000] {logging_mixin.py:190} INFO - [2025-02-27T15:58:57.452+0000] {dag.py:4180} INFO - Setting next_dagrun for example_sla_dag to 2025-02-27 15:56:00+00:00, run_after=2025-02-27 15:58:00+00:00
[2025-02-27T15:58:57.473+0000] {processor.py:208} INFO - Processing /home/airflow/.local/lib/python3.12/site-packages/airflow/example_dags/example_sla_dag.py took 0.091 seconds
[2025-02-27T15:59:27.805+0000] {processor.py:186} INFO - Started process (PID=920) to work on /home/airflow/.local/lib/python3.12/site-packages/airflow/example_dags/example_sla_dag.py
[2025-02-27T15:59:27.806+0000] {processor.py:914} INFO - Processing file /home/airflow/.local/lib/python3.12/site-packages/airflow/example_dags/example_sla_dag.py for tasks to queue
[2025-02-27T15:59:27.810+0000] {logging_mixin.py:190} INFO - [2025-02-27T15:59:27.809+0000] {dagbag.py:588} INFO - Filling up the DagBag from /home/airflow/.local/lib/python3.12/site-packages/airflow/example_dags/example_sla_dag.py
[2025-02-27T15:59:27.821+0000] {processor.py:925} INFO - DAG(s) 'example_sla_dag' retrieved from /home/airflow/.local/lib/python3.12/site-packages/airflow/example_dags/example_sla_dag.py
[2025-02-27T15:59:27.844+0000] {logging_mixin.py:190} INFO - [2025-02-27T15:59:27.843+0000] {dag.py:3239} INFO - Sync 1 DAGs
[2025-02-27T15:59:27.875+0000] {logging_mixin.py:190} INFO - [2025-02-27T15:59:27.875+0000] {dag.py:4180} INFO - Setting next_dagrun for example_sla_dag to 2025-02-27 15:56:00+00:00, run_after=2025-02-27 15:58:00+00:00
[2025-02-27T15:59:27.898+0000] {processor.py:208} INFO - Processing /home/airflow/.local/lib/python3.12/site-packages/airflow/example_dags/example_sla_dag.py took 0.099 seconds
[2025-02-27T15:59:57.958+0000] {processor.py:186} INFO - Started process (PID=983) to work on /home/airflow/.local/lib/python3.12/site-packages/airflow/example_dags/example_sla_dag.py
[2025-02-27T15:59:57.959+0000] {processor.py:914} INFO - Processing file /home/airflow/.local/lib/python3.12/site-packages/airflow/example_dags/example_sla_dag.py for tasks to queue
[2025-02-27T15:59:57.962+0000] {logging_mixin.py:190} INFO - [2025-02-27T15:59:57.962+0000] {dagbag.py:588} INFO - Filling up the DagBag from /home/airflow/.local/lib/python3.12/site-packages/airflow/example_dags/example_sla_dag.py
[2025-02-27T15:59:57.973+0000] {processor.py:925} INFO - DAG(s) 'example_sla_dag' retrieved from /home/airflow/.local/lib/python3.12/site-packages/airflow/example_dags/example_sla_dag.py
[2025-02-27T15:59:57.994+0000] {logging_mixin.py:190} INFO - [2025-02-27T15:59:57.994+0000] {dag.py:3239} INFO - Sync 1 DAGs
[2025-02-27T15:59:58.025+0000] {logging_mixin.py:190} INFO - [2025-02-27T15:59:58.025+0000] {dag.py:4180} INFO - Setting next_dagrun for example_sla_dag to 2025-02-27 15:56:00+00:00, run_after=2025-02-27 15:58:00+00:00
[2025-02-27T15:59:58.047+0000] {processor.py:208} INFO - Processing /home/airflow/.local/lib/python3.12/site-packages/airflow/example_dags/example_sla_dag.py took 0.094 seconds
[2025-02-27T16:00:28.623+0000] {processor.py:186} INFO - Started process (PID=1046) to work on /home/airflow/.local/lib/python3.12/site-packages/airflow/example_dags/example_sla_dag.py
[2025-02-27T16:00:28.624+0000] {processor.py:914} INFO - Processing file /home/airflow/.local/lib/python3.12/site-packages/airflow/example_dags/example_sla_dag.py for tasks to queue
[2025-02-27T16:00:28.628+0000] {logging_mixin.py:190} INFO - [2025-02-27T16:00:28.627+0000] {dagbag.py:588} INFO - Filling up the DagBag from /home/airflow/.local/lib/python3.12/site-packages/airflow/example_dags/example_sla_dag.py
[2025-02-27T16:00:28.642+0000] {processor.py:925} INFO - DAG(s) 'example_sla_dag' retrieved from /home/airflow/.local/lib/python3.12/site-packages/airflow/example_dags/example_sla_dag.py
[2025-02-27T16:00:28.664+0000] {logging_mixin.py:190} INFO - [2025-02-27T16:00:28.664+0000] {dag.py:3239} INFO - Sync 1 DAGs
[2025-02-27T16:00:28.698+0000] {logging_mixin.py:190} INFO - [2025-02-27T16:00:28.698+0000] {dag.py:4180} INFO - Setting next_dagrun for example_sla_dag to 2025-02-27 15:58:00+00:00, run_after=2025-02-27 16:00:00+00:00
[2025-02-27T16:00:28.720+0000] {processor.py:208} INFO - Processing /home/airflow/.local/lib/python3.12/site-packages/airflow/example_dags/example_sla_dag.py took 0.103 seconds
[2025-02-27T16:00:59.011+0000] {processor.py:186} INFO - Started process (PID=1109) to work on /home/airflow/.local/lib/python3.12/site-packages/airflow/example_dags/example_sla_dag.py
[2025-02-27T16:00:59.012+0000] {processor.py:914} INFO - Processing file /home/airflow/.local/lib/python3.12/site-packages/airflow/example_dags/example_sla_dag.py for tasks to queue
[2025-02-27T16:00:59.014+0000] {logging_mixin.py:190} INFO - [2025-02-27T16:00:59.014+0000] {dagbag.py:588} INFO - Filling up the DagBag from /home/airflow/.local/lib/python3.12/site-packages/airflow/example_dags/example_sla_dag.py
[2025-02-27T16:00:59.025+0000] {processor.py:925} INFO - DAG(s) 'example_sla_dag' retrieved from /home/airflow/.local/lib/python3.12/site-packages/airflow/example_dags/example_sla_dag.py
[2025-02-27T16:00:59.047+0000] {logging_mixin.py:190} INFO - [2025-02-27T16:00:59.047+0000] {dag.py:3239} INFO - Sync 1 DAGs
[2025-02-27T16:00:59.079+0000] {logging_mixin.py:190} INFO - [2025-02-27T16:00:59.079+0000] {dag.py:4180} INFO - Setting next_dagrun for example_sla_dag to 2025-02-27 15:58:00+00:00, run_after=2025-02-27 16:00:00+00:00
[2025-02-27T16:00:59.101+0000] {processor.py:208} INFO - Processing /home/airflow/.local/lib/python3.12/site-packages/airflow/example_dags/example_sla_dag.py took 0.095 seconds
[2025-02-27T16:01:29.815+0000] {processor.py:186} INFO - Started process (PID=1172) to work on /home/airflow/.local/lib/python3.12/site-packages/airflow/example_dags/example_sla_dag.py
[2025-02-27T16:01:29.816+0000] {processor.py:914} INFO - Processing file /home/airflow/.local/lib/python3.12/site-packages/airflow/example_dags/example_sla_dag.py for tasks to queue
[2025-02-27T16:01:29.819+0000] {logging_mixin.py:190} INFO - [2025-02-27T16:01:29.818+0000] {dagbag.py:588} INFO - Filling up the DagBag from /home/airflow/.local/lib/python3.12/site-packages/airflow/example_dags/example_sla_dag.py
[2025-02-27T16:01:29.830+0000] {processor.py:925} INFO - DAG(s) 'example_sla_dag' retrieved from /home/airflow/.local/lib/python3.12/site-packages/airflow/example_dags/example_sla_dag.py
[2025-02-27T16:01:29.856+0000] {logging_mixin.py:190} INFO - [2025-02-27T16:01:29.855+0000] {dag.py:3239} INFO - Sync 1 DAGs
[2025-02-27T16:01:29.889+0000] {logging_mixin.py:190} INFO - [2025-02-27T16:01:29.889+0000] {dag.py:4180} INFO - Setting next_dagrun for example_sla_dag to 2025-02-27 15:58:00+00:00, run_after=2025-02-27 16:00:00+00:00
[2025-02-27T16:01:29.915+0000] {processor.py:208} INFO - Processing /home/airflow/.local/lib/python3.12/site-packages/airflow/example_dags/example_sla_dag.py took 0.106 seconds
[2025-02-27T16:02:00.224+0000] {processor.py:186} INFO - Started process (PID=1235) to work on /home/airflow/.local/lib/python3.12/site-packages/airflow/example_dags/example_sla_dag.py
[2025-02-27T16:02:00.225+0000] {processor.py:914} INFO - Processing file /home/airflow/.local/lib/python3.12/site-packages/airflow/example_dags/example_sla_dag.py for tasks to queue
[2025-02-27T16:02:00.228+0000] {logging_mixin.py:190} INFO - [2025-02-27T16:02:00.227+0000] {dagbag.py:588} INFO - Filling up the DagBag from /home/airflow/.local/lib/python3.12/site-packages/airflow/example_dags/example_sla_dag.py
[2025-02-27T16:02:00.238+0000] {processor.py:925} INFO - DAG(s) 'example_sla_dag' retrieved from /home/airflow/.local/lib/python3.12/site-packages/airflow/example_dags/example_sla_dag.py
[2025-02-27T16:02:00.257+0000] {logging_mixin.py:190} INFO - [2025-02-27T16:02:00.257+0000] {dag.py:3239} INFO - Sync 1 DAGs
[2025-02-27T16:02:00.286+0000] {logging_mixin.py:190} INFO - [2025-02-27T16:02:00.286+0000] {dag.py:4180} INFO - Setting next_dagrun for example_sla_dag to 2025-02-27 16:00:00+00:00, run_after=2025-02-27 16:02:00+00:00
[2025-02-27T16:02:00.304+0000] {processor.py:208} INFO - Processing /home/airflow/.local/lib/python3.12/site-packages/airflow/example_dags/example_sla_dag.py took 0.086 seconds
[2025-02-27T16:02:31.138+0000] {processor.py:186} INFO - Started process (PID=1298) to work on /home/airflow/.local/lib/python3.12/site-packages/airflow/example_dags/example_sla_dag.py
[2025-02-27T16:02:31.139+0000] {processor.py:914} INFO - Processing file /home/airflow/.local/lib/python3.12/site-packages/airflow/example_dags/example_sla_dag.py for tasks to queue
[2025-02-27T16:02:31.141+0000] {logging_mixin.py:190} INFO - [2025-02-27T16:02:31.141+0000] {dagbag.py:588} INFO - Filling up the DagBag from /home/airflow/.local/lib/python3.12/site-packages/airflow/example_dags/example_sla_dag.py
[2025-02-27T16:02:31.151+0000] {processor.py:925} INFO - DAG(s) 'example_sla_dag' retrieved from /home/airflow/.local/lib/python3.12/site-packages/airflow/example_dags/example_sla_dag.py
[2025-02-27T16:02:31.171+0000] {logging_mixin.py:190} INFO - [2025-02-27T16:02:31.171+0000] {dag.py:3239} INFO - Sync 1 DAGs
[2025-02-27T16:02:31.196+0000] {logging_mixin.py:190} INFO - [2025-02-27T16:02:31.196+0000] {dag.py:4180} INFO - Setting next_dagrun for example_sla_dag to 2025-02-27 16:00:00+00:00, run_after=2025-02-27 16:02:00+00:00
[2025-02-27T16:02:31.214+0000] {processor.py:208} INFO - Processing /home/airflow/.local/lib/python3.12/site-packages/airflow/example_dags/example_sla_dag.py took 0.082 seconds
[2025-02-27T16:03:01.655+0000] {processor.py:186} INFO - Started process (PID=1361) to work on /home/airflow/.local/lib/python3.12/site-packages/airflow/example_dags/example_sla_dag.py
[2025-02-27T16:03:01.656+0000] {processor.py:914} INFO - Processing file /home/airflow/.local/lib/python3.12/site-packages/airflow/example_dags/example_sla_dag.py for tasks to queue
[2025-02-27T16:03:01.658+0000] {logging_mixin.py:190} INFO - [2025-02-27T16:03:01.658+0000] {dagbag.py:588} INFO - Filling up the DagBag from /home/airflow/.local/lib/python3.12/site-packages/airflow/example_dags/example_sla_dag.py
[2025-02-27T16:03:01.670+0000] {processor.py:925} INFO - DAG(s) 'example_sla_dag' retrieved from /home/airflow/.local/lib/python3.12/site-packages/airflow/example_dags/example_sla_dag.py
[2025-02-27T16:03:01.693+0000] {logging_mixin.py:190} INFO - [2025-02-27T16:03:01.693+0000] {dag.py:3239} INFO - Sync 1 DAGs
[2025-02-27T16:03:01.723+0000] {logging_mixin.py:190} INFO - [2025-02-27T16:03:01.723+0000] {dag.py:4180} INFO - Setting next_dagrun for example_sla_dag to 2025-02-27 16:00:00+00:00, run_after=2025-02-27 16:02:00+00:00
[2025-02-27T16:03:01.743+0000] {processor.py:208} INFO - Processing /home/airflow/.local/lib/python3.12/site-packages/airflow/example_dags/example_sla_dag.py took 0.095 seconds
