[2025-02-27T15:52:51.107+0000] {processor.py:186} INFO - Started process (PID=96) to work on /home/airflow/.local/lib/python3.12/site-packages/airflow/example_dags/example_xcomargs.py
[2025-02-27T15:52:51.108+0000] {processor.py:914} INFO - Processing file /home/airflow/.local/lib/python3.12/site-packages/airflow/example_dags/example_xcomargs.py for tasks to queue
[2025-02-27T15:52:51.110+0000] {logging_mixin.py:190} INFO - [2025-02-27T15:52:51.110+0000] {dagbag.py:588} INFO - Filling up the DagBag from /home/airflow/.local/lib/python3.12/site-packages/airflow/example_dags/example_xcomargs.py
[2025-02-27T15:52:51.123+0000] {processor.py:925} INFO - DAG(s) 'example_xcom_args_with_operators', 'example_xcom_args' retrieved from /home/airflow/.local/lib/python3.12/site-packages/airflow/example_dags/example_xcomargs.py
[2025-02-27T15:52:51.253+0000] {logging_mixin.py:190} INFO - [2025-02-27T15:52:51.252+0000] {override.py:1912} INFO - Created Permission View: can edit on DAG:example_xcom_args_with_operators
[2025-02-27T15:52:51.265+0000] {logging_mixin.py:190} INFO - [2025-02-27T15:52:51.265+0000] {override.py:1912} INFO - Created Permission View: can delete on DAG:example_xcom_args_with_operators
[2025-02-27T15:52:51.274+0000] {logging_mixin.py:190} INFO - [2025-02-27T15:52:51.273+0000] {override.py:1912} INFO - Created Permission View: can read on DAG:example_xcom_args_with_operators
[2025-02-27T15:52:51.283+0000] {logging_mixin.py:190} INFO - [2025-02-27T15:52:51.283+0000] {override.py:1912} INFO - Created Permission View: can delete on DAG Run:example_xcom_args_with_operators
[2025-02-27T15:52:51.294+0000] {logging_mixin.py:190} INFO - [2025-02-27T15:52:51.294+0000] {override.py:1912} INFO - Created Permission View: menu access on DAG Run:example_xcom_args_with_operators
[2025-02-27T15:52:51.304+0000] {logging_mixin.py:190} INFO - [2025-02-27T15:52:51.304+0000] {override.py:1912} INFO - Created Permission View: can read on DAG Run:example_xcom_args_with_operators
[2025-02-27T15:52:51.313+0000] {logging_mixin.py:190} INFO - [2025-02-27T15:52:51.312+0000] {override.py:1912} INFO - Created Permission View: can create on DAG Run:example_xcom_args_with_operators
[2025-02-27T15:52:51.329+0000] {logging_mixin.py:190} INFO - [2025-02-27T15:52:51.329+0000] {override.py:1912} INFO - Created Permission View: can edit on DAG:example_xcom_args
[2025-02-27T15:52:51.337+0000] {logging_mixin.py:190} INFO - [2025-02-27T15:52:51.337+0000] {override.py:1912} INFO - Created Permission View: can delete on DAG:example_xcom_args
[2025-02-27T15:52:51.346+0000] {logging_mixin.py:190} INFO - [2025-02-27T15:52:51.346+0000] {override.py:1912} INFO - Created Permission View: can read on DAG:example_xcom_args
[2025-02-27T15:52:51.356+0000] {logging_mixin.py:190} INFO - [2025-02-27T15:52:51.355+0000] {override.py:1912} INFO - Created Permission View: can delete on DAG Run:example_xcom_args
[2025-02-27T15:52:51.364+0000] {logging_mixin.py:190} INFO - [2025-02-27T15:52:51.364+0000] {override.py:1912} INFO - Created Permission View: menu access on DAG Run:example_xcom_args
[2025-02-27T15:52:51.372+0000] {logging_mixin.py:190} INFO - [2025-02-27T15:52:51.371+0000] {override.py:1912} INFO - Created Permission View: can read on DAG Run:example_xcom_args
[2025-02-27T15:52:51.380+0000] {logging_mixin.py:190} INFO - [2025-02-27T15:52:51.380+0000] {override.py:1912} INFO - Created Permission View: can create on DAG Run:example_xcom_args
[2025-02-27T15:52:51.381+0000] {logging_mixin.py:190} INFO - [2025-02-27T15:52:51.381+0000] {dag.py:3239} INFO - Sync 2 DAGs
[2025-02-27T15:52:51.399+0000] {logging_mixin.py:190} INFO - [2025-02-27T15:52:51.399+0000] {dag.py:3262} INFO - Creating ORM DAG for example_xcom_args_with_operators
[2025-02-27T15:52:51.400+0000] {logging_mixin.py:190} INFO - [2025-02-27T15:52:51.400+0000] {dag.py:3262} INFO - Creating ORM DAG for example_xcom_args
[2025-02-27T15:52:51.401+0000] {logging_mixin.py:190} INFO - [2025-02-27T15:52:51.401+0000] {dag.py:4180} INFO - Setting next_dagrun for example_xcom_args to None, run_after=None
[2025-02-27T15:52:51.402+0000] {logging_mixin.py:190} INFO - [2025-02-27T15:52:51.402+0000] {dag.py:4180} INFO - Setting next_dagrun for example_xcom_args_with_operators to None, run_after=None
[2025-02-27T15:52:51.423+0000] {processor.py:208} INFO - Processing /home/airflow/.local/lib/python3.12/site-packages/airflow/example_dags/example_xcomargs.py took 0.322 seconds
[2025-02-27T15:53:22.406+0000] {processor.py:186} INFO - Started process (PID=159) to work on /home/airflow/.local/lib/python3.12/site-packages/airflow/example_dags/example_xcomargs.py
[2025-02-27T15:53:22.407+0000] {processor.py:914} INFO - Processing file /home/airflow/.local/lib/python3.12/site-packages/airflow/example_dags/example_xcomargs.py for tasks to queue
[2025-02-27T15:53:22.410+0000] {logging_mixin.py:190} INFO - [2025-02-27T15:53:22.409+0000] {dagbag.py:588} INFO - Filling up the DagBag from /home/airflow/.local/lib/python3.12/site-packages/airflow/example_dags/example_xcomargs.py
[2025-02-27T15:53:22.420+0000] {processor.py:925} INFO - DAG(s) 'example_xcom_args', 'example_xcom_args_with_operators' retrieved from /home/airflow/.local/lib/python3.12/site-packages/airflow/example_dags/example_xcomargs.py
[2025-02-27T15:53:22.448+0000] {logging_mixin.py:190} INFO - [2025-02-27T15:53:22.448+0000] {dag.py:3239} INFO - Sync 2 DAGs
[2025-02-27T15:53:22.467+0000] {logging_mixin.py:190} INFO - [2025-02-27T15:53:22.467+0000] {dag.py:4180} INFO - Setting next_dagrun for example_xcom_args to None, run_after=None
[2025-02-27T15:53:22.473+0000] {logging_mixin.py:190} INFO - [2025-02-27T15:53:22.473+0000] {dag.py:4180} INFO - Setting next_dagrun for example_xcom_args_with_operators to None, run_after=None
[2025-02-27T15:53:22.507+0000] {processor.py:208} INFO - Processing /home/airflow/.local/lib/python3.12/site-packages/airflow/example_dags/example_xcomargs.py took 0.108 seconds
[2025-02-27T15:53:52.865+0000] {processor.py:186} INFO - Started process (PID=222) to work on /home/airflow/.local/lib/python3.12/site-packages/airflow/example_dags/example_xcomargs.py
[2025-02-27T15:53:52.866+0000] {processor.py:914} INFO - Processing file /home/airflow/.local/lib/python3.12/site-packages/airflow/example_dags/example_xcomargs.py for tasks to queue
[2025-02-27T15:53:52.868+0000] {logging_mixin.py:190} INFO - [2025-02-27T15:53:52.868+0000] {dagbag.py:588} INFO - Filling up the DagBag from /home/airflow/.local/lib/python3.12/site-packages/airflow/example_dags/example_xcomargs.py
[2025-02-27T15:53:52.879+0000] {processor.py:925} INFO - DAG(s) 'example_xcom_args', 'example_xcom_args_with_operators' retrieved from /home/airflow/.local/lib/python3.12/site-packages/airflow/example_dags/example_xcomargs.py
[2025-02-27T15:53:52.906+0000] {logging_mixin.py:190} INFO - [2025-02-27T15:53:52.906+0000] {dag.py:3239} INFO - Sync 2 DAGs
[2025-02-27T15:53:52.924+0000] {logging_mixin.py:190} INFO - [2025-02-27T15:53:52.923+0000] {dag.py:4180} INFO - Setting next_dagrun for example_xcom_args to None, run_after=None
[2025-02-27T15:53:52.929+0000] {logging_mixin.py:190} INFO - [2025-02-27T15:53:52.928+0000] {dag.py:4180} INFO - Setting next_dagrun for example_xcom_args_with_operators to None, run_after=None
[2025-02-27T15:53:52.951+0000] {processor.py:208} INFO - Processing /home/airflow/.local/lib/python3.12/site-packages/airflow/example_dags/example_xcomargs.py took 0.092 seconds
[2025-02-27T15:54:23.658+0000] {processor.py:186} INFO - Started process (PID=285) to work on /home/airflow/.local/lib/python3.12/site-packages/airflow/example_dags/example_xcomargs.py
[2025-02-27T15:54:23.659+0000] {processor.py:914} INFO - Processing file /home/airflow/.local/lib/python3.12/site-packages/airflow/example_dags/example_xcomargs.py for tasks to queue
[2025-02-27T15:54:23.661+0000] {logging_mixin.py:190} INFO - [2025-02-27T15:54:23.661+0000] {dagbag.py:588} INFO - Filling up the DagBag from /home/airflow/.local/lib/python3.12/site-packages/airflow/example_dags/example_xcomargs.py
[2025-02-27T15:54:23.671+0000] {processor.py:925} INFO - DAG(s) 'example_xcom_args', 'example_xcom_args_with_operators' retrieved from /home/airflow/.local/lib/python3.12/site-packages/airflow/example_dags/example_xcomargs.py
[2025-02-27T15:54:23.695+0000] {logging_mixin.py:190} INFO - [2025-02-27T15:54:23.695+0000] {dag.py:3239} INFO - Sync 2 DAGs
[2025-02-27T15:54:23.711+0000] {logging_mixin.py:190} INFO - [2025-02-27T15:54:23.710+0000] {dag.py:4180} INFO - Setting next_dagrun for example_xcom_args to None, run_after=None
[2025-02-27T15:54:23.715+0000] {logging_mixin.py:190} INFO - [2025-02-27T15:54:23.714+0000] {dag.py:4180} INFO - Setting next_dagrun for example_xcom_args_with_operators to None, run_after=None
[2025-02-27T15:54:23.731+0000] {processor.py:208} INFO - Processing /home/airflow/.local/lib/python3.12/site-packages/airflow/example_dags/example_xcomargs.py took 0.078 seconds
[2025-02-27T15:54:54.218+0000] {processor.py:186} INFO - Started process (PID=348) to work on /home/airflow/.local/lib/python3.12/site-packages/airflow/example_dags/example_xcomargs.py
[2025-02-27T15:54:54.219+0000] {processor.py:914} INFO - Processing file /home/airflow/.local/lib/python3.12/site-packages/airflow/example_dags/example_xcomargs.py for tasks to queue
[2025-02-27T15:54:54.221+0000] {logging_mixin.py:190} INFO - [2025-02-27T15:54:54.221+0000] {dagbag.py:588} INFO - Filling up the DagBag from /home/airflow/.local/lib/python3.12/site-packages/airflow/example_dags/example_xcomargs.py
[2025-02-27T15:54:54.234+0000] {processor.py:925} INFO - DAG(s) 'example_xcom_args_with_operators', 'example_xcom_args' retrieved from /home/airflow/.local/lib/python3.12/site-packages/airflow/example_dags/example_xcomargs.py
[2025-02-27T15:54:54.262+0000] {logging_mixin.py:190} INFO - [2025-02-27T15:54:54.262+0000] {dag.py:3239} INFO - Sync 2 DAGs
[2025-02-27T15:54:54.278+0000] {logging_mixin.py:190} INFO - [2025-02-27T15:54:54.278+0000] {dag.py:4180} INFO - Setting next_dagrun for example_xcom_args to None, run_after=None
[2025-02-27T15:54:54.283+0000] {logging_mixin.py:190} INFO - [2025-02-27T15:54:54.283+0000] {dag.py:4180} INFO - Setting next_dagrun for example_xcom_args_with_operators to None, run_after=None
[2025-02-27T15:54:54.302+0000] {processor.py:208} INFO - Processing /home/airflow/.local/lib/python3.12/site-packages/airflow/example_dags/example_xcomargs.py took 0.090 seconds
[2025-02-27T15:55:24.589+0000] {processor.py:186} INFO - Started process (PID=411) to work on /home/airflow/.local/lib/python3.12/site-packages/airflow/example_dags/example_xcomargs.py
[2025-02-27T15:55:24.590+0000] {processor.py:914} INFO - Processing file /home/airflow/.local/lib/python3.12/site-packages/airflow/example_dags/example_xcomargs.py for tasks to queue
[2025-02-27T15:55:24.592+0000] {logging_mixin.py:190} INFO - [2025-02-27T15:55:24.592+0000] {dagbag.py:588} INFO - Filling up the DagBag from /home/airflow/.local/lib/python3.12/site-packages/airflow/example_dags/example_xcomargs.py
[2025-02-27T15:55:24.603+0000] {processor.py:925} INFO - DAG(s) 'example_xcom_args', 'example_xcom_args_with_operators' retrieved from /home/airflow/.local/lib/python3.12/site-packages/airflow/example_dags/example_xcomargs.py
[2025-02-27T15:55:24.627+0000] {logging_mixin.py:190} INFO - [2025-02-27T15:55:24.627+0000] {dag.py:3239} INFO - Sync 2 DAGs
[2025-02-27T15:55:24.643+0000] {logging_mixin.py:190} INFO - [2025-02-27T15:55:24.643+0000] {dag.py:4180} INFO - Setting next_dagrun for example_xcom_args to None, run_after=None
[2025-02-27T15:55:24.648+0000] {logging_mixin.py:190} INFO - [2025-02-27T15:55:24.647+0000] {dag.py:4180} INFO - Setting next_dagrun for example_xcom_args_with_operators to None, run_after=None
[2025-02-27T15:55:24.664+0000] {processor.py:208} INFO - Processing /home/airflow/.local/lib/python3.12/site-packages/airflow/example_dags/example_xcomargs.py took 0.081 seconds
[2025-02-27T15:55:54.855+0000] {processor.py:186} INFO - Started process (PID=474) to work on /home/airflow/.local/lib/python3.12/site-packages/airflow/example_dags/example_xcomargs.py
[2025-02-27T15:55:54.857+0000] {processor.py:914} INFO - Processing file /home/airflow/.local/lib/python3.12/site-packages/airflow/example_dags/example_xcomargs.py for tasks to queue
[2025-02-27T15:55:54.863+0000] {logging_mixin.py:190} INFO - [2025-02-27T15:55:54.862+0000] {dagbag.py:588} INFO - Filling up the DagBag from /home/airflow/.local/lib/python3.12/site-packages/airflow/example_dags/example_xcomargs.py
[2025-02-27T15:55:54.883+0000] {processor.py:925} INFO - DAG(s) 'example_xcom_args', 'example_xcom_args_with_operators' retrieved from /home/airflow/.local/lib/python3.12/site-packages/airflow/example_dags/example_xcomargs.py
[2025-02-27T15:55:54.932+0000] {logging_mixin.py:190} INFO - [2025-02-27T15:55:54.931+0000] {dag.py:3239} INFO - Sync 2 DAGs
[2025-02-27T15:55:54.954+0000] {logging_mixin.py:190} INFO - [2025-02-27T15:55:54.954+0000] {dag.py:4180} INFO - Setting next_dagrun for example_xcom_args to None, run_after=None
[2025-02-27T15:55:54.961+0000] {logging_mixin.py:190} INFO - [2025-02-27T15:55:54.960+0000] {dag.py:4180} INFO - Setting next_dagrun for example_xcom_args_with_operators to None, run_after=None
[2025-02-27T15:55:54.989+0000] {processor.py:208} INFO - Processing /home/airflow/.local/lib/python3.12/site-packages/airflow/example_dags/example_xcomargs.py took 0.149 seconds
[2025-02-27T15:56:25.450+0000] {processor.py:186} INFO - Started process (PID=537) to work on /home/airflow/.local/lib/python3.12/site-packages/airflow/example_dags/example_xcomargs.py
[2025-02-27T15:56:25.451+0000] {processor.py:914} INFO - Processing file /home/airflow/.local/lib/python3.12/site-packages/airflow/example_dags/example_xcomargs.py for tasks to queue
[2025-02-27T15:56:25.454+0000] {logging_mixin.py:190} INFO - [2025-02-27T15:56:25.454+0000] {dagbag.py:588} INFO - Filling up the DagBag from /home/airflow/.local/lib/python3.12/site-packages/airflow/example_dags/example_xcomargs.py
[2025-02-27T15:56:25.465+0000] {processor.py:925} INFO - DAG(s) 'example_xcom_args_with_operators', 'example_xcom_args' retrieved from /home/airflow/.local/lib/python3.12/site-packages/airflow/example_dags/example_xcomargs.py
[2025-02-27T15:56:25.491+0000] {logging_mixin.py:190} INFO - [2025-02-27T15:56:25.490+0000] {dag.py:3239} INFO - Sync 2 DAGs
[2025-02-27T15:56:25.507+0000] {logging_mixin.py:190} INFO - [2025-02-27T15:56:25.507+0000] {dag.py:4180} INFO - Setting next_dagrun for example_xcom_args to None, run_after=None
[2025-02-27T15:56:25.512+0000] {logging_mixin.py:190} INFO - [2025-02-27T15:56:25.511+0000] {dag.py:4180} INFO - Setting next_dagrun for example_xcom_args_with_operators to None, run_after=None
[2025-02-27T15:56:25.544+0000] {processor.py:208} INFO - Processing /home/airflow/.local/lib/python3.12/site-packages/airflow/example_dags/example_xcomargs.py took 0.099 seconds
[2025-02-27T15:56:55.902+0000] {processor.py:186} INFO - Started process (PID=601) to work on /home/airflow/.local/lib/python3.12/site-packages/airflow/example_dags/example_xcomargs.py
[2025-02-27T15:56:55.903+0000] {processor.py:914} INFO - Processing file /home/airflow/.local/lib/python3.12/site-packages/airflow/example_dags/example_xcomargs.py for tasks to queue
[2025-02-27T15:56:55.905+0000] {logging_mixin.py:190} INFO - [2025-02-27T15:56:55.905+0000] {dagbag.py:588} INFO - Filling up the DagBag from /home/airflow/.local/lib/python3.12/site-packages/airflow/example_dags/example_xcomargs.py
[2025-02-27T15:56:55.915+0000] {processor.py:925} INFO - DAG(s) 'example_xcom_args_with_operators', 'example_xcom_args' retrieved from /home/airflow/.local/lib/python3.12/site-packages/airflow/example_dags/example_xcomargs.py
[2025-02-27T15:56:55.937+0000] {logging_mixin.py:190} INFO - [2025-02-27T15:56:55.936+0000] {dag.py:3239} INFO - Sync 2 DAGs
[2025-02-27T15:56:55.952+0000] {logging_mixin.py:190} INFO - [2025-02-27T15:56:55.952+0000] {dag.py:4180} INFO - Setting next_dagrun for example_xcom_args to None, run_after=None
[2025-02-27T15:56:55.956+0000] {logging_mixin.py:190} INFO - [2025-02-27T15:56:55.956+0000] {dag.py:4180} INFO - Setting next_dagrun for example_xcom_args_with_operators to None, run_after=None
[2025-02-27T15:56:55.973+0000] {processor.py:208} INFO - Processing /home/airflow/.local/lib/python3.12/site-packages/airflow/example_dags/example_xcomargs.py took 0.076 seconds
[2025-02-27T15:57:26.237+0000] {processor.py:186} INFO - Started process (PID=664) to work on /home/airflow/.local/lib/python3.12/site-packages/airflow/example_dags/example_xcomargs.py
[2025-02-27T15:57:26.239+0000] {processor.py:914} INFO - Processing file /home/airflow/.local/lib/python3.12/site-packages/airflow/example_dags/example_xcomargs.py for tasks to queue
[2025-02-27T15:57:26.241+0000] {logging_mixin.py:190} INFO - [2025-02-27T15:57:26.241+0000] {dagbag.py:588} INFO - Filling up the DagBag from /home/airflow/.local/lib/python3.12/site-packages/airflow/example_dags/example_xcomargs.py
[2025-02-27T15:57:26.251+0000] {processor.py:925} INFO - DAG(s) 'example_xcom_args_with_operators', 'example_xcom_args' retrieved from /home/airflow/.local/lib/python3.12/site-packages/airflow/example_dags/example_xcomargs.py
[2025-02-27T15:57:26.281+0000] {logging_mixin.py:190} INFO - [2025-02-27T15:57:26.281+0000] {dag.py:3239} INFO - Sync 2 DAGs
[2025-02-27T15:57:26.300+0000] {logging_mixin.py:190} INFO - [2025-02-27T15:57:26.299+0000] {dag.py:4180} INFO - Setting next_dagrun for example_xcom_args to None, run_after=None
[2025-02-27T15:57:26.304+0000] {logging_mixin.py:190} INFO - [2025-02-27T15:57:26.304+0000] {dag.py:4180} INFO - Setting next_dagrun for example_xcom_args_with_operators to None, run_after=None
[2025-02-27T15:57:26.323+0000] {processor.py:208} INFO - Processing /home/airflow/.local/lib/python3.12/site-packages/airflow/example_dags/example_xcomargs.py took 0.092 seconds
[2025-02-27T15:57:56.519+0000] {processor.py:186} INFO - Started process (PID=727) to work on /home/airflow/.local/lib/python3.12/site-packages/airflow/example_dags/example_xcomargs.py
[2025-02-27T15:57:56.520+0000] {processor.py:914} INFO - Processing file /home/airflow/.local/lib/python3.12/site-packages/airflow/example_dags/example_xcomargs.py for tasks to queue
[2025-02-27T15:57:56.523+0000] {logging_mixin.py:190} INFO - [2025-02-27T15:57:56.522+0000] {dagbag.py:588} INFO - Filling up the DagBag from /home/airflow/.local/lib/python3.12/site-packages/airflow/example_dags/example_xcomargs.py
[2025-02-27T15:57:56.535+0000] {processor.py:925} INFO - DAG(s) 'example_xcom_args_with_operators', 'example_xcom_args' retrieved from /home/airflow/.local/lib/python3.12/site-packages/airflow/example_dags/example_xcomargs.py
[2025-02-27T15:57:56.562+0000] {logging_mixin.py:190} INFO - [2025-02-27T15:57:56.562+0000] {dag.py:3239} INFO - Sync 2 DAGs
[2025-02-27T15:57:56.578+0000] {logging_mixin.py:190} INFO - [2025-02-27T15:57:56.577+0000] {dag.py:4180} INFO - Setting next_dagrun for example_xcom_args to None, run_after=None
[2025-02-27T15:57:56.582+0000] {logging_mixin.py:190} INFO - [2025-02-27T15:57:56.582+0000] {dag.py:4180} INFO - Setting next_dagrun for example_xcom_args_with_operators to None, run_after=None
[2025-02-27T15:57:56.602+0000] {processor.py:208} INFO - Processing /home/airflow/.local/lib/python3.12/site-packages/airflow/example_dags/example_xcomargs.py took 0.089 seconds
[2025-02-27T15:58:26.832+0000] {processor.py:186} INFO - Started process (PID=790) to work on /home/airflow/.local/lib/python3.12/site-packages/airflow/example_dags/example_xcomargs.py
[2025-02-27T15:58:26.833+0000] {processor.py:914} INFO - Processing file /home/airflow/.local/lib/python3.12/site-packages/airflow/example_dags/example_xcomargs.py for tasks to queue
[2025-02-27T15:58:26.835+0000] {logging_mixin.py:190} INFO - [2025-02-27T15:58:26.835+0000] {dagbag.py:588} INFO - Filling up the DagBag from /home/airflow/.local/lib/python3.12/site-packages/airflow/example_dags/example_xcomargs.py
[2025-02-27T15:58:26.845+0000] {processor.py:925} INFO - DAG(s) 'example_xcom_args_with_operators', 'example_xcom_args' retrieved from /home/airflow/.local/lib/python3.12/site-packages/airflow/example_dags/example_xcomargs.py
[2025-02-27T15:58:26.871+0000] {logging_mixin.py:190} INFO - [2025-02-27T15:58:26.870+0000] {dag.py:3239} INFO - Sync 2 DAGs
[2025-02-27T15:58:26.886+0000] {logging_mixin.py:190} INFO - [2025-02-27T15:58:26.886+0000] {dag.py:4180} INFO - Setting next_dagrun for example_xcom_args to None, run_after=None
[2025-02-27T15:58:26.890+0000] {logging_mixin.py:190} INFO - [2025-02-27T15:58:26.890+0000] {dag.py:4180} INFO - Setting next_dagrun for example_xcom_args_with_operators to None, run_after=None
[2025-02-27T15:58:26.906+0000] {processor.py:208} INFO - Processing /home/airflow/.local/lib/python3.12/site-packages/airflow/example_dags/example_xcomargs.py took 0.080 seconds
[2025-02-27T15:58:57.137+0000] {processor.py:186} INFO - Started process (PID=853) to work on /home/airflow/.local/lib/python3.12/site-packages/airflow/example_dags/example_xcomargs.py
[2025-02-27T15:58:57.138+0000] {processor.py:914} INFO - Processing file /home/airflow/.local/lib/python3.12/site-packages/airflow/example_dags/example_xcomargs.py for tasks to queue
[2025-02-27T15:58:57.141+0000] {logging_mixin.py:190} INFO - [2025-02-27T15:58:57.141+0000] {dagbag.py:588} INFO - Filling up the DagBag from /home/airflow/.local/lib/python3.12/site-packages/airflow/example_dags/example_xcomargs.py
[2025-02-27T15:58:57.151+0000] {processor.py:925} INFO - DAG(s) 'example_xcom_args', 'example_xcom_args_with_operators' retrieved from /home/airflow/.local/lib/python3.12/site-packages/airflow/example_dags/example_xcomargs.py
[2025-02-27T15:58:57.174+0000] {logging_mixin.py:190} INFO - [2025-02-27T15:58:57.174+0000] {dag.py:3239} INFO - Sync 2 DAGs
[2025-02-27T15:58:57.189+0000] {logging_mixin.py:190} INFO - [2025-02-27T15:58:57.188+0000] {dag.py:4180} INFO - Setting next_dagrun for example_xcom_args to None, run_after=None
[2025-02-27T15:58:57.192+0000] {logging_mixin.py:190} INFO - [2025-02-27T15:58:57.192+0000] {dag.py:4180} INFO - Setting next_dagrun for example_xcom_args_with_operators to None, run_after=None
[2025-02-27T15:58:57.210+0000] {processor.py:208} INFO - Processing /home/airflow/.local/lib/python3.12/site-packages/airflow/example_dags/example_xcomargs.py took 0.078 seconds
[2025-02-27T15:59:27.492+0000] {processor.py:186} INFO - Started process (PID=916) to work on /home/airflow/.local/lib/python3.12/site-packages/airflow/example_dags/example_xcomargs.py
[2025-02-27T15:59:27.494+0000] {processor.py:914} INFO - Processing file /home/airflow/.local/lib/python3.12/site-packages/airflow/example_dags/example_xcomargs.py for tasks to queue
[2025-02-27T15:59:27.497+0000] {logging_mixin.py:190} INFO - [2025-02-27T15:59:27.497+0000] {dagbag.py:588} INFO - Filling up the DagBag from /home/airflow/.local/lib/python3.12/site-packages/airflow/example_dags/example_xcomargs.py
[2025-02-27T15:59:27.511+0000] {processor.py:925} INFO - DAG(s) 'example_xcom_args_with_operators', 'example_xcom_args' retrieved from /home/airflow/.local/lib/python3.12/site-packages/airflow/example_dags/example_xcomargs.py
[2025-02-27T15:59:27.539+0000] {logging_mixin.py:190} INFO - [2025-02-27T15:59:27.539+0000] {dag.py:3239} INFO - Sync 2 DAGs
[2025-02-27T15:59:27.556+0000] {logging_mixin.py:190} INFO - [2025-02-27T15:59:27.556+0000] {dag.py:4180} INFO - Setting next_dagrun for example_xcom_args to None, run_after=None
[2025-02-27T15:59:27.562+0000] {logging_mixin.py:190} INFO - [2025-02-27T15:59:27.562+0000] {dag.py:4180} INFO - Setting next_dagrun for example_xcom_args_with_operators to None, run_after=None
[2025-02-27T15:59:27.591+0000] {processor.py:208} INFO - Processing /home/airflow/.local/lib/python3.12/site-packages/airflow/example_dags/example_xcomargs.py took 0.106 seconds
[2025-02-27T15:59:57.688+0000] {processor.py:186} INFO - Started process (PID=979) to work on /home/airflow/.local/lib/python3.12/site-packages/airflow/example_dags/example_xcomargs.py
[2025-02-27T15:59:57.689+0000] {processor.py:914} INFO - Processing file /home/airflow/.local/lib/python3.12/site-packages/airflow/example_dags/example_xcomargs.py for tasks to queue
[2025-02-27T15:59:57.691+0000] {logging_mixin.py:190} INFO - [2025-02-27T15:59:57.691+0000] {dagbag.py:588} INFO - Filling up the DagBag from /home/airflow/.local/lib/python3.12/site-packages/airflow/example_dags/example_xcomargs.py
[2025-02-27T15:59:57.701+0000] {processor.py:925} INFO - DAG(s) 'example_xcom_args', 'example_xcom_args_with_operators' retrieved from /home/airflow/.local/lib/python3.12/site-packages/airflow/example_dags/example_xcomargs.py
[2025-02-27T15:59:57.724+0000] {logging_mixin.py:190} INFO - [2025-02-27T15:59:57.724+0000] {dag.py:3239} INFO - Sync 2 DAGs
[2025-02-27T15:59:57.740+0000] {logging_mixin.py:190} INFO - [2025-02-27T15:59:57.739+0000] {dag.py:4180} INFO - Setting next_dagrun for example_xcom_args to None, run_after=None
[2025-02-27T15:59:57.744+0000] {logging_mixin.py:190} INFO - [2025-02-27T15:59:57.744+0000] {dag.py:4180} INFO - Setting next_dagrun for example_xcom_args_with_operators to None, run_after=None
[2025-02-27T15:59:57.762+0000] {processor.py:208} INFO - Processing /home/airflow/.local/lib/python3.12/site-packages/airflow/example_dags/example_xcomargs.py took 0.080 seconds
[2025-02-27T16:00:28.373+0000] {processor.py:186} INFO - Started process (PID=1042) to work on /home/airflow/.local/lib/python3.12/site-packages/airflow/example_dags/example_xcomargs.py
[2025-02-27T16:00:28.374+0000] {processor.py:914} INFO - Processing file /home/airflow/.local/lib/python3.12/site-packages/airflow/example_dags/example_xcomargs.py for tasks to queue
[2025-02-27T16:00:28.376+0000] {logging_mixin.py:190} INFO - [2025-02-27T16:00:28.376+0000] {dagbag.py:588} INFO - Filling up the DagBag from /home/airflow/.local/lib/python3.12/site-packages/airflow/example_dags/example_xcomargs.py
[2025-02-27T16:00:28.387+0000] {processor.py:925} INFO - DAG(s) 'example_xcom_args', 'example_xcom_args_with_operators' retrieved from /home/airflow/.local/lib/python3.12/site-packages/airflow/example_dags/example_xcomargs.py
[2025-02-27T16:00:28.416+0000] {logging_mixin.py:190} INFO - [2025-02-27T16:00:28.416+0000] {dag.py:3239} INFO - Sync 2 DAGs
[2025-02-27T16:00:28.437+0000] {logging_mixin.py:190} INFO - [2025-02-27T16:00:28.436+0000] {dag.py:4180} INFO - Setting next_dagrun for example_xcom_args to None, run_after=None
[2025-02-27T16:00:28.442+0000] {logging_mixin.py:190} INFO - [2025-02-27T16:00:28.442+0000] {dag.py:4180} INFO - Setting next_dagrun for example_xcom_args_with_operators to None, run_after=None
[2025-02-27T16:00:28.464+0000] {processor.py:208} INFO - Processing /home/airflow/.local/lib/python3.12/site-packages/airflow/example_dags/example_xcomargs.py took 0.097 seconds
[2025-02-27T16:00:58.571+0000] {processor.py:186} INFO - Started process (PID=1105) to work on /home/airflow/.local/lib/python3.12/site-packages/airflow/example_dags/example_xcomargs.py
[2025-02-27T16:00:58.572+0000] {processor.py:914} INFO - Processing file /home/airflow/.local/lib/python3.12/site-packages/airflow/example_dags/example_xcomargs.py for tasks to queue
[2025-02-27T16:00:58.574+0000] {logging_mixin.py:190} INFO - [2025-02-27T16:00:58.574+0000] {dagbag.py:588} INFO - Filling up the DagBag from /home/airflow/.local/lib/python3.12/site-packages/airflow/example_dags/example_xcomargs.py
[2025-02-27T16:00:58.585+0000] {processor.py:925} INFO - DAG(s) 'example_xcom_args', 'example_xcom_args_with_operators' retrieved from /home/airflow/.local/lib/python3.12/site-packages/airflow/example_dags/example_xcomargs.py
[2025-02-27T16:00:58.613+0000] {logging_mixin.py:190} INFO - [2025-02-27T16:00:58.612+0000] {dag.py:3239} INFO - Sync 2 DAGs
[2025-02-27T16:00:58.629+0000] {logging_mixin.py:190} INFO - [2025-02-27T16:00:58.629+0000] {dag.py:4180} INFO - Setting next_dagrun for example_xcom_args to None, run_after=None
[2025-02-27T16:00:58.634+0000] {logging_mixin.py:190} INFO - [2025-02-27T16:00:58.633+0000] {dag.py:4180} INFO - Setting next_dagrun for example_xcom_args_with_operators to None, run_after=None
[2025-02-27T16:00:58.654+0000] {processor.py:208} INFO - Processing /home/airflow/.local/lib/python3.12/site-packages/airflow/example_dags/example_xcomargs.py took 0.089 seconds
