[2025-02-27T15:52:57.554+0000] {processor.py:186} INFO - Started process (PID=112) to work on /home/airflow/.local/lib/python3.12/site-packages/airflow/example_dags/example_branch_python_dop_operator_3.py
[2025-02-27T15:52:57.555+0000] {processor.py:914} INFO - Processing file /home/airflow/.local/lib/python3.12/site-packages/airflow/example_dags/example_branch_python_dop_operator_3.py for tasks to queue
[2025-02-27T15:52:57.558+0000] {logging_mixin.py:190} INFO - [2025-02-27T15:52:57.557+0000] {dagbag.py:588} INFO - Filling up the DagBag from /home/airflow/.local/lib/python3.12/site-packages/airflow/example_dags/example_branch_python_dop_operator_3.py
[2025-02-27T15:52:57.569+0000] {processor.py:925} INFO - DAG(s) 'example_branch_dop_operator_v3' retrieved from /home/airflow/.local/lib/python3.12/site-packages/airflow/example_dags/example_branch_python_dop_operator_3.py
[2025-02-27T15:52:57.698+0000] {logging_mixin.py:190} INFO - [2025-02-27T15:52:57.697+0000] {override.py:1912} INFO - Created Permission View: can edit on DAG:example_branch_dop_operator_v3
[2025-02-27T15:52:57.713+0000] {logging_mixin.py:190} INFO - [2025-02-27T15:52:57.713+0000] {override.py:1912} INFO - Created Permission View: can delete on DAG:example_branch_dop_operator_v3
[2025-02-27T15:52:57.724+0000] {logging_mixin.py:190} INFO - [2025-02-27T15:52:57.723+0000] {override.py:1912} INFO - Created Permission View: can read on DAG:example_branch_dop_operator_v3
[2025-02-27T15:52:57.737+0000] {logging_mixin.py:190} INFO - [2025-02-27T15:52:57.736+0000] {override.py:1912} INFO - Created Permission View: can delete on DAG Run:example_branch_dop_operator_v3
[2025-02-27T15:52:57.746+0000] {logging_mixin.py:190} INFO - [2025-02-27T15:52:57.745+0000] {override.py:1912} INFO - Created Permission View: menu access on DAG Run:example_branch_dop_operator_v3
[2025-02-27T15:52:57.756+0000] {logging_mixin.py:190} INFO - [2025-02-27T15:52:57.755+0000] {override.py:1912} INFO - Created Permission View: can read on DAG Run:example_branch_dop_operator_v3
[2025-02-27T15:52:57.765+0000] {logging_mixin.py:190} INFO - [2025-02-27T15:52:57.764+0000] {override.py:1912} INFO - Created Permission View: can create on DAG Run:example_branch_dop_operator_v3
[2025-02-27T15:52:57.765+0000] {logging_mixin.py:190} INFO - [2025-02-27T15:52:57.765+0000] {dag.py:3239} INFO - Sync 1 DAGs
[2025-02-27T15:52:57.782+0000] {logging_mixin.py:190} INFO - [2025-02-27T15:52:57.781+0000] {dag.py:3262} INFO - Creating ORM DAG for example_branch_dop_operator_v3
[2025-02-27T15:52:57.798+0000] {logging_mixin.py:190} INFO - [2025-02-27T15:52:57.798+0000] {dag.py:4180} INFO - Setting next_dagrun for example_branch_dop_operator_v3 to 2025-02-27 15:51:00+00:00, run_after=2025-02-27 15:52:00+00:00
[2025-02-27T15:52:57.820+0000] {processor.py:208} INFO - Processing /home/airflow/.local/lib/python3.12/site-packages/airflow/example_dags/example_branch_python_dop_operator_3.py took 0.272 seconds
[2025-02-27T15:53:27.894+0000] {processor.py:186} INFO - Started process (PID=174) to work on /home/airflow/.local/lib/python3.12/site-packages/airflow/example_dags/example_branch_python_dop_operator_3.py
[2025-02-27T15:53:27.895+0000] {processor.py:914} INFO - Processing file /home/airflow/.local/lib/python3.12/site-packages/airflow/example_dags/example_branch_python_dop_operator_3.py for tasks to queue
[2025-02-27T15:53:27.899+0000] {logging_mixin.py:190} INFO - [2025-02-27T15:53:27.899+0000] {dagbag.py:588} INFO - Filling up the DagBag from /home/airflow/.local/lib/python3.12/site-packages/airflow/example_dags/example_branch_python_dop_operator_3.py
[2025-02-27T15:53:27.918+0000] {processor.py:925} INFO - DAG(s) 'example_branch_dop_operator_v3' retrieved from /home/airflow/.local/lib/python3.12/site-packages/airflow/example_dags/example_branch_python_dop_operator_3.py
[2025-02-27T15:53:27.942+0000] {logging_mixin.py:190} INFO - [2025-02-27T15:53:27.942+0000] {dag.py:3239} INFO - Sync 1 DAGs
[2025-02-27T15:53:27.977+0000] {logging_mixin.py:190} INFO - [2025-02-27T15:53:27.977+0000] {dag.py:4180} INFO - Setting next_dagrun for example_branch_dop_operator_v3 to 2025-02-27 15:52:00+00:00, run_after=2025-02-27 15:53:00+00:00
[2025-02-27T15:53:28.003+0000] {processor.py:208} INFO - Processing /home/airflow/.local/lib/python3.12/site-packages/airflow/example_dags/example_branch_python_dop_operator_3.py took 0.116 seconds
[2025-02-27T15:53:59.218+0000] {processor.py:186} INFO - Started process (PID=237) to work on /home/airflow/.local/lib/python3.12/site-packages/airflow/example_dags/example_branch_python_dop_operator_3.py
[2025-02-27T15:53:59.219+0000] {processor.py:914} INFO - Processing file /home/airflow/.local/lib/python3.12/site-packages/airflow/example_dags/example_branch_python_dop_operator_3.py for tasks to queue
[2025-02-27T15:53:59.222+0000] {logging_mixin.py:190} INFO - [2025-02-27T15:53:59.222+0000] {dagbag.py:588} INFO - Filling up the DagBag from /home/airflow/.local/lib/python3.12/site-packages/airflow/example_dags/example_branch_python_dop_operator_3.py
[2025-02-27T15:53:59.239+0000] {processor.py:925} INFO - DAG(s) 'example_branch_dop_operator_v3' retrieved from /home/airflow/.local/lib/python3.12/site-packages/airflow/example_dags/example_branch_python_dop_operator_3.py
[2025-02-27T15:53:59.270+0000] {logging_mixin.py:190} INFO - [2025-02-27T15:53:59.269+0000] {dag.py:3239} INFO - Sync 1 DAGs
[2025-02-27T15:53:59.311+0000] {logging_mixin.py:190} INFO - [2025-02-27T15:53:59.310+0000] {dag.py:4180} INFO - Setting next_dagrun for example_branch_dop_operator_v3 to 2025-02-27 15:52:00+00:00, run_after=2025-02-27 15:53:00+00:00
[2025-02-27T15:53:59.343+0000] {processor.py:208} INFO - Processing /home/airflow/.local/lib/python3.12/site-packages/airflow/example_dags/example_branch_python_dop_operator_3.py took 0.133 seconds
[2025-02-27T15:54:29.834+0000] {processor.py:186} INFO - Started process (PID=299) to work on /home/airflow/.local/lib/python3.12/site-packages/airflow/example_dags/example_branch_python_dop_operator_3.py
[2025-02-27T15:54:29.835+0000] {processor.py:914} INFO - Processing file /home/airflow/.local/lib/python3.12/site-packages/airflow/example_dags/example_branch_python_dop_operator_3.py for tasks to queue
[2025-02-27T15:54:29.837+0000] {logging_mixin.py:190} INFO - [2025-02-27T15:54:29.837+0000] {dagbag.py:588} INFO - Filling up the DagBag from /home/airflow/.local/lib/python3.12/site-packages/airflow/example_dags/example_branch_python_dop_operator_3.py
[2025-02-27T15:54:29.848+0000] {processor.py:925} INFO - DAG(s) 'example_branch_dop_operator_v3' retrieved from /home/airflow/.local/lib/python3.12/site-packages/airflow/example_dags/example_branch_python_dop_operator_3.py
[2025-02-27T15:54:29.869+0000] {logging_mixin.py:190} INFO - [2025-02-27T15:54:29.869+0000] {dag.py:3239} INFO - Sync 1 DAGs
[2025-02-27T15:54:29.899+0000] {logging_mixin.py:190} INFO - [2025-02-27T15:54:29.898+0000] {dag.py:4180} INFO - Setting next_dagrun for example_branch_dop_operator_v3 to 2025-02-27 15:53:00+00:00, run_after=2025-02-27 15:54:00+00:00
[2025-02-27T15:54:29.922+0000] {processor.py:208} INFO - Processing /home/airflow/.local/lib/python3.12/site-packages/airflow/example_dags/example_branch_python_dop_operator_3.py took 0.094 seconds
[2025-02-27T15:55:00.209+0000] {processor.py:186} INFO - Started process (PID=361) to work on /home/airflow/.local/lib/python3.12/site-packages/airflow/example_dags/example_branch_python_dop_operator_3.py
[2025-02-27T15:55:00.210+0000] {processor.py:914} INFO - Processing file /home/airflow/.local/lib/python3.12/site-packages/airflow/example_dags/example_branch_python_dop_operator_3.py for tasks to queue
[2025-02-27T15:55:00.213+0000] {logging_mixin.py:190} INFO - [2025-02-27T15:55:00.213+0000] {dagbag.py:588} INFO - Filling up the DagBag from /home/airflow/.local/lib/python3.12/site-packages/airflow/example_dags/example_branch_python_dop_operator_3.py
[2025-02-27T15:55:00.223+0000] {processor.py:925} INFO - DAG(s) 'example_branch_dop_operator_v3' retrieved from /home/airflow/.local/lib/python3.12/site-packages/airflow/example_dags/example_branch_python_dop_operator_3.py
[2025-02-27T15:55:00.244+0000] {logging_mixin.py:190} INFO - [2025-02-27T15:55:00.244+0000] {dag.py:3239} INFO - Sync 1 DAGs
[2025-02-27T15:55:00.273+0000] {logging_mixin.py:190} INFO - [2025-02-27T15:55:00.273+0000] {dag.py:4180} INFO - Setting next_dagrun for example_branch_dop_operator_v3 to 2025-02-27 15:54:00+00:00, run_after=2025-02-27 15:55:00+00:00
[2025-02-27T15:55:00.308+0000] {processor.py:208} INFO - Processing /home/airflow/.local/lib/python3.12/site-packages/airflow/example_dags/example_branch_python_dop_operator_3.py took 0.104 seconds
[2025-02-27T15:55:30.647+0000] {processor.py:186} INFO - Started process (PID=424) to work on /home/airflow/.local/lib/python3.12/site-packages/airflow/example_dags/example_branch_python_dop_operator_3.py
[2025-02-27T15:55:30.648+0000] {processor.py:914} INFO - Processing file /home/airflow/.local/lib/python3.12/site-packages/airflow/example_dags/example_branch_python_dop_operator_3.py for tasks to queue
[2025-02-27T15:55:30.651+0000] {logging_mixin.py:190} INFO - [2025-02-27T15:55:30.651+0000] {dagbag.py:588} INFO - Filling up the DagBag from /home/airflow/.local/lib/python3.12/site-packages/airflow/example_dags/example_branch_python_dop_operator_3.py
[2025-02-27T15:55:30.662+0000] {processor.py:925} INFO - DAG(s) 'example_branch_dop_operator_v3' retrieved from /home/airflow/.local/lib/python3.12/site-packages/airflow/example_dags/example_branch_python_dop_operator_3.py
[2025-02-27T15:55:30.682+0000] {logging_mixin.py:190} INFO - [2025-02-27T15:55:30.681+0000] {dag.py:3239} INFO - Sync 1 DAGs
[2025-02-27T15:55:30.710+0000] {logging_mixin.py:190} INFO - [2025-02-27T15:55:30.710+0000] {dag.py:4180} INFO - Setting next_dagrun for example_branch_dop_operator_v3 to 2025-02-27 15:54:00+00:00, run_after=2025-02-27 15:55:00+00:00
[2025-02-27T15:55:30.728+0000] {processor.py:208} INFO - Processing /home/airflow/.local/lib/python3.12/site-packages/airflow/example_dags/example_branch_python_dop_operator_3.py took 0.086 seconds
[2025-02-27T15:56:00.806+0000] {processor.py:186} INFO - Started process (PID=487) to work on /home/airflow/.local/lib/python3.12/site-packages/airflow/example_dags/example_branch_python_dop_operator_3.py
[2025-02-27T15:56:00.807+0000] {processor.py:914} INFO - Processing file /home/airflow/.local/lib/python3.12/site-packages/airflow/example_dags/example_branch_python_dop_operator_3.py for tasks to queue
[2025-02-27T15:56:00.810+0000] {logging_mixin.py:190} INFO - [2025-02-27T15:56:00.809+0000] {dagbag.py:588} INFO - Filling up the DagBag from /home/airflow/.local/lib/python3.12/site-packages/airflow/example_dags/example_branch_python_dop_operator_3.py
[2025-02-27T15:56:00.820+0000] {processor.py:925} INFO - DAG(s) 'example_branch_dop_operator_v3' retrieved from /home/airflow/.local/lib/python3.12/site-packages/airflow/example_dags/example_branch_python_dop_operator_3.py
[2025-02-27T15:56:00.842+0000] {logging_mixin.py:190} INFO - [2025-02-27T15:56:00.842+0000] {dag.py:3239} INFO - Sync 1 DAGs
[2025-02-27T15:56:00.870+0000] {logging_mixin.py:190} INFO - [2025-02-27T15:56:00.870+0000] {dag.py:4180} INFO - Setting next_dagrun for example_branch_dop_operator_v3 to 2025-02-27 15:55:00+00:00, run_after=2025-02-27 15:56:00+00:00
[2025-02-27T15:56:00.889+0000] {processor.py:208} INFO - Processing /home/airflow/.local/lib/python3.12/site-packages/airflow/example_dags/example_branch_python_dop_operator_3.py took 0.090 seconds
[2025-02-27T15:56:31.607+0000] {processor.py:186} INFO - Started process (PID=550) to work on /home/airflow/.local/lib/python3.12/site-packages/airflow/example_dags/example_branch_python_dop_operator_3.py
[2025-02-27T15:56:31.609+0000] {processor.py:914} INFO - Processing file /home/airflow/.local/lib/python3.12/site-packages/airflow/example_dags/example_branch_python_dop_operator_3.py for tasks to queue
[2025-02-27T15:56:31.616+0000] {logging_mixin.py:190} INFO - [2025-02-27T15:56:31.616+0000] {dagbag.py:588} INFO - Filling up the DagBag from /home/airflow/.local/lib/python3.12/site-packages/airflow/example_dags/example_branch_python_dop_operator_3.py
[2025-02-27T15:56:31.638+0000] {processor.py:925} INFO - DAG(s) 'example_branch_dop_operator_v3' retrieved from /home/airflow/.local/lib/python3.12/site-packages/airflow/example_dags/example_branch_python_dop_operator_3.py
[2025-02-27T15:56:31.674+0000] {logging_mixin.py:190} INFO - [2025-02-27T15:56:31.674+0000] {dag.py:3239} INFO - Sync 1 DAGs
[2025-02-27T15:56:31.714+0000] {logging_mixin.py:190} INFO - [2025-02-27T15:56:31.714+0000] {dag.py:4180} INFO - Setting next_dagrun for example_branch_dop_operator_v3 to 2025-02-27 15:55:00+00:00, run_after=2025-02-27 15:56:00+00:00
[2025-02-27T15:56:31.741+0000] {processor.py:208} INFO - Processing /home/airflow/.local/lib/python3.12/site-packages/airflow/example_dags/example_branch_python_dop_operator_3.py took 0.143 seconds
[2025-02-27T15:57:01.789+0000] {processor.py:186} INFO - Started process (PID=614) to work on /home/airflow/.local/lib/python3.12/site-packages/airflow/example_dags/example_branch_python_dop_operator_3.py
[2025-02-27T15:57:01.790+0000] {processor.py:914} INFO - Processing file /home/airflow/.local/lib/python3.12/site-packages/airflow/example_dags/example_branch_python_dop_operator_3.py for tasks to queue
[2025-02-27T15:57:01.793+0000] {logging_mixin.py:190} INFO - [2025-02-27T15:57:01.793+0000] {dagbag.py:588} INFO - Filling up the DagBag from /home/airflow/.local/lib/python3.12/site-packages/airflow/example_dags/example_branch_python_dop_operator_3.py
[2025-02-27T15:57:01.803+0000] {processor.py:925} INFO - DAG(s) 'example_branch_dop_operator_v3' retrieved from /home/airflow/.local/lib/python3.12/site-packages/airflow/example_dags/example_branch_python_dop_operator_3.py
[2025-02-27T15:57:01.825+0000] {logging_mixin.py:190} INFO - [2025-02-27T15:57:01.825+0000] {dag.py:3239} INFO - Sync 1 DAGs
[2025-02-27T15:57:01.855+0000] {logging_mixin.py:190} INFO - [2025-02-27T15:57:01.855+0000] {dag.py:4180} INFO - Setting next_dagrun for example_branch_dop_operator_v3 to 2025-02-27 15:56:00+00:00, run_after=2025-02-27 15:57:00+00:00
[2025-02-27T15:57:01.879+0000] {processor.py:208} INFO - Processing /home/airflow/.local/lib/python3.12/site-packages/airflow/example_dags/example_branch_python_dop_operator_3.py took 0.095 seconds
[2025-02-27T15:57:32.136+0000] {processor.py:186} INFO - Started process (PID=677) to work on /home/airflow/.local/lib/python3.12/site-packages/airflow/example_dags/example_branch_python_dop_operator_3.py
[2025-02-27T15:57:32.137+0000] {processor.py:914} INFO - Processing file /home/airflow/.local/lib/python3.12/site-packages/airflow/example_dags/example_branch_python_dop_operator_3.py for tasks to queue
[2025-02-27T15:57:32.139+0000] {logging_mixin.py:190} INFO - [2025-02-27T15:57:32.139+0000] {dagbag.py:588} INFO - Filling up the DagBag from /home/airflow/.local/lib/python3.12/site-packages/airflow/example_dags/example_branch_python_dop_operator_3.py
[2025-02-27T15:57:32.149+0000] {processor.py:925} INFO - DAG(s) 'example_branch_dop_operator_v3' retrieved from /home/airflow/.local/lib/python3.12/site-packages/airflow/example_dags/example_branch_python_dop_operator_3.py
[2025-02-27T15:57:32.170+0000] {logging_mixin.py:190} INFO - [2025-02-27T15:57:32.170+0000] {dag.py:3239} INFO - Sync 1 DAGs
[2025-02-27T15:57:32.199+0000] {logging_mixin.py:190} INFO - [2025-02-27T15:57:32.199+0000] {dag.py:4180} INFO - Setting next_dagrun for example_branch_dop_operator_v3 to 2025-02-27 15:56:00+00:00, run_after=2025-02-27 15:57:00+00:00
[2025-02-27T15:57:32.217+0000] {processor.py:208} INFO - Processing /home/airflow/.local/lib/python3.12/site-packages/airflow/example_dags/example_branch_python_dop_operator_3.py took 0.087 seconds
[2025-02-27T15:58:02.499+0000] {processor.py:186} INFO - Started process (PID=740) to work on /home/airflow/.local/lib/python3.12/site-packages/airflow/example_dags/example_branch_python_dop_operator_3.py
[2025-02-27T15:58:02.500+0000] {processor.py:914} INFO - Processing file /home/airflow/.local/lib/python3.12/site-packages/airflow/example_dags/example_branch_python_dop_operator_3.py for tasks to queue
[2025-02-27T15:58:02.503+0000] {logging_mixin.py:190} INFO - [2025-02-27T15:58:02.503+0000] {dagbag.py:588} INFO - Filling up the DagBag from /home/airflow/.local/lib/python3.12/site-packages/airflow/example_dags/example_branch_python_dop_operator_3.py
[2025-02-27T15:58:02.514+0000] {processor.py:925} INFO - DAG(s) 'example_branch_dop_operator_v3' retrieved from /home/airflow/.local/lib/python3.12/site-packages/airflow/example_dags/example_branch_python_dop_operator_3.py
[2025-02-27T15:58:02.534+0000] {logging_mixin.py:190} INFO - [2025-02-27T15:58:02.533+0000] {dag.py:3239} INFO - Sync 1 DAGs
[2025-02-27T15:58:02.562+0000] {logging_mixin.py:190} INFO - [2025-02-27T15:58:02.562+0000] {dag.py:4180} INFO - Setting next_dagrun for example_branch_dop_operator_v3 to 2025-02-27 15:57:00+00:00, run_after=2025-02-27 15:58:00+00:00
[2025-02-27T15:58:02.586+0000] {processor.py:208} INFO - Processing /home/airflow/.local/lib/python3.12/site-packages/airflow/example_dags/example_branch_python_dop_operator_3.py took 0.093 seconds
[2025-02-27T15:58:32.998+0000] {processor.py:186} INFO - Started process (PID=803) to work on /home/airflow/.local/lib/python3.12/site-packages/airflow/example_dags/example_branch_python_dop_operator_3.py
[2025-02-27T15:58:33.000+0000] {processor.py:914} INFO - Processing file /home/airflow/.local/lib/python3.12/site-packages/airflow/example_dags/example_branch_python_dop_operator_3.py for tasks to queue
[2025-02-27T15:58:33.005+0000] {logging_mixin.py:190} INFO - [2025-02-27T15:58:33.004+0000] {dagbag.py:588} INFO - Filling up the DagBag from /home/airflow/.local/lib/python3.12/site-packages/airflow/example_dags/example_branch_python_dop_operator_3.py
[2025-02-27T15:58:33.031+0000] {processor.py:925} INFO - DAG(s) 'example_branch_dop_operator_v3' retrieved from /home/airflow/.local/lib/python3.12/site-packages/airflow/example_dags/example_branch_python_dop_operator_3.py
[2025-02-27T15:58:33.067+0000] {logging_mixin.py:190} INFO - [2025-02-27T15:58:33.066+0000] {dag.py:3239} INFO - Sync 1 DAGs
[2025-02-27T15:58:33.131+0000] {logging_mixin.py:190} INFO - [2025-02-27T15:58:33.130+0000] {dag.py:4180} INFO - Setting next_dagrun for example_branch_dop_operator_v3 to 2025-02-27 15:57:00+00:00, run_after=2025-02-27 15:58:00+00:00
[2025-02-27T15:58:33.172+0000] {processor.py:208} INFO - Processing /home/airflow/.local/lib/python3.12/site-packages/airflow/example_dags/example_branch_python_dop_operator_3.py took 0.191 seconds
[2025-02-27T15:59:04.070+0000] {processor.py:186} INFO - Started process (PID=866) to work on /home/airflow/.local/lib/python3.12/site-packages/airflow/example_dags/example_branch_python_dop_operator_3.py
[2025-02-27T15:59:04.071+0000] {processor.py:914} INFO - Processing file /home/airflow/.local/lib/python3.12/site-packages/airflow/example_dags/example_branch_python_dop_operator_3.py for tasks to queue
[2025-02-27T15:59:04.074+0000] {logging_mixin.py:190} INFO - [2025-02-27T15:59:04.074+0000] {dagbag.py:588} INFO - Filling up the DagBag from /home/airflow/.local/lib/python3.12/site-packages/airflow/example_dags/example_branch_python_dop_operator_3.py
[2025-02-27T15:59:04.085+0000] {processor.py:925} INFO - DAG(s) 'example_branch_dop_operator_v3' retrieved from /home/airflow/.local/lib/python3.12/site-packages/airflow/example_dags/example_branch_python_dop_operator_3.py
[2025-02-27T15:59:04.105+0000] {logging_mixin.py:190} INFO - [2025-02-27T15:59:04.105+0000] {dag.py:3239} INFO - Sync 1 DAGs
[2025-02-27T15:59:04.131+0000] {logging_mixin.py:190} INFO - [2025-02-27T15:59:04.131+0000] {dag.py:4180} INFO - Setting next_dagrun for example_branch_dop_operator_v3 to 2025-02-27 15:58:00+00:00, run_after=2025-02-27 15:59:00+00:00
[2025-02-27T15:59:04.149+0000] {processor.py:208} INFO - Processing /home/airflow/.local/lib/python3.12/site-packages/airflow/example_dags/example_branch_python_dop_operator_3.py took 0.085 seconds
[2025-02-27T15:59:34.330+0000] {processor.py:186} INFO - Started process (PID=929) to work on /home/airflow/.local/lib/python3.12/site-packages/airflow/example_dags/example_branch_python_dop_operator_3.py
[2025-02-27T15:59:34.331+0000] {processor.py:914} INFO - Processing file /home/airflow/.local/lib/python3.12/site-packages/airflow/example_dags/example_branch_python_dop_operator_3.py for tasks to queue
[2025-02-27T15:59:34.334+0000] {logging_mixin.py:190} INFO - [2025-02-27T15:59:34.334+0000] {dagbag.py:588} INFO - Filling up the DagBag from /home/airflow/.local/lib/python3.12/site-packages/airflow/example_dags/example_branch_python_dop_operator_3.py
[2025-02-27T15:59:34.347+0000] {processor.py:925} INFO - DAG(s) 'example_branch_dop_operator_v3' retrieved from /home/airflow/.local/lib/python3.12/site-packages/airflow/example_dags/example_branch_python_dop_operator_3.py
[2025-02-27T15:59:34.370+0000] {logging_mixin.py:190} INFO - [2025-02-27T15:59:34.370+0000] {dag.py:3239} INFO - Sync 1 DAGs
[2025-02-27T15:59:34.398+0000] {logging_mixin.py:190} INFO - [2025-02-27T15:59:34.398+0000] {dag.py:4180} INFO - Setting next_dagrun for example_branch_dop_operator_v3 to 2025-02-27 15:58:00+00:00, run_after=2025-02-27 15:59:00+00:00
[2025-02-27T15:59:34.421+0000] {processor.py:208} INFO - Processing /home/airflow/.local/lib/python3.12/site-packages/airflow/example_dags/example_branch_python_dop_operator_3.py took 0.098 seconds
[2025-02-27T16:00:04.616+0000] {processor.py:186} INFO - Started process (PID=992) to work on /home/airflow/.local/lib/python3.12/site-packages/airflow/example_dags/example_branch_python_dop_operator_3.py
[2025-02-27T16:00:04.617+0000] {processor.py:914} INFO - Processing file /home/airflow/.local/lib/python3.12/site-packages/airflow/example_dags/example_branch_python_dop_operator_3.py for tasks to queue
[2025-02-27T16:00:04.620+0000] {logging_mixin.py:190} INFO - [2025-02-27T16:00:04.619+0000] {dagbag.py:588} INFO - Filling up the DagBag from /home/airflow/.local/lib/python3.12/site-packages/airflow/example_dags/example_branch_python_dop_operator_3.py
[2025-02-27T16:00:04.629+0000] {processor.py:925} INFO - DAG(s) 'example_branch_dop_operator_v3' retrieved from /home/airflow/.local/lib/python3.12/site-packages/airflow/example_dags/example_branch_python_dop_operator_3.py
[2025-02-27T16:00:04.647+0000] {logging_mixin.py:190} INFO - [2025-02-27T16:00:04.647+0000] {dag.py:3239} INFO - Sync 1 DAGs
[2025-02-27T16:00:04.673+0000] {logging_mixin.py:190} INFO - [2025-02-27T16:00:04.673+0000] {dag.py:4180} INFO - Setting next_dagrun for example_branch_dop_operator_v3 to 2025-02-27 15:59:00+00:00, run_after=2025-02-27 16:00:00+00:00
[2025-02-27T16:00:04.690+0000] {processor.py:208} INFO - Processing /home/airflow/.local/lib/python3.12/site-packages/airflow/example_dags/example_branch_python_dop_operator_3.py took 0.079 seconds
[2025-02-27T16:00:35.047+0000] {processor.py:186} INFO - Started process (PID=1055) to work on /home/airflow/.local/lib/python3.12/site-packages/airflow/example_dags/example_branch_python_dop_operator_3.py
[2025-02-27T16:00:35.048+0000] {processor.py:914} INFO - Processing file /home/airflow/.local/lib/python3.12/site-packages/airflow/example_dags/example_branch_python_dop_operator_3.py for tasks to queue
[2025-02-27T16:00:35.051+0000] {logging_mixin.py:190} INFO - [2025-02-27T16:00:35.050+0000] {dagbag.py:588} INFO - Filling up the DagBag from /home/airflow/.local/lib/python3.12/site-packages/airflow/example_dags/example_branch_python_dop_operator_3.py
[2025-02-27T16:00:35.062+0000] {processor.py:925} INFO - DAG(s) 'example_branch_dop_operator_v3' retrieved from /home/airflow/.local/lib/python3.12/site-packages/airflow/example_dags/example_branch_python_dop_operator_3.py
[2025-02-27T16:00:35.083+0000] {logging_mixin.py:190} INFO - [2025-02-27T16:00:35.083+0000] {dag.py:3239} INFO - Sync 1 DAGs
[2025-02-27T16:00:35.111+0000] {logging_mixin.py:190} INFO - [2025-02-27T16:00:35.111+0000] {dag.py:4180} INFO - Setting next_dagrun for example_branch_dop_operator_v3 to 2025-02-27 15:59:00+00:00, run_after=2025-02-27 16:00:00+00:00
[2025-02-27T16:00:35.130+0000] {processor.py:208} INFO - Processing /home/airflow/.local/lib/python3.12/site-packages/airflow/example_dags/example_branch_python_dop_operator_3.py took 0.088 seconds
