[2025-02-27T15:52:51.540+0000] {processor.py:186} INFO - Started process (PID=99) to work on /home/airflow/.local/lib/python3.12/site-packages/airflow/example_dags/example_dag_decorator.py
[2025-02-27T15:52:51.541+0000] {processor.py:914} INFO - Processing file /home/airflow/.local/lib/python3.12/site-packages/airflow/example_dags/example_dag_decorator.py for tasks to queue
[2025-02-27T15:52:51.544+0000] {logging_mixin.py:190} INFO - [2025-02-27T15:52:51.544+0000] {dagbag.py:588} INFO - Filling up the DagBag from /home/airflow/.local/lib/python3.12/site-packages/airflow/example_dags/example_dag_decorator.py
[2025-02-27T15:52:52.041+0000] {processor.py:925} INFO - DAG(s) 'example_dag_decorator' retrieved from /home/airflow/.local/lib/python3.12/site-packages/airflow/example_dags/example_dag_decorator.py
[2025-02-27T15:52:52.216+0000] {logging_mixin.py:190} INFO - [2025-02-27T15:52:52.215+0000] {override.py:1912} INFO - Created Permission View: can edit on DAG:example_dag_decorator
[2025-02-27T15:52:52.240+0000] {logging_mixin.py:190} INFO - [2025-02-27T15:52:52.239+0000] {override.py:1912} INFO - Created Permission View: can delete on DAG:example_dag_decorator
[2025-02-27T15:52:52.259+0000] {logging_mixin.py:190} INFO - [2025-02-27T15:52:52.258+0000] {override.py:1912} INFO - Created Permission View: can read on DAG:example_dag_decorator
[2025-02-27T15:52:52.295+0000] {logging_mixin.py:190} INFO - [2025-02-27T15:52:52.295+0000] {override.py:1912} INFO - Created Permission View: can delete on DAG Run:example_dag_decorator
[2025-02-27T15:52:52.316+0000] {logging_mixin.py:190} INFO - [2025-02-27T15:52:52.316+0000] {override.py:1912} INFO - Created Permission View: menu access on DAG Run:example_dag_decorator
[2025-02-27T15:52:52.335+0000] {logging_mixin.py:190} INFO - [2025-02-27T15:52:52.334+0000] {override.py:1912} INFO - Created Permission View: can read on DAG Run:example_dag_decorator
[2025-02-27T15:52:52.365+0000] {logging_mixin.py:190} INFO - [2025-02-27T15:52:52.365+0000] {override.py:1912} INFO - Created Permission View: can create on DAG Run:example_dag_decorator
[2025-02-27T15:52:52.366+0000] {logging_mixin.py:190} INFO - [2025-02-27T15:52:52.366+0000] {dag.py:3239} INFO - Sync 1 DAGs
[2025-02-27T15:52:52.380+0000] {logging_mixin.py:190} INFO - [2025-02-27T15:52:52.380+0000] {dag.py:3262} INFO - Creating ORM DAG for example_dag_decorator
[2025-02-27T15:52:52.381+0000] {logging_mixin.py:190} INFO - [2025-02-27T15:52:52.381+0000] {dag.py:4180} INFO - Setting next_dagrun for example_dag_decorator to None, run_after=None
[2025-02-27T15:52:52.412+0000] {processor.py:208} INFO - Processing /home/airflow/.local/lib/python3.12/site-packages/airflow/example_dags/example_dag_decorator.py took 0.880 seconds
[2025-02-27T15:53:22.910+0000] {processor.py:186} INFO - Started process (PID=163) to work on /home/airflow/.local/lib/python3.12/site-packages/airflow/example_dags/example_dag_decorator.py
[2025-02-27T15:53:22.911+0000] {processor.py:914} INFO - Processing file /home/airflow/.local/lib/python3.12/site-packages/airflow/example_dags/example_dag_decorator.py for tasks to queue
[2025-02-27T15:53:22.913+0000] {logging_mixin.py:190} INFO - [2025-02-27T15:53:22.912+0000] {dagbag.py:588} INFO - Filling up the DagBag from /home/airflow/.local/lib/python3.12/site-packages/airflow/example_dags/example_dag_decorator.py
[2025-02-27T15:53:23.035+0000] {processor.py:925} INFO - DAG(s) 'example_dag_decorator' retrieved from /home/airflow/.local/lib/python3.12/site-packages/airflow/example_dags/example_dag_decorator.py
[2025-02-27T15:53:23.190+0000] {logging_mixin.py:190} INFO - [2025-02-27T15:53:23.190+0000] {dag.py:3239} INFO - Sync 1 DAGs
[2025-02-27T15:53:23.207+0000] {logging_mixin.py:190} INFO - [2025-02-27T15:53:23.206+0000] {dag.py:4180} INFO - Setting next_dagrun for example_dag_decorator to None, run_after=None
[2025-02-27T15:53:23.230+0000] {processor.py:208} INFO - Processing /home/airflow/.local/lib/python3.12/site-packages/airflow/example_dags/example_dag_decorator.py took 0.326 seconds
[2025-02-27T15:53:53.341+0000] {processor.py:186} INFO - Started process (PID=227) to work on /home/airflow/.local/lib/python3.12/site-packages/airflow/example_dags/example_dag_decorator.py
[2025-02-27T15:53:53.342+0000] {processor.py:914} INFO - Processing file /home/airflow/.local/lib/python3.12/site-packages/airflow/example_dags/example_dag_decorator.py for tasks to queue
[2025-02-27T15:53:53.344+0000] {logging_mixin.py:190} INFO - [2025-02-27T15:53:53.344+0000] {dagbag.py:588} INFO - Filling up the DagBag from /home/airflow/.local/lib/python3.12/site-packages/airflow/example_dags/example_dag_decorator.py
[2025-02-27T15:53:53.471+0000] {processor.py:925} INFO - DAG(s) 'example_dag_decorator' retrieved from /home/airflow/.local/lib/python3.12/site-packages/airflow/example_dags/example_dag_decorator.py
[2025-02-27T15:53:53.616+0000] {logging_mixin.py:190} INFO - [2025-02-27T15:53:53.615+0000] {dag.py:3239} INFO - Sync 1 DAGs
[2025-02-27T15:53:53.629+0000] {logging_mixin.py:190} INFO - [2025-02-27T15:53:53.629+0000] {dag.py:4180} INFO - Setting next_dagrun for example_dag_decorator to None, run_after=None
[2025-02-27T15:53:53.659+0000] {processor.py:208} INFO - Processing /home/airflow/.local/lib/python3.12/site-packages/airflow/example_dags/example_dag_decorator.py took 0.326 seconds
[2025-02-27T15:54:24.045+0000] {processor.py:186} INFO - Started process (PID=290) to work on /home/airflow/.local/lib/python3.12/site-packages/airflow/example_dags/example_dag_decorator.py
[2025-02-27T15:54:24.046+0000] {processor.py:914} INFO - Processing file /home/airflow/.local/lib/python3.12/site-packages/airflow/example_dags/example_dag_decorator.py for tasks to queue
[2025-02-27T15:54:24.048+0000] {logging_mixin.py:190} INFO - [2025-02-27T15:54:24.048+0000] {dagbag.py:588} INFO - Filling up the DagBag from /home/airflow/.local/lib/python3.12/site-packages/airflow/example_dags/example_dag_decorator.py
[2025-02-27T15:54:24.160+0000] {processor.py:925} INFO - DAG(s) 'example_dag_decorator' retrieved from /home/airflow/.local/lib/python3.12/site-packages/airflow/example_dags/example_dag_decorator.py
[2025-02-27T15:54:24.279+0000] {logging_mixin.py:190} INFO - [2025-02-27T15:54:24.279+0000] {dag.py:3239} INFO - Sync 1 DAGs
[2025-02-27T15:54:24.292+0000] {logging_mixin.py:190} INFO - [2025-02-27T15:54:24.292+0000] {dag.py:4180} INFO - Setting next_dagrun for example_dag_decorator to None, run_after=None
[2025-02-27T15:54:24.312+0000] {processor.py:208} INFO - Processing /home/airflow/.local/lib/python3.12/site-packages/airflow/example_dags/example_dag_decorator.py took 0.273 seconds
[2025-02-27T15:54:54.608+0000] {processor.py:186} INFO - Started process (PID=353) to work on /home/airflow/.local/lib/python3.12/site-packages/airflow/example_dags/example_dag_decorator.py
[2025-02-27T15:54:54.609+0000] {processor.py:914} INFO - Processing file /home/airflow/.local/lib/python3.12/site-packages/airflow/example_dags/example_dag_decorator.py for tasks to queue
[2025-02-27T15:54:54.611+0000] {logging_mixin.py:190} INFO - [2025-02-27T15:54:54.611+0000] {dagbag.py:588} INFO - Filling up the DagBag from /home/airflow/.local/lib/python3.12/site-packages/airflow/example_dags/example_dag_decorator.py
[2025-02-27T15:54:54.720+0000] {processor.py:925} INFO - DAG(s) 'example_dag_decorator' retrieved from /home/airflow/.local/lib/python3.12/site-packages/airflow/example_dags/example_dag_decorator.py
[2025-02-27T15:54:54.833+0000] {logging_mixin.py:190} INFO - [2025-02-27T15:54:54.833+0000] {dag.py:3239} INFO - Sync 1 DAGs
[2025-02-27T15:54:54.846+0000] {logging_mixin.py:190} INFO - [2025-02-27T15:54:54.846+0000] {dag.py:4180} INFO - Setting next_dagrun for example_dag_decorator to None, run_after=None
[2025-02-27T15:54:54.888+0000] {processor.py:208} INFO - Processing /home/airflow/.local/lib/python3.12/site-packages/airflow/example_dags/example_dag_decorator.py took 0.286 seconds
[2025-02-27T15:55:24.941+0000] {processor.py:186} INFO - Started process (PID=415) to work on /home/airflow/.local/lib/python3.12/site-packages/airflow/example_dags/example_dag_decorator.py
[2025-02-27T15:55:24.942+0000] {processor.py:914} INFO - Processing file /home/airflow/.local/lib/python3.12/site-packages/airflow/example_dags/example_dag_decorator.py for tasks to queue
[2025-02-27T15:55:24.945+0000] {logging_mixin.py:190} INFO - [2025-02-27T15:55:24.944+0000] {dagbag.py:588} INFO - Filling up the DagBag from /home/airflow/.local/lib/python3.12/site-packages/airflow/example_dags/example_dag_decorator.py
[2025-02-27T15:55:25.055+0000] {processor.py:925} INFO - DAG(s) 'example_dag_decorator' retrieved from /home/airflow/.local/lib/python3.12/site-packages/airflow/example_dags/example_dag_decorator.py
[2025-02-27T15:55:25.177+0000] {logging_mixin.py:190} INFO - [2025-02-27T15:55:25.176+0000] {dag.py:3239} INFO - Sync 1 DAGs
[2025-02-27T15:55:25.190+0000] {logging_mixin.py:190} INFO - [2025-02-27T15:55:25.190+0000] {dag.py:4180} INFO - Setting next_dagrun for example_dag_decorator to None, run_after=None
[2025-02-27T15:55:25.211+0000] {processor.py:208} INFO - Processing /home/airflow/.local/lib/python3.12/site-packages/airflow/example_dags/example_dag_decorator.py took 0.275 seconds
[2025-02-27T15:55:55.344+0000] {processor.py:186} INFO - Started process (PID=480) to work on /home/airflow/.local/lib/python3.12/site-packages/airflow/example_dags/example_dag_decorator.py
[2025-02-27T15:55:55.345+0000] {processor.py:914} INFO - Processing file /home/airflow/.local/lib/python3.12/site-packages/airflow/example_dags/example_dag_decorator.py for tasks to queue
[2025-02-27T15:55:55.347+0000] {logging_mixin.py:190} INFO - [2025-02-27T15:55:55.347+0000] {dagbag.py:588} INFO - Filling up the DagBag from /home/airflow/.local/lib/python3.12/site-packages/airflow/example_dags/example_dag_decorator.py
[2025-02-27T15:55:55.455+0000] {processor.py:925} INFO - DAG(s) 'example_dag_decorator' retrieved from /home/airflow/.local/lib/python3.12/site-packages/airflow/example_dags/example_dag_decorator.py
[2025-02-27T15:55:55.572+0000] {logging_mixin.py:190} INFO - [2025-02-27T15:55:55.572+0000] {dag.py:3239} INFO - Sync 1 DAGs
[2025-02-27T15:55:55.586+0000] {logging_mixin.py:190} INFO - [2025-02-27T15:55:55.586+0000] {dag.py:4180} INFO - Setting next_dagrun for example_dag_decorator to None, run_after=None
[2025-02-27T15:55:55.604+0000] {processor.py:208} INFO - Processing /home/airflow/.local/lib/python3.12/site-packages/airflow/example_dags/example_dag_decorator.py took 0.266 seconds
[2025-02-27T15:56:25.908+0000] {processor.py:186} INFO - Started process (PID=543) to work on /home/airflow/.local/lib/python3.12/site-packages/airflow/example_dags/example_dag_decorator.py
[2025-02-27T15:56:25.909+0000] {processor.py:914} INFO - Processing file /home/airflow/.local/lib/python3.12/site-packages/airflow/example_dags/example_dag_decorator.py for tasks to queue
[2025-02-27T15:56:25.912+0000] {logging_mixin.py:190} INFO - [2025-02-27T15:56:25.912+0000] {dagbag.py:588} INFO - Filling up the DagBag from /home/airflow/.local/lib/python3.12/site-packages/airflow/example_dags/example_dag_decorator.py
[2025-02-27T15:56:26.082+0000] {processor.py:925} INFO - DAG(s) 'example_dag_decorator' retrieved from /home/airflow/.local/lib/python3.12/site-packages/airflow/example_dags/example_dag_decorator.py
[2025-02-27T15:56:26.232+0000] {logging_mixin.py:190} INFO - [2025-02-27T15:56:26.232+0000] {dag.py:3239} INFO - Sync 1 DAGs
[2025-02-27T15:56:26.250+0000] {logging_mixin.py:190} INFO - [2025-02-27T15:56:26.250+0000] {dag.py:4180} INFO - Setting next_dagrun for example_dag_decorator to None, run_after=None
[2025-02-27T15:56:26.275+0000] {processor.py:208} INFO - Processing /home/airflow/.local/lib/python3.12/site-packages/airflow/example_dags/example_dag_decorator.py took 0.373 seconds
[2025-02-27T15:56:56.356+0000] {processor.py:186} INFO - Started process (PID=607) to work on /home/airflow/.local/lib/python3.12/site-packages/airflow/example_dags/example_dag_decorator.py
[2025-02-27T15:56:56.357+0000] {processor.py:914} INFO - Processing file /home/airflow/.local/lib/python3.12/site-packages/airflow/example_dags/example_dag_decorator.py for tasks to queue
[2025-02-27T15:56:56.359+0000] {logging_mixin.py:190} INFO - [2025-02-27T15:56:56.359+0000] {dagbag.py:588} INFO - Filling up the DagBag from /home/airflow/.local/lib/python3.12/site-packages/airflow/example_dags/example_dag_decorator.py
[2025-02-27T15:56:56.458+0000] {processor.py:925} INFO - DAG(s) 'example_dag_decorator' retrieved from /home/airflow/.local/lib/python3.12/site-packages/airflow/example_dags/example_dag_decorator.py
[2025-02-27T15:56:56.569+0000] {logging_mixin.py:190} INFO - [2025-02-27T15:56:56.569+0000] {dag.py:3239} INFO - Sync 1 DAGs
[2025-02-27T15:56:56.582+0000] {logging_mixin.py:190} INFO - [2025-02-27T15:56:56.582+0000] {dag.py:4180} INFO - Setting next_dagrun for example_dag_decorator to None, run_after=None
[2025-02-27T15:56:56.600+0000] {processor.py:208} INFO - Processing /home/airflow/.local/lib/python3.12/site-packages/airflow/example_dags/example_dag_decorator.py took 0.250 seconds
[2025-02-27T15:57:26.712+0000] {processor.py:186} INFO - Started process (PID=670) to work on /home/airflow/.local/lib/python3.12/site-packages/airflow/example_dags/example_dag_decorator.py
[2025-02-27T15:57:26.713+0000] {processor.py:914} INFO - Processing file /home/airflow/.local/lib/python3.12/site-packages/airflow/example_dags/example_dag_decorator.py for tasks to queue
[2025-02-27T15:57:26.715+0000] {logging_mixin.py:190} INFO - [2025-02-27T15:57:26.715+0000] {dagbag.py:588} INFO - Filling up the DagBag from /home/airflow/.local/lib/python3.12/site-packages/airflow/example_dags/example_dag_decorator.py
[2025-02-27T15:57:26.821+0000] {processor.py:925} INFO - DAG(s) 'example_dag_decorator' retrieved from /home/airflow/.local/lib/python3.12/site-packages/airflow/example_dags/example_dag_decorator.py
[2025-02-27T15:57:26.936+0000] {logging_mixin.py:190} INFO - [2025-02-27T15:57:26.936+0000] {dag.py:3239} INFO - Sync 1 DAGs
[2025-02-27T15:57:26.950+0000] {logging_mixin.py:190} INFO - [2025-02-27T15:57:26.950+0000] {dag.py:4180} INFO - Setting next_dagrun for example_dag_decorator to None, run_after=None
[2025-02-27T15:57:26.970+0000] {processor.py:208} INFO - Processing /home/airflow/.local/lib/python3.12/site-packages/airflow/example_dags/example_dag_decorator.py took 0.264 seconds
[2025-02-27T15:57:57.043+0000] {processor.py:186} INFO - Started process (PID=733) to work on /home/airflow/.local/lib/python3.12/site-packages/airflow/example_dags/example_dag_decorator.py
[2025-02-27T15:57:57.044+0000] {processor.py:914} INFO - Processing file /home/airflow/.local/lib/python3.12/site-packages/airflow/example_dags/example_dag_decorator.py for tasks to queue
[2025-02-27T15:57:57.046+0000] {logging_mixin.py:190} INFO - [2025-02-27T15:57:57.046+0000] {dagbag.py:588} INFO - Filling up the DagBag from /home/airflow/.local/lib/python3.12/site-packages/airflow/example_dags/example_dag_decorator.py
[2025-02-27T15:57:57.161+0000] {processor.py:925} INFO - DAG(s) 'example_dag_decorator' retrieved from /home/airflow/.local/lib/python3.12/site-packages/airflow/example_dags/example_dag_decorator.py
[2025-02-27T15:57:57.289+0000] {logging_mixin.py:190} INFO - [2025-02-27T15:57:57.289+0000] {dag.py:3239} INFO - Sync 1 DAGs
[2025-02-27T15:57:57.303+0000] {logging_mixin.py:190} INFO - [2025-02-27T15:57:57.303+0000] {dag.py:4180} INFO - Setting next_dagrun for example_dag_decorator to None, run_after=None
[2025-02-27T15:57:57.327+0000] {processor.py:208} INFO - Processing /home/airflow/.local/lib/python3.12/site-packages/airflow/example_dags/example_dag_decorator.py took 0.290 seconds
[2025-02-27T15:58:28.225+0000] {processor.py:186} INFO - Started process (PID=796) to work on /home/airflow/.local/lib/python3.12/site-packages/airflow/example_dags/example_dag_decorator.py
[2025-02-27T15:58:28.226+0000] {processor.py:914} INFO - Processing file /home/airflow/.local/lib/python3.12/site-packages/airflow/example_dags/example_dag_decorator.py for tasks to queue
[2025-02-27T15:58:28.229+0000] {logging_mixin.py:190} INFO - [2025-02-27T15:58:28.229+0000] {dagbag.py:588} INFO - Filling up the DagBag from /home/airflow/.local/lib/python3.12/site-packages/airflow/example_dags/example_dag_decorator.py
[2025-02-27T15:58:28.341+0000] {processor.py:925} INFO - DAG(s) 'example_dag_decorator' retrieved from /home/airflow/.local/lib/python3.12/site-packages/airflow/example_dags/example_dag_decorator.py
[2025-02-27T15:58:28.466+0000] {logging_mixin.py:190} INFO - [2025-02-27T15:58:28.466+0000] {dag.py:3239} INFO - Sync 1 DAGs
[2025-02-27T15:58:28.486+0000] {logging_mixin.py:190} INFO - [2025-02-27T15:58:28.486+0000] {dag.py:4180} INFO - Setting next_dagrun for example_dag_decorator to None, run_after=None
[2025-02-27T15:58:28.520+0000] {processor.py:208} INFO - Processing /home/airflow/.local/lib/python3.12/site-packages/airflow/example_dags/example_dag_decorator.py took 0.302 seconds
[2025-02-27T15:58:58.662+0000] {processor.py:186} INFO - Started process (PID=861) to work on /home/airflow/.local/lib/python3.12/site-packages/airflow/example_dags/example_dag_decorator.py
[2025-02-27T15:58:58.663+0000] {processor.py:914} INFO - Processing file /home/airflow/.local/lib/python3.12/site-packages/airflow/example_dags/example_dag_decorator.py for tasks to queue
[2025-02-27T15:58:58.666+0000] {logging_mixin.py:190} INFO - [2025-02-27T15:58:58.666+0000] {dagbag.py:588} INFO - Filling up the DagBag from /home/airflow/.local/lib/python3.12/site-packages/airflow/example_dags/example_dag_decorator.py
[2025-02-27T15:58:58.774+0000] {processor.py:925} INFO - DAG(s) 'example_dag_decorator' retrieved from /home/airflow/.local/lib/python3.12/site-packages/airflow/example_dags/example_dag_decorator.py
[2025-02-27T15:58:58.898+0000] {logging_mixin.py:190} INFO - [2025-02-27T15:58:58.898+0000] {dag.py:3239} INFO - Sync 1 DAGs
[2025-02-27T15:58:58.914+0000] {logging_mixin.py:190} INFO - [2025-02-27T15:58:58.913+0000] {dag.py:4180} INFO - Setting next_dagrun for example_dag_decorator to None, run_after=None
[2025-02-27T15:58:58.932+0000] {processor.py:208} INFO - Processing /home/airflow/.local/lib/python3.12/site-packages/airflow/example_dags/example_dag_decorator.py took 0.278 seconds
[2025-02-27T15:59:29.127+0000] {processor.py:186} INFO - Started process (PID=924) to work on /home/airflow/.local/lib/python3.12/site-packages/airflow/example_dags/example_dag_decorator.py
[2025-02-27T15:59:29.128+0000] {processor.py:914} INFO - Processing file /home/airflow/.local/lib/python3.12/site-packages/airflow/example_dags/example_dag_decorator.py for tasks to queue
[2025-02-27T15:59:29.130+0000] {logging_mixin.py:190} INFO - [2025-02-27T15:59:29.130+0000] {dagbag.py:588} INFO - Filling up the DagBag from /home/airflow/.local/lib/python3.12/site-packages/airflow/example_dags/example_dag_decorator.py
[2025-02-27T15:59:29.241+0000] {processor.py:925} INFO - DAG(s) 'example_dag_decorator' retrieved from /home/airflow/.local/lib/python3.12/site-packages/airflow/example_dags/example_dag_decorator.py
[2025-02-27T15:59:29.359+0000] {logging_mixin.py:190} INFO - [2025-02-27T15:59:29.359+0000] {dag.py:3239} INFO - Sync 1 DAGs
[2025-02-27T15:59:29.372+0000] {logging_mixin.py:190} INFO - [2025-02-27T15:59:29.371+0000] {dag.py:4180} INFO - Setting next_dagrun for example_dag_decorator to None, run_after=None
[2025-02-27T15:59:29.390+0000] {processor.py:208} INFO - Processing /home/airflow/.local/lib/python3.12/site-packages/airflow/example_dags/example_dag_decorator.py took 0.270 seconds
