[2025-02-27T15:52:49.927+0000] {processor.py:186} INFO - Started process (PID=90) to work on /home/airflow/.local/lib/python3.12/site-packages/airflow/example_dags/example_skip_dag.py
[2025-02-27T15:52:49.928+0000] {processor.py:914} INFO - Processing file /home/airflow/.local/lib/python3.12/site-packages/airflow/example_dags/example_skip_dag.py for tasks to queue
[2025-02-27T15:52:49.931+0000] {logging_mixin.py:190} INFO - [2025-02-27T15:52:49.931+0000] {dagbag.py:588} INFO - Filling up the DagBag from /home/airflow/.local/lib/python3.12/site-packages/airflow/example_dags/example_skip_dag.py
[2025-02-27T15:52:49.942+0000] {processor.py:925} INFO - DAG(s) 'example_skip_dag' retrieved from /home/airflow/.local/lib/python3.12/site-packages/airflow/example_dags/example_skip_dag.py
[2025-02-27T15:52:50.101+0000] {logging_mixin.py:190} INFO - [2025-02-27T15:52:50.100+0000] {override.py:1912} INFO - Created Permission View: can edit on DAG:example_skip_dag
[2025-02-27T15:52:50.118+0000] {logging_mixin.py:190} INFO - [2025-02-27T15:52:50.117+0000] {override.py:1912} INFO - Created Permission View: can delete on DAG:example_skip_dag
[2025-02-27T15:52:50.128+0000] {logging_mixin.py:190} INFO - [2025-02-27T15:52:50.128+0000] {override.py:1912} INFO - Created Permission View: can read on DAG:example_skip_dag
[2025-02-27T15:52:50.142+0000] {logging_mixin.py:190} INFO - [2025-02-27T15:52:50.141+0000] {override.py:1912} INFO - Created Permission View: can delete on DAG Run:example_skip_dag
[2025-02-27T15:52:50.152+0000] {logging_mixin.py:190} INFO - [2025-02-27T15:52:50.152+0000] {override.py:1912} INFO - Created Permission View: menu access on DAG Run:example_skip_dag
[2025-02-27T15:52:50.163+0000] {logging_mixin.py:190} INFO - [2025-02-27T15:52:50.163+0000] {override.py:1912} INFO - Created Permission View: can read on DAG Run:example_skip_dag
[2025-02-27T15:52:50.172+0000] {logging_mixin.py:190} INFO - [2025-02-27T15:52:50.172+0000] {override.py:1912} INFO - Created Permission View: can create on DAG Run:example_skip_dag
[2025-02-27T15:52:50.173+0000] {logging_mixin.py:190} INFO - [2025-02-27T15:52:50.173+0000] {dag.py:3239} INFO - Sync 1 DAGs
[2025-02-27T15:52:50.194+0000] {logging_mixin.py:190} INFO - [2025-02-27T15:52:50.194+0000] {dag.py:3262} INFO - Creating ORM DAG for example_skip_dag
[2025-02-27T15:52:50.205+0000] {logging_mixin.py:190} INFO - [2025-02-27T15:52:50.205+0000] {dag.py:4180} INFO - Setting next_dagrun for example_skip_dag to 2025-02-26 00:00:00+00:00, run_after=2025-02-27 00:00:00+00:00
[2025-02-27T15:52:50.224+0000] {processor.py:208} INFO - Processing /home/airflow/.local/lib/python3.12/site-packages/airflow/example_dags/example_skip_dag.py took 0.304 seconds
[2025-02-27T15:53:20.658+0000] {processor.py:186} INFO - Started process (PID=153) to work on /home/airflow/.local/lib/python3.12/site-packages/airflow/example_dags/example_skip_dag.py
[2025-02-27T15:53:20.659+0000] {processor.py:914} INFO - Processing file /home/airflow/.local/lib/python3.12/site-packages/airflow/example_dags/example_skip_dag.py for tasks to queue
[2025-02-27T15:53:20.662+0000] {logging_mixin.py:190} INFO - [2025-02-27T15:53:20.661+0000] {dagbag.py:588} INFO - Filling up the DagBag from /home/airflow/.local/lib/python3.12/site-packages/airflow/example_dags/example_skip_dag.py
[2025-02-27T15:53:20.670+0000] {processor.py:925} INFO - DAG(s) 'example_skip_dag' retrieved from /home/airflow/.local/lib/python3.12/site-packages/airflow/example_dags/example_skip_dag.py
[2025-02-27T15:53:20.697+0000] {logging_mixin.py:190} INFO - [2025-02-27T15:53:20.696+0000] {dag.py:3239} INFO - Sync 1 DAGs
[2025-02-27T15:53:20.724+0000] {logging_mixin.py:190} INFO - [2025-02-27T15:53:20.724+0000] {dag.py:4180} INFO - Setting next_dagrun for example_skip_dag to 2025-02-26 00:00:00+00:00, run_after=2025-02-27 00:00:00+00:00
[2025-02-27T15:53:20.745+0000] {processor.py:208} INFO - Processing /home/airflow/.local/lib/python3.12/site-packages/airflow/example_dags/example_skip_dag.py took 0.095 seconds
[2025-02-27T15:53:51.259+0000] {processor.py:186} INFO - Started process (PID=216) to work on /home/airflow/.local/lib/python3.12/site-packages/airflow/example_dags/example_skip_dag.py
[2025-02-27T15:53:51.260+0000] {processor.py:914} INFO - Processing file /home/airflow/.local/lib/python3.12/site-packages/airflow/example_dags/example_skip_dag.py for tasks to queue
[2025-02-27T15:53:51.263+0000] {logging_mixin.py:190} INFO - [2025-02-27T15:53:51.262+0000] {dagbag.py:588} INFO - Filling up the DagBag from /home/airflow/.local/lib/python3.12/site-packages/airflow/example_dags/example_skip_dag.py
[2025-02-27T15:53:51.275+0000] {processor.py:925} INFO - DAG(s) 'example_skip_dag' retrieved from /home/airflow/.local/lib/python3.12/site-packages/airflow/example_dags/example_skip_dag.py
[2025-02-27T15:53:51.298+0000] {logging_mixin.py:190} INFO - [2025-02-27T15:53:51.298+0000] {dag.py:3239} INFO - Sync 1 DAGs
[2025-02-27T15:53:51.325+0000] {logging_mixin.py:190} INFO - [2025-02-27T15:53:51.324+0000] {dag.py:4180} INFO - Setting next_dagrun for example_skip_dag to 2025-02-26 00:00:00+00:00, run_after=2025-02-27 00:00:00+00:00
[2025-02-27T15:53:51.357+0000] {processor.py:208} INFO - Processing /home/airflow/.local/lib/python3.12/site-packages/airflow/example_dags/example_skip_dag.py took 0.105 seconds
[2025-02-27T15:54:21.979+0000] {processor.py:186} INFO - Started process (PID=279) to work on /home/airflow/.local/lib/python3.12/site-packages/airflow/example_dags/example_skip_dag.py
[2025-02-27T15:54:21.980+0000] {processor.py:914} INFO - Processing file /home/airflow/.local/lib/python3.12/site-packages/airflow/example_dags/example_skip_dag.py for tasks to queue
[2025-02-27T15:54:21.984+0000] {logging_mixin.py:190} INFO - [2025-02-27T15:54:21.982+0000] {dagbag.py:588} INFO - Filling up the DagBag from /home/airflow/.local/lib/python3.12/site-packages/airflow/example_dags/example_skip_dag.py
[2025-02-27T15:54:21.993+0000] {processor.py:925} INFO - DAG(s) 'example_skip_dag' retrieved from /home/airflow/.local/lib/python3.12/site-packages/airflow/example_dags/example_skip_dag.py
[2025-02-27T15:54:22.018+0000] {logging_mixin.py:190} INFO - [2025-02-27T15:54:22.017+0000] {dag.py:3239} INFO - Sync 1 DAGs
[2025-02-27T15:54:22.041+0000] {logging_mixin.py:190} INFO - [2025-02-27T15:54:22.041+0000] {dag.py:4180} INFO - Setting next_dagrun for example_skip_dag to 2025-02-26 00:00:00+00:00, run_after=2025-02-27 00:00:00+00:00
[2025-02-27T15:54:22.071+0000] {processor.py:208} INFO - Processing /home/airflow/.local/lib/python3.12/site-packages/airflow/example_dags/example_skip_dag.py took 0.098 seconds
[2025-02-27T15:54:52.685+0000] {processor.py:186} INFO - Started process (PID=342) to work on /home/airflow/.local/lib/python3.12/site-packages/airflow/example_dags/example_skip_dag.py
[2025-02-27T15:54:52.686+0000] {processor.py:914} INFO - Processing file /home/airflow/.local/lib/python3.12/site-packages/airflow/example_dags/example_skip_dag.py for tasks to queue
[2025-02-27T15:54:52.689+0000] {logging_mixin.py:190} INFO - [2025-02-27T15:54:52.689+0000] {dagbag.py:588} INFO - Filling up the DagBag from /home/airflow/.local/lib/python3.12/site-packages/airflow/example_dags/example_skip_dag.py
[2025-02-27T15:54:52.700+0000] {processor.py:925} INFO - DAG(s) 'example_skip_dag' retrieved from /home/airflow/.local/lib/python3.12/site-packages/airflow/example_dags/example_skip_dag.py
[2025-02-27T15:54:52.728+0000] {logging_mixin.py:190} INFO - [2025-02-27T15:54:52.727+0000] {dag.py:3239} INFO - Sync 1 DAGs
[2025-02-27T15:54:52.759+0000] {logging_mixin.py:190} INFO - [2025-02-27T15:54:52.759+0000] {dag.py:4180} INFO - Setting next_dagrun for example_skip_dag to 2025-02-26 00:00:00+00:00, run_after=2025-02-27 00:00:00+00:00
[2025-02-27T15:54:52.790+0000] {processor.py:208} INFO - Processing /home/airflow/.local/lib/python3.12/site-packages/airflow/example_dags/example_skip_dag.py took 0.113 seconds
[2025-02-27T15:55:23.052+0000] {processor.py:186} INFO - Started process (PID=405) to work on /home/airflow/.local/lib/python3.12/site-packages/airflow/example_dags/example_skip_dag.py
[2025-02-27T15:55:23.053+0000] {processor.py:914} INFO - Processing file /home/airflow/.local/lib/python3.12/site-packages/airflow/example_dags/example_skip_dag.py for tasks to queue
[2025-02-27T15:55:23.056+0000] {logging_mixin.py:190} INFO - [2025-02-27T15:55:23.055+0000] {dagbag.py:588} INFO - Filling up the DagBag from /home/airflow/.local/lib/python3.12/site-packages/airflow/example_dags/example_skip_dag.py
[2025-02-27T15:55:23.067+0000] {processor.py:925} INFO - DAG(s) 'example_skip_dag' retrieved from /home/airflow/.local/lib/python3.12/site-packages/airflow/example_dags/example_skip_dag.py
[2025-02-27T15:55:23.090+0000] {logging_mixin.py:190} INFO - [2025-02-27T15:55:23.089+0000] {dag.py:3239} INFO - Sync 1 DAGs
[2025-02-27T15:55:23.117+0000] {logging_mixin.py:190} INFO - [2025-02-27T15:55:23.117+0000] {dag.py:4180} INFO - Setting next_dagrun for example_skip_dag to 2025-02-26 00:00:00+00:00, run_after=2025-02-27 00:00:00+00:00
[2025-02-27T15:55:23.139+0000] {processor.py:208} INFO - Processing /home/airflow/.local/lib/python3.12/site-packages/airflow/example_dags/example_skip_dag.py took 0.092 seconds
[2025-02-27T15:55:53.375+0000] {processor.py:186} INFO - Started process (PID=468) to work on /home/airflow/.local/lib/python3.12/site-packages/airflow/example_dags/example_skip_dag.py
[2025-02-27T15:55:53.376+0000] {processor.py:914} INFO - Processing file /home/airflow/.local/lib/python3.12/site-packages/airflow/example_dags/example_skip_dag.py for tasks to queue
[2025-02-27T15:55:53.378+0000] {logging_mixin.py:190} INFO - [2025-02-27T15:55:53.377+0000] {dagbag.py:588} INFO - Filling up the DagBag from /home/airflow/.local/lib/python3.12/site-packages/airflow/example_dags/example_skip_dag.py
[2025-02-27T15:55:53.385+0000] {processor.py:925} INFO - DAG(s) 'example_skip_dag' retrieved from /home/airflow/.local/lib/python3.12/site-packages/airflow/example_dags/example_skip_dag.py
[2025-02-27T15:55:53.406+0000] {logging_mixin.py:190} INFO - [2025-02-27T15:55:53.406+0000] {dag.py:3239} INFO - Sync 1 DAGs
[2025-02-27T15:55:53.431+0000] {logging_mixin.py:190} INFO - [2025-02-27T15:55:53.430+0000] {dag.py:4180} INFO - Setting next_dagrun for example_skip_dag to 2025-02-26 00:00:00+00:00, run_after=2025-02-27 00:00:00+00:00
[2025-02-27T15:55:53.448+0000] {processor.py:208} INFO - Processing /home/airflow/.local/lib/python3.12/site-packages/airflow/example_dags/example_skip_dag.py took 0.079 seconds
[2025-02-27T15:56:23.921+0000] {processor.py:186} INFO - Started process (PID=531) to work on /home/airflow/.local/lib/python3.12/site-packages/airflow/example_dags/example_skip_dag.py
[2025-02-27T15:56:23.923+0000] {processor.py:914} INFO - Processing file /home/airflow/.local/lib/python3.12/site-packages/airflow/example_dags/example_skip_dag.py for tasks to queue
[2025-02-27T15:56:23.925+0000] {logging_mixin.py:190} INFO - [2025-02-27T15:56:23.925+0000] {dagbag.py:588} INFO - Filling up the DagBag from /home/airflow/.local/lib/python3.12/site-packages/airflow/example_dags/example_skip_dag.py
[2025-02-27T15:56:23.937+0000] {processor.py:925} INFO - DAG(s) 'example_skip_dag' retrieved from /home/airflow/.local/lib/python3.12/site-packages/airflow/example_dags/example_skip_dag.py
[2025-02-27T15:56:23.965+0000] {logging_mixin.py:190} INFO - [2025-02-27T15:56:23.964+0000] {dag.py:3239} INFO - Sync 1 DAGs
[2025-02-27T15:56:23.998+0000] {logging_mixin.py:190} INFO - [2025-02-27T15:56:23.997+0000] {dag.py:4180} INFO - Setting next_dagrun for example_skip_dag to 2025-02-26 00:00:00+00:00, run_after=2025-02-27 00:00:00+00:00
[2025-02-27T15:56:24.020+0000] {processor.py:208} INFO - Processing /home/airflow/.local/lib/python3.12/site-packages/airflow/example_dags/example_skip_dag.py took 0.105 seconds
[2025-02-27T15:56:54.475+0000] {processor.py:186} INFO - Started process (PID=595) to work on /home/airflow/.local/lib/python3.12/site-packages/airflow/example_dags/example_skip_dag.py
[2025-02-27T15:56:54.476+0000] {processor.py:914} INFO - Processing file /home/airflow/.local/lib/python3.12/site-packages/airflow/example_dags/example_skip_dag.py for tasks to queue
[2025-02-27T15:56:54.479+0000] {logging_mixin.py:190} INFO - [2025-02-27T15:56:54.479+0000] {dagbag.py:588} INFO - Filling up the DagBag from /home/airflow/.local/lib/python3.12/site-packages/airflow/example_dags/example_skip_dag.py
[2025-02-27T15:56:54.488+0000] {processor.py:925} INFO - DAG(s) 'example_skip_dag' retrieved from /home/airflow/.local/lib/python3.12/site-packages/airflow/example_dags/example_skip_dag.py
[2025-02-27T15:56:54.516+0000] {logging_mixin.py:190} INFO - [2025-02-27T15:56:54.516+0000] {dag.py:3239} INFO - Sync 1 DAGs
[2025-02-27T15:56:54.544+0000] {logging_mixin.py:190} INFO - [2025-02-27T15:56:54.544+0000] {dag.py:4180} INFO - Setting next_dagrun for example_skip_dag to 2025-02-26 00:00:00+00:00, run_after=2025-02-27 00:00:00+00:00
[2025-02-27T15:56:54.565+0000] {processor.py:208} INFO - Processing /home/airflow/.local/lib/python3.12/site-packages/airflow/example_dags/example_skip_dag.py took 0.097 seconds
[2025-02-27T15:57:24.830+0000] {processor.py:186} INFO - Started process (PID=658) to work on /home/airflow/.local/lib/python3.12/site-packages/airflow/example_dags/example_skip_dag.py
[2025-02-27T15:57:24.831+0000] {processor.py:914} INFO - Processing file /home/airflow/.local/lib/python3.12/site-packages/airflow/example_dags/example_skip_dag.py for tasks to queue
[2025-02-27T15:57:24.834+0000] {logging_mixin.py:190} INFO - [2025-02-27T15:57:24.834+0000] {dagbag.py:588} INFO - Filling up the DagBag from /home/airflow/.local/lib/python3.12/site-packages/airflow/example_dags/example_skip_dag.py
[2025-02-27T15:57:24.842+0000] {processor.py:925} INFO - DAG(s) 'example_skip_dag' retrieved from /home/airflow/.local/lib/python3.12/site-packages/airflow/example_dags/example_skip_dag.py
[2025-02-27T15:57:24.866+0000] {logging_mixin.py:190} INFO - [2025-02-27T15:57:24.866+0000] {dag.py:3239} INFO - Sync 1 DAGs
[2025-02-27T15:57:24.891+0000] {logging_mixin.py:190} INFO - [2025-02-27T15:57:24.890+0000] {dag.py:4180} INFO - Setting next_dagrun for example_skip_dag to 2025-02-26 00:00:00+00:00, run_after=2025-02-27 00:00:00+00:00
[2025-02-27T15:57:24.911+0000] {processor.py:208} INFO - Processing /home/airflow/.local/lib/python3.12/site-packages/airflow/example_dags/example_skip_dag.py took 0.087 seconds
[2025-02-27T15:57:55.111+0000] {processor.py:186} INFO - Started process (PID=721) to work on /home/airflow/.local/lib/python3.12/site-packages/airflow/example_dags/example_skip_dag.py
[2025-02-27T15:57:55.112+0000] {processor.py:914} INFO - Processing file /home/airflow/.local/lib/python3.12/site-packages/airflow/example_dags/example_skip_dag.py for tasks to queue
[2025-02-27T15:57:55.114+0000] {logging_mixin.py:190} INFO - [2025-02-27T15:57:55.114+0000] {dagbag.py:588} INFO - Filling up the DagBag from /home/airflow/.local/lib/python3.12/site-packages/airflow/example_dags/example_skip_dag.py
[2025-02-27T15:57:55.122+0000] {processor.py:925} INFO - DAG(s) 'example_skip_dag' retrieved from /home/airflow/.local/lib/python3.12/site-packages/airflow/example_dags/example_skip_dag.py
[2025-02-27T15:57:55.143+0000] {logging_mixin.py:190} INFO - [2025-02-27T15:57:55.143+0000] {dag.py:3239} INFO - Sync 1 DAGs
[2025-02-27T15:57:55.166+0000] {logging_mixin.py:190} INFO - [2025-02-27T15:57:55.166+0000] {dag.py:4180} INFO - Setting next_dagrun for example_skip_dag to 2025-02-26 00:00:00+00:00, run_after=2025-02-27 00:00:00+00:00
[2025-02-27T15:57:55.186+0000] {processor.py:208} INFO - Processing /home/airflow/.local/lib/python3.12/site-packages/airflow/example_dags/example_skip_dag.py took 0.082 seconds
[2025-02-27T15:58:25.429+0000] {processor.py:186} INFO - Started process (PID=784) to work on /home/airflow/.local/lib/python3.12/site-packages/airflow/example_dags/example_skip_dag.py
[2025-02-27T15:58:25.430+0000] {processor.py:914} INFO - Processing file /home/airflow/.local/lib/python3.12/site-packages/airflow/example_dags/example_skip_dag.py for tasks to queue
[2025-02-27T15:58:25.432+0000] {logging_mixin.py:190} INFO - [2025-02-27T15:58:25.432+0000] {dagbag.py:588} INFO - Filling up the DagBag from /home/airflow/.local/lib/python3.12/site-packages/airflow/example_dags/example_skip_dag.py
[2025-02-27T15:58:25.441+0000] {processor.py:925} INFO - DAG(s) 'example_skip_dag' retrieved from /home/airflow/.local/lib/python3.12/site-packages/airflow/example_dags/example_skip_dag.py
[2025-02-27T15:58:25.464+0000] {logging_mixin.py:190} INFO - [2025-02-27T15:58:25.464+0000] {dag.py:3239} INFO - Sync 1 DAGs
[2025-02-27T15:58:25.489+0000] {logging_mixin.py:190} INFO - [2025-02-27T15:58:25.489+0000] {dag.py:4180} INFO - Setting next_dagrun for example_skip_dag to 2025-02-26 00:00:00+00:00, run_after=2025-02-27 00:00:00+00:00
[2025-02-27T15:58:25.508+0000] {processor.py:208} INFO - Processing /home/airflow/.local/lib/python3.12/site-packages/airflow/example_dags/example_skip_dag.py took 0.085 seconds
[2025-02-27T15:58:55.697+0000] {processor.py:186} INFO - Started process (PID=847) to work on /home/airflow/.local/lib/python3.12/site-packages/airflow/example_dags/example_skip_dag.py
[2025-02-27T15:58:55.698+0000] {processor.py:914} INFO - Processing file /home/airflow/.local/lib/python3.12/site-packages/airflow/example_dags/example_skip_dag.py for tasks to queue
[2025-02-27T15:58:55.701+0000] {logging_mixin.py:190} INFO - [2025-02-27T15:58:55.700+0000] {dagbag.py:588} INFO - Filling up the DagBag from /home/airflow/.local/lib/python3.12/site-packages/airflow/example_dags/example_skip_dag.py
[2025-02-27T15:58:55.711+0000] {processor.py:925} INFO - DAG(s) 'example_skip_dag' retrieved from /home/airflow/.local/lib/python3.12/site-packages/airflow/example_dags/example_skip_dag.py
[2025-02-27T15:58:55.735+0000] {logging_mixin.py:190} INFO - [2025-02-27T15:58:55.734+0000] {dag.py:3239} INFO - Sync 1 DAGs
[2025-02-27T15:58:55.760+0000] {logging_mixin.py:190} INFO - [2025-02-27T15:58:55.760+0000] {dag.py:4180} INFO - Setting next_dagrun for example_skip_dag to 2025-02-26 00:00:00+00:00, run_after=2025-02-27 00:00:00+00:00
[2025-02-27T15:58:55.779+0000] {processor.py:208} INFO - Processing /home/airflow/.local/lib/python3.12/site-packages/airflow/example_dags/example_skip_dag.py took 0.088 seconds
[2025-02-27T15:59:26.078+0000] {processor.py:186} INFO - Started process (PID=910) to work on /home/airflow/.local/lib/python3.12/site-packages/airflow/example_dags/example_skip_dag.py
[2025-02-27T15:59:26.078+0000] {processor.py:914} INFO - Processing file /home/airflow/.local/lib/python3.12/site-packages/airflow/example_dags/example_skip_dag.py for tasks to queue
[2025-02-27T15:59:26.081+0000] {logging_mixin.py:190} INFO - [2025-02-27T15:59:26.081+0000] {dagbag.py:588} INFO - Filling up the DagBag from /home/airflow/.local/lib/python3.12/site-packages/airflow/example_dags/example_skip_dag.py
[2025-02-27T15:59:26.089+0000] {processor.py:925} INFO - DAG(s) 'example_skip_dag' retrieved from /home/airflow/.local/lib/python3.12/site-packages/airflow/example_dags/example_skip_dag.py
[2025-02-27T15:59:26.112+0000] {logging_mixin.py:190} INFO - [2025-02-27T15:59:26.112+0000] {dag.py:3239} INFO - Sync 1 DAGs
[2025-02-27T15:59:26.136+0000] {logging_mixin.py:190} INFO - [2025-02-27T15:59:26.136+0000] {dag.py:4180} INFO - Setting next_dagrun for example_skip_dag to 2025-02-26 00:00:00+00:00, run_after=2025-02-27 00:00:00+00:00
[2025-02-27T15:59:26.153+0000] {processor.py:208} INFO - Processing /home/airflow/.local/lib/python3.12/site-packages/airflow/example_dags/example_skip_dag.py took 0.082 seconds
[2025-02-27T15:59:56.282+0000] {processor.py:186} INFO - Started process (PID=973) to work on /home/airflow/.local/lib/python3.12/site-packages/airflow/example_dags/example_skip_dag.py
[2025-02-27T15:59:56.283+0000] {processor.py:914} INFO - Processing file /home/airflow/.local/lib/python3.12/site-packages/airflow/example_dags/example_skip_dag.py for tasks to queue
[2025-02-27T15:59:56.285+0000] {logging_mixin.py:190} INFO - [2025-02-27T15:59:56.285+0000] {dagbag.py:588} INFO - Filling up the DagBag from /home/airflow/.local/lib/python3.12/site-packages/airflow/example_dags/example_skip_dag.py
[2025-02-27T15:59:56.294+0000] {processor.py:925} INFO - DAG(s) 'example_skip_dag' retrieved from /home/airflow/.local/lib/python3.12/site-packages/airflow/example_dags/example_skip_dag.py
[2025-02-27T15:59:56.318+0000] {logging_mixin.py:190} INFO - [2025-02-27T15:59:56.317+0000] {dag.py:3239} INFO - Sync 1 DAGs
[2025-02-27T15:59:56.344+0000] {logging_mixin.py:190} INFO - [2025-02-27T15:59:56.344+0000] {dag.py:4180} INFO - Setting next_dagrun for example_skip_dag to 2025-02-26 00:00:00+00:00, run_after=2025-02-27 00:00:00+00:00
[2025-02-27T15:59:56.363+0000] {processor.py:208} INFO - Processing /home/airflow/.local/lib/python3.12/site-packages/airflow/example_dags/example_skip_dag.py took 0.086 seconds
[2025-02-27T16:00:26.784+0000] {processor.py:186} INFO - Started process (PID=1036) to work on /home/airflow/.local/lib/python3.12/site-packages/airflow/example_dags/example_skip_dag.py
[2025-02-27T16:00:26.785+0000] {processor.py:914} INFO - Processing file /home/airflow/.local/lib/python3.12/site-packages/airflow/example_dags/example_skip_dag.py for tasks to queue
[2025-02-27T16:00:26.788+0000] {logging_mixin.py:190} INFO - [2025-02-27T16:00:26.788+0000] {dagbag.py:588} INFO - Filling up the DagBag from /home/airflow/.local/lib/python3.12/site-packages/airflow/example_dags/example_skip_dag.py
[2025-02-27T16:00:26.800+0000] {processor.py:925} INFO - DAG(s) 'example_skip_dag' retrieved from /home/airflow/.local/lib/python3.12/site-packages/airflow/example_dags/example_skip_dag.py
[2025-02-27T16:00:26.827+0000] {logging_mixin.py:190} INFO - [2025-02-27T16:00:26.826+0000] {dag.py:3239} INFO - Sync 1 DAGs
[2025-02-27T16:00:26.855+0000] {logging_mixin.py:190} INFO - [2025-02-27T16:00:26.855+0000] {dag.py:4180} INFO - Setting next_dagrun for example_skip_dag to 2025-02-26 00:00:00+00:00, run_after=2025-02-27 00:00:00+00:00
[2025-02-27T16:00:26.880+0000] {processor.py:208} INFO - Processing /home/airflow/.local/lib/python3.12/site-packages/airflow/example_dags/example_skip_dag.py took 0.102 seconds
[2025-02-27T16:00:57.070+0000] {processor.py:186} INFO - Started process (PID=1099) to work on /home/airflow/.local/lib/python3.12/site-packages/airflow/example_dags/example_skip_dag.py
[2025-02-27T16:00:57.071+0000] {processor.py:914} INFO - Processing file /home/airflow/.local/lib/python3.12/site-packages/airflow/example_dags/example_skip_dag.py for tasks to queue
[2025-02-27T16:00:57.073+0000] {logging_mixin.py:190} INFO - [2025-02-27T16:00:57.073+0000] {dagbag.py:588} INFO - Filling up the DagBag from /home/airflow/.local/lib/python3.12/site-packages/airflow/example_dags/example_skip_dag.py
[2025-02-27T16:00:57.083+0000] {processor.py:925} INFO - DAG(s) 'example_skip_dag' retrieved from /home/airflow/.local/lib/python3.12/site-packages/airflow/example_dags/example_skip_dag.py
[2025-02-27T16:00:57.109+0000] {logging_mixin.py:190} INFO - [2025-02-27T16:00:57.109+0000] {dag.py:3239} INFO - Sync 1 DAGs
[2025-02-27T16:00:57.139+0000] {logging_mixin.py:190} INFO - [2025-02-27T16:00:57.139+0000] {dag.py:4180} INFO - Setting next_dagrun for example_skip_dag to 2025-02-26 00:00:00+00:00, run_after=2025-02-27 00:00:00+00:00
[2025-02-27T16:00:57.166+0000] {processor.py:208} INFO - Processing /home/airflow/.local/lib/python3.12/site-packages/airflow/example_dags/example_skip_dag.py took 0.102 seconds
[2025-02-27T16:01:27.219+0000] {processor.py:186} INFO - Started process (PID=1162) to work on /home/airflow/.local/lib/python3.12/site-packages/airflow/example_dags/example_skip_dag.py
[2025-02-27T16:01:27.220+0000] {processor.py:914} INFO - Processing file /home/airflow/.local/lib/python3.12/site-packages/airflow/example_dags/example_skip_dag.py for tasks to queue
[2025-02-27T16:01:27.222+0000] {logging_mixin.py:190} INFO - [2025-02-27T16:01:27.221+0000] {dagbag.py:588} INFO - Filling up the DagBag from /home/airflow/.local/lib/python3.12/site-packages/airflow/example_dags/example_skip_dag.py
[2025-02-27T16:01:27.229+0000] {processor.py:925} INFO - DAG(s) 'example_skip_dag' retrieved from /home/airflow/.local/lib/python3.12/site-packages/airflow/example_dags/example_skip_dag.py
[2025-02-27T16:01:27.252+0000] {logging_mixin.py:190} INFO - [2025-02-27T16:01:27.251+0000] {dag.py:3239} INFO - Sync 1 DAGs
[2025-02-27T16:01:27.275+0000] {logging_mixin.py:190} INFO - [2025-02-27T16:01:27.275+0000] {dag.py:4180} INFO - Setting next_dagrun for example_skip_dag to 2025-02-26 00:00:00+00:00, run_after=2025-02-27 00:00:00+00:00
[2025-02-27T16:01:27.293+0000] {processor.py:208} INFO - Processing /home/airflow/.local/lib/python3.12/site-packages/airflow/example_dags/example_skip_dag.py took 0.079 seconds
[2025-02-27T16:01:57.611+0000] {processor.py:186} INFO - Started process (PID=1225) to work on /home/airflow/.local/lib/python3.12/site-packages/airflow/example_dags/example_skip_dag.py
[2025-02-27T16:01:57.613+0000] {processor.py:914} INFO - Processing file /home/airflow/.local/lib/python3.12/site-packages/airflow/example_dags/example_skip_dag.py for tasks to queue
[2025-02-27T16:01:57.616+0000] {logging_mixin.py:190} INFO - [2025-02-27T16:01:57.615+0000] {dagbag.py:588} INFO - Filling up the DagBag from /home/airflow/.local/lib/python3.12/site-packages/airflow/example_dags/example_skip_dag.py
[2025-02-27T16:01:57.626+0000] {processor.py:925} INFO - DAG(s) 'example_skip_dag' retrieved from /home/airflow/.local/lib/python3.12/site-packages/airflow/example_dags/example_skip_dag.py
[2025-02-27T16:01:57.661+0000] {logging_mixin.py:190} INFO - [2025-02-27T16:01:57.661+0000] {dag.py:3239} INFO - Sync 1 DAGs
[2025-02-27T16:01:57.716+0000] {logging_mixin.py:190} INFO - [2025-02-27T16:01:57.715+0000] {dag.py:4180} INFO - Setting next_dagrun for example_skip_dag to 2025-02-26 00:00:00+00:00, run_after=2025-02-27 00:00:00+00:00
[2025-02-27T16:01:57.743+0000] {processor.py:208} INFO - Processing /home/airflow/.local/lib/python3.12/site-packages/airflow/example_dags/example_skip_dag.py took 0.138 seconds
