[2025-02-27T15:52:48.521+0000] {processor.py:186} INFO - Started process (PID=83) to work on /home/airflow/.local/lib/python3.12/site-packages/airflow/example_dags/example_sensor_decorator.py
[2025-02-27T15:52:48.523+0000] {processor.py:914} INFO - Processing file /home/airflow/.local/lib/python3.12/site-packages/airflow/example_dags/example_sensor_decorator.py for tasks to queue
[2025-02-27T15:52:48.531+0000] {logging_mixin.py:190} INFO - [2025-02-27T15:52:48.530+0000] {dagbag.py:588} INFO - Filling up the DagBag from /home/airflow/.local/lib/python3.12/site-packages/airflow/example_dags/example_sensor_decorator.py
[2025-02-27T15:52:48.555+0000] {processor.py:925} INFO - DAG(s) 'example_sensor_decorator' retrieved from /home/airflow/.local/lib/python3.12/site-packages/airflow/example_dags/example_sensor_decorator.py
[2025-02-27T15:52:48.836+0000] {logging_mixin.py:190} INFO - [2025-02-27T15:52:48.834+0000] {override.py:1912} INFO - Created Permission View: can edit on DAG:example_sensor_decorator
[2025-02-27T15:52:48.855+0000] {logging_mixin.py:190} INFO - [2025-02-27T15:52:48.854+0000] {override.py:1912} INFO - Created Permission View: can delete on DAG:example_sensor_decorator
[2025-02-27T15:52:48.870+0000] {logging_mixin.py:190} INFO - [2025-02-27T15:52:48.869+0000] {override.py:1912} INFO - Created Permission View: can read on DAG:example_sensor_decorator
[2025-02-27T15:52:48.883+0000] {logging_mixin.py:190} INFO - [2025-02-27T15:52:48.883+0000] {override.py:1912} INFO - Created Permission View: can delete on DAG Run:example_sensor_decorator
[2025-02-27T15:52:48.893+0000] {logging_mixin.py:190} INFO - [2025-02-27T15:52:48.893+0000] {override.py:1912} INFO - Created Permission View: menu access on DAG Run:example_sensor_decorator
[2025-02-27T15:52:48.903+0000] {logging_mixin.py:190} INFO - [2025-02-27T15:52:48.902+0000] {override.py:1912} INFO - Created Permission View: can read on DAG Run:example_sensor_decorator
[2025-02-27T15:52:48.914+0000] {logging_mixin.py:190} INFO - [2025-02-27T15:52:48.913+0000] {override.py:1912} INFO - Created Permission View: can create on DAG Run:example_sensor_decorator
[2025-02-27T15:52:48.915+0000] {logging_mixin.py:190} INFO - [2025-02-27T15:52:48.915+0000] {dag.py:3239} INFO - Sync 1 DAGs
[2025-02-27T15:52:48.933+0000] {logging_mixin.py:190} INFO - [2025-02-27T15:52:48.933+0000] {dag.py:3262} INFO - Creating ORM DAG for example_sensor_decorator
[2025-02-27T15:52:48.934+0000] {logging_mixin.py:190} INFO - [2025-02-27T15:52:48.934+0000] {dag.py:4180} INFO - Setting next_dagrun for example_sensor_decorator to None, run_after=None
[2025-02-27T15:52:48.955+0000] {processor.py:208} INFO - Processing /home/airflow/.local/lib/python3.12/site-packages/airflow/example_dags/example_sensor_decorator.py took 0.443 seconds
[2025-02-27T15:53:19.116+0000] {processor.py:186} INFO - Started process (PID=146) to work on /home/airflow/.local/lib/python3.12/site-packages/airflow/example_dags/example_sensor_decorator.py
[2025-02-27T15:53:19.117+0000] {processor.py:914} INFO - Processing file /home/airflow/.local/lib/python3.12/site-packages/airflow/example_dags/example_sensor_decorator.py for tasks to queue
[2025-02-27T15:53:19.120+0000] {logging_mixin.py:190} INFO - [2025-02-27T15:53:19.119+0000] {dagbag.py:588} INFO - Filling up the DagBag from /home/airflow/.local/lib/python3.12/site-packages/airflow/example_dags/example_sensor_decorator.py
[2025-02-27T15:53:19.131+0000] {processor.py:925} INFO - DAG(s) 'example_sensor_decorator' retrieved from /home/airflow/.local/lib/python3.12/site-packages/airflow/example_dags/example_sensor_decorator.py
[2025-02-27T15:53:19.159+0000] {logging_mixin.py:190} INFO - [2025-02-27T15:53:19.158+0000] {dag.py:3239} INFO - Sync 1 DAGs
[2025-02-27T15:53:19.177+0000] {logging_mixin.py:190} INFO - [2025-02-27T15:53:19.177+0000] {dag.py:4180} INFO - Setting next_dagrun for example_sensor_decorator to None, run_after=None
[2025-02-27T15:53:19.200+0000] {processor.py:208} INFO - Processing /home/airflow/.local/lib/python3.12/site-packages/airflow/example_dags/example_sensor_decorator.py took 0.091 seconds
[2025-02-27T15:53:49.553+0000] {processor.py:186} INFO - Started process (PID=209) to work on /home/airflow/.local/lib/python3.12/site-packages/airflow/example_dags/example_sensor_decorator.py
[2025-02-27T15:53:49.554+0000] {processor.py:914} INFO - Processing file /home/airflow/.local/lib/python3.12/site-packages/airflow/example_dags/example_sensor_decorator.py for tasks to queue
[2025-02-27T15:53:49.556+0000] {logging_mixin.py:190} INFO - [2025-02-27T15:53:49.556+0000] {dagbag.py:588} INFO - Filling up the DagBag from /home/airflow/.local/lib/python3.12/site-packages/airflow/example_dags/example_sensor_decorator.py
[2025-02-27T15:53:49.564+0000] {processor.py:925} INFO - DAG(s) 'example_sensor_decorator' retrieved from /home/airflow/.local/lib/python3.12/site-packages/airflow/example_dags/example_sensor_decorator.py
[2025-02-27T15:53:49.594+0000] {logging_mixin.py:190} INFO - [2025-02-27T15:53:49.593+0000] {dag.py:3239} INFO - Sync 1 DAGs
[2025-02-27T15:53:49.615+0000] {logging_mixin.py:190} INFO - [2025-02-27T15:53:49.615+0000] {dag.py:4180} INFO - Setting next_dagrun for example_sensor_decorator to None, run_after=None
[2025-02-27T15:53:49.656+0000] {processor.py:208} INFO - Processing /home/airflow/.local/lib/python3.12/site-packages/airflow/example_dags/example_sensor_decorator.py took 0.109 seconds
[2025-02-27T15:54:20.422+0000] {processor.py:186} INFO - Started process (PID=272) to work on /home/airflow/.local/lib/python3.12/site-packages/airflow/example_dags/example_sensor_decorator.py
[2025-02-27T15:54:20.423+0000] {processor.py:914} INFO - Processing file /home/airflow/.local/lib/python3.12/site-packages/airflow/example_dags/example_sensor_decorator.py for tasks to queue
[2025-02-27T15:54:20.425+0000] {logging_mixin.py:190} INFO - [2025-02-27T15:54:20.425+0000] {dagbag.py:588} INFO - Filling up the DagBag from /home/airflow/.local/lib/python3.12/site-packages/airflow/example_dags/example_sensor_decorator.py
[2025-02-27T15:54:20.434+0000] {processor.py:925} INFO - DAG(s) 'example_sensor_decorator' retrieved from /home/airflow/.local/lib/python3.12/site-packages/airflow/example_dags/example_sensor_decorator.py
[2025-02-27T15:54:20.455+0000] {logging_mixin.py:190} INFO - [2025-02-27T15:54:20.455+0000] {dag.py:3239} INFO - Sync 1 DAGs
[2025-02-27T15:54:20.474+0000] {logging_mixin.py:190} INFO - [2025-02-27T15:54:20.474+0000] {dag.py:4180} INFO - Setting next_dagrun for example_sensor_decorator to None, run_after=None
[2025-02-27T15:54:20.498+0000] {processor.py:208} INFO - Processing /home/airflow/.local/lib/python3.12/site-packages/airflow/example_dags/example_sensor_decorator.py took 0.082 seconds
[2025-02-27T15:54:51.235+0000] {processor.py:186} INFO - Started process (PID=335) to work on /home/airflow/.local/lib/python3.12/site-packages/airflow/example_dags/example_sensor_decorator.py
[2025-02-27T15:54:51.236+0000] {processor.py:914} INFO - Processing file /home/airflow/.local/lib/python3.12/site-packages/airflow/example_dags/example_sensor_decorator.py for tasks to queue
[2025-02-27T15:54:51.238+0000] {logging_mixin.py:190} INFO - [2025-02-27T15:54:51.238+0000] {dagbag.py:588} INFO - Filling up the DagBag from /home/airflow/.local/lib/python3.12/site-packages/airflow/example_dags/example_sensor_decorator.py
[2025-02-27T15:54:51.247+0000] {processor.py:925} INFO - DAG(s) 'example_sensor_decorator' retrieved from /home/airflow/.local/lib/python3.12/site-packages/airflow/example_dags/example_sensor_decorator.py
[2025-02-27T15:54:51.269+0000] {logging_mixin.py:190} INFO - [2025-02-27T15:54:51.269+0000] {dag.py:3239} INFO - Sync 1 DAGs
[2025-02-27T15:54:51.285+0000] {logging_mixin.py:190} INFO - [2025-02-27T15:54:51.285+0000] {dag.py:4180} INFO - Setting next_dagrun for example_sensor_decorator to None, run_after=None
[2025-02-27T15:54:51.319+0000] {processor.py:208} INFO - Processing /home/airflow/.local/lib/python3.12/site-packages/airflow/example_dags/example_sensor_decorator.py took 0.090 seconds
[2025-02-27T15:55:21.504+0000] {processor.py:186} INFO - Started process (PID=398) to work on /home/airflow/.local/lib/python3.12/site-packages/airflow/example_dags/example_sensor_decorator.py
[2025-02-27T15:55:21.505+0000] {processor.py:914} INFO - Processing file /home/airflow/.local/lib/python3.12/site-packages/airflow/example_dags/example_sensor_decorator.py for tasks to queue
[2025-02-27T15:55:21.507+0000] {logging_mixin.py:190} INFO - [2025-02-27T15:55:21.507+0000] {dagbag.py:588} INFO - Filling up the DagBag from /home/airflow/.local/lib/python3.12/site-packages/airflow/example_dags/example_sensor_decorator.py
[2025-02-27T15:55:21.517+0000] {processor.py:925} INFO - DAG(s) 'example_sensor_decorator' retrieved from /home/airflow/.local/lib/python3.12/site-packages/airflow/example_dags/example_sensor_decorator.py
[2025-02-27T15:55:21.539+0000] {logging_mixin.py:190} INFO - [2025-02-27T15:55:21.539+0000] {dag.py:3239} INFO - Sync 1 DAGs
[2025-02-27T15:55:21.557+0000] {logging_mixin.py:190} INFO - [2025-02-27T15:55:21.557+0000] {dag.py:4180} INFO - Setting next_dagrun for example_sensor_decorator to None, run_after=None
[2025-02-27T15:55:21.581+0000] {processor.py:208} INFO - Processing /home/airflow/.local/lib/python3.12/site-packages/airflow/example_dags/example_sensor_decorator.py took 0.084 seconds
[2025-02-27T15:55:51.768+0000] {processor.py:186} INFO - Started process (PID=461) to work on /home/airflow/.local/lib/python3.12/site-packages/airflow/example_dags/example_sensor_decorator.py
[2025-02-27T15:55:51.769+0000] {processor.py:914} INFO - Processing file /home/airflow/.local/lib/python3.12/site-packages/airflow/example_dags/example_sensor_decorator.py for tasks to queue
[2025-02-27T15:55:51.772+0000] {logging_mixin.py:190} INFO - [2025-02-27T15:55:51.772+0000] {dagbag.py:588} INFO - Filling up the DagBag from /home/airflow/.local/lib/python3.12/site-packages/airflow/example_dags/example_sensor_decorator.py
[2025-02-27T15:55:51.783+0000] {processor.py:925} INFO - DAG(s) 'example_sensor_decorator' retrieved from /home/airflow/.local/lib/python3.12/site-packages/airflow/example_dags/example_sensor_decorator.py
[2025-02-27T15:55:51.808+0000] {logging_mixin.py:190} INFO - [2025-02-27T15:55:51.808+0000] {dag.py:3239} INFO - Sync 1 DAGs
[2025-02-27T15:55:51.826+0000] {logging_mixin.py:190} INFO - [2025-02-27T15:55:51.825+0000] {dag.py:4180} INFO - Setting next_dagrun for example_sensor_decorator to None, run_after=None
[2025-02-27T15:55:51.846+0000] {processor.py:208} INFO - Processing /home/airflow/.local/lib/python3.12/site-packages/airflow/example_dags/example_sensor_decorator.py took 0.086 seconds
[2025-02-27T15:56:22.761+0000] {processor.py:186} INFO - Started process (PID=524) to work on /home/airflow/.local/lib/python3.12/site-packages/airflow/example_dags/example_sensor_decorator.py
[2025-02-27T15:56:22.763+0000] {processor.py:914} INFO - Processing file /home/airflow/.local/lib/python3.12/site-packages/airflow/example_dags/example_sensor_decorator.py for tasks to queue
[2025-02-27T15:56:22.768+0000] {logging_mixin.py:190} INFO - [2025-02-27T15:56:22.767+0000] {dagbag.py:588} INFO - Filling up the DagBag from /home/airflow/.local/lib/python3.12/site-packages/airflow/example_dags/example_sensor_decorator.py
[2025-02-27T15:56:22.780+0000] {processor.py:925} INFO - DAG(s) 'example_sensor_decorator' retrieved from /home/airflow/.local/lib/python3.12/site-packages/airflow/example_dags/example_sensor_decorator.py
[2025-02-27T15:56:22.811+0000] {logging_mixin.py:190} INFO - [2025-02-27T15:56:22.810+0000] {dag.py:3239} INFO - Sync 1 DAGs
[2025-02-27T15:56:22.835+0000] {logging_mixin.py:190} INFO - [2025-02-27T15:56:22.834+0000] {dag.py:4180} INFO - Setting next_dagrun for example_sensor_decorator to None, run_after=None
[2025-02-27T15:56:23.216+0000] {processor.py:208} INFO - Processing /home/airflow/.local/lib/python3.12/site-packages/airflow/example_dags/example_sensor_decorator.py took 0.467 seconds
[2025-02-27T15:56:53.968+0000] {processor.py:186} INFO - Started process (PID=588) to work on /home/airflow/.local/lib/python3.12/site-packages/airflow/example_dags/example_sensor_decorator.py
[2025-02-27T15:56:53.970+0000] {processor.py:914} INFO - Processing file /home/airflow/.local/lib/python3.12/site-packages/airflow/example_dags/example_sensor_decorator.py for tasks to queue
[2025-02-27T15:56:53.972+0000] {logging_mixin.py:190} INFO - [2025-02-27T15:56:53.972+0000] {dagbag.py:588} INFO - Filling up the DagBag from /home/airflow/.local/lib/python3.12/site-packages/airflow/example_dags/example_sensor_decorator.py
[2025-02-27T15:56:53.980+0000] {processor.py:925} INFO - DAG(s) 'example_sensor_decorator' retrieved from /home/airflow/.local/lib/python3.12/site-packages/airflow/example_dags/example_sensor_decorator.py
[2025-02-27T15:56:54.000+0000] {logging_mixin.py:190} INFO - [2025-02-27T15:56:54.000+0000] {dag.py:3239} INFO - Sync 1 DAGs
[2025-02-27T15:56:54.015+0000] {logging_mixin.py:190} INFO - [2025-02-27T15:56:54.015+0000] {dag.py:4180} INFO - Setting next_dagrun for example_sensor_decorator to None, run_after=None
[2025-02-27T15:56:54.034+0000] {processor.py:208} INFO - Processing /home/airflow/.local/lib/python3.12/site-packages/airflow/example_dags/example_sensor_decorator.py took 0.073 seconds
[2025-02-27T15:57:24.371+0000] {processor.py:186} INFO - Started process (PID=651) to work on /home/airflow/.local/lib/python3.12/site-packages/airflow/example_dags/example_sensor_decorator.py
[2025-02-27T15:57:24.372+0000] {processor.py:914} INFO - Processing file /home/airflow/.local/lib/python3.12/site-packages/airflow/example_dags/example_sensor_decorator.py for tasks to queue
[2025-02-27T15:57:24.374+0000] {logging_mixin.py:190} INFO - [2025-02-27T15:57:24.374+0000] {dagbag.py:588} INFO - Filling up the DagBag from /home/airflow/.local/lib/python3.12/site-packages/airflow/example_dags/example_sensor_decorator.py
[2025-02-27T15:57:24.382+0000] {processor.py:925} INFO - DAG(s) 'example_sensor_decorator' retrieved from /home/airflow/.local/lib/python3.12/site-packages/airflow/example_dags/example_sensor_decorator.py
[2025-02-27T15:57:24.402+0000] {logging_mixin.py:190} INFO - [2025-02-27T15:57:24.402+0000] {dag.py:3239} INFO - Sync 1 DAGs
[2025-02-27T15:57:24.417+0000] {logging_mixin.py:190} INFO - [2025-02-27T15:57:24.417+0000] {dag.py:4180} INFO - Setting next_dagrun for example_sensor_decorator to None, run_after=None
[2025-02-27T15:57:24.437+0000] {processor.py:208} INFO - Processing /home/airflow/.local/lib/python3.12/site-packages/airflow/example_dags/example_sensor_decorator.py took 0.073 seconds
[2025-02-27T15:57:54.651+0000] {processor.py:186} INFO - Started process (PID=714) to work on /home/airflow/.local/lib/python3.12/site-packages/airflow/example_dags/example_sensor_decorator.py
[2025-02-27T15:57:54.652+0000] {processor.py:914} INFO - Processing file /home/airflow/.local/lib/python3.12/site-packages/airflow/example_dags/example_sensor_decorator.py for tasks to queue
[2025-02-27T15:57:54.654+0000] {logging_mixin.py:190} INFO - [2025-02-27T15:57:54.654+0000] {dagbag.py:588} INFO - Filling up the DagBag from /home/airflow/.local/lib/python3.12/site-packages/airflow/example_dags/example_sensor_decorator.py
[2025-02-27T15:57:54.662+0000] {processor.py:925} INFO - DAG(s) 'example_sensor_decorator' retrieved from /home/airflow/.local/lib/python3.12/site-packages/airflow/example_dags/example_sensor_decorator.py
[2025-02-27T15:57:54.683+0000] {logging_mixin.py:190} INFO - [2025-02-27T15:57:54.683+0000] {dag.py:3239} INFO - Sync 1 DAGs
[2025-02-27T15:57:54.698+0000] {logging_mixin.py:190} INFO - [2025-02-27T15:57:54.698+0000] {dag.py:4180} INFO - Setting next_dagrun for example_sensor_decorator to None, run_after=None
[2025-02-27T15:57:54.716+0000] {processor.py:208} INFO - Processing /home/airflow/.local/lib/python3.12/site-packages/airflow/example_dags/example_sensor_decorator.py took 0.072 seconds
[2025-02-27T15:58:24.908+0000] {processor.py:186} INFO - Started process (PID=777) to work on /home/airflow/.local/lib/python3.12/site-packages/airflow/example_dags/example_sensor_decorator.py
[2025-02-27T15:58:24.908+0000] {processor.py:914} INFO - Processing file /home/airflow/.local/lib/python3.12/site-packages/airflow/example_dags/example_sensor_decorator.py for tasks to queue
[2025-02-27T15:58:24.910+0000] {logging_mixin.py:190} INFO - [2025-02-27T15:58:24.910+0000] {dagbag.py:588} INFO - Filling up the DagBag from /home/airflow/.local/lib/python3.12/site-packages/airflow/example_dags/example_sensor_decorator.py
[2025-02-27T15:58:24.919+0000] {processor.py:925} INFO - DAG(s) 'example_sensor_decorator' retrieved from /home/airflow/.local/lib/python3.12/site-packages/airflow/example_dags/example_sensor_decorator.py
[2025-02-27T15:58:24.939+0000] {logging_mixin.py:190} INFO - [2025-02-27T15:58:24.939+0000] {dag.py:3239} INFO - Sync 1 DAGs
[2025-02-27T15:58:24.954+0000] {logging_mixin.py:190} INFO - [2025-02-27T15:58:24.953+0000] {dag.py:4180} INFO - Setting next_dagrun for example_sensor_decorator to None, run_after=None
[2025-02-27T15:58:24.978+0000] {processor.py:208} INFO - Processing /home/airflow/.local/lib/python3.12/site-packages/airflow/example_dags/example_sensor_decorator.py took 0.076 seconds
[2025-02-27T15:58:55.168+0000] {processor.py:186} INFO - Started process (PID=840) to work on /home/airflow/.local/lib/python3.12/site-packages/airflow/example_dags/example_sensor_decorator.py
[2025-02-27T15:58:55.169+0000] {processor.py:914} INFO - Processing file /home/airflow/.local/lib/python3.12/site-packages/airflow/example_dags/example_sensor_decorator.py for tasks to queue
[2025-02-27T15:58:55.171+0000] {logging_mixin.py:190} INFO - [2025-02-27T15:58:55.170+0000] {dagbag.py:588} INFO - Filling up the DagBag from /home/airflow/.local/lib/python3.12/site-packages/airflow/example_dags/example_sensor_decorator.py
[2025-02-27T15:58:55.179+0000] {processor.py:925} INFO - DAG(s) 'example_sensor_decorator' retrieved from /home/airflow/.local/lib/python3.12/site-packages/airflow/example_dags/example_sensor_decorator.py
[2025-02-27T15:58:55.200+0000] {logging_mixin.py:190} INFO - [2025-02-27T15:58:55.200+0000] {dag.py:3239} INFO - Sync 1 DAGs
[2025-02-27T15:58:55.215+0000] {logging_mixin.py:190} INFO - [2025-02-27T15:58:55.215+0000] {dag.py:4180} INFO - Setting next_dagrun for example_sensor_decorator to None, run_after=None
[2025-02-27T15:58:55.236+0000] {processor.py:208} INFO - Processing /home/airflow/.local/lib/python3.12/site-packages/airflow/example_dags/example_sensor_decorator.py took 0.073 seconds
[2025-02-27T15:59:25.571+0000] {processor.py:186} INFO - Started process (PID=903) to work on /home/airflow/.local/lib/python3.12/site-packages/airflow/example_dags/example_sensor_decorator.py
[2025-02-27T15:59:25.572+0000] {processor.py:914} INFO - Processing file /home/airflow/.local/lib/python3.12/site-packages/airflow/example_dags/example_sensor_decorator.py for tasks to queue
[2025-02-27T15:59:25.574+0000] {logging_mixin.py:190} INFO - [2025-02-27T15:59:25.574+0000] {dagbag.py:588} INFO - Filling up the DagBag from /home/airflow/.local/lib/python3.12/site-packages/airflow/example_dags/example_sensor_decorator.py
[2025-02-27T15:59:25.582+0000] {processor.py:925} INFO - DAG(s) 'example_sensor_decorator' retrieved from /home/airflow/.local/lib/python3.12/site-packages/airflow/example_dags/example_sensor_decorator.py
[2025-02-27T15:59:25.602+0000] {logging_mixin.py:190} INFO - [2025-02-27T15:59:25.602+0000] {dag.py:3239} INFO - Sync 1 DAGs
[2025-02-27T15:59:25.618+0000] {logging_mixin.py:190} INFO - [2025-02-27T15:59:25.618+0000] {dag.py:4180} INFO - Setting next_dagrun for example_sensor_decorator to None, run_after=None
[2025-02-27T15:59:25.639+0000] {processor.py:208} INFO - Processing /home/airflow/.local/lib/python3.12/site-packages/airflow/example_dags/example_sensor_decorator.py took 0.073 seconds
