[2025-02-27T15:52:53.063+0000] {processor.py:186} INFO - Started process (PID=104) to work on /home/airflow/.local/lib/python3.12/site-packages/airflow/example_dags/example_subdag_operator.py
[2025-02-27T15:52:53.065+0000] {processor.py:914} INFO - Processing file /home/airflow/.local/lib/python3.12/site-packages/airflow/example_dags/example_subdag_operator.py for tasks to queue
[2025-02-27T15:52:53.068+0000] {logging_mixin.py:190} INFO - [2025-02-27T15:52:53.068+0000] {dagbag.py:588} INFO - Filling up the DagBag from /home/airflow/.local/lib/python3.12/site-packages/airflow/example_dags/example_subdag_operator.py
[2025-02-27T15:52:53.109+0000] {processor.py:925} INFO - DAG(s) 'example_subdag_operator.section-1', 'example_subdag_operator.section-2', 'example_subdag_operator' retrieved from /home/airflow/.local/lib/python3.12/site-packages/airflow/example_dags/example_subdag_operator.py
[2025-02-27T15:52:53.280+0000] {logging_mixin.py:190} INFO - [2025-02-27T15:52:53.279+0000] {override.py:1912} INFO - Created Permission View: can edit on DAG:example_subdag_operator
[2025-02-27T15:52:53.295+0000] {logging_mixin.py:190} INFO - [2025-02-27T15:52:53.295+0000] {override.py:1912} INFO - Created Permission View: can delete on DAG:example_subdag_operator
[2025-02-27T15:52:53.306+0000] {logging_mixin.py:190} INFO - [2025-02-27T15:52:53.305+0000] {override.py:1912} INFO - Created Permission View: can read on DAG:example_subdag_operator
[2025-02-27T15:52:53.320+0000] {logging_mixin.py:190} INFO - [2025-02-27T15:52:53.319+0000] {override.py:1912} INFO - Created Permission View: can delete on DAG Run:example_subdag_operator
[2025-02-27T15:52:53.331+0000] {logging_mixin.py:190} INFO - [2025-02-27T15:52:53.330+0000] {override.py:1912} INFO - Created Permission View: menu access on DAG Run:example_subdag_operator
[2025-02-27T15:52:53.344+0000] {logging_mixin.py:190} INFO - [2025-02-27T15:52:53.343+0000] {override.py:1912} INFO - Created Permission View: can read on DAG Run:example_subdag_operator
[2025-02-27T15:52:53.353+0000] {logging_mixin.py:190} INFO - [2025-02-27T15:52:53.352+0000] {override.py:1912} INFO - Created Permission View: can create on DAG Run:example_subdag_operator
[2025-02-27T15:52:53.354+0000] {logging_mixin.py:190} INFO - [2025-02-27T15:52:53.354+0000] {dag.py:3239} INFO - Sync 3 DAGs
[2025-02-27T15:52:53.371+0000] {logging_mixin.py:190} INFO - [2025-02-27T15:52:53.371+0000] {dag.py:3262} INFO - Creating ORM DAG for example_subdag_operator.section-2
[2025-02-27T15:52:53.372+0000] {logging_mixin.py:190} INFO - [2025-02-27T15:52:53.372+0000] {dag.py:3262} INFO - Creating ORM DAG for example_subdag_operator.section-1
[2025-02-27T15:52:53.373+0000] {logging_mixin.py:190} INFO - [2025-02-27T15:52:53.373+0000] {dag.py:3262} INFO - Creating ORM DAG for example_subdag_operator
[2025-02-27T15:52:53.387+0000] {logging_mixin.py:190} INFO - [2025-02-27T15:52:53.387+0000] {dag.py:4180} INFO - Setting next_dagrun for example_subdag_operator to 2022-01-01 00:00:00+00:00, run_after=2022-01-01 00:00:00+00:00
[2025-02-27T15:52:53.389+0000] {logging_mixin.py:190} INFO - [2025-02-27T15:52:53.388+0000] {dag.py:4180} INFO - Setting next_dagrun for example_subdag_operator.section-1 to None, run_after=None
[2025-02-27T15:52:53.390+0000] {logging_mixin.py:190} INFO - [2025-02-27T15:52:53.390+0000] {dag.py:4180} INFO - Setting next_dagrun for example_subdag_operator.section-2 to None, run_after=None
[2025-02-27T15:52:53.405+0000] {logging_mixin.py:190} INFO - [2025-02-27T15:52:53.405+0000] {dag.py:3239} INFO - Sync 2 DAGs
[2025-02-27T15:52:53.415+0000] {logging_mixin.py:190} INFO - [2025-02-27T15:52:53.414+0000] {dag.py:4180} INFO - Setting next_dagrun for example_subdag_operator.section-1 to None, run_after=None
[2025-02-27T15:52:53.419+0000] {logging_mixin.py:190} INFO - [2025-02-27T15:52:53.419+0000] {dag.py:4180} INFO - Setting next_dagrun for example_subdag_operator.section-2 to None, run_after=None
[2025-02-27T15:52:53.439+0000] {processor.py:208} INFO - Processing /home/airflow/.local/lib/python3.12/site-packages/airflow/example_dags/example_subdag_operator.py took 0.385 seconds
[2025-02-27T15:53:24.189+0000] {processor.py:186} INFO - Started process (PID=166) to work on /home/airflow/.local/lib/python3.12/site-packages/airflow/example_dags/example_subdag_operator.py
[2025-02-27T15:53:24.190+0000] {processor.py:914} INFO - Processing file /home/airflow/.local/lib/python3.12/site-packages/airflow/example_dags/example_subdag_operator.py for tasks to queue
[2025-02-27T15:53:24.192+0000] {logging_mixin.py:190} INFO - [2025-02-27T15:53:24.192+0000] {dagbag.py:588} INFO - Filling up the DagBag from /home/airflow/.local/lib/python3.12/site-packages/airflow/example_dags/example_subdag_operator.py
[2025-02-27T15:53:24.222+0000] {processor.py:925} INFO - DAG(s) 'example_subdag_operator.section-1', 'example_subdag_operator.section-2', 'example_subdag_operator' retrieved from /home/airflow/.local/lib/python3.12/site-packages/airflow/example_dags/example_subdag_operator.py
[2025-02-27T15:53:24.239+0000] {logging_mixin.py:190} INFO - [2025-02-27T15:53:24.239+0000] {dag.py:3239} INFO - Sync 3 DAGs
[2025-02-27T15:53:24.268+0000] {logging_mixin.py:190} INFO - [2025-02-27T15:53:24.268+0000] {dag.py:4180} INFO - Setting next_dagrun for example_subdag_operator to 2022-01-01 00:00:00+00:00, run_after=2022-01-01 00:00:00+00:00
[2025-02-27T15:53:24.273+0000] {logging_mixin.py:190} INFO - [2025-02-27T15:53:24.273+0000] {dag.py:4180} INFO - Setting next_dagrun for example_subdag_operator.section-1 to None, run_after=None
[2025-02-27T15:53:24.275+0000] {logging_mixin.py:190} INFO - [2025-02-27T15:53:24.274+0000] {dag.py:4180} INFO - Setting next_dagrun for example_subdag_operator.section-2 to None, run_after=None
[2025-02-27T15:53:24.283+0000] {logging_mixin.py:190} INFO - [2025-02-27T15:53:24.283+0000] {dag.py:3239} INFO - Sync 2 DAGs
[2025-02-27T15:53:24.290+0000] {logging_mixin.py:190} INFO - [2025-02-27T15:53:24.289+0000] {dag.py:4180} INFO - Setting next_dagrun for example_subdag_operator.section-1 to None, run_after=None
[2025-02-27T15:53:24.290+0000] {logging_mixin.py:190} INFO - [2025-02-27T15:53:24.290+0000] {dag.py:4180} INFO - Setting next_dagrun for example_subdag_operator.section-2 to None, run_after=None
[2025-02-27T15:53:24.303+0000] {processor.py:208} INFO - Processing /home/airflow/.local/lib/python3.12/site-packages/airflow/example_dags/example_subdag_operator.py took 0.120 seconds
[2025-02-27T15:53:54.728+0000] {processor.py:186} INFO - Started process (PID=229) to work on /home/airflow/.local/lib/python3.12/site-packages/airflow/example_dags/example_subdag_operator.py
[2025-02-27T15:53:54.729+0000] {processor.py:914} INFO - Processing file /home/airflow/.local/lib/python3.12/site-packages/airflow/example_dags/example_subdag_operator.py for tasks to queue
[2025-02-27T15:53:54.731+0000] {logging_mixin.py:190} INFO - [2025-02-27T15:53:54.731+0000] {dagbag.py:588} INFO - Filling up the DagBag from /home/airflow/.local/lib/python3.12/site-packages/airflow/example_dags/example_subdag_operator.py
[2025-02-27T15:53:54.760+0000] {processor.py:925} INFO - DAG(s) 'example_subdag_operator.section-1', 'example_subdag_operator.section-2', 'example_subdag_operator' retrieved from /home/airflow/.local/lib/python3.12/site-packages/airflow/example_dags/example_subdag_operator.py
[2025-02-27T15:53:54.783+0000] {logging_mixin.py:190} INFO - [2025-02-27T15:53:54.783+0000] {dag.py:3239} INFO - Sync 3 DAGs
[2025-02-27T15:53:54.812+0000] {logging_mixin.py:190} INFO - [2025-02-27T15:53:54.811+0000] {dag.py:4180} INFO - Setting next_dagrun for example_subdag_operator to 2022-01-01 00:00:00+00:00, run_after=2022-01-01 00:00:00+00:00
[2025-02-27T15:53:54.818+0000] {logging_mixin.py:190} INFO - [2025-02-27T15:53:54.818+0000] {dag.py:4180} INFO - Setting next_dagrun for example_subdag_operator.section-1 to None, run_after=None
[2025-02-27T15:53:54.821+0000] {logging_mixin.py:190} INFO - [2025-02-27T15:53:54.821+0000] {dag.py:4180} INFO - Setting next_dagrun for example_subdag_operator.section-2 to None, run_after=None
[2025-02-27T15:53:54.833+0000] {logging_mixin.py:190} INFO - [2025-02-27T15:53:54.833+0000] {dag.py:3239} INFO - Sync 2 DAGs
[2025-02-27T15:53:54.842+0000] {logging_mixin.py:190} INFO - [2025-02-27T15:53:54.841+0000] {dag.py:4180} INFO - Setting next_dagrun for example_subdag_operator.section-1 to None, run_after=None
[2025-02-27T15:53:54.843+0000] {logging_mixin.py:190} INFO - [2025-02-27T15:53:54.843+0000] {dag.py:4180} INFO - Setting next_dagrun for example_subdag_operator.section-2 to None, run_after=None
[2025-02-27T15:53:54.858+0000] {processor.py:208} INFO - Processing /home/airflow/.local/lib/python3.12/site-packages/airflow/example_dags/example_subdag_operator.py took 0.137 seconds
[2025-02-27T15:54:25.381+0000] {processor.py:186} INFO - Started process (PID=292) to work on /home/airflow/.local/lib/python3.12/site-packages/airflow/example_dags/example_subdag_operator.py
[2025-02-27T15:54:25.382+0000] {processor.py:914} INFO - Processing file /home/airflow/.local/lib/python3.12/site-packages/airflow/example_dags/example_subdag_operator.py for tasks to queue
[2025-02-27T15:54:25.384+0000] {logging_mixin.py:190} INFO - [2025-02-27T15:54:25.384+0000] {dagbag.py:588} INFO - Filling up the DagBag from /home/airflow/.local/lib/python3.12/site-packages/airflow/example_dags/example_subdag_operator.py
[2025-02-27T15:54:25.413+0000] {processor.py:925} INFO - DAG(s) 'example_subdag_operator.section-1', 'example_subdag_operator.section-2', 'example_subdag_operator' retrieved from /home/airflow/.local/lib/python3.12/site-packages/airflow/example_dags/example_subdag_operator.py
[2025-02-27T15:54:25.437+0000] {logging_mixin.py:190} INFO - [2025-02-27T15:54:25.437+0000] {dag.py:3239} INFO - Sync 3 DAGs
[2025-02-27T15:54:25.468+0000] {logging_mixin.py:190} INFO - [2025-02-27T15:54:25.467+0000] {dag.py:4180} INFO - Setting next_dagrun for example_subdag_operator to 2022-01-01 00:00:00+00:00, run_after=2022-01-01 00:00:00+00:00
[2025-02-27T15:54:25.473+0000] {logging_mixin.py:190} INFO - [2025-02-27T15:54:25.473+0000] {dag.py:4180} INFO - Setting next_dagrun for example_subdag_operator.section-1 to None, run_after=None
[2025-02-27T15:54:25.475+0000] {logging_mixin.py:190} INFO - [2025-02-27T15:54:25.475+0000] {dag.py:4180} INFO - Setting next_dagrun for example_subdag_operator.section-2 to None, run_after=None
[2025-02-27T15:54:25.483+0000] {logging_mixin.py:190} INFO - [2025-02-27T15:54:25.482+0000] {dag.py:3239} INFO - Sync 2 DAGs
[2025-02-27T15:54:25.492+0000] {logging_mixin.py:190} INFO - [2025-02-27T15:54:25.491+0000] {dag.py:4180} INFO - Setting next_dagrun for example_subdag_operator.section-1 to None, run_after=None
[2025-02-27T15:54:25.492+0000] {logging_mixin.py:190} INFO - [2025-02-27T15:54:25.492+0000] {dag.py:4180} INFO - Setting next_dagrun for example_subdag_operator.section-2 to None, run_after=None
[2025-02-27T15:54:25.506+0000] {processor.py:208} INFO - Processing /home/airflow/.local/lib/python3.12/site-packages/airflow/example_dags/example_subdag_operator.py took 0.132 seconds
[2025-02-27T15:54:55.744+0000] {processor.py:186} INFO - Started process (PID=355) to work on /home/airflow/.local/lib/python3.12/site-packages/airflow/example_dags/example_subdag_operator.py
[2025-02-27T15:54:55.745+0000] {processor.py:914} INFO - Processing file /home/airflow/.local/lib/python3.12/site-packages/airflow/example_dags/example_subdag_operator.py for tasks to queue
[2025-02-27T15:54:55.748+0000] {logging_mixin.py:190} INFO - [2025-02-27T15:54:55.748+0000] {dagbag.py:588} INFO - Filling up the DagBag from /home/airflow/.local/lib/python3.12/site-packages/airflow/example_dags/example_subdag_operator.py
[2025-02-27T15:54:55.785+0000] {processor.py:925} INFO - DAG(s) 'example_subdag_operator.section-1', 'example_subdag_operator.section-2', 'example_subdag_operator' retrieved from /home/airflow/.local/lib/python3.12/site-packages/airflow/example_dags/example_subdag_operator.py
[2025-02-27T15:54:55.808+0000] {logging_mixin.py:190} INFO - [2025-02-27T15:54:55.808+0000] {dag.py:3239} INFO - Sync 3 DAGs
[2025-02-27T15:54:55.856+0000] {logging_mixin.py:190} INFO - [2025-02-27T15:54:55.855+0000] {dag.py:4180} INFO - Setting next_dagrun for example_subdag_operator to 2022-01-01 00:00:00+00:00, run_after=2022-01-01 00:00:00+00:00
[2025-02-27T15:54:55.861+0000] {logging_mixin.py:190} INFO - [2025-02-27T15:54:55.861+0000] {dag.py:4180} INFO - Setting next_dagrun for example_subdag_operator.section-1 to None, run_after=None
[2025-02-27T15:54:55.863+0000] {logging_mixin.py:190} INFO - [2025-02-27T15:54:55.863+0000] {dag.py:4180} INFO - Setting next_dagrun for example_subdag_operator.section-2 to None, run_after=None
[2025-02-27T15:54:55.876+0000] {logging_mixin.py:190} INFO - [2025-02-27T15:54:55.876+0000] {dag.py:3239} INFO - Sync 2 DAGs
[2025-02-27T15:54:55.885+0000] {logging_mixin.py:190} INFO - [2025-02-27T15:54:55.885+0000] {dag.py:4180} INFO - Setting next_dagrun for example_subdag_operator.section-1 to None, run_after=None
[2025-02-27T15:54:55.886+0000] {logging_mixin.py:190} INFO - [2025-02-27T15:54:55.886+0000] {dag.py:4180} INFO - Setting next_dagrun for example_subdag_operator.section-2 to None, run_after=None
[2025-02-27T15:54:55.900+0000] {processor.py:208} INFO - Processing /home/airflow/.local/lib/python3.12/site-packages/airflow/example_dags/example_subdag_operator.py took 0.163 seconds
[2025-02-27T15:55:26.200+0000] {processor.py:186} INFO - Started process (PID=418) to work on /home/airflow/.local/lib/python3.12/site-packages/airflow/example_dags/example_subdag_operator.py
[2025-02-27T15:55:26.201+0000] {processor.py:914} INFO - Processing file /home/airflow/.local/lib/python3.12/site-packages/airflow/example_dags/example_subdag_operator.py for tasks to queue
[2025-02-27T15:55:26.204+0000] {logging_mixin.py:190} INFO - [2025-02-27T15:55:26.203+0000] {dagbag.py:588} INFO - Filling up the DagBag from /home/airflow/.local/lib/python3.12/site-packages/airflow/example_dags/example_subdag_operator.py
[2025-02-27T15:55:26.237+0000] {processor.py:925} INFO - DAG(s) 'example_subdag_operator.section-1', 'example_subdag_operator.section-2', 'example_subdag_operator' retrieved from /home/airflow/.local/lib/python3.12/site-packages/airflow/example_dags/example_subdag_operator.py
[2025-02-27T15:55:26.258+0000] {logging_mixin.py:190} INFO - [2025-02-27T15:55:26.258+0000] {dag.py:3239} INFO - Sync 3 DAGs
[2025-02-27T15:55:26.286+0000] {logging_mixin.py:190} INFO - [2025-02-27T15:55:26.286+0000] {dag.py:4180} INFO - Setting next_dagrun for example_subdag_operator to 2022-01-01 00:00:00+00:00, run_after=2022-01-01 00:00:00+00:00
[2025-02-27T15:55:26.291+0000] {logging_mixin.py:190} INFO - [2025-02-27T15:55:26.291+0000] {dag.py:4180} INFO - Setting next_dagrun for example_subdag_operator.section-1 to None, run_after=None
[2025-02-27T15:55:26.293+0000] {logging_mixin.py:190} INFO - [2025-02-27T15:55:26.293+0000] {dag.py:4180} INFO - Setting next_dagrun for example_subdag_operator.section-2 to None, run_after=None
[2025-02-27T15:55:26.303+0000] {logging_mixin.py:190} INFO - [2025-02-27T15:55:26.303+0000] {dag.py:3239} INFO - Sync 2 DAGs
[2025-02-27T15:55:26.311+0000] {logging_mixin.py:190} INFO - [2025-02-27T15:55:26.310+0000] {dag.py:4180} INFO - Setting next_dagrun for example_subdag_operator.section-1 to None, run_after=None
[2025-02-27T15:55:26.312+0000] {logging_mixin.py:190} INFO - [2025-02-27T15:55:26.311+0000] {dag.py:4180} INFO - Setting next_dagrun for example_subdag_operator.section-2 to None, run_after=None
[2025-02-27T15:55:26.326+0000] {processor.py:208} INFO - Processing /home/airflow/.local/lib/python3.12/site-packages/airflow/example_dags/example_subdag_operator.py took 0.133 seconds
[2025-02-27T15:55:56.505+0000] {processor.py:186} INFO - Started process (PID=482) to work on /home/airflow/.local/lib/python3.12/site-packages/airflow/example_dags/example_subdag_operator.py
[2025-02-27T15:55:56.506+0000] {processor.py:914} INFO - Processing file /home/airflow/.local/lib/python3.12/site-packages/airflow/example_dags/example_subdag_operator.py for tasks to queue
[2025-02-27T15:55:56.508+0000] {logging_mixin.py:190} INFO - [2025-02-27T15:55:56.508+0000] {dagbag.py:588} INFO - Filling up the DagBag from /home/airflow/.local/lib/python3.12/site-packages/airflow/example_dags/example_subdag_operator.py
[2025-02-27T15:55:56.533+0000] {processor.py:925} INFO - DAG(s) 'example_subdag_operator.section-1', 'example_subdag_operator.section-2', 'example_subdag_operator' retrieved from /home/airflow/.local/lib/python3.12/site-packages/airflow/example_dags/example_subdag_operator.py
[2025-02-27T15:55:56.552+0000] {logging_mixin.py:190} INFO - [2025-02-27T15:55:56.552+0000] {dag.py:3239} INFO - Sync 3 DAGs
[2025-02-27T15:55:56.581+0000] {logging_mixin.py:190} INFO - [2025-02-27T15:55:56.581+0000] {dag.py:4180} INFO - Setting next_dagrun for example_subdag_operator to 2022-01-01 00:00:00+00:00, run_after=2022-01-01 00:00:00+00:00
[2025-02-27T15:55:56.585+0000] {logging_mixin.py:190} INFO - [2025-02-27T15:55:56.585+0000] {dag.py:4180} INFO - Setting next_dagrun for example_subdag_operator.section-1 to None, run_after=None
[2025-02-27T15:55:56.587+0000] {logging_mixin.py:190} INFO - [2025-02-27T15:55:56.587+0000] {dag.py:4180} INFO - Setting next_dagrun for example_subdag_operator.section-2 to None, run_after=None
[2025-02-27T15:55:56.595+0000] {logging_mixin.py:190} INFO - [2025-02-27T15:55:56.595+0000] {dag.py:3239} INFO - Sync 2 DAGs
[2025-02-27T15:55:56.601+0000] {logging_mixin.py:190} INFO - [2025-02-27T15:55:56.600+0000] {dag.py:4180} INFO - Setting next_dagrun for example_subdag_operator.section-1 to None, run_after=None
[2025-02-27T15:55:56.601+0000] {logging_mixin.py:190} INFO - [2025-02-27T15:55:56.601+0000] {dag.py:4180} INFO - Setting next_dagrun for example_subdag_operator.section-2 to None, run_after=None
[2025-02-27T15:55:56.614+0000] {processor.py:208} INFO - Processing /home/airflow/.local/lib/python3.12/site-packages/airflow/example_dags/example_subdag_operator.py took 0.115 seconds
[2025-02-27T15:56:27.052+0000] {processor.py:186} INFO - Started process (PID=544) to work on /home/airflow/.local/lib/python3.12/site-packages/airflow/example_dags/example_subdag_operator.py
[2025-02-27T15:56:27.053+0000] {processor.py:914} INFO - Processing file /home/airflow/.local/lib/python3.12/site-packages/airflow/example_dags/example_subdag_operator.py for tasks to queue
[2025-02-27T15:56:27.056+0000] {logging_mixin.py:190} INFO - [2025-02-27T15:56:27.055+0000] {dagbag.py:588} INFO - Filling up the DagBag from /home/airflow/.local/lib/python3.12/site-packages/airflow/example_dags/example_subdag_operator.py
[2025-02-27T15:56:27.090+0000] {processor.py:925} INFO - DAG(s) 'example_subdag_operator.section-1', 'example_subdag_operator.section-2', 'example_subdag_operator' retrieved from /home/airflow/.local/lib/python3.12/site-packages/airflow/example_dags/example_subdag_operator.py
[2025-02-27T15:56:27.110+0000] {logging_mixin.py:190} INFO - [2025-02-27T15:56:27.109+0000] {dag.py:3239} INFO - Sync 3 DAGs
[2025-02-27T15:56:27.138+0000] {logging_mixin.py:190} INFO - [2025-02-27T15:56:27.138+0000] {dag.py:4180} INFO - Setting next_dagrun for example_subdag_operator to 2022-01-01 00:00:00+00:00, run_after=2022-01-01 00:00:00+00:00
[2025-02-27T15:56:27.142+0000] {logging_mixin.py:190} INFO - [2025-02-27T15:56:27.142+0000] {dag.py:4180} INFO - Setting next_dagrun for example_subdag_operator.section-1 to None, run_after=None
[2025-02-27T15:56:27.144+0000] {logging_mixin.py:190} INFO - [2025-02-27T15:56:27.144+0000] {dag.py:4180} INFO - Setting next_dagrun for example_subdag_operator.section-2 to None, run_after=None
[2025-02-27T15:56:27.153+0000] {logging_mixin.py:190} INFO - [2025-02-27T15:56:27.152+0000] {dag.py:3239} INFO - Sync 2 DAGs
[2025-02-27T15:56:27.159+0000] {logging_mixin.py:190} INFO - [2025-02-27T15:56:27.159+0000] {dag.py:4180} INFO - Setting next_dagrun for example_subdag_operator.section-1 to None, run_after=None
[2025-02-27T15:56:27.160+0000] {logging_mixin.py:190} INFO - [2025-02-27T15:56:27.160+0000] {dag.py:4180} INFO - Setting next_dagrun for example_subdag_operator.section-2 to None, run_after=None
[2025-02-27T15:56:27.173+0000] {processor.py:208} INFO - Processing /home/airflow/.local/lib/python3.12/site-packages/airflow/example_dags/example_subdag_operator.py took 0.126 seconds
[2025-02-27T15:56:57.372+0000] {processor.py:186} INFO - Started process (PID=608) to work on /home/airflow/.local/lib/python3.12/site-packages/airflow/example_dags/example_subdag_operator.py
[2025-02-27T15:56:57.373+0000] {processor.py:914} INFO - Processing file /home/airflow/.local/lib/python3.12/site-packages/airflow/example_dags/example_subdag_operator.py for tasks to queue
[2025-02-27T15:56:57.375+0000] {logging_mixin.py:190} INFO - [2025-02-27T15:56:57.375+0000] {dagbag.py:588} INFO - Filling up the DagBag from /home/airflow/.local/lib/python3.12/site-packages/airflow/example_dags/example_subdag_operator.py
[2025-02-27T15:56:57.404+0000] {processor.py:925} INFO - DAG(s) 'example_subdag_operator.section-1', 'example_subdag_operator.section-2', 'example_subdag_operator' retrieved from /home/airflow/.local/lib/python3.12/site-packages/airflow/example_dags/example_subdag_operator.py
[2025-02-27T15:56:57.423+0000] {logging_mixin.py:190} INFO - [2025-02-27T15:56:57.423+0000] {dag.py:3239} INFO - Sync 3 DAGs
[2025-02-27T15:56:57.448+0000] {logging_mixin.py:190} INFO - [2025-02-27T15:56:57.448+0000] {dag.py:4180} INFO - Setting next_dagrun for example_subdag_operator to 2022-01-01 00:00:00+00:00, run_after=2022-01-01 00:00:00+00:00
[2025-02-27T15:56:57.453+0000] {logging_mixin.py:190} INFO - [2025-02-27T15:56:57.452+0000] {dag.py:4180} INFO - Setting next_dagrun for example_subdag_operator.section-1 to None, run_after=None
[2025-02-27T15:56:57.454+0000] {logging_mixin.py:190} INFO - [2025-02-27T15:56:57.454+0000] {dag.py:4180} INFO - Setting next_dagrun for example_subdag_operator.section-2 to None, run_after=None
[2025-02-27T15:56:57.462+0000] {logging_mixin.py:190} INFO - [2025-02-27T15:56:57.461+0000] {dag.py:3239} INFO - Sync 2 DAGs
[2025-02-27T15:56:57.468+0000] {logging_mixin.py:190} INFO - [2025-02-27T15:56:57.468+0000] {dag.py:4180} INFO - Setting next_dagrun for example_subdag_operator.section-1 to None, run_after=None
[2025-02-27T15:56:57.469+0000] {logging_mixin.py:190} INFO - [2025-02-27T15:56:57.469+0000] {dag.py:4180} INFO - Setting next_dagrun for example_subdag_operator.section-2 to None, run_after=None
[2025-02-27T15:56:57.483+0000] {processor.py:208} INFO - Processing /home/airflow/.local/lib/python3.12/site-packages/airflow/example_dags/example_subdag_operator.py took 0.117 seconds
[2025-02-27T15:57:27.723+0000] {processor.py:186} INFO - Started process (PID=671) to work on /home/airflow/.local/lib/python3.12/site-packages/airflow/example_dags/example_subdag_operator.py
[2025-02-27T15:57:27.724+0000] {processor.py:914} INFO - Processing file /home/airflow/.local/lib/python3.12/site-packages/airflow/example_dags/example_subdag_operator.py for tasks to queue
[2025-02-27T15:57:27.726+0000] {logging_mixin.py:190} INFO - [2025-02-27T15:57:27.726+0000] {dagbag.py:588} INFO - Filling up the DagBag from /home/airflow/.local/lib/python3.12/site-packages/airflow/example_dags/example_subdag_operator.py
[2025-02-27T15:57:27.753+0000] {processor.py:925} INFO - DAG(s) 'example_subdag_operator.section-1', 'example_subdag_operator.section-2', 'example_subdag_operator' retrieved from /home/airflow/.local/lib/python3.12/site-packages/airflow/example_dags/example_subdag_operator.py
[2025-02-27T15:57:27.769+0000] {logging_mixin.py:190} INFO - [2025-02-27T15:57:27.769+0000] {dag.py:3239} INFO - Sync 3 DAGs
[2025-02-27T15:57:27.795+0000] {logging_mixin.py:190} INFO - [2025-02-27T15:57:27.795+0000] {dag.py:4180} INFO - Setting next_dagrun for example_subdag_operator to 2022-01-01 00:00:00+00:00, run_after=2022-01-01 00:00:00+00:00
[2025-02-27T15:57:27.800+0000] {logging_mixin.py:190} INFO - [2025-02-27T15:57:27.800+0000] {dag.py:4180} INFO - Setting next_dagrun for example_subdag_operator.section-1 to None, run_after=None
[2025-02-27T15:57:27.801+0000] {logging_mixin.py:190} INFO - [2025-02-27T15:57:27.801+0000] {dag.py:4180} INFO - Setting next_dagrun for example_subdag_operator.section-2 to None, run_after=None
[2025-02-27T15:57:27.809+0000] {logging_mixin.py:190} INFO - [2025-02-27T15:57:27.808+0000] {dag.py:3239} INFO - Sync 2 DAGs
[2025-02-27T15:57:27.815+0000] {logging_mixin.py:190} INFO - [2025-02-27T15:57:27.815+0000] {dag.py:4180} INFO - Setting next_dagrun for example_subdag_operator.section-1 to None, run_after=None
[2025-02-27T15:57:27.816+0000] {logging_mixin.py:190} INFO - [2025-02-27T15:57:27.816+0000] {dag.py:4180} INFO - Setting next_dagrun for example_subdag_operator.section-2 to None, run_after=None
[2025-02-27T15:57:27.826+0000] {processor.py:208} INFO - Processing /home/airflow/.local/lib/python3.12/site-packages/airflow/example_dags/example_subdag_operator.py took 0.109 seconds
[2025-02-27T15:57:58.050+0000] {processor.py:186} INFO - Started process (PID=734) to work on /home/airflow/.local/lib/python3.12/site-packages/airflow/example_dags/example_subdag_operator.py
[2025-02-27T15:57:58.051+0000] {processor.py:914} INFO - Processing file /home/airflow/.local/lib/python3.12/site-packages/airflow/example_dags/example_subdag_operator.py for tasks to queue
[2025-02-27T15:57:58.053+0000] {logging_mixin.py:190} INFO - [2025-02-27T15:57:58.053+0000] {dagbag.py:588} INFO - Filling up the DagBag from /home/airflow/.local/lib/python3.12/site-packages/airflow/example_dags/example_subdag_operator.py
[2025-02-27T15:57:58.079+0000] {processor.py:925} INFO - DAG(s) 'example_subdag_operator.section-1', 'example_subdag_operator.section-2', 'example_subdag_operator' retrieved from /home/airflow/.local/lib/python3.12/site-packages/airflow/example_dags/example_subdag_operator.py
[2025-02-27T15:57:58.095+0000] {logging_mixin.py:190} INFO - [2025-02-27T15:57:58.095+0000] {dag.py:3239} INFO - Sync 3 DAGs
[2025-02-27T15:57:58.119+0000] {logging_mixin.py:190} INFO - [2025-02-27T15:57:58.118+0000] {dag.py:4180} INFO - Setting next_dagrun for example_subdag_operator to 2022-01-01 00:00:00+00:00, run_after=2022-01-01 00:00:00+00:00
[2025-02-27T15:57:58.123+0000] {logging_mixin.py:190} INFO - [2025-02-27T15:57:58.123+0000] {dag.py:4180} INFO - Setting next_dagrun for example_subdag_operator.section-1 to None, run_after=None
[2025-02-27T15:57:58.126+0000] {logging_mixin.py:190} INFO - [2025-02-27T15:57:58.125+0000] {dag.py:4180} INFO - Setting next_dagrun for example_subdag_operator.section-2 to None, run_after=None
[2025-02-27T15:57:58.134+0000] {logging_mixin.py:190} INFO - [2025-02-27T15:57:58.134+0000] {dag.py:3239} INFO - Sync 2 DAGs
[2025-02-27T15:57:58.140+0000] {logging_mixin.py:190} INFO - [2025-02-27T15:57:58.140+0000] {dag.py:4180} INFO - Setting next_dagrun for example_subdag_operator.section-1 to None, run_after=None
[2025-02-27T15:57:58.141+0000] {logging_mixin.py:190} INFO - [2025-02-27T15:57:58.141+0000] {dag.py:4180} INFO - Setting next_dagrun for example_subdag_operator.section-2 to None, run_after=None
[2025-02-27T15:57:58.154+0000] {processor.py:208} INFO - Processing /home/airflow/.local/lib/python3.12/site-packages/airflow/example_dags/example_subdag_operator.py took 0.110 seconds
[2025-02-27T15:58:28.225+0000] {processor.py:186} INFO - Started process (PID=797) to work on /home/airflow/.local/lib/python3.12/site-packages/airflow/example_dags/example_subdag_operator.py
[2025-02-27T15:58:28.226+0000] {processor.py:914} INFO - Processing file /home/airflow/.local/lib/python3.12/site-packages/airflow/example_dags/example_subdag_operator.py for tasks to queue
[2025-02-27T15:58:28.229+0000] {logging_mixin.py:190} INFO - [2025-02-27T15:58:28.229+0000] {dagbag.py:588} INFO - Filling up the DagBag from /home/airflow/.local/lib/python3.12/site-packages/airflow/example_dags/example_subdag_operator.py
[2025-02-27T15:58:28.257+0000] {processor.py:925} INFO - DAG(s) 'example_subdag_operator.section-1', 'example_subdag_operator.section-2', 'example_subdag_operator' retrieved from /home/airflow/.local/lib/python3.12/site-packages/airflow/example_dags/example_subdag_operator.py
[2025-02-27T15:58:28.275+0000] {logging_mixin.py:190} INFO - [2025-02-27T15:58:28.275+0000] {dag.py:3239} INFO - Sync 3 DAGs
[2025-02-27T15:58:28.300+0000] {logging_mixin.py:190} INFO - [2025-02-27T15:58:28.300+0000] {dag.py:4180} INFO - Setting next_dagrun for example_subdag_operator to 2022-01-01 00:00:00+00:00, run_after=2022-01-01 00:00:00+00:00
[2025-02-27T15:58:28.304+0000] {logging_mixin.py:190} INFO - [2025-02-27T15:58:28.304+0000] {dag.py:4180} INFO - Setting next_dagrun for example_subdag_operator.section-1 to None, run_after=None
[2025-02-27T15:58:28.306+0000] {logging_mixin.py:190} INFO - [2025-02-27T15:58:28.306+0000] {dag.py:4180} INFO - Setting next_dagrun for example_subdag_operator.section-2 to None, run_after=None
[2025-02-27T15:58:28.314+0000] {logging_mixin.py:190} INFO - [2025-02-27T15:58:28.313+0000] {dag.py:3239} INFO - Sync 2 DAGs
[2025-02-27T15:58:28.321+0000] {logging_mixin.py:190} INFO - [2025-02-27T15:58:28.321+0000] {dag.py:4180} INFO - Setting next_dagrun for example_subdag_operator.section-1 to None, run_after=None
[2025-02-27T15:58:28.321+0000] {logging_mixin.py:190} INFO - [2025-02-27T15:58:28.321+0000] {dag.py:4180} INFO - Setting next_dagrun for example_subdag_operator.section-2 to None, run_after=None
[2025-02-27T15:58:28.333+0000] {processor.py:208} INFO - Processing /home/airflow/.local/lib/python3.12/site-packages/airflow/example_dags/example_subdag_operator.py took 0.115 seconds
[2025-02-27T15:58:58.534+0000] {processor.py:186} INFO - Started process (PID=859) to work on /home/airflow/.local/lib/python3.12/site-packages/airflow/example_dags/example_subdag_operator.py
[2025-02-27T15:58:58.535+0000] {processor.py:914} INFO - Processing file /home/airflow/.local/lib/python3.12/site-packages/airflow/example_dags/example_subdag_operator.py for tasks to queue
[2025-02-27T15:58:58.538+0000] {logging_mixin.py:190} INFO - [2025-02-27T15:58:58.537+0000] {dagbag.py:588} INFO - Filling up the DagBag from /home/airflow/.local/lib/python3.12/site-packages/airflow/example_dags/example_subdag_operator.py
[2025-02-27T15:58:58.569+0000] {processor.py:925} INFO - DAG(s) 'example_subdag_operator.section-1', 'example_subdag_operator.section-2', 'example_subdag_operator' retrieved from /home/airflow/.local/lib/python3.12/site-packages/airflow/example_dags/example_subdag_operator.py
[2025-02-27T15:58:58.586+0000] {logging_mixin.py:190} INFO - [2025-02-27T15:58:58.586+0000] {dag.py:3239} INFO - Sync 3 DAGs
[2025-02-27T15:58:58.614+0000] {logging_mixin.py:190} INFO - [2025-02-27T15:58:58.614+0000] {dag.py:4180} INFO - Setting next_dagrun for example_subdag_operator to 2022-01-01 00:00:00+00:00, run_after=2022-01-01 00:00:00+00:00
[2025-02-27T15:58:58.619+0000] {logging_mixin.py:190} INFO - [2025-02-27T15:58:58.619+0000] {dag.py:4180} INFO - Setting next_dagrun for example_subdag_operator.section-1 to None, run_after=None
[2025-02-27T15:58:58.621+0000] {logging_mixin.py:190} INFO - [2025-02-27T15:58:58.621+0000] {dag.py:4180} INFO - Setting next_dagrun for example_subdag_operator.section-2 to None, run_after=None
[2025-02-27T15:58:58.629+0000] {logging_mixin.py:190} INFO - [2025-02-27T15:58:58.629+0000] {dag.py:3239} INFO - Sync 2 DAGs
[2025-02-27T15:58:58.635+0000] {logging_mixin.py:190} INFO - [2025-02-27T15:58:58.635+0000] {dag.py:4180} INFO - Setting next_dagrun for example_subdag_operator.section-1 to None, run_after=None
[2025-02-27T15:58:58.636+0000] {logging_mixin.py:190} INFO - [2025-02-27T15:58:58.636+0000] {dag.py:4180} INFO - Setting next_dagrun for example_subdag_operator.section-2 to None, run_after=None
[2025-02-27T15:58:58.648+0000] {processor.py:208} INFO - Processing /home/airflow/.local/lib/python3.12/site-packages/airflow/example_dags/example_subdag_operator.py took 0.119 seconds
[2025-02-27T15:59:28.964+0000] {processor.py:186} INFO - Started process (PID=922) to work on /home/airflow/.local/lib/python3.12/site-packages/airflow/example_dags/example_subdag_operator.py
[2025-02-27T15:59:28.965+0000] {processor.py:914} INFO - Processing file /home/airflow/.local/lib/python3.12/site-packages/airflow/example_dags/example_subdag_operator.py for tasks to queue
[2025-02-27T15:59:28.970+0000] {logging_mixin.py:190} INFO - [2025-02-27T15:59:28.969+0000] {dagbag.py:588} INFO - Filling up the DagBag from /home/airflow/.local/lib/python3.12/site-packages/airflow/example_dags/example_subdag_operator.py
[2025-02-27T15:59:29.008+0000] {processor.py:925} INFO - DAG(s) 'example_subdag_operator.section-1', 'example_subdag_operator.section-2', 'example_subdag_operator' retrieved from /home/airflow/.local/lib/python3.12/site-packages/airflow/example_dags/example_subdag_operator.py
[2025-02-27T15:59:29.031+0000] {logging_mixin.py:190} INFO - [2025-02-27T15:59:29.031+0000] {dag.py:3239} INFO - Sync 3 DAGs
[2025-02-27T15:59:29.058+0000] {logging_mixin.py:190} INFO - [2025-02-27T15:59:29.058+0000] {dag.py:4180} INFO - Setting next_dagrun for example_subdag_operator to 2022-01-01 00:00:00+00:00, run_after=2022-01-01 00:00:00+00:00
[2025-02-27T15:59:29.063+0000] {logging_mixin.py:190} INFO - [2025-02-27T15:59:29.063+0000] {dag.py:4180} INFO - Setting next_dagrun for example_subdag_operator.section-1 to None, run_after=None
[2025-02-27T15:59:29.065+0000] {logging_mixin.py:190} INFO - [2025-02-27T15:59:29.065+0000] {dag.py:4180} INFO - Setting next_dagrun for example_subdag_operator.section-2 to None, run_after=None
[2025-02-27T15:59:29.073+0000] {logging_mixin.py:190} INFO - [2025-02-27T15:59:29.073+0000] {dag.py:3239} INFO - Sync 2 DAGs
[2025-02-27T15:59:29.083+0000] {logging_mixin.py:190} INFO - [2025-02-27T15:59:29.083+0000] {dag.py:4180} INFO - Setting next_dagrun for example_subdag_operator.section-1 to None, run_after=None
[2025-02-27T15:59:29.084+0000] {logging_mixin.py:190} INFO - [2025-02-27T15:59:29.084+0000] {dag.py:4180} INFO - Setting next_dagrun for example_subdag_operator.section-2 to None, run_after=None
[2025-02-27T15:59:29.102+0000] {processor.py:208} INFO - Processing /home/airflow/.local/lib/python3.12/site-packages/airflow/example_dags/example_subdag_operator.py took 0.146 seconds
[2025-02-27T15:59:59.199+0000] {processor.py:186} INFO - Started process (PID=985) to work on /home/airflow/.local/lib/python3.12/site-packages/airflow/example_dags/example_subdag_operator.py
[2025-02-27T15:59:59.200+0000] {processor.py:914} INFO - Processing file /home/airflow/.local/lib/python3.12/site-packages/airflow/example_dags/example_subdag_operator.py for tasks to queue
[2025-02-27T15:59:59.202+0000] {logging_mixin.py:190} INFO - [2025-02-27T15:59:59.202+0000] {dagbag.py:588} INFO - Filling up the DagBag from /home/airflow/.local/lib/python3.12/site-packages/airflow/example_dags/example_subdag_operator.py
[2025-02-27T15:59:59.228+0000] {processor.py:925} INFO - DAG(s) 'example_subdag_operator.section-1', 'example_subdag_operator.section-2', 'example_subdag_operator' retrieved from /home/airflow/.local/lib/python3.12/site-packages/airflow/example_dags/example_subdag_operator.py
[2025-02-27T15:59:59.245+0000] {logging_mixin.py:190} INFO - [2025-02-27T15:59:59.245+0000] {dag.py:3239} INFO - Sync 3 DAGs
[2025-02-27T15:59:59.271+0000] {logging_mixin.py:190} INFO - [2025-02-27T15:59:59.270+0000] {dag.py:4180} INFO - Setting next_dagrun for example_subdag_operator to 2022-01-01 00:00:00+00:00, run_after=2022-01-01 00:00:00+00:00
[2025-02-27T15:59:59.275+0000] {logging_mixin.py:190} INFO - [2025-02-27T15:59:59.274+0000] {dag.py:4180} INFO - Setting next_dagrun for example_subdag_operator.section-1 to None, run_after=None
[2025-02-27T15:59:59.276+0000] {logging_mixin.py:190} INFO - [2025-02-27T15:59:59.276+0000] {dag.py:4180} INFO - Setting next_dagrun for example_subdag_operator.section-2 to None, run_after=None
[2025-02-27T15:59:59.283+0000] {logging_mixin.py:190} INFO - [2025-02-27T15:59:59.283+0000] {dag.py:3239} INFO - Sync 2 DAGs
[2025-02-27T15:59:59.289+0000] {logging_mixin.py:190} INFO - [2025-02-27T15:59:59.289+0000] {dag.py:4180} INFO - Setting next_dagrun for example_subdag_operator.section-1 to None, run_after=None
[2025-02-27T15:59:59.290+0000] {logging_mixin.py:190} INFO - [2025-02-27T15:59:59.289+0000] {dag.py:4180} INFO - Setting next_dagrun for example_subdag_operator.section-2 to None, run_after=None
[2025-02-27T15:59:59.302+0000] {processor.py:208} INFO - Processing /home/airflow/.local/lib/python3.12/site-packages/airflow/example_dags/example_subdag_operator.py took 0.109 seconds
[2025-02-27T16:00:29.670+0000] {processor.py:186} INFO - Started process (PID=1048) to work on /home/airflow/.local/lib/python3.12/site-packages/airflow/example_dags/example_subdag_operator.py
[2025-02-27T16:00:29.671+0000] {processor.py:914} INFO - Processing file /home/airflow/.local/lib/python3.12/site-packages/airflow/example_dags/example_subdag_operator.py for tasks to queue
[2025-02-27T16:00:29.674+0000] {logging_mixin.py:190} INFO - [2025-02-27T16:00:29.673+0000] {dagbag.py:588} INFO - Filling up the DagBag from /home/airflow/.local/lib/python3.12/site-packages/airflow/example_dags/example_subdag_operator.py
[2025-02-27T16:00:29.700+0000] {processor.py:925} INFO - DAG(s) 'example_subdag_operator.section-1', 'example_subdag_operator.section-2', 'example_subdag_operator' retrieved from /home/airflow/.local/lib/python3.12/site-packages/airflow/example_dags/example_subdag_operator.py
[2025-02-27T16:00:29.716+0000] {logging_mixin.py:190} INFO - [2025-02-27T16:00:29.716+0000] {dag.py:3239} INFO - Sync 3 DAGs
[2025-02-27T16:00:29.740+0000] {logging_mixin.py:190} INFO - [2025-02-27T16:00:29.739+0000] {dag.py:4180} INFO - Setting next_dagrun for example_subdag_operator to 2022-01-01 00:00:00+00:00, run_after=2022-01-01 00:00:00+00:00
[2025-02-27T16:00:29.744+0000] {logging_mixin.py:190} INFO - [2025-02-27T16:00:29.744+0000] {dag.py:4180} INFO - Setting next_dagrun for example_subdag_operator.section-1 to None, run_after=None
[2025-02-27T16:00:29.745+0000] {logging_mixin.py:190} INFO - [2025-02-27T16:00:29.745+0000] {dag.py:4180} INFO - Setting next_dagrun for example_subdag_operator.section-2 to None, run_after=None
[2025-02-27T16:00:29.753+0000] {logging_mixin.py:190} INFO - [2025-02-27T16:00:29.752+0000] {dag.py:3239} INFO - Sync 2 DAGs
[2025-02-27T16:00:29.759+0000] {logging_mixin.py:190} INFO - [2025-02-27T16:00:29.759+0000] {dag.py:4180} INFO - Setting next_dagrun for example_subdag_operator.section-1 to None, run_after=None
[2025-02-27T16:00:29.760+0000] {logging_mixin.py:190} INFO - [2025-02-27T16:00:29.760+0000] {dag.py:4180} INFO - Setting next_dagrun for example_subdag_operator.section-2 to None, run_after=None
[2025-02-27T16:00:29.775+0000] {processor.py:208} INFO - Processing /home/airflow/.local/lib/python3.12/site-packages/airflow/example_dags/example_subdag_operator.py took 0.110 seconds
[2025-02-27T16:01:00.152+0000] {processor.py:186} INFO - Started process (PID=1111) to work on /home/airflow/.local/lib/python3.12/site-packages/airflow/example_dags/example_subdag_operator.py
[2025-02-27T16:01:00.153+0000] {processor.py:914} INFO - Processing file /home/airflow/.local/lib/python3.12/site-packages/airflow/example_dags/example_subdag_operator.py for tasks to queue
[2025-02-27T16:01:00.157+0000] {logging_mixin.py:190} INFO - [2025-02-27T16:01:00.157+0000] {dagbag.py:588} INFO - Filling up the DagBag from /home/airflow/.local/lib/python3.12/site-packages/airflow/example_dags/example_subdag_operator.py
[2025-02-27T16:01:00.189+0000] {processor.py:925} INFO - DAG(s) 'example_subdag_operator.section-1', 'example_subdag_operator.section-2', 'example_subdag_operator' retrieved from /home/airflow/.local/lib/python3.12/site-packages/airflow/example_dags/example_subdag_operator.py
[2025-02-27T16:01:00.207+0000] {logging_mixin.py:190} INFO - [2025-02-27T16:01:00.206+0000] {dag.py:3239} INFO - Sync 3 DAGs
[2025-02-27T16:01:00.233+0000] {logging_mixin.py:190} INFO - [2025-02-27T16:01:00.233+0000] {dag.py:4180} INFO - Setting next_dagrun for example_subdag_operator to 2022-01-01 00:00:00+00:00, run_after=2022-01-01 00:00:00+00:00
[2025-02-27T16:01:00.238+0000] {logging_mixin.py:190} INFO - [2025-02-27T16:01:00.238+0000] {dag.py:4180} INFO - Setting next_dagrun for example_subdag_operator.section-1 to None, run_after=None
[2025-02-27T16:01:00.239+0000] {logging_mixin.py:190} INFO - [2025-02-27T16:01:00.239+0000] {dag.py:4180} INFO - Setting next_dagrun for example_subdag_operator.section-2 to None, run_after=None
[2025-02-27T16:01:00.247+0000] {logging_mixin.py:190} INFO - [2025-02-27T16:01:00.247+0000] {dag.py:3239} INFO - Sync 2 DAGs
[2025-02-27T16:01:00.254+0000] {logging_mixin.py:190} INFO - [2025-02-27T16:01:00.254+0000] {dag.py:4180} INFO - Setting next_dagrun for example_subdag_operator.section-1 to None, run_after=None
[2025-02-27T16:01:00.255+0000] {logging_mixin.py:190} INFO - [2025-02-27T16:01:00.255+0000] {dag.py:4180} INFO - Setting next_dagrun for example_subdag_operator.section-2 to None, run_after=None
[2025-02-27T16:01:00.266+0000] {processor.py:208} INFO - Processing /home/airflow/.local/lib/python3.12/site-packages/airflow/example_dags/example_subdag_operator.py took 0.123 seconds
[2025-02-27T16:01:30.979+0000] {processor.py:186} INFO - Started process (PID=1174) to work on /home/airflow/.local/lib/python3.12/site-packages/airflow/example_dags/example_subdag_operator.py
[2025-02-27T16:01:30.980+0000] {processor.py:914} INFO - Processing file /home/airflow/.local/lib/python3.12/site-packages/airflow/example_dags/example_subdag_operator.py for tasks to queue
[2025-02-27T16:01:30.982+0000] {logging_mixin.py:190} INFO - [2025-02-27T16:01:30.982+0000] {dagbag.py:588} INFO - Filling up the DagBag from /home/airflow/.local/lib/python3.12/site-packages/airflow/example_dags/example_subdag_operator.py
[2025-02-27T16:01:31.011+0000] {processor.py:925} INFO - DAG(s) 'example_subdag_operator.section-1', 'example_subdag_operator.section-2', 'example_subdag_operator' retrieved from /home/airflow/.local/lib/python3.12/site-packages/airflow/example_dags/example_subdag_operator.py
[2025-02-27T16:01:31.028+0000] {logging_mixin.py:190} INFO - [2025-02-27T16:01:31.028+0000] {dag.py:3239} INFO - Sync 3 DAGs
[2025-02-27T16:01:31.053+0000] {logging_mixin.py:190} INFO - [2025-02-27T16:01:31.053+0000] {dag.py:4180} INFO - Setting next_dagrun for example_subdag_operator to 2022-01-01 00:00:00+00:00, run_after=2022-01-01 00:00:00+00:00
[2025-02-27T16:01:31.057+0000] {logging_mixin.py:190} INFO - [2025-02-27T16:01:31.057+0000] {dag.py:4180} INFO - Setting next_dagrun for example_subdag_operator.section-1 to None, run_after=None
[2025-02-27T16:01:31.059+0000] {logging_mixin.py:190} INFO - [2025-02-27T16:01:31.059+0000] {dag.py:4180} INFO - Setting next_dagrun for example_subdag_operator.section-2 to None, run_after=None
[2025-02-27T16:01:31.066+0000] {logging_mixin.py:190} INFO - [2025-02-27T16:01:31.066+0000] {dag.py:3239} INFO - Sync 2 DAGs
[2025-02-27T16:01:31.073+0000] {logging_mixin.py:190} INFO - [2025-02-27T16:01:31.072+0000] {dag.py:4180} INFO - Setting next_dagrun for example_subdag_operator.section-1 to None, run_after=None
[2025-02-27T16:01:31.073+0000] {logging_mixin.py:190} INFO - [2025-02-27T16:01:31.073+0000] {dag.py:4180} INFO - Setting next_dagrun for example_subdag_operator.section-2 to None, run_after=None
[2025-02-27T16:01:31.086+0000] {processor.py:208} INFO - Processing /home/airflow/.local/lib/python3.12/site-packages/airflow/example_dags/example_subdag_operator.py took 0.113 seconds
