[2025-02-27T15:52:51.472+0000] {processor.py:186} INFO - Started process (PID=98) to work on /home/airflow/.local/lib/python3.12/site-packages/airflow/example_dags/example_python_operator.py
[2025-02-27T15:52:51.473+0000] {processor.py:914} INFO - Processing file /home/airflow/.local/lib/python3.12/site-packages/airflow/example_dags/example_python_operator.py for tasks to queue
[2025-02-27T15:52:51.476+0000] {logging_mixin.py:190} INFO - [2025-02-27T15:52:51.475+0000] {dagbag.py:588} INFO - Filling up the DagBag from /home/airflow/.local/lib/python3.12/site-packages/airflow/example_dags/example_python_operator.py
[2025-02-27T15:52:51.491+0000] {processor.py:925} INFO - DAG(s) 'example_python_operator' retrieved from /home/airflow/.local/lib/python3.12/site-packages/airflow/example_dags/example_python_operator.py
[2025-02-27T15:52:51.633+0000] {logging_mixin.py:190} INFO - [2025-02-27T15:52:51.631+0000] {override.py:1912} INFO - Created Permission View: can edit on DAG:example_python_operator
[2025-02-27T15:52:51.650+0000] {logging_mixin.py:190} INFO - [2025-02-27T15:52:51.649+0000] {override.py:1912} INFO - Created Permission View: can delete on DAG:example_python_operator
[2025-02-27T15:52:51.658+0000] {logging_mixin.py:190} INFO - [2025-02-27T15:52:51.657+0000] {override.py:1912} INFO - Created Permission View: can read on DAG:example_python_operator
[2025-02-27T15:52:51.672+0000] {logging_mixin.py:190} INFO - [2025-02-27T15:52:51.672+0000] {override.py:1912} INFO - Created Permission View: can delete on DAG Run:example_python_operator
[2025-02-27T15:52:51.684+0000] {logging_mixin.py:190} INFO - [2025-02-27T15:52:51.683+0000] {override.py:1912} INFO - Created Permission View: menu access on DAG Run:example_python_operator
[2025-02-27T15:52:51.697+0000] {logging_mixin.py:190} INFO - [2025-02-27T15:52:51.697+0000] {override.py:1912} INFO - Created Permission View: can read on DAG Run:example_python_operator
[2025-02-27T15:52:51.707+0000] {logging_mixin.py:190} INFO - [2025-02-27T15:52:51.707+0000] {override.py:1912} INFO - Created Permission View: can create on DAG Run:example_python_operator
[2025-02-27T15:52:51.708+0000] {logging_mixin.py:190} INFO - [2025-02-27T15:52:51.708+0000] {dag.py:3239} INFO - Sync 1 DAGs
[2025-02-27T15:52:51.724+0000] {logging_mixin.py:190} INFO - [2025-02-27T15:52:51.724+0000] {dag.py:3262} INFO - Creating ORM DAG for example_python_operator
[2025-02-27T15:52:51.725+0000] {logging_mixin.py:190} INFO - [2025-02-27T15:52:51.725+0000] {dag.py:4180} INFO - Setting next_dagrun for example_python_operator to None, run_after=None
[2025-02-27T15:52:51.744+0000] {processor.py:208} INFO - Processing /home/airflow/.local/lib/python3.12/site-packages/airflow/example_dags/example_python_operator.py took 0.279 seconds
[2025-02-27T15:53:22.583+0000] {processor.py:186} INFO - Started process (PID=161) to work on /home/airflow/.local/lib/python3.12/site-packages/airflow/example_dags/example_python_operator.py
[2025-02-27T15:53:22.584+0000] {processor.py:914} INFO - Processing file /home/airflow/.local/lib/python3.12/site-packages/airflow/example_dags/example_python_operator.py for tasks to queue
[2025-02-27T15:53:22.587+0000] {logging_mixin.py:190} INFO - [2025-02-27T15:53:22.587+0000] {dagbag.py:588} INFO - Filling up the DagBag from /home/airflow/.local/lib/python3.12/site-packages/airflow/example_dags/example_python_operator.py
[2025-02-27T15:53:22.602+0000] {processor.py:925} INFO - DAG(s) 'example_python_operator' retrieved from /home/airflow/.local/lib/python3.12/site-packages/airflow/example_dags/example_python_operator.py
[2025-02-27T15:53:22.631+0000] {logging_mixin.py:190} INFO - [2025-02-27T15:53:22.631+0000] {dag.py:3239} INFO - Sync 1 DAGs
[2025-02-27T15:53:22.651+0000] {logging_mixin.py:190} INFO - [2025-02-27T15:53:22.651+0000] {dag.py:4180} INFO - Setting next_dagrun for example_python_operator to None, run_after=None
[2025-02-27T15:53:22.679+0000] {processor.py:208} INFO - Processing /home/airflow/.local/lib/python3.12/site-packages/airflow/example_dags/example_python_operator.py took 0.104 seconds
[2025-02-27T15:53:53.006+0000] {processor.py:186} INFO - Started process (PID=224) to work on /home/airflow/.local/lib/python3.12/site-packages/airflow/example_dags/example_python_operator.py
[2025-02-27T15:53:53.008+0000] {processor.py:914} INFO - Processing file /home/airflow/.local/lib/python3.12/site-packages/airflow/example_dags/example_python_operator.py for tasks to queue
[2025-02-27T15:53:53.010+0000] {logging_mixin.py:190} INFO - [2025-02-27T15:53:53.010+0000] {dagbag.py:588} INFO - Filling up the DagBag from /home/airflow/.local/lib/python3.12/site-packages/airflow/example_dags/example_python_operator.py
[2025-02-27T15:53:53.026+0000] {processor.py:925} INFO - DAG(s) 'example_python_operator' retrieved from /home/airflow/.local/lib/python3.12/site-packages/airflow/example_dags/example_python_operator.py
[2025-02-27T15:53:53.054+0000] {logging_mixin.py:190} INFO - [2025-02-27T15:53:53.053+0000] {dag.py:3239} INFO - Sync 1 DAGs
[2025-02-27T15:53:53.073+0000] {logging_mixin.py:190} INFO - [2025-02-27T15:53:53.073+0000] {dag.py:4180} INFO - Setting next_dagrun for example_python_operator to None, run_after=None
[2025-02-27T15:53:53.102+0000] {processor.py:208} INFO - Processing /home/airflow/.local/lib/python3.12/site-packages/airflow/example_dags/example_python_operator.py took 0.103 seconds
[2025-02-27T15:54:23.777+0000] {processor.py:186} INFO - Started process (PID=287) to work on /home/airflow/.local/lib/python3.12/site-packages/airflow/example_dags/example_python_operator.py
[2025-02-27T15:54:23.778+0000] {processor.py:914} INFO - Processing file /home/airflow/.local/lib/python3.12/site-packages/airflow/example_dags/example_python_operator.py for tasks to queue
[2025-02-27T15:54:23.780+0000] {logging_mixin.py:190} INFO - [2025-02-27T15:54:23.780+0000] {dagbag.py:588} INFO - Filling up the DagBag from /home/airflow/.local/lib/python3.12/site-packages/airflow/example_dags/example_python_operator.py
[2025-02-27T15:54:23.792+0000] {processor.py:925} INFO - DAG(s) 'example_python_operator' retrieved from /home/airflow/.local/lib/python3.12/site-packages/airflow/example_dags/example_python_operator.py
[2025-02-27T15:54:23.825+0000] {logging_mixin.py:190} INFO - [2025-02-27T15:54:23.825+0000] {dag.py:3239} INFO - Sync 1 DAGs
[2025-02-27T15:54:23.840+0000] {logging_mixin.py:190} INFO - [2025-02-27T15:54:23.840+0000] {dag.py:4180} INFO - Setting next_dagrun for example_python_operator to None, run_after=None
[2025-02-27T15:54:23.864+0000] {processor.py:208} INFO - Processing /home/airflow/.local/lib/python3.12/site-packages/airflow/example_dags/example_python_operator.py took 0.093 seconds
[2025-02-27T15:54:54.340+0000] {processor.py:186} INFO - Started process (PID=350) to work on /home/airflow/.local/lib/python3.12/site-packages/airflow/example_dags/example_python_operator.py
[2025-02-27T15:54:54.342+0000] {processor.py:914} INFO - Processing file /home/airflow/.local/lib/python3.12/site-packages/airflow/example_dags/example_python_operator.py for tasks to queue
[2025-02-27T15:54:54.347+0000] {logging_mixin.py:190} INFO - [2025-02-27T15:54:54.347+0000] {dagbag.py:588} INFO - Filling up the DagBag from /home/airflow/.local/lib/python3.12/site-packages/airflow/example_dags/example_python_operator.py
[2025-02-27T15:54:54.361+0000] {processor.py:925} INFO - DAG(s) 'example_python_operator' retrieved from /home/airflow/.local/lib/python3.12/site-packages/airflow/example_dags/example_python_operator.py
[2025-02-27T15:54:54.387+0000] {logging_mixin.py:190} INFO - [2025-02-27T15:54:54.387+0000] {dag.py:3239} INFO - Sync 1 DAGs
[2025-02-27T15:54:54.405+0000] {logging_mixin.py:190} INFO - [2025-02-27T15:54:54.405+0000] {dag.py:4180} INFO - Setting next_dagrun for example_python_operator to None, run_after=None
[2025-02-27T15:54:54.424+0000] {processor.py:208} INFO - Processing /home/airflow/.local/lib/python3.12/site-packages/airflow/example_dags/example_python_operator.py took 0.092 seconds
[2025-02-27T15:55:24.704+0000] {processor.py:186} INFO - Started process (PID=413) to work on /home/airflow/.local/lib/python3.12/site-packages/airflow/example_dags/example_python_operator.py
[2025-02-27T15:55:24.705+0000] {processor.py:914} INFO - Processing file /home/airflow/.local/lib/python3.12/site-packages/airflow/example_dags/example_python_operator.py for tasks to queue
[2025-02-27T15:55:24.707+0000] {logging_mixin.py:190} INFO - [2025-02-27T15:55:24.707+0000] {dagbag.py:588} INFO - Filling up the DagBag from /home/airflow/.local/lib/python3.12/site-packages/airflow/example_dags/example_python_operator.py
[2025-02-27T15:55:24.719+0000] {processor.py:925} INFO - DAG(s) 'example_python_operator' retrieved from /home/airflow/.local/lib/python3.12/site-packages/airflow/example_dags/example_python_operator.py
[2025-02-27T15:55:24.742+0000] {logging_mixin.py:190} INFO - [2025-02-27T15:55:24.742+0000] {dag.py:3239} INFO - Sync 1 DAGs
[2025-02-27T15:55:24.757+0000] {logging_mixin.py:190} INFO - [2025-02-27T15:55:24.757+0000] {dag.py:4180} INFO - Setting next_dagrun for example_python_operator to None, run_after=None
[2025-02-27T15:55:24.776+0000] {processor.py:208} INFO - Processing /home/airflow/.local/lib/python3.12/site-packages/airflow/example_dags/example_python_operator.py took 0.077 seconds
[2025-02-27T15:55:55.024+0000] {processor.py:186} INFO - Started process (PID=476) to work on /home/airflow/.local/lib/python3.12/site-packages/airflow/example_dags/example_python_operator.py
[2025-02-27T15:55:55.025+0000] {processor.py:914} INFO - Processing file /home/airflow/.local/lib/python3.12/site-packages/airflow/example_dags/example_python_operator.py for tasks to queue
[2025-02-27T15:55:55.030+0000] {logging_mixin.py:190} INFO - [2025-02-27T15:55:55.029+0000] {dagbag.py:588} INFO - Filling up the DagBag from /home/airflow/.local/lib/python3.12/site-packages/airflow/example_dags/example_python_operator.py
[2025-02-27T15:55:55.045+0000] {processor.py:925} INFO - DAG(s) 'example_python_operator' retrieved from /home/airflow/.local/lib/python3.12/site-packages/airflow/example_dags/example_python_operator.py
[2025-02-27T15:55:55.073+0000] {logging_mixin.py:190} INFO - [2025-02-27T15:55:55.073+0000] {dag.py:3239} INFO - Sync 1 DAGs
[2025-02-27T15:55:55.089+0000] {logging_mixin.py:190} INFO - [2025-02-27T15:55:55.089+0000] {dag.py:4180} INFO - Setting next_dagrun for example_python_operator to None, run_after=None
[2025-02-27T15:55:55.113+0000] {processor.py:208} INFO - Processing /home/airflow/.local/lib/python3.12/site-packages/airflow/example_dags/example_python_operator.py took 0.098 seconds
[2025-02-27T15:56:25.593+0000] {processor.py:186} INFO - Started process (PID=539) to work on /home/airflow/.local/lib/python3.12/site-packages/airflow/example_dags/example_python_operator.py
[2025-02-27T15:56:25.594+0000] {processor.py:914} INFO - Processing file /home/airflow/.local/lib/python3.12/site-packages/airflow/example_dags/example_python_operator.py for tasks to queue
[2025-02-27T15:56:25.596+0000] {logging_mixin.py:190} INFO - [2025-02-27T15:56:25.596+0000] {dagbag.py:588} INFO - Filling up the DagBag from /home/airflow/.local/lib/python3.12/site-packages/airflow/example_dags/example_python_operator.py
[2025-02-27T15:56:25.610+0000] {processor.py:925} INFO - DAG(s) 'example_python_operator' retrieved from /home/airflow/.local/lib/python3.12/site-packages/airflow/example_dags/example_python_operator.py
[2025-02-27T15:56:25.637+0000] {logging_mixin.py:190} INFO - [2025-02-27T15:56:25.636+0000] {dag.py:3239} INFO - Sync 1 DAGs
[2025-02-27T15:56:25.653+0000] {logging_mixin.py:190} INFO - [2025-02-27T15:56:25.653+0000] {dag.py:4180} INFO - Setting next_dagrun for example_python_operator to None, run_after=None
[2025-02-27T15:56:25.677+0000] {processor.py:208} INFO - Processing /home/airflow/.local/lib/python3.12/site-packages/airflow/example_dags/example_python_operator.py took 0.089 seconds
[2025-02-27T15:56:56.012+0000] {processor.py:186} INFO - Started process (PID=603) to work on /home/airflow/.local/lib/python3.12/site-packages/airflow/example_dags/example_python_operator.py
[2025-02-27T15:56:56.013+0000] {processor.py:914} INFO - Processing file /home/airflow/.local/lib/python3.12/site-packages/airflow/example_dags/example_python_operator.py for tasks to queue
[2025-02-27T15:56:56.016+0000] {logging_mixin.py:190} INFO - [2025-02-27T15:56:56.015+0000] {dagbag.py:588} INFO - Filling up the DagBag from /home/airflow/.local/lib/python3.12/site-packages/airflow/example_dags/example_python_operator.py
[2025-02-27T15:56:56.028+0000] {processor.py:925} INFO - DAG(s) 'example_python_operator' retrieved from /home/airflow/.local/lib/python3.12/site-packages/airflow/example_dags/example_python_operator.py
[2025-02-27T15:56:56.050+0000] {logging_mixin.py:190} INFO - [2025-02-27T15:56:56.049+0000] {dag.py:3239} INFO - Sync 1 DAGs
[2025-02-27T15:56:56.067+0000] {logging_mixin.py:190} INFO - [2025-02-27T15:56:56.067+0000] {dag.py:4180} INFO - Setting next_dagrun for example_python_operator to None, run_after=None
[2025-02-27T15:56:56.083+0000] {processor.py:208} INFO - Processing /home/airflow/.local/lib/python3.12/site-packages/airflow/example_dags/example_python_operator.py took 0.077 seconds
[2025-02-27T15:57:26.362+0000] {processor.py:186} INFO - Started process (PID=666) to work on /home/airflow/.local/lib/python3.12/site-packages/airflow/example_dags/example_python_operator.py
[2025-02-27T15:57:26.363+0000] {processor.py:914} INFO - Processing file /home/airflow/.local/lib/python3.12/site-packages/airflow/example_dags/example_python_operator.py for tasks to queue
[2025-02-27T15:57:26.365+0000] {logging_mixin.py:190} INFO - [2025-02-27T15:57:26.364+0000] {dagbag.py:588} INFO - Filling up the DagBag from /home/airflow/.local/lib/python3.12/site-packages/airflow/example_dags/example_python_operator.py
[2025-02-27T15:57:26.376+0000] {processor.py:925} INFO - DAG(s) 'example_python_operator' retrieved from /home/airflow/.local/lib/python3.12/site-packages/airflow/example_dags/example_python_operator.py
[2025-02-27T15:57:26.398+0000] {logging_mixin.py:190} INFO - [2025-02-27T15:57:26.398+0000] {dag.py:3239} INFO - Sync 1 DAGs
[2025-02-27T15:57:26.414+0000] {logging_mixin.py:190} INFO - [2025-02-27T15:57:26.413+0000] {dag.py:4180} INFO - Setting next_dagrun for example_python_operator to None, run_after=None
[2025-02-27T15:57:26.432+0000] {processor.py:208} INFO - Processing /home/airflow/.local/lib/python3.12/site-packages/airflow/example_dags/example_python_operator.py took 0.075 seconds
[2025-02-27T15:57:56.651+0000] {processor.py:186} INFO - Started process (PID=729) to work on /home/airflow/.local/lib/python3.12/site-packages/airflow/example_dags/example_python_operator.py
[2025-02-27T15:57:56.652+0000] {processor.py:914} INFO - Processing file /home/airflow/.local/lib/python3.12/site-packages/airflow/example_dags/example_python_operator.py for tasks to queue
[2025-02-27T15:57:56.654+0000] {logging_mixin.py:190} INFO - [2025-02-27T15:57:56.654+0000] {dagbag.py:588} INFO - Filling up the DagBag from /home/airflow/.local/lib/python3.12/site-packages/airflow/example_dags/example_python_operator.py
[2025-02-27T15:57:56.668+0000] {processor.py:925} INFO - DAG(s) 'example_python_operator' retrieved from /home/airflow/.local/lib/python3.12/site-packages/airflow/example_dags/example_python_operator.py
[2025-02-27T15:57:56.694+0000] {logging_mixin.py:190} INFO - [2025-02-27T15:57:56.694+0000] {dag.py:3239} INFO - Sync 1 DAGs
[2025-02-27T15:57:56.710+0000] {logging_mixin.py:190} INFO - [2025-02-27T15:57:56.710+0000] {dag.py:4180} INFO - Setting next_dagrun for example_python_operator to None, run_after=None
[2025-02-27T15:57:56.731+0000] {processor.py:208} INFO - Processing /home/airflow/.local/lib/python3.12/site-packages/airflow/example_dags/example_python_operator.py took 0.087 seconds
[2025-02-27T15:58:26.950+0000] {processor.py:186} INFO - Started process (PID=792) to work on /home/airflow/.local/lib/python3.12/site-packages/airflow/example_dags/example_python_operator.py
[2025-02-27T15:58:26.951+0000] {processor.py:914} INFO - Processing file /home/airflow/.local/lib/python3.12/site-packages/airflow/example_dags/example_python_operator.py for tasks to queue
[2025-02-27T15:58:26.953+0000] {logging_mixin.py:190} INFO - [2025-02-27T15:58:26.953+0000] {dagbag.py:588} INFO - Filling up the DagBag from /home/airflow/.local/lib/python3.12/site-packages/airflow/example_dags/example_python_operator.py
[2025-02-27T15:58:26.966+0000] {processor.py:925} INFO - DAG(s) 'example_python_operator' retrieved from /home/airflow/.local/lib/python3.12/site-packages/airflow/example_dags/example_python_operator.py
[2025-02-27T15:58:26.991+0000] {logging_mixin.py:190} INFO - [2025-02-27T15:58:26.990+0000] {dag.py:3239} INFO - Sync 1 DAGs
[2025-02-27T15:58:27.007+0000] {logging_mixin.py:190} INFO - [2025-02-27T15:58:27.007+0000] {dag.py:4180} INFO - Setting next_dagrun for example_python_operator to None, run_after=None
[2025-02-27T15:58:27.025+0000] {processor.py:208} INFO - Processing /home/airflow/.local/lib/python3.12/site-packages/airflow/example_dags/example_python_operator.py took 0.080 seconds
[2025-02-27T15:58:57.261+0000] {processor.py:186} INFO - Started process (PID=855) to work on /home/airflow/.local/lib/python3.12/site-packages/airflow/example_dags/example_python_operator.py
[2025-02-27T15:58:57.262+0000] {processor.py:914} INFO - Processing file /home/airflow/.local/lib/python3.12/site-packages/airflow/example_dags/example_python_operator.py for tasks to queue
[2025-02-27T15:58:57.265+0000] {logging_mixin.py:190} INFO - [2025-02-27T15:58:57.264+0000] {dagbag.py:588} INFO - Filling up the DagBag from /home/airflow/.local/lib/python3.12/site-packages/airflow/example_dags/example_python_operator.py
[2025-02-27T15:58:57.276+0000] {processor.py:925} INFO - DAG(s) 'example_python_operator' retrieved from /home/airflow/.local/lib/python3.12/site-packages/airflow/example_dags/example_python_operator.py
[2025-02-27T15:58:57.301+0000] {logging_mixin.py:190} INFO - [2025-02-27T15:58:57.301+0000] {dag.py:3239} INFO - Sync 1 DAGs
[2025-02-27T15:58:57.317+0000] {logging_mixin.py:190} INFO - [2025-02-27T15:58:57.316+0000] {dag.py:4180} INFO - Setting next_dagrun for example_python_operator to None, run_after=None
[2025-02-27T15:58:57.338+0000] {processor.py:208} INFO - Processing /home/airflow/.local/lib/python3.12/site-packages/airflow/example_dags/example_python_operator.py took 0.082 seconds
[2025-02-27T15:59:27.639+0000] {processor.py:186} INFO - Started process (PID=918) to work on /home/airflow/.local/lib/python3.12/site-packages/airflow/example_dags/example_python_operator.py
[2025-02-27T15:59:27.640+0000] {processor.py:914} INFO - Processing file /home/airflow/.local/lib/python3.12/site-packages/airflow/example_dags/example_python_operator.py for tasks to queue
[2025-02-27T15:59:27.642+0000] {logging_mixin.py:190} INFO - [2025-02-27T15:59:27.641+0000] {dagbag.py:588} INFO - Filling up the DagBag from /home/airflow/.local/lib/python3.12/site-packages/airflow/example_dags/example_python_operator.py
[2025-02-27T15:59:27.653+0000] {processor.py:925} INFO - DAG(s) 'example_python_operator' retrieved from /home/airflow/.local/lib/python3.12/site-packages/airflow/example_dags/example_python_operator.py
[2025-02-27T15:59:27.677+0000] {logging_mixin.py:190} INFO - [2025-02-27T15:59:27.677+0000] {dag.py:3239} INFO - Sync 1 DAGs
[2025-02-27T15:59:27.694+0000] {logging_mixin.py:190} INFO - [2025-02-27T15:59:27.694+0000] {dag.py:4180} INFO - Setting next_dagrun for example_python_operator to None, run_after=None
[2025-02-27T15:59:27.718+0000] {processor.py:208} INFO - Processing /home/airflow/.local/lib/python3.12/site-packages/airflow/example_dags/example_python_operator.py took 0.085 seconds
