[2025-02-27T15:52:48.830+0000] {processor.py:186} INFO - Started process (PID=84) to work on /home/airflow/.local/lib/python3.12/site-packages/airflow/example_dags/example_setup_teardown_taskflow.py
[2025-02-27T15:52:48.834+0000] {processor.py:914} INFO - Processing file /home/airflow/.local/lib/python3.12/site-packages/airflow/example_dags/example_setup_teardown_taskflow.py for tasks to queue
[2025-02-27T15:52:48.838+0000] {logging_mixin.py:190} INFO - [2025-02-27T15:52:48.837+0000] {dagbag.py:588} INFO - Filling up the DagBag from /home/airflow/.local/lib/python3.12/site-packages/airflow/example_dags/example_setup_teardown_taskflow.py
[2025-02-27T15:52:48.863+0000] {processor.py:925} INFO - DAG(s) 'example_setup_teardown_taskflow' retrieved from /home/airflow/.local/lib/python3.12/site-packages/airflow/example_dags/example_setup_teardown_taskflow.py
[2025-02-27T15:52:49.010+0000] {logging_mixin.py:190} INFO - [2025-02-27T15:52:49.009+0000] {override.py:1912} INFO - Created Permission View: can edit on DAG:example_setup_teardown_taskflow
[2025-02-27T15:52:49.024+0000] {logging_mixin.py:190} INFO - [2025-02-27T15:52:49.023+0000] {override.py:1912} INFO - Created Permission View: can delete on DAG:example_setup_teardown_taskflow
[2025-02-27T15:52:49.034+0000] {logging_mixin.py:190} INFO - [2025-02-27T15:52:49.034+0000] {override.py:1912} INFO - Created Permission View: can read on DAG:example_setup_teardown_taskflow
[2025-02-27T15:52:49.047+0000] {logging_mixin.py:190} INFO - [2025-02-27T15:52:49.046+0000] {override.py:1912} INFO - Created Permission View: can delete on DAG Run:example_setup_teardown_taskflow
[2025-02-27T15:52:49.061+0000] {logging_mixin.py:190} INFO - [2025-02-27T15:52:49.061+0000] {override.py:1912} INFO - Created Permission View: menu access on DAG Run:example_setup_teardown_taskflow
[2025-02-27T15:52:49.083+0000] {logging_mixin.py:190} INFO - [2025-02-27T15:52:49.083+0000] {override.py:1912} INFO - Created Permission View: can read on DAG Run:example_setup_teardown_taskflow
[2025-02-27T15:52:49.103+0000] {logging_mixin.py:190} INFO - [2025-02-27T15:52:49.103+0000] {override.py:1912} INFO - Created Permission View: can create on DAG Run:example_setup_teardown_taskflow
[2025-02-27T15:52:49.105+0000] {logging_mixin.py:190} INFO - [2025-02-27T15:52:49.104+0000] {dag.py:3239} INFO - Sync 1 DAGs
[2025-02-27T15:52:49.134+0000] {logging_mixin.py:190} INFO - [2025-02-27T15:52:49.133+0000] {dag.py:3262} INFO - Creating ORM DAG for example_setup_teardown_taskflow
[2025-02-27T15:52:49.137+0000] {logging_mixin.py:190} INFO - [2025-02-27T15:52:49.137+0000] {dag.py:4180} INFO - Setting next_dagrun for example_setup_teardown_taskflow to None, run_after=None
[2025-02-27T15:52:49.179+0000] {processor.py:208} INFO - Processing /home/airflow/.local/lib/python3.12/site-packages/airflow/example_dags/example_setup_teardown_taskflow.py took 0.362 seconds
[2025-02-27T15:53:19.247+0000] {processor.py:186} INFO - Started process (PID=147) to work on /home/airflow/.local/lib/python3.12/site-packages/airflow/example_dags/example_setup_teardown_taskflow.py
[2025-02-27T15:53:19.248+0000] {processor.py:914} INFO - Processing file /home/airflow/.local/lib/python3.12/site-packages/airflow/example_dags/example_setup_teardown_taskflow.py for tasks to queue
[2025-02-27T15:53:19.251+0000] {logging_mixin.py:190} INFO - [2025-02-27T15:53:19.251+0000] {dagbag.py:588} INFO - Filling up the DagBag from /home/airflow/.local/lib/python3.12/site-packages/airflow/example_dags/example_setup_teardown_taskflow.py
[2025-02-27T15:53:19.266+0000] {processor.py:925} INFO - DAG(s) 'example_setup_teardown_taskflow' retrieved from /home/airflow/.local/lib/python3.12/site-packages/airflow/example_dags/example_setup_teardown_taskflow.py
[2025-02-27T15:53:19.293+0000] {logging_mixin.py:190} INFO - [2025-02-27T15:53:19.293+0000] {dag.py:3239} INFO - Sync 1 DAGs
[2025-02-27T15:53:19.311+0000] {logging_mixin.py:190} INFO - [2025-02-27T15:53:19.311+0000] {dag.py:4180} INFO - Setting next_dagrun for example_setup_teardown_taskflow to None, run_after=None
[2025-02-27T15:53:19.336+0000] {processor.py:208} INFO - Processing /home/airflow/.local/lib/python3.12/site-packages/airflow/example_dags/example_setup_teardown_taskflow.py took 0.095 seconds
[2025-02-27T15:53:49.718+0000] {processor.py:186} INFO - Started process (PID=210) to work on /home/airflow/.local/lib/python3.12/site-packages/airflow/example_dags/example_setup_teardown_taskflow.py
[2025-02-27T15:53:49.720+0000] {processor.py:914} INFO - Processing file /home/airflow/.local/lib/python3.12/site-packages/airflow/example_dags/example_setup_teardown_taskflow.py for tasks to queue
[2025-02-27T15:53:49.724+0000] {logging_mixin.py:190} INFO - [2025-02-27T15:53:49.723+0000] {dagbag.py:588} INFO - Filling up the DagBag from /home/airflow/.local/lib/python3.12/site-packages/airflow/example_dags/example_setup_teardown_taskflow.py
[2025-02-27T15:53:49.739+0000] {processor.py:925} INFO - DAG(s) 'example_setup_teardown_taskflow' retrieved from /home/airflow/.local/lib/python3.12/site-packages/airflow/example_dags/example_setup_teardown_taskflow.py
[2025-02-27T15:53:49.777+0000] {logging_mixin.py:190} INFO - [2025-02-27T15:53:49.777+0000] {dag.py:3239} INFO - Sync 1 DAGs
[2025-02-27T15:53:49.802+0000] {logging_mixin.py:190} INFO - [2025-02-27T15:53:49.801+0000] {dag.py:4180} INFO - Setting next_dagrun for example_setup_teardown_taskflow to None, run_after=None
[2025-02-27T15:53:49.830+0000] {processor.py:208} INFO - Processing /home/airflow/.local/lib/python3.12/site-packages/airflow/example_dags/example_setup_teardown_taskflow.py took 0.120 seconds
[2025-02-27T15:54:20.554+0000] {processor.py:186} INFO - Started process (PID=273) to work on /home/airflow/.local/lib/python3.12/site-packages/airflow/example_dags/example_setup_teardown_taskflow.py
[2025-02-27T15:54:20.555+0000] {processor.py:914} INFO - Processing file /home/airflow/.local/lib/python3.12/site-packages/airflow/example_dags/example_setup_teardown_taskflow.py for tasks to queue
[2025-02-27T15:54:20.558+0000] {logging_mixin.py:190} INFO - [2025-02-27T15:54:20.557+0000] {dagbag.py:588} INFO - Filling up the DagBag from /home/airflow/.local/lib/python3.12/site-packages/airflow/example_dags/example_setup_teardown_taskflow.py
[2025-02-27T15:54:20.570+0000] {processor.py:925} INFO - DAG(s) 'example_setup_teardown_taskflow' retrieved from /home/airflow/.local/lib/python3.12/site-packages/airflow/example_dags/example_setup_teardown_taskflow.py
[2025-02-27T15:54:20.596+0000] {logging_mixin.py:190} INFO - [2025-02-27T15:54:20.596+0000] {dag.py:3239} INFO - Sync 1 DAGs
[2025-02-27T15:54:20.611+0000] {logging_mixin.py:190} INFO - [2025-02-27T15:54:20.611+0000] {dag.py:4180} INFO - Setting next_dagrun for example_setup_teardown_taskflow to None, run_after=None
[2025-02-27T15:54:20.640+0000] {processor.py:208} INFO - Processing /home/airflow/.local/lib/python3.12/site-packages/airflow/example_dags/example_setup_teardown_taskflow.py took 0.093 seconds
[2025-02-27T15:54:51.237+0000] {processor.py:186} INFO - Started process (PID=336) to work on /home/airflow/.local/lib/python3.12/site-packages/airflow/example_dags/example_setup_teardown_taskflow.py
[2025-02-27T15:54:51.238+0000] {processor.py:914} INFO - Processing file /home/airflow/.local/lib/python3.12/site-packages/airflow/example_dags/example_setup_teardown_taskflow.py for tasks to queue
[2025-02-27T15:54:51.240+0000] {logging_mixin.py:190} INFO - [2025-02-27T15:54:51.240+0000] {dagbag.py:588} INFO - Filling up the DagBag from /home/airflow/.local/lib/python3.12/site-packages/airflow/example_dags/example_setup_teardown_taskflow.py
[2025-02-27T15:54:51.252+0000] {processor.py:925} INFO - DAG(s) 'example_setup_teardown_taskflow' retrieved from /home/airflow/.local/lib/python3.12/site-packages/airflow/example_dags/example_setup_teardown_taskflow.py
[2025-02-27T15:54:51.274+0000] {logging_mixin.py:190} INFO - [2025-02-27T15:54:51.274+0000] {dag.py:3239} INFO - Sync 1 DAGs
[2025-02-27T15:54:51.289+0000] {logging_mixin.py:190} INFO - [2025-02-27T15:54:51.289+0000] {dag.py:4180} INFO - Setting next_dagrun for example_setup_teardown_taskflow to None, run_after=None
[2025-02-27T15:54:51.320+0000] {processor.py:208} INFO - Processing /home/airflow/.local/lib/python3.12/site-packages/airflow/example_dags/example_setup_teardown_taskflow.py took 0.089 seconds
[2025-02-27T15:55:21.504+0000] {processor.py:186} INFO - Started process (PID=399) to work on /home/airflow/.local/lib/python3.12/site-packages/airflow/example_dags/example_setup_teardown_taskflow.py
[2025-02-27T15:55:21.505+0000] {processor.py:914} INFO - Processing file /home/airflow/.local/lib/python3.12/site-packages/airflow/example_dags/example_setup_teardown_taskflow.py for tasks to queue
[2025-02-27T15:55:21.507+0000] {logging_mixin.py:190} INFO - [2025-02-27T15:55:21.507+0000] {dagbag.py:588} INFO - Filling up the DagBag from /home/airflow/.local/lib/python3.12/site-packages/airflow/example_dags/example_setup_teardown_taskflow.py
[2025-02-27T15:55:21.518+0000] {processor.py:925} INFO - DAG(s) 'example_setup_teardown_taskflow' retrieved from /home/airflow/.local/lib/python3.12/site-packages/airflow/example_dags/example_setup_teardown_taskflow.py
[2025-02-27T15:55:21.542+0000] {logging_mixin.py:190} INFO - [2025-02-27T15:55:21.542+0000] {dag.py:3239} INFO - Sync 1 DAGs
[2025-02-27T15:55:21.559+0000] {logging_mixin.py:190} INFO - [2025-02-27T15:55:21.558+0000] {dag.py:4180} INFO - Setting next_dagrun for example_setup_teardown_taskflow to None, run_after=None
[2025-02-27T15:55:21.581+0000] {processor.py:208} INFO - Processing /home/airflow/.local/lib/python3.12/site-packages/airflow/example_dags/example_setup_teardown_taskflow.py took 0.083 seconds
[2025-02-27T15:55:51.900+0000] {processor.py:186} INFO - Started process (PID=462) to work on /home/airflow/.local/lib/python3.12/site-packages/airflow/example_dags/example_setup_teardown_taskflow.py
[2025-02-27T15:55:51.901+0000] {processor.py:914} INFO - Processing file /home/airflow/.local/lib/python3.12/site-packages/airflow/example_dags/example_setup_teardown_taskflow.py for tasks to queue
[2025-02-27T15:55:51.903+0000] {logging_mixin.py:190} INFO - [2025-02-27T15:55:51.903+0000] {dagbag.py:588} INFO - Filling up the DagBag from /home/airflow/.local/lib/python3.12/site-packages/airflow/example_dags/example_setup_teardown_taskflow.py
[2025-02-27T15:55:51.913+0000] {processor.py:925} INFO - DAG(s) 'example_setup_teardown_taskflow' retrieved from /home/airflow/.local/lib/python3.12/site-packages/airflow/example_dags/example_setup_teardown_taskflow.py
[2025-02-27T15:55:51.936+0000] {logging_mixin.py:190} INFO - [2025-02-27T15:55:51.936+0000] {dag.py:3239} INFO - Sync 1 DAGs
[2025-02-27T15:55:51.952+0000] {logging_mixin.py:190} INFO - [2025-02-27T15:55:51.952+0000] {dag.py:4180} INFO - Setting next_dagrun for example_setup_teardown_taskflow to None, run_after=None
[2025-02-27T15:55:51.972+0000] {processor.py:208} INFO - Processing /home/airflow/.local/lib/python3.12/site-packages/airflow/example_dags/example_setup_teardown_taskflow.py took 0.079 seconds
[2025-02-27T15:56:23.287+0000] {processor.py:186} INFO - Started process (PID=525) to work on /home/airflow/.local/lib/python3.12/site-packages/airflow/example_dags/example_setup_teardown_taskflow.py
[2025-02-27T15:56:23.288+0000] {processor.py:914} INFO - Processing file /home/airflow/.local/lib/python3.12/site-packages/airflow/example_dags/example_setup_teardown_taskflow.py for tasks to queue
[2025-02-27T15:56:23.291+0000] {logging_mixin.py:190} INFO - [2025-02-27T15:56:23.291+0000] {dagbag.py:588} INFO - Filling up the DagBag from /home/airflow/.local/lib/python3.12/site-packages/airflow/example_dags/example_setup_teardown_taskflow.py
[2025-02-27T15:56:23.306+0000] {processor.py:925} INFO - DAG(s) 'example_setup_teardown_taskflow' retrieved from /home/airflow/.local/lib/python3.12/site-packages/airflow/example_dags/example_setup_teardown_taskflow.py
[2025-02-27T15:56:23.333+0000] {logging_mixin.py:190} INFO - [2025-02-27T15:56:23.333+0000] {dag.py:3239} INFO - Sync 1 DAGs
[2025-02-27T15:56:23.352+0000] {logging_mixin.py:190} INFO - [2025-02-27T15:56:23.352+0000] {dag.py:4180} INFO - Setting next_dagrun for example_setup_teardown_taskflow to None, run_after=None
[2025-02-27T15:56:23.375+0000] {processor.py:208} INFO - Processing /home/airflow/.local/lib/python3.12/site-packages/airflow/example_dags/example_setup_teardown_taskflow.py took 0.098 seconds
[2025-02-27T15:56:54.077+0000] {processor.py:186} INFO - Started process (PID=589) to work on /home/airflow/.local/lib/python3.12/site-packages/airflow/example_dags/example_setup_teardown_taskflow.py
[2025-02-27T15:56:54.078+0000] {processor.py:914} INFO - Processing file /home/airflow/.local/lib/python3.12/site-packages/airflow/example_dags/example_setup_teardown_taskflow.py for tasks to queue
[2025-02-27T15:56:54.080+0000] {logging_mixin.py:190} INFO - [2025-02-27T15:56:54.080+0000] {dagbag.py:588} INFO - Filling up the DagBag from /home/airflow/.local/lib/python3.12/site-packages/airflow/example_dags/example_setup_teardown_taskflow.py
[2025-02-27T15:56:54.092+0000] {processor.py:925} INFO - DAG(s) 'example_setup_teardown_taskflow' retrieved from /home/airflow/.local/lib/python3.12/site-packages/airflow/example_dags/example_setup_teardown_taskflow.py
[2025-02-27T15:56:54.115+0000] {logging_mixin.py:190} INFO - [2025-02-27T15:56:54.114+0000] {dag.py:3239} INFO - Sync 1 DAGs
[2025-02-27T15:56:54.130+0000] {logging_mixin.py:190} INFO - [2025-02-27T15:56:54.130+0000] {dag.py:4180} INFO - Setting next_dagrun for example_setup_teardown_taskflow to None, run_after=None
[2025-02-27T15:56:54.151+0000] {processor.py:208} INFO - Processing /home/airflow/.local/lib/python3.12/site-packages/airflow/example_dags/example_setup_teardown_taskflow.py took 0.081 seconds
[2025-02-27T15:57:24.479+0000] {processor.py:186} INFO - Started process (PID=652) to work on /home/airflow/.local/lib/python3.12/site-packages/airflow/example_dags/example_setup_teardown_taskflow.py
[2025-02-27T15:57:24.480+0000] {processor.py:914} INFO - Processing file /home/airflow/.local/lib/python3.12/site-packages/airflow/example_dags/example_setup_teardown_taskflow.py for tasks to queue
[2025-02-27T15:57:24.483+0000] {logging_mixin.py:190} INFO - [2025-02-27T15:57:24.483+0000] {dagbag.py:588} INFO - Filling up the DagBag from /home/airflow/.local/lib/python3.12/site-packages/airflow/example_dags/example_setup_teardown_taskflow.py
[2025-02-27T15:57:24.494+0000] {processor.py:925} INFO - DAG(s) 'example_setup_teardown_taskflow' retrieved from /home/airflow/.local/lib/python3.12/site-packages/airflow/example_dags/example_setup_teardown_taskflow.py
[2025-02-27T15:57:24.516+0000] {logging_mixin.py:190} INFO - [2025-02-27T15:57:24.516+0000] {dag.py:3239} INFO - Sync 1 DAGs
[2025-02-27T15:57:24.531+0000] {logging_mixin.py:190} INFO - [2025-02-27T15:57:24.530+0000] {dag.py:4180} INFO - Setting next_dagrun for example_setup_teardown_taskflow to None, run_after=None
[2025-02-27T15:57:24.551+0000] {processor.py:208} INFO - Processing /home/airflow/.local/lib/python3.12/site-packages/airflow/example_dags/example_setup_teardown_taskflow.py took 0.077 seconds
[2025-02-27T15:57:54.755+0000] {processor.py:186} INFO - Started process (PID=715) to work on /home/airflow/.local/lib/python3.12/site-packages/airflow/example_dags/example_setup_teardown_taskflow.py
[2025-02-27T15:57:54.756+0000] {processor.py:914} INFO - Processing file /home/airflow/.local/lib/python3.12/site-packages/airflow/example_dags/example_setup_teardown_taskflow.py for tasks to queue
[2025-02-27T15:57:54.758+0000] {logging_mixin.py:190} INFO - [2025-02-27T15:57:54.758+0000] {dagbag.py:588} INFO - Filling up the DagBag from /home/airflow/.local/lib/python3.12/site-packages/airflow/example_dags/example_setup_teardown_taskflow.py
[2025-02-27T15:57:54.769+0000] {processor.py:925} INFO - DAG(s) 'example_setup_teardown_taskflow' retrieved from /home/airflow/.local/lib/python3.12/site-packages/airflow/example_dags/example_setup_teardown_taskflow.py
[2025-02-27T15:57:54.792+0000] {logging_mixin.py:190} INFO - [2025-02-27T15:57:54.792+0000] {dag.py:3239} INFO - Sync 1 DAGs
[2025-02-27T15:57:54.808+0000] {logging_mixin.py:190} INFO - [2025-02-27T15:57:54.807+0000] {dag.py:4180} INFO - Setting next_dagrun for example_setup_teardown_taskflow to None, run_after=None
[2025-02-27T15:57:54.828+0000] {processor.py:208} INFO - Processing /home/airflow/.local/lib/python3.12/site-packages/airflow/example_dags/example_setup_teardown_taskflow.py took 0.078 seconds
[2025-02-27T15:58:25.031+0000] {processor.py:186} INFO - Started process (PID=778) to work on /home/airflow/.local/lib/python3.12/site-packages/airflow/example_dags/example_setup_teardown_taskflow.py
[2025-02-27T15:58:25.032+0000] {processor.py:914} INFO - Processing file /home/airflow/.local/lib/python3.12/site-packages/airflow/example_dags/example_setup_teardown_taskflow.py for tasks to queue
[2025-02-27T15:58:25.035+0000] {logging_mixin.py:190} INFO - [2025-02-27T15:58:25.035+0000] {dagbag.py:588} INFO - Filling up the DagBag from /home/airflow/.local/lib/python3.12/site-packages/airflow/example_dags/example_setup_teardown_taskflow.py
[2025-02-27T15:58:25.047+0000] {processor.py:925} INFO - DAG(s) 'example_setup_teardown_taskflow' retrieved from /home/airflow/.local/lib/python3.12/site-packages/airflow/example_dags/example_setup_teardown_taskflow.py
[2025-02-27T15:58:25.074+0000] {logging_mixin.py:190} INFO - [2025-02-27T15:58:25.074+0000] {dag.py:3239} INFO - Sync 1 DAGs
[2025-02-27T15:58:25.091+0000] {logging_mixin.py:190} INFO - [2025-02-27T15:58:25.091+0000] {dag.py:4180} INFO - Setting next_dagrun for example_setup_teardown_taskflow to None, run_after=None
[2025-02-27T15:58:25.120+0000] {processor.py:208} INFO - Processing /home/airflow/.local/lib/python3.12/site-packages/airflow/example_dags/example_setup_teardown_taskflow.py took 0.097 seconds
[2025-02-27T15:58:55.290+0000] {processor.py:186} INFO - Started process (PID=841) to work on /home/airflow/.local/lib/python3.12/site-packages/airflow/example_dags/example_setup_teardown_taskflow.py
[2025-02-27T15:58:55.291+0000] {processor.py:914} INFO - Processing file /home/airflow/.local/lib/python3.12/site-packages/airflow/example_dags/example_setup_teardown_taskflow.py for tasks to queue
[2025-02-27T15:58:55.294+0000] {logging_mixin.py:190} INFO - [2025-02-27T15:58:55.294+0000] {dagbag.py:588} INFO - Filling up the DagBag from /home/airflow/.local/lib/python3.12/site-packages/airflow/example_dags/example_setup_teardown_taskflow.py
[2025-02-27T15:58:55.306+0000] {processor.py:925} INFO - DAG(s) 'example_setup_teardown_taskflow' retrieved from /home/airflow/.local/lib/python3.12/site-packages/airflow/example_dags/example_setup_teardown_taskflow.py
[2025-02-27T15:58:55.333+0000] {logging_mixin.py:190} INFO - [2025-02-27T15:58:55.333+0000] {dag.py:3239} INFO - Sync 1 DAGs
[2025-02-27T15:58:55.352+0000] {logging_mixin.py:190} INFO - [2025-02-27T15:58:55.352+0000] {dag.py:4180} INFO - Setting next_dagrun for example_setup_teardown_taskflow to None, run_after=None
[2025-02-27T15:58:55.375+0000] {processor.py:208} INFO - Processing /home/airflow/.local/lib/python3.12/site-packages/airflow/example_dags/example_setup_teardown_taskflow.py took 0.093 seconds
[2025-02-27T15:59:25.681+0000] {processor.py:186} INFO - Started process (PID=904) to work on /home/airflow/.local/lib/python3.12/site-packages/airflow/example_dags/example_setup_teardown_taskflow.py
[2025-02-27T15:59:25.682+0000] {processor.py:914} INFO - Processing file /home/airflow/.local/lib/python3.12/site-packages/airflow/example_dags/example_setup_teardown_taskflow.py for tasks to queue
[2025-02-27T15:59:25.685+0000] {logging_mixin.py:190} INFO - [2025-02-27T15:59:25.685+0000] {dagbag.py:588} INFO - Filling up the DagBag from /home/airflow/.local/lib/python3.12/site-packages/airflow/example_dags/example_setup_teardown_taskflow.py
[2025-02-27T15:59:25.697+0000] {processor.py:925} INFO - DAG(s) 'example_setup_teardown_taskflow' retrieved from /home/airflow/.local/lib/python3.12/site-packages/airflow/example_dags/example_setup_teardown_taskflow.py
[2025-02-27T15:59:25.725+0000] {logging_mixin.py:190} INFO - [2025-02-27T15:59:25.725+0000] {dag.py:3239} INFO - Sync 1 DAGs
[2025-02-27T15:59:25.746+0000] {logging_mixin.py:190} INFO - [2025-02-27T15:59:25.746+0000] {dag.py:4180} INFO - Setting next_dagrun for example_setup_teardown_taskflow to None, run_after=None
[2025-02-27T15:59:25.772+0000] {processor.py:208} INFO - Processing /home/airflow/.local/lib/python3.12/site-packages/airflow/example_dags/example_setup_teardown_taskflow.py took 0.098 seconds
[2025-02-27T15:59:55.879+0000] {processor.py:186} INFO - Started process (PID=967) to work on /home/airflow/.local/lib/python3.12/site-packages/airflow/example_dags/example_setup_teardown_taskflow.py
[2025-02-27T15:59:55.880+0000] {processor.py:914} INFO - Processing file /home/airflow/.local/lib/python3.12/site-packages/airflow/example_dags/example_setup_teardown_taskflow.py for tasks to queue
[2025-02-27T15:59:55.884+0000] {logging_mixin.py:190} INFO - [2025-02-27T15:59:55.884+0000] {dagbag.py:588} INFO - Filling up the DagBag from /home/airflow/.local/lib/python3.12/site-packages/airflow/example_dags/example_setup_teardown_taskflow.py
[2025-02-27T15:59:55.897+0000] {processor.py:925} INFO - DAG(s) 'example_setup_teardown_taskflow' retrieved from /home/airflow/.local/lib/python3.12/site-packages/airflow/example_dags/example_setup_teardown_taskflow.py
[2025-02-27T15:59:55.921+0000] {logging_mixin.py:190} INFO - [2025-02-27T15:59:55.921+0000] {dag.py:3239} INFO - Sync 1 DAGs
[2025-02-27T15:59:55.937+0000] {logging_mixin.py:190} INFO - [2025-02-27T15:59:55.937+0000] {dag.py:4180} INFO - Setting next_dagrun for example_setup_teardown_taskflow to None, run_after=None
[2025-02-27T15:59:55.964+0000] {processor.py:208} INFO - Processing /home/airflow/.local/lib/python3.12/site-packages/airflow/example_dags/example_setup_teardown_taskflow.py took 0.093 seconds
[2025-02-27T16:00:26.318+0000] {processor.py:186} INFO - Started process (PID=1030) to work on /home/airflow/.local/lib/python3.12/site-packages/airflow/example_dags/example_setup_teardown_taskflow.py
[2025-02-27T16:00:26.319+0000] {processor.py:914} INFO - Processing file /home/airflow/.local/lib/python3.12/site-packages/airflow/example_dags/example_setup_teardown_taskflow.py for tasks to queue
[2025-02-27T16:00:26.322+0000] {logging_mixin.py:190} INFO - [2025-02-27T16:00:26.321+0000] {dagbag.py:588} INFO - Filling up the DagBag from /home/airflow/.local/lib/python3.12/site-packages/airflow/example_dags/example_setup_teardown_taskflow.py
[2025-02-27T16:00:26.335+0000] {processor.py:925} INFO - DAG(s) 'example_setup_teardown_taskflow' retrieved from /home/airflow/.local/lib/python3.12/site-packages/airflow/example_dags/example_setup_teardown_taskflow.py
[2025-02-27T16:00:26.360+0000] {logging_mixin.py:190} INFO - [2025-02-27T16:00:26.359+0000] {dag.py:3239} INFO - Sync 1 DAGs
[2025-02-27T16:00:26.380+0000] {logging_mixin.py:190} INFO - [2025-02-27T16:00:26.380+0000] {dag.py:4180} INFO - Setting next_dagrun for example_setup_teardown_taskflow to None, run_after=None
[2025-02-27T16:00:26.412+0000] {processor.py:208} INFO - Processing /home/airflow/.local/lib/python3.12/site-packages/airflow/example_dags/example_setup_teardown_taskflow.py took 0.100 seconds
[2025-02-27T16:00:56.568+0000] {processor.py:186} INFO - Started process (PID=1093) to work on /home/airflow/.local/lib/python3.12/site-packages/airflow/example_dags/example_setup_teardown_taskflow.py
[2025-02-27T16:00:56.569+0000] {processor.py:914} INFO - Processing file /home/airflow/.local/lib/python3.12/site-packages/airflow/example_dags/example_setup_teardown_taskflow.py for tasks to queue
[2025-02-27T16:00:56.571+0000] {logging_mixin.py:190} INFO - [2025-02-27T16:00:56.571+0000] {dagbag.py:588} INFO - Filling up the DagBag from /home/airflow/.local/lib/python3.12/site-packages/airflow/example_dags/example_setup_teardown_taskflow.py
[2025-02-27T16:00:56.581+0000] {processor.py:925} INFO - DAG(s) 'example_setup_teardown_taskflow' retrieved from /home/airflow/.local/lib/python3.12/site-packages/airflow/example_dags/example_setup_teardown_taskflow.py
[2025-02-27T16:00:56.604+0000] {logging_mixin.py:190} INFO - [2025-02-27T16:00:56.603+0000] {dag.py:3239} INFO - Sync 1 DAGs
[2025-02-27T16:00:56.618+0000] {logging_mixin.py:190} INFO - [2025-02-27T16:00:56.618+0000] {dag.py:4180} INFO - Setting next_dagrun for example_setup_teardown_taskflow to None, run_after=None
[2025-02-27T16:00:56.637+0000] {processor.py:208} INFO - Processing /home/airflow/.local/lib/python3.12/site-packages/airflow/example_dags/example_setup_teardown_taskflow.py took 0.075 seconds
[2025-02-27T16:01:26.847+0000] {processor.py:186} INFO - Started process (PID=1156) to work on /home/airflow/.local/lib/python3.12/site-packages/airflow/example_dags/example_setup_teardown_taskflow.py
[2025-02-27T16:01:26.848+0000] {processor.py:914} INFO - Processing file /home/airflow/.local/lib/python3.12/site-packages/airflow/example_dags/example_setup_teardown_taskflow.py for tasks to queue
[2025-02-27T16:01:26.851+0000] {logging_mixin.py:190} INFO - [2025-02-27T16:01:26.850+0000] {dagbag.py:588} INFO - Filling up the DagBag from /home/airflow/.local/lib/python3.12/site-packages/airflow/example_dags/example_setup_teardown_taskflow.py
[2025-02-27T16:01:26.861+0000] {processor.py:925} INFO - DAG(s) 'example_setup_teardown_taskflow' retrieved from /home/airflow/.local/lib/python3.12/site-packages/airflow/example_dags/example_setup_teardown_taskflow.py
[2025-02-27T16:01:26.882+0000] {logging_mixin.py:190} INFO - [2025-02-27T16:01:26.882+0000] {dag.py:3239} INFO - Sync 1 DAGs
[2025-02-27T16:01:26.897+0000] {logging_mixin.py:190} INFO - [2025-02-27T16:01:26.896+0000] {dag.py:4180} INFO - Setting next_dagrun for example_setup_teardown_taskflow to None, run_after=None
[2025-02-27T16:01:26.914+0000] {processor.py:208} INFO - Processing /home/airflow/.local/lib/python3.12/site-packages/airflow/example_dags/example_setup_teardown_taskflow.py took 0.073 seconds
[2025-02-27T16:01:57.265+0000] {processor.py:186} INFO - Started process (PID=1219) to work on /home/airflow/.local/lib/python3.12/site-packages/airflow/example_dags/example_setup_teardown_taskflow.py
[2025-02-27T16:01:57.266+0000] {processor.py:914} INFO - Processing file /home/airflow/.local/lib/python3.12/site-packages/airflow/example_dags/example_setup_teardown_taskflow.py for tasks to queue
[2025-02-27T16:01:57.268+0000] {logging_mixin.py:190} INFO - [2025-02-27T16:01:57.267+0000] {dagbag.py:588} INFO - Filling up the DagBag from /home/airflow/.local/lib/python3.12/site-packages/airflow/example_dags/example_setup_teardown_taskflow.py
[2025-02-27T16:01:57.278+0000] {processor.py:925} INFO - DAG(s) 'example_setup_teardown_taskflow' retrieved from /home/airflow/.local/lib/python3.12/site-packages/airflow/example_dags/example_setup_teardown_taskflow.py
[2025-02-27T16:01:57.300+0000] {logging_mixin.py:190} INFO - [2025-02-27T16:01:57.299+0000] {dag.py:3239} INFO - Sync 1 DAGs
[2025-02-27T16:01:57.314+0000] {logging_mixin.py:190} INFO - [2025-02-27T16:01:57.314+0000] {dag.py:4180} INFO - Setting next_dagrun for example_setup_teardown_taskflow to None, run_after=None
[2025-02-27T16:01:57.332+0000] {processor.py:208} INFO - Processing /home/airflow/.local/lib/python3.12/site-packages/airflow/example_dags/example_setup_teardown_taskflow.py took 0.073 seconds
[2025-02-27T16:02:28.178+0000] {processor.py:186} INFO - Started process (PID=1282) to work on /home/airflow/.local/lib/python3.12/site-packages/airflow/example_dags/example_setup_teardown_taskflow.py
[2025-02-27T16:02:28.179+0000] {processor.py:914} INFO - Processing file /home/airflow/.local/lib/python3.12/site-packages/airflow/example_dags/example_setup_teardown_taskflow.py for tasks to queue
[2025-02-27T16:02:28.181+0000] {logging_mixin.py:190} INFO - [2025-02-27T16:02:28.181+0000] {dagbag.py:588} INFO - Filling up the DagBag from /home/airflow/.local/lib/python3.12/site-packages/airflow/example_dags/example_setup_teardown_taskflow.py
[2025-02-27T16:02:28.191+0000] {processor.py:925} INFO - DAG(s) 'example_setup_teardown_taskflow' retrieved from /home/airflow/.local/lib/python3.12/site-packages/airflow/example_dags/example_setup_teardown_taskflow.py
[2025-02-27T16:02:28.213+0000] {logging_mixin.py:190} INFO - [2025-02-27T16:02:28.212+0000] {dag.py:3239} INFO - Sync 1 DAGs
[2025-02-27T16:02:28.228+0000] {logging_mixin.py:190} INFO - [2025-02-27T16:02:28.227+0000] {dag.py:4180} INFO - Setting next_dagrun for example_setup_teardown_taskflow to None, run_after=None
[2025-02-27T16:02:28.246+0000] {processor.py:208} INFO - Processing /home/airflow/.local/lib/python3.12/site-packages/airflow/example_dags/example_setup_teardown_taskflow.py took 0.073 seconds
[2025-02-27T16:02:58.622+0000] {processor.py:186} INFO - Started process (PID=1345) to work on /home/airflow/.local/lib/python3.12/site-packages/airflow/example_dags/example_setup_teardown_taskflow.py
[2025-02-27T16:02:58.623+0000] {processor.py:914} INFO - Processing file /home/airflow/.local/lib/python3.12/site-packages/airflow/example_dags/example_setup_teardown_taskflow.py for tasks to queue
[2025-02-27T16:02:58.626+0000] {logging_mixin.py:190} INFO - [2025-02-27T16:02:58.625+0000] {dagbag.py:588} INFO - Filling up the DagBag from /home/airflow/.local/lib/python3.12/site-packages/airflow/example_dags/example_setup_teardown_taskflow.py
[2025-02-27T16:02:58.639+0000] {processor.py:925} INFO - DAG(s) 'example_setup_teardown_taskflow' retrieved from /home/airflow/.local/lib/python3.12/site-packages/airflow/example_dags/example_setup_teardown_taskflow.py
[2025-02-27T16:02:58.664+0000] {logging_mixin.py:190} INFO - [2025-02-27T16:02:58.664+0000] {dag.py:3239} INFO - Sync 1 DAGs
[2025-02-27T16:02:58.680+0000] {logging_mixin.py:190} INFO - [2025-02-27T16:02:58.680+0000] {dag.py:4180} INFO - Setting next_dagrun for example_setup_teardown_taskflow to None, run_after=None
[2025-02-27T16:02:58.702+0000] {processor.py:208} INFO - Processing /home/airflow/.local/lib/python3.12/site-packages/airflow/example_dags/example_setup_teardown_taskflow.py took 0.087 seconds
