[2025-02-27T15:52:58.932+0000] {processor.py:186} INFO - Started process (PID=120) to work on /home/airflow/.local/lib/python3.12/site-packages/airflow/example_dags/example_latest_only_with_trigger.py
[2025-02-27T15:52:58.933+0000] {processor.py:914} INFO - Processing file /home/airflow/.local/lib/python3.12/site-packages/airflow/example_dags/example_latest_only_with_trigger.py for tasks to queue
[2025-02-27T15:52:58.936+0000] {logging_mixin.py:190} INFO - [2025-02-27T15:52:58.936+0000] {dagbag.py:588} INFO - Filling up the DagBag from /home/airflow/.local/lib/python3.12/site-packages/airflow/example_dags/example_latest_only_with_trigger.py
[2025-02-27T15:52:58.948+0000] {processor.py:925} INFO - DAG(s) 'latest_only_with_trigger' retrieved from /home/airflow/.local/lib/python3.12/site-packages/airflow/example_dags/example_latest_only_with_trigger.py
[2025-02-27T15:52:59.117+0000] {logging_mixin.py:190} INFO - [2025-02-27T15:52:59.117+0000] {override.py:1912} INFO - Created Permission View: can edit on DAG:latest_only_with_trigger
[2025-02-27T15:52:59.136+0000] {logging_mixin.py:190} INFO - [2025-02-27T15:52:59.136+0000] {override.py:1912} INFO - Created Permission View: can delete on DAG:latest_only_with_trigger
[2025-02-27T15:52:59.150+0000] {logging_mixin.py:190} INFO - [2025-02-27T15:52:59.149+0000] {override.py:1912} INFO - Created Permission View: can read on DAG:latest_only_with_trigger
[2025-02-27T15:52:59.162+0000] {logging_mixin.py:190} INFO - [2025-02-27T15:52:59.162+0000] {override.py:1912} INFO - Created Permission View: can delete on DAG Run:latest_only_with_trigger
[2025-02-27T15:52:59.174+0000] {logging_mixin.py:190} INFO - [2025-02-27T15:52:59.174+0000] {override.py:1912} INFO - Created Permission View: menu access on DAG Run:latest_only_with_trigger
[2025-02-27T15:52:59.184+0000] {logging_mixin.py:190} INFO - [2025-02-27T15:52:59.183+0000] {override.py:1912} INFO - Created Permission View: can read on DAG Run:latest_only_with_trigger
[2025-02-27T15:52:59.196+0000] {logging_mixin.py:190} INFO - [2025-02-27T15:52:59.195+0000] {override.py:1912} INFO - Created Permission View: can create on DAG Run:latest_only_with_trigger
[2025-02-27T15:52:59.197+0000] {logging_mixin.py:190} INFO - [2025-02-27T15:52:59.196+0000] {dag.py:3239} INFO - Sync 1 DAGs
[2025-02-27T15:52:59.216+0000] {logging_mixin.py:190} INFO - [2025-02-27T15:52:59.216+0000] {dag.py:3262} INFO - Creating ORM DAG for latest_only_with_trigger
[2025-02-27T15:52:59.239+0000] {logging_mixin.py:190} INFO - [2025-02-27T15:52:59.239+0000] {dag.py:4180} INFO - Setting next_dagrun for latest_only_with_trigger to 2025-02-27 08:00:00+00:00, run_after=2025-02-27 12:00:00+00:00
[2025-02-27T15:52:59.282+0000] {processor.py:208} INFO - Processing /home/airflow/.local/lib/python3.12/site-packages/airflow/example_dags/example_latest_only_with_trigger.py took 0.356 seconds
[2025-02-27T15:53:29.498+0000] {processor.py:186} INFO - Started process (PID=183) to work on /home/airflow/.local/lib/python3.12/site-packages/airflow/example_dags/example_latest_only_with_trigger.py
[2025-02-27T15:53:29.500+0000] {processor.py:914} INFO - Processing file /home/airflow/.local/lib/python3.12/site-packages/airflow/example_dags/example_latest_only_with_trigger.py for tasks to queue
[2025-02-27T15:53:29.503+0000] {logging_mixin.py:190} INFO - [2025-02-27T15:53:29.502+0000] {dagbag.py:588} INFO - Filling up the DagBag from /home/airflow/.local/lib/python3.12/site-packages/airflow/example_dags/example_latest_only_with_trigger.py
[2025-02-27T15:53:29.510+0000] {processor.py:925} INFO - DAG(s) 'latest_only_with_trigger' retrieved from /home/airflow/.local/lib/python3.12/site-packages/airflow/example_dags/example_latest_only_with_trigger.py
[2025-02-27T15:53:29.530+0000] {logging_mixin.py:190} INFO - [2025-02-27T15:53:29.530+0000] {dag.py:3239} INFO - Sync 1 DAGs
[2025-02-27T15:53:29.557+0000] {logging_mixin.py:190} INFO - [2025-02-27T15:53:29.557+0000] {dag.py:4180} INFO - Setting next_dagrun for latest_only_with_trigger to 2025-02-27 08:00:00+00:00, run_after=2025-02-27 12:00:00+00:00
[2025-02-27T15:53:29.590+0000] {processor.py:208} INFO - Processing /home/airflow/.local/lib/python3.12/site-packages/airflow/example_dags/example_latest_only_with_trigger.py took 0.099 seconds
[2025-02-27T15:54:00.692+0000] {processor.py:186} INFO - Started process (PID=246) to work on /home/airflow/.local/lib/python3.12/site-packages/airflow/example_dags/example_latest_only_with_trigger.py
[2025-02-27T15:54:00.693+0000] {processor.py:914} INFO - Processing file /home/airflow/.local/lib/python3.12/site-packages/airflow/example_dags/example_latest_only_with_trigger.py for tasks to queue
[2025-02-27T15:54:00.697+0000] {logging_mixin.py:190} INFO - [2025-02-27T15:54:00.697+0000] {dagbag.py:588} INFO - Filling up the DagBag from /home/airflow/.local/lib/python3.12/site-packages/airflow/example_dags/example_latest_only_with_trigger.py
[2025-02-27T15:54:00.710+0000] {processor.py:925} INFO - DAG(s) 'latest_only_with_trigger' retrieved from /home/airflow/.local/lib/python3.12/site-packages/airflow/example_dags/example_latest_only_with_trigger.py
[2025-02-27T15:54:00.738+0000] {logging_mixin.py:190} INFO - [2025-02-27T15:54:00.738+0000] {dag.py:3239} INFO - Sync 1 DAGs
[2025-02-27T15:54:00.770+0000] {logging_mixin.py:190} INFO - [2025-02-27T15:54:00.770+0000] {dag.py:4180} INFO - Setting next_dagrun for latest_only_with_trigger to 2025-02-27 08:00:00+00:00, run_after=2025-02-27 12:00:00+00:00
[2025-02-27T15:54:00.796+0000] {processor.py:208} INFO - Processing /home/airflow/.local/lib/python3.12/site-packages/airflow/example_dags/example_latest_only_with_trigger.py took 0.113 seconds
[2025-02-27T15:54:31.715+0000] {processor.py:186} INFO - Started process (PID=309) to work on /home/airflow/.local/lib/python3.12/site-packages/airflow/example_dags/example_latest_only_with_trigger.py
[2025-02-27T15:54:31.716+0000] {processor.py:914} INFO - Processing file /home/airflow/.local/lib/python3.12/site-packages/airflow/example_dags/example_latest_only_with_trigger.py for tasks to queue
[2025-02-27T15:54:31.719+0000] {logging_mixin.py:190} INFO - [2025-02-27T15:54:31.719+0000] {dagbag.py:588} INFO - Filling up the DagBag from /home/airflow/.local/lib/python3.12/site-packages/airflow/example_dags/example_latest_only_with_trigger.py
[2025-02-27T15:54:31.730+0000] {processor.py:925} INFO - DAG(s) 'latest_only_with_trigger' retrieved from /home/airflow/.local/lib/python3.12/site-packages/airflow/example_dags/example_latest_only_with_trigger.py
[2025-02-27T15:54:31.757+0000] {logging_mixin.py:190} INFO - [2025-02-27T15:54:31.756+0000] {dag.py:3239} INFO - Sync 1 DAGs
[2025-02-27T15:54:31.785+0000] {logging_mixin.py:190} INFO - [2025-02-27T15:54:31.785+0000] {dag.py:4180} INFO - Setting next_dagrun for latest_only_with_trigger to 2025-02-27 08:00:00+00:00, run_after=2025-02-27 12:00:00+00:00
[2025-02-27T15:54:31.804+0000] {processor.py:208} INFO - Processing /home/airflow/.local/lib/python3.12/site-packages/airflow/example_dags/example_latest_only_with_trigger.py took 0.097 seconds
[2025-02-27T15:55:03.344+0000] {processor.py:186} INFO - Started process (PID=372) to work on /home/airflow/.local/lib/python3.12/site-packages/airflow/example_dags/example_latest_only_with_trigger.py
[2025-02-27T15:55:03.346+0000] {processor.py:914} INFO - Processing file /home/airflow/.local/lib/python3.12/site-packages/airflow/example_dags/example_latest_only_with_trigger.py for tasks to queue
[2025-02-27T15:55:03.350+0000] {logging_mixin.py:190} INFO - [2025-02-27T15:55:03.349+0000] {dagbag.py:588} INFO - Filling up the DagBag from /home/airflow/.local/lib/python3.12/site-packages/airflow/example_dags/example_latest_only_with_trigger.py
[2025-02-27T15:55:03.360+0000] {processor.py:925} INFO - DAG(s) 'latest_only_with_trigger' retrieved from /home/airflow/.local/lib/python3.12/site-packages/airflow/example_dags/example_latest_only_with_trigger.py
[2025-02-27T15:55:03.391+0000] {logging_mixin.py:190} INFO - [2025-02-27T15:55:03.391+0000] {dag.py:3239} INFO - Sync 1 DAGs
[2025-02-27T15:55:03.430+0000] {logging_mixin.py:190} INFO - [2025-02-27T15:55:03.430+0000] {dag.py:4180} INFO - Setting next_dagrun for latest_only_with_trigger to 2025-02-27 08:00:00+00:00, run_after=2025-02-27 12:00:00+00:00
[2025-02-27T15:55:03.465+0000] {processor.py:208} INFO - Processing /home/airflow/.local/lib/python3.12/site-packages/airflow/example_dags/example_latest_only_with_trigger.py took 0.128 seconds
[2025-02-27T15:55:34.734+0000] {processor.py:186} INFO - Started process (PID=435) to work on /home/airflow/.local/lib/python3.12/site-packages/airflow/example_dags/example_latest_only_with_trigger.py
[2025-02-27T15:55:34.736+0000] {processor.py:914} INFO - Processing file /home/airflow/.local/lib/python3.12/site-packages/airflow/example_dags/example_latest_only_with_trigger.py for tasks to queue
[2025-02-27T15:55:34.739+0000] {logging_mixin.py:190} INFO - [2025-02-27T15:55:34.738+0000] {dagbag.py:588} INFO - Filling up the DagBag from /home/airflow/.local/lib/python3.12/site-packages/airflow/example_dags/example_latest_only_with_trigger.py
[2025-02-27T15:55:34.748+0000] {processor.py:925} INFO - DAG(s) 'latest_only_with_trigger' retrieved from /home/airflow/.local/lib/python3.12/site-packages/airflow/example_dags/example_latest_only_with_trigger.py
[2025-02-27T15:55:34.774+0000] {logging_mixin.py:190} INFO - [2025-02-27T15:55:34.774+0000] {dag.py:3239} INFO - Sync 1 DAGs
[2025-02-27T15:55:34.802+0000] {logging_mixin.py:190} INFO - [2025-02-27T15:55:34.802+0000] {dag.py:4180} INFO - Setting next_dagrun for latest_only_with_trigger to 2025-02-27 08:00:00+00:00, run_after=2025-02-27 12:00:00+00:00
[2025-02-27T15:55:34.824+0000] {processor.py:208} INFO - Processing /home/airflow/.local/lib/python3.12/site-packages/airflow/example_dags/example_latest_only_with_trigger.py took 0.097 seconds
[2025-02-27T15:56:05.517+0000] {processor.py:186} INFO - Started process (PID=498) to work on /home/airflow/.local/lib/python3.12/site-packages/airflow/example_dags/example_latest_only_with_trigger.py
[2025-02-27T15:56:05.518+0000] {processor.py:914} INFO - Processing file /home/airflow/.local/lib/python3.12/site-packages/airflow/example_dags/example_latest_only_with_trigger.py for tasks to queue
[2025-02-27T15:56:05.521+0000] {logging_mixin.py:190} INFO - [2025-02-27T15:56:05.521+0000] {dagbag.py:588} INFO - Filling up the DagBag from /home/airflow/.local/lib/python3.12/site-packages/airflow/example_dags/example_latest_only_with_trigger.py
[2025-02-27T15:56:05.529+0000] {processor.py:925} INFO - DAG(s) 'latest_only_with_trigger' retrieved from /home/airflow/.local/lib/python3.12/site-packages/airflow/example_dags/example_latest_only_with_trigger.py
[2025-02-27T15:56:05.550+0000] {logging_mixin.py:190} INFO - [2025-02-27T15:56:05.550+0000] {dag.py:3239} INFO - Sync 1 DAGs
[2025-02-27T15:56:05.577+0000] {logging_mixin.py:190} INFO - [2025-02-27T15:56:05.577+0000] {dag.py:4180} INFO - Setting next_dagrun for latest_only_with_trigger to 2025-02-27 08:00:00+00:00, run_after=2025-02-27 12:00:00+00:00
[2025-02-27T15:56:05.594+0000] {processor.py:208} INFO - Processing /home/airflow/.local/lib/python3.12/site-packages/airflow/example_dags/example_latest_only_with_trigger.py took 0.087 seconds
[2025-02-27T15:56:36.671+0000] {processor.py:186} INFO - Started process (PID=560) to work on /home/airflow/.local/lib/python3.12/site-packages/airflow/example_dags/example_latest_only_with_trigger.py
[2025-02-27T15:56:36.672+0000] {processor.py:914} INFO - Processing file /home/airflow/.local/lib/python3.12/site-packages/airflow/example_dags/example_latest_only_with_trigger.py for tasks to queue
[2025-02-27T15:56:36.675+0000] {logging_mixin.py:190} INFO - [2025-02-27T15:56:36.675+0000] {dagbag.py:588} INFO - Filling up the DagBag from /home/airflow/.local/lib/python3.12/site-packages/airflow/example_dags/example_latest_only_with_trigger.py
[2025-02-27T15:56:36.684+0000] {processor.py:925} INFO - DAG(s) 'latest_only_with_trigger' retrieved from /home/airflow/.local/lib/python3.12/site-packages/airflow/example_dags/example_latest_only_with_trigger.py
[2025-02-27T15:56:36.710+0000] {logging_mixin.py:190} INFO - [2025-02-27T15:56:36.710+0000] {dag.py:3239} INFO - Sync 1 DAGs
[2025-02-27T15:56:36.740+0000] {logging_mixin.py:190} INFO - [2025-02-27T15:56:36.739+0000] {dag.py:4180} INFO - Setting next_dagrun for latest_only_with_trigger to 2025-02-27 08:00:00+00:00, run_after=2025-02-27 12:00:00+00:00
[2025-02-27T15:56:36.760+0000] {processor.py:208} INFO - Processing /home/airflow/.local/lib/python3.12/site-packages/airflow/example_dags/example_latest_only_with_trigger.py took 0.096 seconds
[2025-02-27T15:57:06.949+0000] {processor.py:186} INFO - Started process (PID=624) to work on /home/airflow/.local/lib/python3.12/site-packages/airflow/example_dags/example_latest_only_with_trigger.py
[2025-02-27T15:57:06.949+0000] {processor.py:914} INFO - Processing file /home/airflow/.local/lib/python3.12/site-packages/airflow/example_dags/example_latest_only_with_trigger.py for tasks to queue
[2025-02-27T15:57:06.952+0000] {logging_mixin.py:190} INFO - [2025-02-27T15:57:06.951+0000] {dagbag.py:588} INFO - Filling up the DagBag from /home/airflow/.local/lib/python3.12/site-packages/airflow/example_dags/example_latest_only_with_trigger.py
[2025-02-27T15:57:06.959+0000] {processor.py:925} INFO - DAG(s) 'latest_only_with_trigger' retrieved from /home/airflow/.local/lib/python3.12/site-packages/airflow/example_dags/example_latest_only_with_trigger.py
[2025-02-27T15:57:06.980+0000] {logging_mixin.py:190} INFO - [2025-02-27T15:57:06.979+0000] {dag.py:3239} INFO - Sync 1 DAGs
[2025-02-27T15:57:07.004+0000] {logging_mixin.py:190} INFO - [2025-02-27T15:57:07.004+0000] {dag.py:4180} INFO - Setting next_dagrun for latest_only_with_trigger to 2025-02-27 08:00:00+00:00, run_after=2025-02-27 12:00:00+00:00
[2025-02-27T15:57:07.023+0000] {processor.py:208} INFO - Processing /home/airflow/.local/lib/python3.12/site-packages/airflow/example_dags/example_latest_only_with_trigger.py took 0.080 seconds
[2025-02-27T15:57:37.942+0000] {processor.py:186} INFO - Started process (PID=687) to work on /home/airflow/.local/lib/python3.12/site-packages/airflow/example_dags/example_latest_only_with_trigger.py
[2025-02-27T15:57:37.943+0000] {processor.py:914} INFO - Processing file /home/airflow/.local/lib/python3.12/site-packages/airflow/example_dags/example_latest_only_with_trigger.py for tasks to queue
[2025-02-27T15:57:37.945+0000] {logging_mixin.py:190} INFO - [2025-02-27T15:57:37.944+0000] {dagbag.py:588} INFO - Filling up the DagBag from /home/airflow/.local/lib/python3.12/site-packages/airflow/example_dags/example_latest_only_with_trigger.py
[2025-02-27T15:57:37.953+0000] {processor.py:925} INFO - DAG(s) 'latest_only_with_trigger' retrieved from /home/airflow/.local/lib/python3.12/site-packages/airflow/example_dags/example_latest_only_with_trigger.py
[2025-02-27T15:57:37.976+0000] {logging_mixin.py:190} INFO - [2025-02-27T15:57:37.976+0000] {dag.py:3239} INFO - Sync 1 DAGs
[2025-02-27T15:57:38.001+0000] {logging_mixin.py:190} INFO - [2025-02-27T15:57:38.001+0000] {dag.py:4180} INFO - Setting next_dagrun for latest_only_with_trigger to 2025-02-27 08:00:00+00:00, run_after=2025-02-27 12:00:00+00:00
[2025-02-27T15:57:38.020+0000] {processor.py:208} INFO - Processing /home/airflow/.local/lib/python3.12/site-packages/airflow/example_dags/example_latest_only_with_trigger.py took 0.084 seconds
[2025-02-27T15:58:08.176+0000] {processor.py:186} INFO - Started process (PID=749) to work on /home/airflow/.local/lib/python3.12/site-packages/airflow/example_dags/example_latest_only_with_trigger.py
[2025-02-27T15:58:08.177+0000] {processor.py:914} INFO - Processing file /home/airflow/.local/lib/python3.12/site-packages/airflow/example_dags/example_latest_only_with_trigger.py for tasks to queue
[2025-02-27T15:58:08.180+0000] {logging_mixin.py:190} INFO - [2025-02-27T15:58:08.179+0000] {dagbag.py:588} INFO - Filling up the DagBag from /home/airflow/.local/lib/python3.12/site-packages/airflow/example_dags/example_latest_only_with_trigger.py
[2025-02-27T15:58:08.187+0000] {processor.py:925} INFO - DAG(s) 'latest_only_with_trigger' retrieved from /home/airflow/.local/lib/python3.12/site-packages/airflow/example_dags/example_latest_only_with_trigger.py
[2025-02-27T15:58:08.208+0000] {logging_mixin.py:190} INFO - [2025-02-27T15:58:08.208+0000] {dag.py:3239} INFO - Sync 1 DAGs
[2025-02-27T15:58:08.235+0000] {logging_mixin.py:190} INFO - [2025-02-27T15:58:08.235+0000] {dag.py:4180} INFO - Setting next_dagrun for latest_only_with_trigger to 2025-02-27 08:00:00+00:00, run_after=2025-02-27 12:00:00+00:00
[2025-02-27T15:58:08.260+0000] {processor.py:208} INFO - Processing /home/airflow/.local/lib/python3.12/site-packages/airflow/example_dags/example_latest_only_with_trigger.py took 0.090 seconds
[2025-02-27T15:58:38.569+0000] {processor.py:186} INFO - Started process (PID=811) to work on /home/airflow/.local/lib/python3.12/site-packages/airflow/example_dags/example_latest_only_with_trigger.py
[2025-02-27T15:58:38.570+0000] {processor.py:914} INFO - Processing file /home/airflow/.local/lib/python3.12/site-packages/airflow/example_dags/example_latest_only_with_trigger.py for tasks to queue
[2025-02-27T15:58:38.572+0000] {logging_mixin.py:190} INFO - [2025-02-27T15:58:38.572+0000] {dagbag.py:588} INFO - Filling up the DagBag from /home/airflow/.local/lib/python3.12/site-packages/airflow/example_dags/example_latest_only_with_trigger.py
[2025-02-27T15:58:38.581+0000] {processor.py:925} INFO - DAG(s) 'latest_only_with_trigger' retrieved from /home/airflow/.local/lib/python3.12/site-packages/airflow/example_dags/example_latest_only_with_trigger.py
[2025-02-27T15:58:38.603+0000] {logging_mixin.py:190} INFO - [2025-02-27T15:58:38.602+0000] {dag.py:3239} INFO - Sync 1 DAGs
[2025-02-27T15:58:38.629+0000] {logging_mixin.py:190} INFO - [2025-02-27T15:58:38.628+0000] {dag.py:4180} INFO - Setting next_dagrun for latest_only_with_trigger to 2025-02-27 08:00:00+00:00, run_after=2025-02-27 12:00:00+00:00
[2025-02-27T15:58:38.651+0000] {processor.py:208} INFO - Processing /home/airflow/.local/lib/python3.12/site-packages/airflow/example_dags/example_latest_only_with_trigger.py took 0.087 seconds
[2025-02-27T15:59:09.516+0000] {processor.py:186} INFO - Started process (PID=874) to work on /home/airflow/.local/lib/python3.12/site-packages/airflow/example_dags/example_latest_only_with_trigger.py
[2025-02-27T15:59:09.517+0000] {processor.py:914} INFO - Processing file /home/airflow/.local/lib/python3.12/site-packages/airflow/example_dags/example_latest_only_with_trigger.py for tasks to queue
[2025-02-27T15:59:09.519+0000] {logging_mixin.py:190} INFO - [2025-02-27T15:59:09.519+0000] {dagbag.py:588} INFO - Filling up the DagBag from /home/airflow/.local/lib/python3.12/site-packages/airflow/example_dags/example_latest_only_with_trigger.py
[2025-02-27T15:59:09.526+0000] {processor.py:925} INFO - DAG(s) 'latest_only_with_trigger' retrieved from /home/airflow/.local/lib/python3.12/site-packages/airflow/example_dags/example_latest_only_with_trigger.py
[2025-02-27T15:59:09.548+0000] {logging_mixin.py:190} INFO - [2025-02-27T15:59:09.547+0000] {dag.py:3239} INFO - Sync 1 DAGs
[2025-02-27T15:59:09.571+0000] {logging_mixin.py:190} INFO - [2025-02-27T15:59:09.571+0000] {dag.py:4180} INFO - Setting next_dagrun for latest_only_with_trigger to 2025-02-27 08:00:00+00:00, run_after=2025-02-27 12:00:00+00:00
[2025-02-27T15:59:09.590+0000] {processor.py:208} INFO - Processing /home/airflow/.local/lib/python3.12/site-packages/airflow/example_dags/example_latest_only_with_trigger.py took 0.080 seconds
[2025-02-27T15:59:39.860+0000] {processor.py:186} INFO - Started process (PID=937) to work on /home/airflow/.local/lib/python3.12/site-packages/airflow/example_dags/example_latest_only_with_trigger.py
[2025-02-27T15:59:39.861+0000] {processor.py:914} INFO - Processing file /home/airflow/.local/lib/python3.12/site-packages/airflow/example_dags/example_latest_only_with_trigger.py for tasks to queue
[2025-02-27T15:59:39.864+0000] {logging_mixin.py:190} INFO - [2025-02-27T15:59:39.864+0000] {dagbag.py:588} INFO - Filling up the DagBag from /home/airflow/.local/lib/python3.12/site-packages/airflow/example_dags/example_latest_only_with_trigger.py
[2025-02-27T15:59:39.871+0000] {processor.py:925} INFO - DAG(s) 'latest_only_with_trigger' retrieved from /home/airflow/.local/lib/python3.12/site-packages/airflow/example_dags/example_latest_only_with_trigger.py
[2025-02-27T15:59:39.892+0000] {logging_mixin.py:190} INFO - [2025-02-27T15:59:39.892+0000] {dag.py:3239} INFO - Sync 1 DAGs
[2025-02-27T15:59:39.915+0000] {logging_mixin.py:190} INFO - [2025-02-27T15:59:39.915+0000] {dag.py:4180} INFO - Setting next_dagrun for latest_only_with_trigger to 2025-02-27 08:00:00+00:00, run_after=2025-02-27 12:00:00+00:00
[2025-02-27T15:59:39.935+0000] {processor.py:208} INFO - Processing /home/airflow/.local/lib/python3.12/site-packages/airflow/example_dags/example_latest_only_with_trigger.py took 0.080 seconds
[2025-02-27T16:00:10.120+0000] {processor.py:186} INFO - Started process (PID=1000) to work on /home/airflow/.local/lib/python3.12/site-packages/airflow/example_dags/example_latest_only_with_trigger.py
[2025-02-27T16:00:10.121+0000] {processor.py:914} INFO - Processing file /home/airflow/.local/lib/python3.12/site-packages/airflow/example_dags/example_latest_only_with_trigger.py for tasks to queue
[2025-02-27T16:00:10.124+0000] {logging_mixin.py:190} INFO - [2025-02-27T16:00:10.123+0000] {dagbag.py:588} INFO - Filling up the DagBag from /home/airflow/.local/lib/python3.12/site-packages/airflow/example_dags/example_latest_only_with_trigger.py
[2025-02-27T16:00:10.133+0000] {processor.py:925} INFO - DAG(s) 'latest_only_with_trigger' retrieved from /home/airflow/.local/lib/python3.12/site-packages/airflow/example_dags/example_latest_only_with_trigger.py
[2025-02-27T16:00:10.154+0000] {logging_mixin.py:190} INFO - [2025-02-27T16:00:10.154+0000] {dag.py:3239} INFO - Sync 1 DAGs
[2025-02-27T16:00:10.178+0000] {logging_mixin.py:190} INFO - [2025-02-27T16:00:10.178+0000] {dag.py:4180} INFO - Setting next_dagrun for latest_only_with_trigger to 2025-02-27 12:00:00+00:00, run_after=2025-02-27 16:00:00+00:00
[2025-02-27T16:00:10.196+0000] {processor.py:208} INFO - Processing /home/airflow/.local/lib/python3.12/site-packages/airflow/example_dags/example_latest_only_with_trigger.py took 0.081 seconds
[2025-02-27T16:00:40.655+0000] {processor.py:186} INFO - Started process (PID=1063) to work on /home/airflow/.local/lib/python3.12/site-packages/airflow/example_dags/example_latest_only_with_trigger.py
[2025-02-27T16:00:40.656+0000] {processor.py:914} INFO - Processing file /home/airflow/.local/lib/python3.12/site-packages/airflow/example_dags/example_latest_only_with_trigger.py for tasks to queue
[2025-02-27T16:00:40.658+0000] {logging_mixin.py:190} INFO - [2025-02-27T16:00:40.658+0000] {dagbag.py:588} INFO - Filling up the DagBag from /home/airflow/.local/lib/python3.12/site-packages/airflow/example_dags/example_latest_only_with_trigger.py
[2025-02-27T16:00:40.665+0000] {processor.py:925} INFO - DAG(s) 'latest_only_with_trigger' retrieved from /home/airflow/.local/lib/python3.12/site-packages/airflow/example_dags/example_latest_only_with_trigger.py
[2025-02-27T16:00:40.686+0000] {logging_mixin.py:190} INFO - [2025-02-27T16:00:40.686+0000] {dag.py:3239} INFO - Sync 1 DAGs
[2025-02-27T16:00:40.710+0000] {logging_mixin.py:190} INFO - [2025-02-27T16:00:40.709+0000] {dag.py:4180} INFO - Setting next_dagrun for latest_only_with_trigger to 2025-02-27 12:00:00+00:00, run_after=2025-02-27 16:00:00+00:00
[2025-02-27T16:00:40.728+0000] {processor.py:208} INFO - Processing /home/airflow/.local/lib/python3.12/site-packages/airflow/example_dags/example_latest_only_with_trigger.py took 0.078 seconds
[2025-02-27T16:01:11.059+0000] {processor.py:186} INFO - Started process (PID=1126) to work on /home/airflow/.local/lib/python3.12/site-packages/airflow/example_dags/example_latest_only_with_trigger.py
[2025-02-27T16:01:11.060+0000] {processor.py:914} INFO - Processing file /home/airflow/.local/lib/python3.12/site-packages/airflow/example_dags/example_latest_only_with_trigger.py for tasks to queue
[2025-02-27T16:01:11.063+0000] {logging_mixin.py:190} INFO - [2025-02-27T16:01:11.062+0000] {dagbag.py:588} INFO - Filling up the DagBag from /home/airflow/.local/lib/python3.12/site-packages/airflow/example_dags/example_latest_only_with_trigger.py
[2025-02-27T16:01:11.071+0000] {processor.py:925} INFO - DAG(s) 'latest_only_with_trigger' retrieved from /home/airflow/.local/lib/python3.12/site-packages/airflow/example_dags/example_latest_only_with_trigger.py
[2025-02-27T16:01:11.091+0000] {logging_mixin.py:190} INFO - [2025-02-27T16:01:11.091+0000] {dag.py:3239} INFO - Sync 1 DAGs
[2025-02-27T16:01:11.114+0000] {logging_mixin.py:190} INFO - [2025-02-27T16:01:11.114+0000] {dag.py:4180} INFO - Setting next_dagrun for latest_only_with_trigger to 2025-02-27 12:00:00+00:00, run_after=2025-02-27 16:00:00+00:00
[2025-02-27T16:01:11.131+0000] {processor.py:208} INFO - Processing /home/airflow/.local/lib/python3.12/site-packages/airflow/example_dags/example_latest_only_with_trigger.py took 0.078 seconds
[2025-02-27T16:01:41.333+0000] {processor.py:186} INFO - Started process (PID=1189) to work on /home/airflow/.local/lib/python3.12/site-packages/airflow/example_dags/example_latest_only_with_trigger.py
[2025-02-27T16:01:41.334+0000] {processor.py:914} INFO - Processing file /home/airflow/.local/lib/python3.12/site-packages/airflow/example_dags/example_latest_only_with_trigger.py for tasks to queue
[2025-02-27T16:01:41.337+0000] {logging_mixin.py:190} INFO - [2025-02-27T16:01:41.336+0000] {dagbag.py:588} INFO - Filling up the DagBag from /home/airflow/.local/lib/python3.12/site-packages/airflow/example_dags/example_latest_only_with_trigger.py
[2025-02-27T16:01:41.346+0000] {processor.py:925} INFO - DAG(s) 'latest_only_with_trigger' retrieved from /home/airflow/.local/lib/python3.12/site-packages/airflow/example_dags/example_latest_only_with_trigger.py
[2025-02-27T16:01:41.371+0000] {logging_mixin.py:190} INFO - [2025-02-27T16:01:41.370+0000] {dag.py:3239} INFO - Sync 1 DAGs
[2025-02-27T16:01:41.398+0000] {logging_mixin.py:190} INFO - [2025-02-27T16:01:41.398+0000] {dag.py:4180} INFO - Setting next_dagrun for latest_only_with_trigger to 2025-02-27 12:00:00+00:00, run_after=2025-02-27 16:00:00+00:00
[2025-02-27T16:01:41.428+0000] {processor.py:208} INFO - Processing /home/airflow/.local/lib/python3.12/site-packages/airflow/example_dags/example_latest_only_with_trigger.py took 0.102 seconds
[2025-02-27T16:02:11.838+0000] {processor.py:186} INFO - Started process (PID=1253) to work on /home/airflow/.local/lib/python3.12/site-packages/airflow/example_dags/example_latest_only_with_trigger.py
[2025-02-27T16:02:11.839+0000] {processor.py:914} INFO - Processing file /home/airflow/.local/lib/python3.12/site-packages/airflow/example_dags/example_latest_only_with_trigger.py for tasks to queue
[2025-02-27T16:02:11.843+0000] {logging_mixin.py:190} INFO - [2025-02-27T16:02:11.843+0000] {dagbag.py:588} INFO - Filling up the DagBag from /home/airflow/.local/lib/python3.12/site-packages/airflow/example_dags/example_latest_only_with_trigger.py
[2025-02-27T16:02:11.856+0000] {processor.py:925} INFO - DAG(s) 'latest_only_with_trigger' retrieved from /home/airflow/.local/lib/python3.12/site-packages/airflow/example_dags/example_latest_only_with_trigger.py
[2025-02-27T16:02:11.893+0000] {logging_mixin.py:190} INFO - [2025-02-27T16:02:11.891+0000] {dag.py:3239} INFO - Sync 1 DAGs
[2025-02-27T16:02:11.936+0000] {logging_mixin.py:190} INFO - [2025-02-27T16:02:11.936+0000] {dag.py:4180} INFO - Setting next_dagrun for latest_only_with_trigger to 2025-02-27 12:00:00+00:00, run_after=2025-02-27 16:00:00+00:00
[2025-02-27T16:02:11.961+0000] {processor.py:208} INFO - Processing /home/airflow/.local/lib/python3.12/site-packages/airflow/example_dags/example_latest_only_with_trigger.py took 0.132 seconds
[2025-02-27T16:02:42.651+0000] {processor.py:186} INFO - Started process (PID=1315) to work on /home/airflow/.local/lib/python3.12/site-packages/airflow/example_dags/example_latest_only_with_trigger.py
[2025-02-27T16:02:42.652+0000] {processor.py:914} INFO - Processing file /home/airflow/.local/lib/python3.12/site-packages/airflow/example_dags/example_latest_only_with_trigger.py for tasks to queue
[2025-02-27T16:02:42.655+0000] {logging_mixin.py:190} INFO - [2025-02-27T16:02:42.655+0000] {dagbag.py:588} INFO - Filling up the DagBag from /home/airflow/.local/lib/python3.12/site-packages/airflow/example_dags/example_latest_only_with_trigger.py
[2025-02-27T16:02:42.665+0000] {processor.py:925} INFO - DAG(s) 'latest_only_with_trigger' retrieved from /home/airflow/.local/lib/python3.12/site-packages/airflow/example_dags/example_latest_only_with_trigger.py
[2025-02-27T16:02:42.694+0000] {logging_mixin.py:190} INFO - [2025-02-27T16:02:42.694+0000] {dag.py:3239} INFO - Sync 1 DAGs
[2025-02-27T16:02:42.725+0000] {logging_mixin.py:190} INFO - [2025-02-27T16:02:42.725+0000] {dag.py:4180} INFO - Setting next_dagrun for latest_only_with_trigger to 2025-02-27 12:00:00+00:00, run_after=2025-02-27 16:00:00+00:00
[2025-02-27T16:02:42.761+0000] {processor.py:208} INFO - Processing /home/airflow/.local/lib/python3.12/site-packages/airflow/example_dags/example_latest_only_with_trigger.py took 0.117 seconds
[2025-02-27T16:03:13.583+0000] {processor.py:186} INFO - Started process (PID=1378) to work on /home/airflow/.local/lib/python3.12/site-packages/airflow/example_dags/example_latest_only_with_trigger.py
[2025-02-27T16:03:13.584+0000] {processor.py:914} INFO - Processing file /home/airflow/.local/lib/python3.12/site-packages/airflow/example_dags/example_latest_only_with_trigger.py for tasks to queue
[2025-02-27T16:03:13.588+0000] {logging_mixin.py:190} INFO - [2025-02-27T16:03:13.587+0000] {dagbag.py:588} INFO - Filling up the DagBag from /home/airflow/.local/lib/python3.12/site-packages/airflow/example_dags/example_latest_only_with_trigger.py
[2025-02-27T16:03:13.596+0000] {processor.py:925} INFO - DAG(s) 'latest_only_with_trigger' retrieved from /home/airflow/.local/lib/python3.12/site-packages/airflow/example_dags/example_latest_only_with_trigger.py
[2025-02-27T16:03:13.620+0000] {logging_mixin.py:190} INFO - [2025-02-27T16:03:13.619+0000] {dag.py:3239} INFO - Sync 1 DAGs
[2025-02-27T16:03:13.648+0000] {logging_mixin.py:190} INFO - [2025-02-27T16:03:13.648+0000] {dag.py:4180} INFO - Setting next_dagrun for latest_only_with_trigger to 2025-02-27 12:00:00+00:00, run_after=2025-02-27 16:00:00+00:00
[2025-02-27T16:03:13.671+0000] {processor.py:208} INFO - Processing /home/airflow/.local/lib/python3.12/site-packages/airflow/example_dags/example_latest_only_with_trigger.py took 0.095 seconds
