[2025-02-27T15:52:52.859+0000] {processor.py:186} INFO - Started process (PID=103) to work on /home/airflow/.local/lib/python3.12/site-packages/airflow/example_dags/example_datasets.py
[2025-02-27T15:52:52.861+0000] {processor.py:914} INFO - Processing file /home/airflow/.local/lib/python3.12/site-packages/airflow/example_dags/example_datasets.py for tasks to queue
[2025-02-27T15:52:52.865+0000] {logging_mixin.py:190} INFO - [2025-02-27T15:52:52.864+0000] {dagbag.py:588} INFO - Filling up the DagBag from /home/airflow/.local/lib/python3.12/site-packages/airflow/example_dags/example_datasets.py
[2025-02-27T15:52:55.179+0000] {processor.py:925} INFO - DAG(s) 'conditional_dataset_and_time_based_timetable', 'consume_1_or_2_with_dataset_expressions', 'consume_1_and_2_with_dataset_expressions', 'dataset_consumes_1_and_2', 'consume_1_or_both_2_and_3_with_dataset_expressions', 'dataset_consumes_1_never_scheduled', 'dataset_produces_2', 'dataset_produces_1', 'dataset_consumes_1', 'dataset_consumes_unknown_never_scheduled' retrieved from /home/airflow/.local/lib/python3.12/site-packages/airflow/example_dags/example_datasets.py
[2025-02-27T15:52:55.609+0000] {logging_mixin.py:190} INFO - [2025-02-27T15:52:55.608+0000] {override.py:1912} INFO - Created Permission View: can edit on DAG:conditional_dataset_and_time_based_timetable
[2025-02-27T15:52:55.623+0000] {logging_mixin.py:190} INFO - [2025-02-27T15:52:55.623+0000] {override.py:1912} INFO - Created Permission View: can delete on DAG:conditional_dataset_and_time_based_timetable
[2025-02-27T15:52:55.634+0000] {logging_mixin.py:190} INFO - [2025-02-27T15:52:55.633+0000] {override.py:1912} INFO - Created Permission View: can read on DAG:conditional_dataset_and_time_based_timetable
[2025-02-27T15:52:55.646+0000] {logging_mixin.py:190} INFO - [2025-02-27T15:52:55.646+0000] {override.py:1912} INFO - Created Permission View: can delete on DAG Run:conditional_dataset_and_time_based_timetable
[2025-02-27T15:52:55.658+0000] {logging_mixin.py:190} INFO - [2025-02-27T15:52:55.658+0000] {override.py:1912} INFO - Created Permission View: menu access on DAG Run:conditional_dataset_and_time_based_timetable
[2025-02-27T15:52:55.670+0000] {logging_mixin.py:190} INFO - [2025-02-27T15:52:55.669+0000] {override.py:1912} INFO - Created Permission View: can read on DAG Run:conditional_dataset_and_time_based_timetable
[2025-02-27T15:52:55.679+0000] {logging_mixin.py:190} INFO - [2025-02-27T15:52:55.679+0000] {override.py:1912} INFO - Created Permission View: can create on DAG Run:conditional_dataset_and_time_based_timetable
[2025-02-27T15:52:55.699+0000] {logging_mixin.py:190} INFO - [2025-02-27T15:52:55.698+0000] {override.py:1912} INFO - Created Permission View: can edit on DAG:consume_1_or_2_with_dataset_expressions
[2025-02-27T15:52:55.710+0000] {logging_mixin.py:190} INFO - [2025-02-27T15:52:55.710+0000] {override.py:1912} INFO - Created Permission View: can delete on DAG:consume_1_or_2_with_dataset_expressions
[2025-02-27T15:52:55.721+0000] {logging_mixin.py:190} INFO - [2025-02-27T15:52:55.721+0000] {override.py:1912} INFO - Created Permission View: can read on DAG:consume_1_or_2_with_dataset_expressions
[2025-02-27T15:52:55.733+0000] {logging_mixin.py:190} INFO - [2025-02-27T15:52:55.733+0000] {override.py:1912} INFO - Created Permission View: can delete on DAG Run:consume_1_or_2_with_dataset_expressions
[2025-02-27T15:52:55.745+0000] {logging_mixin.py:190} INFO - [2025-02-27T15:52:55.744+0000] {override.py:1912} INFO - Created Permission View: menu access on DAG Run:consume_1_or_2_with_dataset_expressions
[2025-02-27T15:52:55.756+0000] {logging_mixin.py:190} INFO - [2025-02-27T15:52:55.755+0000] {override.py:1912} INFO - Created Permission View: can read on DAG Run:consume_1_or_2_with_dataset_expressions
[2025-02-27T15:52:55.765+0000] {logging_mixin.py:190} INFO - [2025-02-27T15:52:55.764+0000] {override.py:1912} INFO - Created Permission View: can create on DAG Run:consume_1_or_2_with_dataset_expressions
[2025-02-27T15:52:55.788+0000] {logging_mixin.py:190} INFO - [2025-02-27T15:52:55.787+0000] {override.py:1912} INFO - Created Permission View: can edit on DAG:consume_1_and_2_with_dataset_expressions
[2025-02-27T15:52:55.801+0000] {logging_mixin.py:190} INFO - [2025-02-27T15:52:55.801+0000] {override.py:1912} INFO - Created Permission View: can delete on DAG:consume_1_and_2_with_dataset_expressions
[2025-02-27T15:52:55.812+0000] {logging_mixin.py:190} INFO - [2025-02-27T15:52:55.811+0000] {override.py:1912} INFO - Created Permission View: can read on DAG:consume_1_and_2_with_dataset_expressions
[2025-02-27T15:52:55.831+0000] {logging_mixin.py:190} INFO - [2025-02-27T15:52:55.831+0000] {override.py:1912} INFO - Created Permission View: can delete on DAG Run:consume_1_and_2_with_dataset_expressions
[2025-02-27T15:52:55.842+0000] {logging_mixin.py:190} INFO - [2025-02-27T15:52:55.842+0000] {override.py:1912} INFO - Created Permission View: menu access on DAG Run:consume_1_and_2_with_dataset_expressions
[2025-02-27T15:52:55.853+0000] {logging_mixin.py:190} INFO - [2025-02-27T15:52:55.853+0000] {override.py:1912} INFO - Created Permission View: can read on DAG Run:consume_1_and_2_with_dataset_expressions
[2025-02-27T15:52:55.863+0000] {logging_mixin.py:190} INFO - [2025-02-27T15:52:55.863+0000] {override.py:1912} INFO - Created Permission View: can create on DAG Run:consume_1_and_2_with_dataset_expressions
[2025-02-27T15:52:55.885+0000] {logging_mixin.py:190} INFO - [2025-02-27T15:52:55.885+0000] {override.py:1912} INFO - Created Permission View: can edit on DAG:dataset_consumes_1_and_2
[2025-02-27T15:52:55.895+0000] {logging_mixin.py:190} INFO - [2025-02-27T15:52:55.894+0000] {override.py:1912} INFO - Created Permission View: can delete on DAG:dataset_consumes_1_and_2
[2025-02-27T15:52:55.908+0000] {logging_mixin.py:190} INFO - [2025-02-27T15:52:55.907+0000] {override.py:1912} INFO - Created Permission View: can read on DAG:dataset_consumes_1_and_2
[2025-02-27T15:52:55.920+0000] {logging_mixin.py:190} INFO - [2025-02-27T15:52:55.920+0000] {override.py:1912} INFO - Created Permission View: can delete on DAG Run:dataset_consumes_1_and_2
[2025-02-27T15:52:55.931+0000] {logging_mixin.py:190} INFO - [2025-02-27T15:52:55.931+0000] {override.py:1912} INFO - Created Permission View: menu access on DAG Run:dataset_consumes_1_and_2
[2025-02-27T15:52:55.942+0000] {logging_mixin.py:190} INFO - [2025-02-27T15:52:55.942+0000] {override.py:1912} INFO - Created Permission View: can read on DAG Run:dataset_consumes_1_and_2
[2025-02-27T15:52:55.956+0000] {logging_mixin.py:190} INFO - [2025-02-27T15:52:55.955+0000] {override.py:1912} INFO - Created Permission View: can create on DAG Run:dataset_consumes_1_and_2
[2025-02-27T15:52:55.985+0000] {logging_mixin.py:190} INFO - [2025-02-27T15:52:55.985+0000] {override.py:1912} INFO - Created Permission View: can edit on DAG:consume_1_or_both_2_and_3_with_dataset_expressions
[2025-02-27T15:52:55.996+0000] {logging_mixin.py:190} INFO - [2025-02-27T15:52:55.996+0000] {override.py:1912} INFO - Created Permission View: can delete on DAG:consume_1_or_both_2_and_3_with_dataset_expressions
[2025-02-27T15:52:56.010+0000] {logging_mixin.py:190} INFO - [2025-02-27T15:52:56.010+0000] {override.py:1912} INFO - Created Permission View: can read on DAG:consume_1_or_both_2_and_3_with_dataset_expressions
[2025-02-27T15:52:56.024+0000] {logging_mixin.py:190} INFO - [2025-02-27T15:52:56.024+0000] {override.py:1912} INFO - Created Permission View: can delete on DAG Run:consume_1_or_both_2_and_3_with_dataset_expressions
[2025-02-27T15:52:56.040+0000] {logging_mixin.py:190} INFO - [2025-02-27T15:52:56.040+0000] {override.py:1912} INFO - Created Permission View: menu access on DAG Run:consume_1_or_both_2_and_3_with_dataset_expressions
[2025-02-27T15:52:56.050+0000] {logging_mixin.py:190} INFO - [2025-02-27T15:52:56.049+0000] {override.py:1912} INFO - Created Permission View: can read on DAG Run:consume_1_or_both_2_and_3_with_dataset_expressions
[2025-02-27T15:52:56.062+0000] {logging_mixin.py:190} INFO - [2025-02-27T15:52:56.062+0000] {override.py:1912} INFO - Created Permission View: can create on DAG Run:consume_1_or_both_2_and_3_with_dataset_expressions
[2025-02-27T15:52:56.083+0000] {logging_mixin.py:190} INFO - [2025-02-27T15:52:56.083+0000] {override.py:1912} INFO - Created Permission View: can edit on DAG:dataset_consumes_1_never_scheduled
[2025-02-27T15:52:56.094+0000] {logging_mixin.py:190} INFO - [2025-02-27T15:52:56.094+0000] {override.py:1912} INFO - Created Permission View: can delete on DAG:dataset_consumes_1_never_scheduled
[2025-02-27T15:52:56.103+0000] {logging_mixin.py:190} INFO - [2025-02-27T15:52:56.103+0000] {override.py:1912} INFO - Created Permission View: can read on DAG:dataset_consumes_1_never_scheduled
[2025-02-27T15:52:56.115+0000] {logging_mixin.py:190} INFO - [2025-02-27T15:52:56.115+0000] {override.py:1912} INFO - Created Permission View: can delete on DAG Run:dataset_consumes_1_never_scheduled
[2025-02-27T15:52:56.125+0000] {logging_mixin.py:190} INFO - [2025-02-27T15:52:56.124+0000] {override.py:1912} INFO - Created Permission View: menu access on DAG Run:dataset_consumes_1_never_scheduled
[2025-02-27T15:52:56.134+0000] {logging_mixin.py:190} INFO - [2025-02-27T15:52:56.134+0000] {override.py:1912} INFO - Created Permission View: can read on DAG Run:dataset_consumes_1_never_scheduled
[2025-02-27T15:52:56.144+0000] {logging_mixin.py:190} INFO - [2025-02-27T15:52:56.144+0000] {override.py:1912} INFO - Created Permission View: can create on DAG Run:dataset_consumes_1_never_scheduled
[2025-02-27T15:52:56.180+0000] {logging_mixin.py:190} INFO - [2025-02-27T15:52:56.179+0000] {override.py:1912} INFO - Created Permission View: can edit on DAG:dataset_produces_2
[2025-02-27T15:52:56.192+0000] {logging_mixin.py:190} INFO - [2025-02-27T15:52:56.192+0000] {override.py:1912} INFO - Created Permission View: can delete on DAG:dataset_produces_2
[2025-02-27T15:52:56.204+0000] {logging_mixin.py:190} INFO - [2025-02-27T15:52:56.204+0000] {override.py:1912} INFO - Created Permission View: can read on DAG:dataset_produces_2
[2025-02-27T15:52:56.222+0000] {logging_mixin.py:190} INFO - [2025-02-27T15:52:56.221+0000] {override.py:1912} INFO - Created Permission View: can delete on DAG Run:dataset_produces_2
[2025-02-27T15:52:56.231+0000] {logging_mixin.py:190} INFO - [2025-02-27T15:52:56.231+0000] {override.py:1912} INFO - Created Permission View: menu access on DAG Run:dataset_produces_2
[2025-02-27T15:52:56.242+0000] {logging_mixin.py:190} INFO - [2025-02-27T15:52:56.241+0000] {override.py:1912} INFO - Created Permission View: can read on DAG Run:dataset_produces_2
[2025-02-27T15:52:56.253+0000] {logging_mixin.py:190} INFO - [2025-02-27T15:52:56.253+0000] {override.py:1912} INFO - Created Permission View: can create on DAG Run:dataset_produces_2
[2025-02-27T15:52:56.273+0000] {logging_mixin.py:190} INFO - [2025-02-27T15:52:56.272+0000] {override.py:1912} INFO - Created Permission View: can edit on DAG:dataset_produces_1
[2025-02-27T15:52:56.284+0000] {logging_mixin.py:190} INFO - [2025-02-27T15:52:56.283+0000] {override.py:1912} INFO - Created Permission View: can delete on DAG:dataset_produces_1
[2025-02-27T15:52:56.295+0000] {logging_mixin.py:190} INFO - [2025-02-27T15:52:56.295+0000] {override.py:1912} INFO - Created Permission View: can read on DAG:dataset_produces_1
[2025-02-27T15:52:56.312+0000] {logging_mixin.py:190} INFO - [2025-02-27T15:52:56.312+0000] {override.py:1912} INFO - Created Permission View: can delete on DAG Run:dataset_produces_1
[2025-02-27T15:52:56.324+0000] {logging_mixin.py:190} INFO - [2025-02-27T15:52:56.323+0000] {override.py:1912} INFO - Created Permission View: menu access on DAG Run:dataset_produces_1
[2025-02-27T15:52:56.343+0000] {logging_mixin.py:190} INFO - [2025-02-27T15:52:56.342+0000] {override.py:1912} INFO - Created Permission View: can read on DAG Run:dataset_produces_1
[2025-02-27T15:52:56.368+0000] {logging_mixin.py:190} INFO - [2025-02-27T15:52:56.368+0000] {override.py:1912} INFO - Created Permission View: can create on DAG Run:dataset_produces_1
[2025-02-27T15:52:56.390+0000] {logging_mixin.py:190} INFO - [2025-02-27T15:52:56.390+0000] {override.py:1912} INFO - Created Permission View: can edit on DAG:dataset_consumes_1
[2025-02-27T15:52:56.404+0000] {logging_mixin.py:190} INFO - [2025-02-27T15:52:56.403+0000] {override.py:1912} INFO - Created Permission View: can delete on DAG:dataset_consumes_1
[2025-02-27T15:52:56.415+0000] {logging_mixin.py:190} INFO - [2025-02-27T15:52:56.414+0000] {override.py:1912} INFO - Created Permission View: can read on DAG:dataset_consumes_1
[2025-02-27T15:52:56.427+0000] {logging_mixin.py:190} INFO - [2025-02-27T15:52:56.427+0000] {override.py:1912} INFO - Created Permission View: can delete on DAG Run:dataset_consumes_1
[2025-02-27T15:52:56.439+0000] {logging_mixin.py:190} INFO - [2025-02-27T15:52:56.439+0000] {override.py:1912} INFO - Created Permission View: menu access on DAG Run:dataset_consumes_1
[2025-02-27T15:52:56.450+0000] {logging_mixin.py:190} INFO - [2025-02-27T15:52:56.449+0000] {override.py:1912} INFO - Created Permission View: can read on DAG Run:dataset_consumes_1
[2025-02-27T15:52:56.460+0000] {logging_mixin.py:190} INFO - [2025-02-27T15:52:56.459+0000] {override.py:1912} INFO - Created Permission View: can create on DAG Run:dataset_consumes_1
[2025-02-27T15:52:56.479+0000] {logging_mixin.py:190} INFO - [2025-02-27T15:52:56.478+0000] {override.py:1912} INFO - Created Permission View: can edit on DAG:dataset_consumes_unknown_never_scheduled
[2025-02-27T15:52:56.487+0000] {logging_mixin.py:190} INFO - [2025-02-27T15:52:56.487+0000] {override.py:1912} INFO - Created Permission View: can delete on DAG:dataset_consumes_unknown_never_scheduled
[2025-02-27T15:52:56.496+0000] {logging_mixin.py:190} INFO - [2025-02-27T15:52:56.496+0000] {override.py:1912} INFO - Created Permission View: can read on DAG:dataset_consumes_unknown_never_scheduled
[2025-02-27T15:52:56.508+0000] {logging_mixin.py:190} INFO - [2025-02-27T15:52:56.508+0000] {override.py:1912} INFO - Created Permission View: can delete on DAG Run:dataset_consumes_unknown_never_scheduled
[2025-02-27T15:52:56.517+0000] {logging_mixin.py:190} INFO - [2025-02-27T15:52:56.516+0000] {override.py:1912} INFO - Created Permission View: menu access on DAG Run:dataset_consumes_unknown_never_scheduled
[2025-02-27T15:52:56.527+0000] {logging_mixin.py:190} INFO - [2025-02-27T15:52:56.527+0000] {override.py:1912} INFO - Created Permission View: can read on DAG Run:dataset_consumes_unknown_never_scheduled
[2025-02-27T15:52:56.537+0000] {logging_mixin.py:190} INFO - [2025-02-27T15:52:56.537+0000] {override.py:1912} INFO - Created Permission View: can create on DAG Run:dataset_consumes_unknown_never_scheduled
[2025-02-27T15:52:56.538+0000] {logging_mixin.py:190} INFO - [2025-02-27T15:52:56.538+0000] {dag.py:3239} INFO - Sync 10 DAGs
[2025-02-27T15:52:56.553+0000] {logging_mixin.py:190} INFO - [2025-02-27T15:52:56.553+0000] {dag.py:3262} INFO - Creating ORM DAG for dataset_consumes_1_and_2
[2025-02-27T15:52:56.554+0000] {logging_mixin.py:190} INFO - [2025-02-27T15:52:56.554+0000] {dag.py:3262} INFO - Creating ORM DAG for dataset_produces_1
[2025-02-27T15:52:56.555+0000] {logging_mixin.py:190} INFO - [2025-02-27T15:52:56.555+0000] {dag.py:3262} INFO - Creating ORM DAG for consume_1_or_2_with_dataset_expressions
[2025-02-27T15:52:56.556+0000] {logging_mixin.py:190} INFO - [2025-02-27T15:52:56.556+0000] {dag.py:3262} INFO - Creating ORM DAG for conditional_dataset_and_time_based_timetable
[2025-02-27T15:52:56.557+0000] {logging_mixin.py:190} INFO - [2025-02-27T15:52:56.557+0000] {dag.py:3262} INFO - Creating ORM DAG for dataset_consumes_1_never_scheduled
[2025-02-27T15:52:56.558+0000] {logging_mixin.py:190} INFO - [2025-02-27T15:52:56.558+0000] {dag.py:3262} INFO - Creating ORM DAG for dataset_produces_2
[2025-02-27T15:52:56.559+0000] {logging_mixin.py:190} INFO - [2025-02-27T15:52:56.559+0000] {dag.py:3262} INFO - Creating ORM DAG for consume_1_or_both_2_and_3_with_dataset_expressions
[2025-02-27T15:52:56.559+0000] {logging_mixin.py:190} INFO - [2025-02-27T15:52:56.559+0000] {dag.py:3262} INFO - Creating ORM DAG for dataset_consumes_1
[2025-02-27T15:52:56.560+0000] {logging_mixin.py:190} INFO - [2025-02-27T15:52:56.560+0000] {dag.py:3262} INFO - Creating ORM DAG for dataset_consumes_unknown_never_scheduled
[2025-02-27T15:52:56.561+0000] {logging_mixin.py:190} INFO - [2025-02-27T15:52:56.561+0000] {dag.py:3262} INFO - Creating ORM DAG for consume_1_and_2_with_dataset_expressions
[2025-02-27T15:52:56.574+0000] {logging_mixin.py:190} INFO - [2025-02-27T15:52:56.573+0000] {dag.py:4180} INFO - Setting next_dagrun for conditional_dataset_and_time_based_timetable to 2025-02-26 01:00:00+00:00, run_after=2025-02-26 01:00:00+00:00
[2025-02-27T15:52:56.575+0000] {logging_mixin.py:190} INFO - [2025-02-27T15:52:56.575+0000] {dag.py:4180} INFO - Setting next_dagrun for consume_1_and_2_with_dataset_expressions to None, run_after=None
[2025-02-27T15:52:56.575+0000] {logging_mixin.py:190} INFO - [2025-02-27T15:52:56.575+0000] {dag.py:4180} INFO - Setting next_dagrun for consume_1_or_2_with_dataset_expressions to None, run_after=None
[2025-02-27T15:52:56.576+0000] {logging_mixin.py:190} INFO - [2025-02-27T15:52:56.576+0000] {dag.py:4180} INFO - Setting next_dagrun for consume_1_or_both_2_and_3_with_dataset_expressions to None, run_after=None
[2025-02-27T15:52:56.577+0000] {logging_mixin.py:190} INFO - [2025-02-27T15:52:56.576+0000] {dag.py:4180} INFO - Setting next_dagrun for dataset_consumes_1 to None, run_after=None
[2025-02-27T15:52:56.577+0000] {logging_mixin.py:190} INFO - [2025-02-27T15:52:56.577+0000] {dag.py:4180} INFO - Setting next_dagrun for dataset_consumes_1_and_2 to None, run_after=None
[2025-02-27T15:52:56.580+0000] {logging_mixin.py:190} INFO - [2025-02-27T15:52:56.579+0000] {dag.py:4180} INFO - Setting next_dagrun for dataset_consumes_1_never_scheduled to None, run_after=None
[2025-02-27T15:52:56.581+0000] {logging_mixin.py:190} INFO - [2025-02-27T15:52:56.580+0000] {dag.py:4180} INFO - Setting next_dagrun for dataset_consumes_unknown_never_scheduled to None, run_after=None
[2025-02-27T15:52:56.583+0000] {logging_mixin.py:190} INFO - [2025-02-27T15:52:56.582+0000] {dag.py:4180} INFO - Setting next_dagrun for dataset_produces_1 to 2025-02-26 00:00:00+00:00, run_after=2025-02-27 00:00:00+00:00
[2025-02-27T15:52:56.584+0000] {logging_mixin.py:190} INFO - [2025-02-27T15:52:56.584+0000] {dag.py:4180} INFO - Setting next_dagrun for dataset_produces_2 to None, run_after=None
[2025-02-27T15:52:56.643+0000] {processor.py:208} INFO - Processing /home/airflow/.local/lib/python3.12/site-packages/airflow/example_dags/example_datasets.py took 3.802 seconds
[2025-02-27T15:53:27.315+0000] {processor.py:186} INFO - Started process (PID=169) to work on /home/airflow/.local/lib/python3.12/site-packages/airflow/example_dags/example_datasets.py
[2025-02-27T15:53:27.316+0000] {processor.py:914} INFO - Processing file /home/airflow/.local/lib/python3.12/site-packages/airflow/example_dags/example_datasets.py for tasks to queue
[2025-02-27T15:53:27.319+0000] {logging_mixin.py:190} INFO - [2025-02-27T15:53:27.318+0000] {dagbag.py:588} INFO - Filling up the DagBag from /home/airflow/.local/lib/python3.12/site-packages/airflow/example_dags/example_datasets.py
[2025-02-27T15:53:28.009+0000] {processor.py:925} INFO - DAG(s) 'dataset_produces_1', 'dataset_produces_2', 'consume_1_or_both_2_and_3_with_dataset_expressions', 'conditional_dataset_and_time_based_timetable', 'dataset_consumes_1_and_2', 'consume_1_and_2_with_dataset_expressions', 'dataset_consumes_1', 'consume_1_or_2_with_dataset_expressions', 'dataset_consumes_unknown_never_scheduled', 'dataset_consumes_1_never_scheduled' retrieved from /home/airflow/.local/lib/python3.12/site-packages/airflow/example_dags/example_datasets.py
[2025-02-27T15:53:28.067+0000] {logging_mixin.py:190} INFO - [2025-02-27T15:53:28.067+0000] {dag.py:3239} INFO - Sync 10 DAGs
[2025-02-27T15:53:28.103+0000] {logging_mixin.py:190} INFO - [2025-02-27T15:53:28.103+0000] {dag.py:4180} INFO - Setting next_dagrun for conditional_dataset_and_time_based_timetable to 2025-02-26 01:00:00+00:00, run_after=2025-02-26 01:00:00+00:00
[2025-02-27T15:53:28.108+0000] {logging_mixin.py:190} INFO - [2025-02-27T15:53:28.108+0000] {dag.py:4180} INFO - Setting next_dagrun for consume_1_and_2_with_dataset_expressions to None, run_after=None
[2025-02-27T15:53:28.111+0000] {logging_mixin.py:190} INFO - [2025-02-27T15:53:28.110+0000] {dag.py:4180} INFO - Setting next_dagrun for consume_1_or_2_with_dataset_expressions to None, run_after=None
[2025-02-27T15:53:28.113+0000] {logging_mixin.py:190} INFO - [2025-02-27T15:53:28.113+0000] {dag.py:4180} INFO - Setting next_dagrun for consume_1_or_both_2_and_3_with_dataset_expressions to None, run_after=None
[2025-02-27T15:53:28.116+0000] {logging_mixin.py:190} INFO - [2025-02-27T15:53:28.115+0000] {dag.py:4180} INFO - Setting next_dagrun for dataset_consumes_1 to None, run_after=None
[2025-02-27T15:53:28.118+0000] {logging_mixin.py:190} INFO - [2025-02-27T15:53:28.118+0000] {dag.py:4180} INFO - Setting next_dagrun for dataset_consumes_1_and_2 to None, run_after=None
[2025-02-27T15:53:28.120+0000] {logging_mixin.py:190} INFO - [2025-02-27T15:53:28.120+0000] {dag.py:4180} INFO - Setting next_dagrun for dataset_consumes_1_never_scheduled to None, run_after=None
[2025-02-27T15:53:28.122+0000] {logging_mixin.py:190} INFO - [2025-02-27T15:53:28.122+0000] {dag.py:4180} INFO - Setting next_dagrun for dataset_consumes_unknown_never_scheduled to None, run_after=None
[2025-02-27T15:53:28.125+0000] {logging_mixin.py:190} INFO - [2025-02-27T15:53:28.125+0000] {dag.py:4180} INFO - Setting next_dagrun for dataset_produces_1 to 2025-02-26 00:00:00+00:00, run_after=2025-02-27 00:00:00+00:00
[2025-02-27T15:53:28.128+0000] {logging_mixin.py:190} INFO - [2025-02-27T15:53:28.128+0000] {dag.py:4180} INFO - Setting next_dagrun for dataset_produces_2 to None, run_after=None
[2025-02-27T15:53:28.183+0000] {processor.py:208} INFO - Processing /home/airflow/.local/lib/python3.12/site-packages/airflow/example_dags/example_datasets.py took 0.878 seconds
[2025-02-27T15:53:58.696+0000] {processor.py:186} INFO - Started process (PID=236) to work on /home/airflow/.local/lib/python3.12/site-packages/airflow/example_dags/example_datasets.py
[2025-02-27T15:53:58.697+0000] {processor.py:914} INFO - Processing file /home/airflow/.local/lib/python3.12/site-packages/airflow/example_dags/example_datasets.py for tasks to queue
[2025-02-27T15:53:58.700+0000] {logging_mixin.py:190} INFO - [2025-02-27T15:53:58.699+0000] {dagbag.py:588} INFO - Filling up the DagBag from /home/airflow/.local/lib/python3.12/site-packages/airflow/example_dags/example_datasets.py
[2025-02-27T15:53:59.607+0000] {processor.py:925} INFO - DAG(s) 'consume_1_and_2_with_dataset_expressions', 'dataset_consumes_1_never_scheduled', 'conditional_dataset_and_time_based_timetable', 'dataset_consumes_unknown_never_scheduled', 'dataset_consumes_1', 'dataset_produces_2', 'consume_1_or_2_with_dataset_expressions', 'consume_1_or_both_2_and_3_with_dataset_expressions', 'dataset_produces_1', 'dataset_consumes_1_and_2' retrieved from /home/airflow/.local/lib/python3.12/site-packages/airflow/example_dags/example_datasets.py
[2025-02-27T15:53:59.679+0000] {logging_mixin.py:190} INFO - [2025-02-27T15:53:59.679+0000] {dag.py:3239} INFO - Sync 10 DAGs
[2025-02-27T15:53:59.718+0000] {logging_mixin.py:190} INFO - [2025-02-27T15:53:59.718+0000] {dag.py:4180} INFO - Setting next_dagrun for conditional_dataset_and_time_based_timetable to 2025-02-26 01:00:00+00:00, run_after=2025-02-26 01:00:00+00:00
[2025-02-27T15:53:59.724+0000] {logging_mixin.py:190} INFO - [2025-02-27T15:53:59.724+0000] {dag.py:4180} INFO - Setting next_dagrun for consume_1_and_2_with_dataset_expressions to None, run_after=None
[2025-02-27T15:53:59.726+0000] {logging_mixin.py:190} INFO - [2025-02-27T15:53:59.726+0000] {dag.py:4180} INFO - Setting next_dagrun for consume_1_or_2_with_dataset_expressions to None, run_after=None
[2025-02-27T15:53:59.728+0000] {logging_mixin.py:190} INFO - [2025-02-27T15:53:59.728+0000] {dag.py:4180} INFO - Setting next_dagrun for consume_1_or_both_2_and_3_with_dataset_expressions to None, run_after=None
[2025-02-27T15:53:59.731+0000] {logging_mixin.py:190} INFO - [2025-02-27T15:53:59.731+0000] {dag.py:4180} INFO - Setting next_dagrun for dataset_consumes_1 to None, run_after=None
[2025-02-27T15:53:59.733+0000] {logging_mixin.py:190} INFO - [2025-02-27T15:53:59.733+0000] {dag.py:4180} INFO - Setting next_dagrun for dataset_consumes_1_and_2 to None, run_after=None
[2025-02-27T15:53:59.735+0000] {logging_mixin.py:190} INFO - [2025-02-27T15:53:59.734+0000] {dag.py:4180} INFO - Setting next_dagrun for dataset_consumes_1_never_scheduled to None, run_after=None
[2025-02-27T15:53:59.736+0000] {logging_mixin.py:190} INFO - [2025-02-27T15:53:59.736+0000] {dag.py:4180} INFO - Setting next_dagrun for dataset_consumes_unknown_never_scheduled to None, run_after=None
[2025-02-27T15:53:59.740+0000] {logging_mixin.py:190} INFO - [2025-02-27T15:53:59.740+0000] {dag.py:4180} INFO - Setting next_dagrun for dataset_produces_1 to 2025-02-26 00:00:00+00:00, run_after=2025-02-27 00:00:00+00:00
[2025-02-27T15:53:59.742+0000] {logging_mixin.py:190} INFO - [2025-02-27T15:53:59.741+0000] {dag.py:4180} INFO - Setting next_dagrun for dataset_produces_2 to None, run_after=None
[2025-02-27T15:53:59.793+0000] {processor.py:208} INFO - Processing /home/airflow/.local/lib/python3.12/site-packages/airflow/example_dags/example_datasets.py took 1.106 seconds
[2025-02-27T15:54:29.966+0000] {processor.py:186} INFO - Started process (PID=300) to work on /home/airflow/.local/lib/python3.12/site-packages/airflow/example_dags/example_datasets.py
[2025-02-27T15:54:29.967+0000] {processor.py:914} INFO - Processing file /home/airflow/.local/lib/python3.12/site-packages/airflow/example_dags/example_datasets.py for tasks to queue
[2025-02-27T15:54:29.969+0000] {logging_mixin.py:190} INFO - [2025-02-27T15:54:29.969+0000] {dagbag.py:588} INFO - Filling up the DagBag from /home/airflow/.local/lib/python3.12/site-packages/airflow/example_dags/example_datasets.py
[2025-02-27T15:54:30.665+0000] {processor.py:925} INFO - DAG(s) 'dataset_consumes_1', 'dataset_consumes_unknown_never_scheduled', 'dataset_consumes_1_and_2', 'consume_1_or_2_with_dataset_expressions', 'consume_1_or_both_2_and_3_with_dataset_expressions', 'conditional_dataset_and_time_based_timetable', 'dataset_produces_2', 'dataset_consumes_1_never_scheduled', 'consume_1_and_2_with_dataset_expressions', 'dataset_produces_1' retrieved from /home/airflow/.local/lib/python3.12/site-packages/airflow/example_dags/example_datasets.py
[2025-02-27T15:54:30.715+0000] {logging_mixin.py:190} INFO - [2025-02-27T15:54:30.715+0000] {dag.py:3239} INFO - Sync 10 DAGs
[2025-02-27T15:54:30.743+0000] {logging_mixin.py:190} INFO - [2025-02-27T15:54:30.743+0000] {dag.py:4180} INFO - Setting next_dagrun for conditional_dataset_and_time_based_timetable to 2025-02-26 01:00:00+00:00, run_after=2025-02-26 01:00:00+00:00
[2025-02-27T15:54:30.748+0000] {logging_mixin.py:190} INFO - [2025-02-27T15:54:30.747+0000] {dag.py:4180} INFO - Setting next_dagrun for consume_1_and_2_with_dataset_expressions to None, run_after=None
[2025-02-27T15:54:30.749+0000] {logging_mixin.py:190} INFO - [2025-02-27T15:54:30.749+0000] {dag.py:4180} INFO - Setting next_dagrun for consume_1_or_2_with_dataset_expressions to None, run_after=None
[2025-02-27T15:54:30.751+0000] {logging_mixin.py:190} INFO - [2025-02-27T15:54:30.751+0000] {dag.py:4180} INFO - Setting next_dagrun for consume_1_or_both_2_and_3_with_dataset_expressions to None, run_after=None
[2025-02-27T15:54:30.752+0000] {logging_mixin.py:190} INFO - [2025-02-27T15:54:30.752+0000] {dag.py:4180} INFO - Setting next_dagrun for dataset_consumes_1 to None, run_after=None
[2025-02-27T15:54:30.753+0000] {logging_mixin.py:190} INFO - [2025-02-27T15:54:30.753+0000] {dag.py:4180} INFO - Setting next_dagrun for dataset_consumes_1_and_2 to None, run_after=None
[2025-02-27T15:54:30.755+0000] {logging_mixin.py:190} INFO - [2025-02-27T15:54:30.755+0000] {dag.py:4180} INFO - Setting next_dagrun for dataset_consumes_1_never_scheduled to None, run_after=None
[2025-02-27T15:54:30.757+0000] {logging_mixin.py:190} INFO - [2025-02-27T15:54:30.756+0000] {dag.py:4180} INFO - Setting next_dagrun for dataset_consumes_unknown_never_scheduled to None, run_after=None
[2025-02-27T15:54:30.760+0000] {logging_mixin.py:190} INFO - [2025-02-27T15:54:30.760+0000] {dag.py:4180} INFO - Setting next_dagrun for dataset_produces_1 to 2025-02-26 00:00:00+00:00, run_after=2025-02-27 00:00:00+00:00
[2025-02-27T15:54:30.762+0000] {logging_mixin.py:190} INFO - [2025-02-27T15:54:30.762+0000] {dag.py:4180} INFO - Setting next_dagrun for dataset_produces_2 to None, run_after=None
[2025-02-27T15:54:30.807+0000] {processor.py:208} INFO - Processing /home/airflow/.local/lib/python3.12/site-packages/airflow/example_dags/example_datasets.py took 0.846 seconds
[2025-02-27T15:55:01.332+0000] {processor.py:186} INFO - Started process (PID=362) to work on /home/airflow/.local/lib/python3.12/site-packages/airflow/example_dags/example_datasets.py
[2025-02-27T15:55:01.333+0000] {processor.py:914} INFO - Processing file /home/airflow/.local/lib/python3.12/site-packages/airflow/example_dags/example_datasets.py for tasks to queue
[2025-02-27T15:55:01.335+0000] {logging_mixin.py:190} INFO - [2025-02-27T15:55:01.335+0000] {dagbag.py:588} INFO - Filling up the DagBag from /home/airflow/.local/lib/python3.12/site-packages/airflow/example_dags/example_datasets.py
[2025-02-27T15:55:02.038+0000] {processor.py:925} INFO - DAG(s) 'consume_1_or_both_2_and_3_with_dataset_expressions', 'dataset_consumes_1_never_scheduled', 'dataset_consumes_1', 'dataset_consumes_unknown_never_scheduled', 'dataset_produces_2', 'dataset_produces_1', 'dataset_consumes_1_and_2', 'consume_1_and_2_with_dataset_expressions', 'conditional_dataset_and_time_based_timetable', 'consume_1_or_2_with_dataset_expressions' retrieved from /home/airflow/.local/lib/python3.12/site-packages/airflow/example_dags/example_datasets.py
[2025-02-27T15:55:02.124+0000] {logging_mixin.py:190} INFO - [2025-02-27T15:55:02.123+0000] {dag.py:3239} INFO - Sync 10 DAGs
[2025-02-27T15:55:02.166+0000] {logging_mixin.py:190} INFO - [2025-02-27T15:55:02.166+0000] {dag.py:4180} INFO - Setting next_dagrun for conditional_dataset_and_time_based_timetable to 2025-02-26 01:00:00+00:00, run_after=2025-02-26 01:00:00+00:00
[2025-02-27T15:55:02.173+0000] {logging_mixin.py:190} INFO - [2025-02-27T15:55:02.172+0000] {dag.py:4180} INFO - Setting next_dagrun for consume_1_and_2_with_dataset_expressions to None, run_after=None
[2025-02-27T15:55:02.177+0000] {logging_mixin.py:190} INFO - [2025-02-27T15:55:02.177+0000] {dag.py:4180} INFO - Setting next_dagrun for consume_1_or_2_with_dataset_expressions to None, run_after=None
[2025-02-27T15:55:02.180+0000] {logging_mixin.py:190} INFO - [2025-02-27T15:55:02.180+0000] {dag.py:4180} INFO - Setting next_dagrun for consume_1_or_both_2_and_3_with_dataset_expressions to None, run_after=None
[2025-02-27T15:55:02.182+0000] {logging_mixin.py:190} INFO - [2025-02-27T15:55:02.182+0000] {dag.py:4180} INFO - Setting next_dagrun for dataset_consumes_1 to None, run_after=None
[2025-02-27T15:55:02.184+0000] {logging_mixin.py:190} INFO - [2025-02-27T15:55:02.184+0000] {dag.py:4180} INFO - Setting next_dagrun for dataset_consumes_1_and_2 to None, run_after=None
[2025-02-27T15:55:02.185+0000] {logging_mixin.py:190} INFO - [2025-02-27T15:55:02.185+0000] {dag.py:4180} INFO - Setting next_dagrun for dataset_consumes_1_never_scheduled to None, run_after=None
[2025-02-27T15:55:02.187+0000] {logging_mixin.py:190} INFO - [2025-02-27T15:55:02.187+0000] {dag.py:4180} INFO - Setting next_dagrun for dataset_consumes_unknown_never_scheduled to None, run_after=None
[2025-02-27T15:55:02.190+0000] {logging_mixin.py:190} INFO - [2025-02-27T15:55:02.190+0000] {dag.py:4180} INFO - Setting next_dagrun for dataset_produces_1 to 2025-02-26 00:00:00+00:00, run_after=2025-02-27 00:00:00+00:00
[2025-02-27T15:55:02.192+0000] {logging_mixin.py:190} INFO - [2025-02-27T15:55:02.192+0000] {dag.py:4180} INFO - Setting next_dagrun for dataset_produces_2 to None, run_after=None
[2025-02-27T15:55:02.231+0000] {processor.py:208} INFO - Processing /home/airflow/.local/lib/python3.12/site-packages/airflow/example_dags/example_datasets.py took 0.906 seconds
[2025-02-27T15:55:32.712+0000] {processor.py:186} INFO - Started process (PID=425) to work on /home/airflow/.local/lib/python3.12/site-packages/airflow/example_dags/example_datasets.py
[2025-02-27T15:55:32.714+0000] {processor.py:914} INFO - Processing file /home/airflow/.local/lib/python3.12/site-packages/airflow/example_dags/example_datasets.py for tasks to queue
[2025-02-27T15:55:32.719+0000] {logging_mixin.py:190} INFO - [2025-02-27T15:55:32.718+0000] {dagbag.py:588} INFO - Filling up the DagBag from /home/airflow/.local/lib/python3.12/site-packages/airflow/example_dags/example_datasets.py
[2025-02-27T15:55:33.659+0000] {processor.py:925} INFO - DAG(s) 'consume_1_or_both_2_and_3_with_dataset_expressions', 'conditional_dataset_and_time_based_timetable', 'dataset_consumes_1_never_scheduled', 'dataset_consumes_1', 'consume_1_or_2_with_dataset_expressions', 'dataset_consumes_1_and_2', 'dataset_consumes_unknown_never_scheduled', 'consume_1_and_2_with_dataset_expressions', 'dataset_produces_2', 'dataset_produces_1' retrieved from /home/airflow/.local/lib/python3.12/site-packages/airflow/example_dags/example_datasets.py
[2025-02-27T15:55:33.729+0000] {logging_mixin.py:190} INFO - [2025-02-27T15:55:33.729+0000] {dag.py:3239} INFO - Sync 10 DAGs
[2025-02-27T15:55:33.761+0000] {logging_mixin.py:190} INFO - [2025-02-27T15:55:33.761+0000] {dag.py:4180} INFO - Setting next_dagrun for conditional_dataset_and_time_based_timetable to 2025-02-26 01:00:00+00:00, run_after=2025-02-26 01:00:00+00:00
[2025-02-27T15:55:33.766+0000] {logging_mixin.py:190} INFO - [2025-02-27T15:55:33.766+0000] {dag.py:4180} INFO - Setting next_dagrun for consume_1_and_2_with_dataset_expressions to None, run_after=None
[2025-02-27T15:55:33.769+0000] {logging_mixin.py:190} INFO - [2025-02-27T15:55:33.768+0000] {dag.py:4180} INFO - Setting next_dagrun for consume_1_or_2_with_dataset_expressions to None, run_after=None
[2025-02-27T15:55:33.771+0000] {logging_mixin.py:190} INFO - [2025-02-27T15:55:33.771+0000] {dag.py:4180} INFO - Setting next_dagrun for consume_1_or_both_2_and_3_with_dataset_expressions to None, run_after=None
[2025-02-27T15:55:33.774+0000] {logging_mixin.py:190} INFO - [2025-02-27T15:55:33.773+0000] {dag.py:4180} INFO - Setting next_dagrun for dataset_consumes_1 to None, run_after=None
[2025-02-27T15:55:33.776+0000] {logging_mixin.py:190} INFO - [2025-02-27T15:55:33.776+0000] {dag.py:4180} INFO - Setting next_dagrun for dataset_consumes_1_and_2 to None, run_after=None
[2025-02-27T15:55:33.779+0000] {logging_mixin.py:190} INFO - [2025-02-27T15:55:33.778+0000] {dag.py:4180} INFO - Setting next_dagrun for dataset_consumes_1_never_scheduled to None, run_after=None
[2025-02-27T15:55:33.781+0000] {logging_mixin.py:190} INFO - [2025-02-27T15:55:33.781+0000] {dag.py:4180} INFO - Setting next_dagrun for dataset_consumes_unknown_never_scheduled to None, run_after=None
[2025-02-27T15:55:33.784+0000] {logging_mixin.py:190} INFO - [2025-02-27T15:55:33.784+0000] {dag.py:4180} INFO - Setting next_dagrun for dataset_produces_1 to 2025-02-26 00:00:00+00:00, run_after=2025-02-27 00:00:00+00:00
[2025-02-27T15:55:33.787+0000] {logging_mixin.py:190} INFO - [2025-02-27T15:55:33.787+0000] {dag.py:4180} INFO - Setting next_dagrun for dataset_produces_2 to None, run_after=None
[2025-02-27T15:55:33.834+0000] {processor.py:208} INFO - Processing /home/airflow/.local/lib/python3.12/site-packages/airflow/example_dags/example_datasets.py took 1.139 seconds
[2025-02-27T15:56:03.948+0000] {processor.py:186} INFO - Started process (PID=489) to work on /home/airflow/.local/lib/python3.12/site-packages/airflow/example_dags/example_datasets.py
[2025-02-27T15:56:03.949+0000] {processor.py:914} INFO - Processing file /home/airflow/.local/lib/python3.12/site-packages/airflow/example_dags/example_datasets.py for tasks to queue
[2025-02-27T15:56:03.952+0000] {logging_mixin.py:190} INFO - [2025-02-27T15:56:03.951+0000] {dagbag.py:588} INFO - Filling up the DagBag from /home/airflow/.local/lib/python3.12/site-packages/airflow/example_dags/example_datasets.py
[2025-02-27T15:56:04.850+0000] {processor.py:925} INFO - DAG(s) 'consume_1_or_both_2_and_3_with_dataset_expressions', 'dataset_produces_1', 'dataset_consumes_1_never_scheduled', 'dataset_produces_2', 'consume_1_and_2_with_dataset_expressions', 'conditional_dataset_and_time_based_timetable', 'dataset_consumes_1_and_2', 'dataset_consumes_1', 'consume_1_or_2_with_dataset_expressions', 'dataset_consumes_unknown_never_scheduled' retrieved from /home/airflow/.local/lib/python3.12/site-packages/airflow/example_dags/example_datasets.py
[2025-02-27T15:56:04.934+0000] {logging_mixin.py:190} INFO - [2025-02-27T15:56:04.934+0000] {dag.py:3239} INFO - Sync 10 DAGs
[2025-02-27T15:56:04.981+0000] {logging_mixin.py:190} INFO - [2025-02-27T15:56:04.981+0000] {dag.py:4180} INFO - Setting next_dagrun for conditional_dataset_and_time_based_timetable to 2025-02-26 01:00:00+00:00, run_after=2025-02-26 01:00:00+00:00
[2025-02-27T15:56:04.988+0000] {logging_mixin.py:190} INFO - [2025-02-27T15:56:04.988+0000] {dag.py:4180} INFO - Setting next_dagrun for consume_1_and_2_with_dataset_expressions to None, run_after=None
[2025-02-27T15:56:04.991+0000] {logging_mixin.py:190} INFO - [2025-02-27T15:56:04.990+0000] {dag.py:4180} INFO - Setting next_dagrun for consume_1_or_2_with_dataset_expressions to None, run_after=None
[2025-02-27T15:56:04.993+0000] {logging_mixin.py:190} INFO - [2025-02-27T15:56:04.993+0000] {dag.py:4180} INFO - Setting next_dagrun for consume_1_or_both_2_and_3_with_dataset_expressions to None, run_after=None
[2025-02-27T15:56:04.996+0000] {logging_mixin.py:190} INFO - [2025-02-27T15:56:04.995+0000] {dag.py:4180} INFO - Setting next_dagrun for dataset_consumes_1 to None, run_after=None
[2025-02-27T15:56:04.998+0000] {logging_mixin.py:190} INFO - [2025-02-27T15:56:04.998+0000] {dag.py:4180} INFO - Setting next_dagrun for dataset_consumes_1_and_2 to None, run_after=None
[2025-02-27T15:56:05.001+0000] {logging_mixin.py:190} INFO - [2025-02-27T15:56:05.000+0000] {dag.py:4180} INFO - Setting next_dagrun for dataset_consumes_1_never_scheduled to None, run_after=None
[2025-02-27T15:56:05.003+0000] {logging_mixin.py:190} INFO - [2025-02-27T15:56:05.003+0000] {dag.py:4180} INFO - Setting next_dagrun for dataset_consumes_unknown_never_scheduled to None, run_after=None
[2025-02-27T15:56:05.007+0000] {logging_mixin.py:190} INFO - [2025-02-27T15:56:05.007+0000] {dag.py:4180} INFO - Setting next_dagrun for dataset_produces_1 to 2025-02-26 00:00:00+00:00, run_after=2025-02-27 00:00:00+00:00
[2025-02-27T15:56:05.009+0000] {logging_mixin.py:190} INFO - [2025-02-27T15:56:05.009+0000] {dag.py:4180} INFO - Setting next_dagrun for dataset_produces_2 to None, run_after=None
[2025-02-27T15:56:05.063+0000] {processor.py:208} INFO - Processing /home/airflow/.local/lib/python3.12/site-packages/airflow/example_dags/example_datasets.py took 1.121 seconds
[2025-02-27T15:56:35.684+0000] {processor.py:186} INFO - Started process (PID=552) to work on /home/airflow/.local/lib/python3.12/site-packages/airflow/example_dags/example_datasets.py
[2025-02-27T15:56:35.686+0000] {processor.py:914} INFO - Processing file /home/airflow/.local/lib/python3.12/site-packages/airflow/example_dags/example_datasets.py for tasks to queue
[2025-02-27T15:56:35.689+0000] {logging_mixin.py:190} INFO - [2025-02-27T15:56:35.689+0000] {dagbag.py:588} INFO - Filling up the DagBag from /home/airflow/.local/lib/python3.12/site-packages/airflow/example_dags/example_datasets.py
[2025-02-27T15:56:36.419+0000] {processor.py:925} INFO - DAG(s) 'dataset_consumes_1', 'consume_1_and_2_with_dataset_expressions', 'conditional_dataset_and_time_based_timetable', 'dataset_consumes_1_and_2', 'dataset_consumes_1_never_scheduled', 'dataset_produces_2', 'consume_1_or_both_2_and_3_with_dataset_expressions', 'dataset_consumes_unknown_never_scheduled', 'consume_1_or_2_with_dataset_expressions', 'dataset_produces_1' retrieved from /home/airflow/.local/lib/python3.12/site-packages/airflow/example_dags/example_datasets.py
[2025-02-27T15:56:36.496+0000] {logging_mixin.py:190} INFO - [2025-02-27T15:56:36.495+0000] {dag.py:3239} INFO - Sync 10 DAGs
[2025-02-27T15:56:36.534+0000] {logging_mixin.py:190} INFO - [2025-02-27T15:56:36.534+0000] {dag.py:4180} INFO - Setting next_dagrun for conditional_dataset_and_time_based_timetable to 2025-02-26 01:00:00+00:00, run_after=2025-02-26 01:00:00+00:00
[2025-02-27T15:56:36.540+0000] {logging_mixin.py:190} INFO - [2025-02-27T15:56:36.539+0000] {dag.py:4180} INFO - Setting next_dagrun for consume_1_and_2_with_dataset_expressions to None, run_after=None
[2025-02-27T15:56:36.542+0000] {logging_mixin.py:190} INFO - [2025-02-27T15:56:36.541+0000] {dag.py:4180} INFO - Setting next_dagrun for consume_1_or_2_with_dataset_expressions to None, run_after=None
[2025-02-27T15:56:36.544+0000] {logging_mixin.py:190} INFO - [2025-02-27T15:56:36.544+0000] {dag.py:4180} INFO - Setting next_dagrun for consume_1_or_both_2_and_3_with_dataset_expressions to None, run_after=None
[2025-02-27T15:56:36.546+0000] {logging_mixin.py:190} INFO - [2025-02-27T15:56:36.546+0000] {dag.py:4180} INFO - Setting next_dagrun for dataset_consumes_1 to None, run_after=None
[2025-02-27T15:56:36.548+0000] {logging_mixin.py:190} INFO - [2025-02-27T15:56:36.548+0000] {dag.py:4180} INFO - Setting next_dagrun for dataset_consumes_1_and_2 to None, run_after=None
[2025-02-27T15:56:36.550+0000] {logging_mixin.py:190} INFO - [2025-02-27T15:56:36.550+0000] {dag.py:4180} INFO - Setting next_dagrun for dataset_consumes_1_never_scheduled to None, run_after=None
[2025-02-27T15:56:36.553+0000] {logging_mixin.py:190} INFO - [2025-02-27T15:56:36.553+0000] {dag.py:4180} INFO - Setting next_dagrun for dataset_consumes_unknown_never_scheduled to None, run_after=None
[2025-02-27T15:56:36.558+0000] {logging_mixin.py:190} INFO - [2025-02-27T15:56:36.557+0000] {dag.py:4180} INFO - Setting next_dagrun for dataset_produces_1 to 2025-02-26 00:00:00+00:00, run_after=2025-02-27 00:00:00+00:00
[2025-02-27T15:56:36.565+0000] {logging_mixin.py:190} INFO - [2025-02-27T15:56:36.565+0000] {dag.py:4180} INFO - Setting next_dagrun for dataset_produces_2 to None, run_after=None
[2025-02-27T15:56:36.610+0000] {processor.py:208} INFO - Processing /home/airflow/.local/lib/python3.12/site-packages/airflow/example_dags/example_datasets.py took 0.933 seconds
[2025-02-27T15:57:06.701+0000] {processor.py:186} INFO - Started process (PID=621) to work on /home/airflow/.local/lib/python3.12/site-packages/airflow/example_dags/example_datasets.py
[2025-02-27T15:57:06.702+0000] {processor.py:914} INFO - Processing file /home/airflow/.local/lib/python3.12/site-packages/airflow/example_dags/example_datasets.py for tasks to queue
[2025-02-27T15:57:06.704+0000] {logging_mixin.py:190} INFO - [2025-02-27T15:57:06.704+0000] {dagbag.py:588} INFO - Filling up the DagBag from /home/airflow/.local/lib/python3.12/site-packages/airflow/example_dags/example_datasets.py
[2025-02-27T15:57:07.352+0000] {processor.py:925} INFO - DAG(s) 'dataset_consumes_1_never_scheduled', 'consume_1_or_2_with_dataset_expressions', 'consume_1_or_both_2_and_3_with_dataset_expressions', 'dataset_produces_1', 'dataset_consumes_1', 'dataset_consumes_unknown_never_scheduled', 'dataset_consumes_1_and_2', 'dataset_produces_2', 'conditional_dataset_and_time_based_timetable', 'consume_1_and_2_with_dataset_expressions' retrieved from /home/airflow/.local/lib/python3.12/site-packages/airflow/example_dags/example_datasets.py
[2025-02-27T15:57:07.404+0000] {logging_mixin.py:190} INFO - [2025-02-27T15:57:07.404+0000] {dag.py:3239} INFO - Sync 10 DAGs
[2025-02-27T15:57:07.437+0000] {logging_mixin.py:190} INFO - [2025-02-27T15:57:07.436+0000] {dag.py:4180} INFO - Setting next_dagrun for conditional_dataset_and_time_based_timetable to 2025-02-26 01:00:00+00:00, run_after=2025-02-26 01:00:00+00:00
[2025-02-27T15:57:07.442+0000] {logging_mixin.py:190} INFO - [2025-02-27T15:57:07.441+0000] {dag.py:4180} INFO - Setting next_dagrun for consume_1_and_2_with_dataset_expressions to None, run_after=None
[2025-02-27T15:57:07.444+0000] {logging_mixin.py:190} INFO - [2025-02-27T15:57:07.444+0000] {dag.py:4180} INFO - Setting next_dagrun for consume_1_or_2_with_dataset_expressions to None, run_after=None
[2025-02-27T15:57:07.446+0000] {logging_mixin.py:190} INFO - [2025-02-27T15:57:07.445+0000] {dag.py:4180} INFO - Setting next_dagrun for consume_1_or_both_2_and_3_with_dataset_expressions to None, run_after=None
[2025-02-27T15:57:07.448+0000] {logging_mixin.py:190} INFO - [2025-02-27T15:57:07.447+0000] {dag.py:4180} INFO - Setting next_dagrun for dataset_consumes_1 to None, run_after=None
[2025-02-27T15:57:07.450+0000] {logging_mixin.py:190} INFO - [2025-02-27T15:57:07.449+0000] {dag.py:4180} INFO - Setting next_dagrun for dataset_consumes_1_and_2 to None, run_after=None
[2025-02-27T15:57:07.451+0000] {logging_mixin.py:190} INFO - [2025-02-27T15:57:07.451+0000] {dag.py:4180} INFO - Setting next_dagrun for dataset_consumes_1_never_scheduled to None, run_after=None
[2025-02-27T15:57:07.453+0000] {logging_mixin.py:190} INFO - [2025-02-27T15:57:07.453+0000] {dag.py:4180} INFO - Setting next_dagrun for dataset_consumes_unknown_never_scheduled to None, run_after=None
[2025-02-27T15:57:07.456+0000] {logging_mixin.py:190} INFO - [2025-02-27T15:57:07.456+0000] {dag.py:4180} INFO - Setting next_dagrun for dataset_produces_1 to 2025-02-26 00:00:00+00:00, run_after=2025-02-27 00:00:00+00:00
[2025-02-27T15:57:07.458+0000] {logging_mixin.py:190} INFO - [2025-02-27T15:57:07.458+0000] {dag.py:4180} INFO - Setting next_dagrun for dataset_produces_2 to None, run_after=None
[2025-02-27T15:57:07.499+0000] {processor.py:208} INFO - Processing /home/airflow/.local/lib/python3.12/site-packages/airflow/example_dags/example_datasets.py took 0.805 seconds
[2025-02-27T15:57:37.613+0000] {processor.py:186} INFO - Started process (PID=684) to work on /home/airflow/.local/lib/python3.12/site-packages/airflow/example_dags/example_datasets.py
[2025-02-27T15:57:37.615+0000] {processor.py:914} INFO - Processing file /home/airflow/.local/lib/python3.12/site-packages/airflow/example_dags/example_datasets.py for tasks to queue
[2025-02-27T15:57:37.619+0000] {logging_mixin.py:190} INFO - [2025-02-27T15:57:37.619+0000] {dagbag.py:588} INFO - Filling up the DagBag from /home/airflow/.local/lib/python3.12/site-packages/airflow/example_dags/example_datasets.py
[2025-02-27T15:57:38.293+0000] {processor.py:925} INFO - DAG(s) 'consume_1_or_2_with_dataset_expressions', 'consume_1_or_both_2_and_3_with_dataset_expressions', 'dataset_consumes_1', 'conditional_dataset_and_time_based_timetable', 'dataset_consumes_1_and_2', 'dataset_consumes_unknown_never_scheduled', 'dataset_produces_2', 'dataset_consumes_1_never_scheduled', 'consume_1_and_2_with_dataset_expressions', 'dataset_produces_1' retrieved from /home/airflow/.local/lib/python3.12/site-packages/airflow/example_dags/example_datasets.py
[2025-02-27T15:57:38.351+0000] {logging_mixin.py:190} INFO - [2025-02-27T15:57:38.351+0000] {dag.py:3239} INFO - Sync 10 DAGs
[2025-02-27T15:57:38.380+0000] {logging_mixin.py:190} INFO - [2025-02-27T15:57:38.380+0000] {dag.py:4180} INFO - Setting next_dagrun for conditional_dataset_and_time_based_timetable to 2025-02-26 01:00:00+00:00, run_after=2025-02-26 01:00:00+00:00
[2025-02-27T15:57:38.386+0000] {logging_mixin.py:190} INFO - [2025-02-27T15:57:38.386+0000] {dag.py:4180} INFO - Setting next_dagrun for consume_1_and_2_with_dataset_expressions to None, run_after=None
[2025-02-27T15:57:38.388+0000] {logging_mixin.py:190} INFO - [2025-02-27T15:57:38.388+0000] {dag.py:4180} INFO - Setting next_dagrun for consume_1_or_2_with_dataset_expressions to None, run_after=None
[2025-02-27T15:57:38.390+0000] {logging_mixin.py:190} INFO - [2025-02-27T15:57:38.390+0000] {dag.py:4180} INFO - Setting next_dagrun for consume_1_or_both_2_and_3_with_dataset_expressions to None, run_after=None
[2025-02-27T15:57:38.391+0000] {logging_mixin.py:190} INFO - [2025-02-27T15:57:38.391+0000] {dag.py:4180} INFO - Setting next_dagrun for dataset_consumes_1 to None, run_after=None
[2025-02-27T15:57:38.393+0000] {logging_mixin.py:190} INFO - [2025-02-27T15:57:38.393+0000] {dag.py:4180} INFO - Setting next_dagrun for dataset_consumes_1_and_2 to None, run_after=None
[2025-02-27T15:57:38.394+0000] {logging_mixin.py:190} INFO - [2025-02-27T15:57:38.394+0000] {dag.py:4180} INFO - Setting next_dagrun for dataset_consumes_1_never_scheduled to None, run_after=None
[2025-02-27T15:57:38.396+0000] {logging_mixin.py:190} INFO - [2025-02-27T15:57:38.396+0000] {dag.py:4180} INFO - Setting next_dagrun for dataset_consumes_unknown_never_scheduled to None, run_after=None
[2025-02-27T15:57:38.399+0000] {logging_mixin.py:190} INFO - [2025-02-27T15:57:38.398+0000] {dag.py:4180} INFO - Setting next_dagrun for dataset_produces_1 to 2025-02-26 00:00:00+00:00, run_after=2025-02-27 00:00:00+00:00
[2025-02-27T15:57:38.400+0000] {logging_mixin.py:190} INFO - [2025-02-27T15:57:38.400+0000] {dag.py:4180} INFO - Setting next_dagrun for dataset_produces_2 to None, run_after=None
[2025-02-27T15:57:38.438+0000] {processor.py:208} INFO - Processing /home/airflow/.local/lib/python3.12/site-packages/airflow/example_dags/example_datasets.py took 0.839 seconds
[2025-02-27T15:58:08.594+0000] {processor.py:186} INFO - Started process (PID=752) to work on /home/airflow/.local/lib/python3.12/site-packages/airflow/example_dags/example_datasets.py
[2025-02-27T15:58:08.595+0000] {processor.py:914} INFO - Processing file /home/airflow/.local/lib/python3.12/site-packages/airflow/example_dags/example_datasets.py for tasks to queue
[2025-02-27T15:58:08.597+0000] {logging_mixin.py:190} INFO - [2025-02-27T15:58:08.597+0000] {dagbag.py:588} INFO - Filling up the DagBag from /home/airflow/.local/lib/python3.12/site-packages/airflow/example_dags/example_datasets.py
[2025-02-27T15:58:09.241+0000] {processor.py:925} INFO - DAG(s) 'dataset_produces_2', 'dataset_consumes_1_and_2', 'dataset_produces_1', 'consume_1_and_2_with_dataset_expressions', 'dataset_consumes_unknown_never_scheduled', 'conditional_dataset_and_time_based_timetable', 'dataset_consumes_1', 'dataset_consumes_1_never_scheduled', 'consume_1_or_both_2_and_3_with_dataset_expressions', 'consume_1_or_2_with_dataset_expressions' retrieved from /home/airflow/.local/lib/python3.12/site-packages/airflow/example_dags/example_datasets.py
[2025-02-27T15:58:09.292+0000] {logging_mixin.py:190} INFO - [2025-02-27T15:58:09.292+0000] {dag.py:3239} INFO - Sync 10 DAGs
[2025-02-27T15:58:09.318+0000] {logging_mixin.py:190} INFO - [2025-02-27T15:58:09.318+0000] {dag.py:4180} INFO - Setting next_dagrun for conditional_dataset_and_time_based_timetable to 2025-02-26 01:00:00+00:00, run_after=2025-02-26 01:00:00+00:00
[2025-02-27T15:58:09.322+0000] {logging_mixin.py:190} INFO - [2025-02-27T15:58:09.322+0000] {dag.py:4180} INFO - Setting next_dagrun for consume_1_and_2_with_dataset_expressions to None, run_after=None
[2025-02-27T15:58:09.325+0000] {logging_mixin.py:190} INFO - [2025-02-27T15:58:09.325+0000] {dag.py:4180} INFO - Setting next_dagrun for consume_1_or_2_with_dataset_expressions to None, run_after=None
[2025-02-27T15:58:09.326+0000] {logging_mixin.py:190} INFO - [2025-02-27T15:58:09.326+0000] {dag.py:4180} INFO - Setting next_dagrun for consume_1_or_both_2_and_3_with_dataset_expressions to None, run_after=None
[2025-02-27T15:58:09.328+0000] {logging_mixin.py:190} INFO - [2025-02-27T15:58:09.327+0000] {dag.py:4180} INFO - Setting next_dagrun for dataset_consumes_1 to None, run_after=None
[2025-02-27T15:58:09.329+0000] {logging_mixin.py:190} INFO - [2025-02-27T15:58:09.329+0000] {dag.py:4180} INFO - Setting next_dagrun for dataset_consumes_1_and_2 to None, run_after=None
[2025-02-27T15:58:09.330+0000] {logging_mixin.py:190} INFO - [2025-02-27T15:58:09.330+0000] {dag.py:4180} INFO - Setting next_dagrun for dataset_consumes_1_never_scheduled to None, run_after=None
[2025-02-27T15:58:09.331+0000] {logging_mixin.py:190} INFO - [2025-02-27T15:58:09.331+0000] {dag.py:4180} INFO - Setting next_dagrun for dataset_consumes_unknown_never_scheduled to None, run_after=None
[2025-02-27T15:58:09.334+0000] {logging_mixin.py:190} INFO - [2025-02-27T15:58:09.334+0000] {dag.py:4180} INFO - Setting next_dagrun for dataset_produces_1 to 2025-02-26 00:00:00+00:00, run_after=2025-02-27 00:00:00+00:00
[2025-02-27T15:58:09.336+0000] {logging_mixin.py:190} INFO - [2025-02-27T15:58:09.336+0000] {dag.py:4180} INFO - Setting next_dagrun for dataset_produces_2 to None, run_after=None
[2025-02-27T15:58:09.369+0000] {processor.py:208} INFO - Processing /home/airflow/.local/lib/python3.12/site-packages/airflow/example_dags/example_datasets.py took 0.781 seconds
[2025-02-27T15:58:39.588+0000] {processor.py:186} INFO - Started process (PID=815) to work on /home/airflow/.local/lib/python3.12/site-packages/airflow/example_dags/example_datasets.py
[2025-02-27T15:58:39.589+0000] {processor.py:914} INFO - Processing file /home/airflow/.local/lib/python3.12/site-packages/airflow/example_dags/example_datasets.py for tasks to queue
[2025-02-27T15:58:39.591+0000] {logging_mixin.py:190} INFO - [2025-02-27T15:58:39.591+0000] {dagbag.py:588} INFO - Filling up the DagBag from /home/airflow/.local/lib/python3.12/site-packages/airflow/example_dags/example_datasets.py
[2025-02-27T15:58:40.254+0000] {processor.py:925} INFO - DAG(s) 'dataset_consumes_1_never_scheduled', 'dataset_consumes_unknown_never_scheduled', 'dataset_consumes_1', 'dataset_produces_1', 'consume_1_or_2_with_dataset_expressions', 'dataset_consumes_1_and_2', 'conditional_dataset_and_time_based_timetable', 'consume_1_and_2_with_dataset_expressions', 'consume_1_or_both_2_and_3_with_dataset_expressions', 'dataset_produces_2' retrieved from /home/airflow/.local/lib/python3.12/site-packages/airflow/example_dags/example_datasets.py
[2025-02-27T15:58:40.316+0000] {logging_mixin.py:190} INFO - [2025-02-27T15:58:40.315+0000] {dag.py:3239} INFO - Sync 10 DAGs
[2025-02-27T15:58:40.353+0000] {logging_mixin.py:190} INFO - [2025-02-27T15:58:40.353+0000] {dag.py:4180} INFO - Setting next_dagrun for conditional_dataset_and_time_based_timetable to 2025-02-26 01:00:00+00:00, run_after=2025-02-26 01:00:00+00:00
[2025-02-27T15:58:40.363+0000] {logging_mixin.py:190} INFO - [2025-02-27T15:58:40.363+0000] {dag.py:4180} INFO - Setting next_dagrun for consume_1_and_2_with_dataset_expressions to None, run_after=None
[2025-02-27T15:58:40.367+0000] {logging_mixin.py:190} INFO - [2025-02-27T15:58:40.366+0000] {dag.py:4180} INFO - Setting next_dagrun for consume_1_or_2_with_dataset_expressions to None, run_after=None
[2025-02-27T15:58:40.369+0000] {logging_mixin.py:190} INFO - [2025-02-27T15:58:40.369+0000] {dag.py:4180} INFO - Setting next_dagrun for consume_1_or_both_2_and_3_with_dataset_expressions to None, run_after=None
[2025-02-27T15:58:40.372+0000] {logging_mixin.py:190} INFO - [2025-02-27T15:58:40.372+0000] {dag.py:4180} INFO - Setting next_dagrun for dataset_consumes_1 to None, run_after=None
[2025-02-27T15:58:40.374+0000] {logging_mixin.py:190} INFO - [2025-02-27T15:58:40.374+0000] {dag.py:4180} INFO - Setting next_dagrun for dataset_consumes_1_and_2 to None, run_after=None
[2025-02-27T15:58:40.377+0000] {logging_mixin.py:190} INFO - [2025-02-27T15:58:40.377+0000] {dag.py:4180} INFO - Setting next_dagrun for dataset_consumes_1_never_scheduled to None, run_after=None
[2025-02-27T15:58:40.380+0000] {logging_mixin.py:190} INFO - [2025-02-27T15:58:40.380+0000] {dag.py:4180} INFO - Setting next_dagrun for dataset_consumes_unknown_never_scheduled to None, run_after=None
[2025-02-27T15:58:40.384+0000] {logging_mixin.py:190} INFO - [2025-02-27T15:58:40.384+0000] {dag.py:4180} INFO - Setting next_dagrun for dataset_produces_1 to 2025-02-26 00:00:00+00:00, run_after=2025-02-27 00:00:00+00:00
[2025-02-27T15:58:40.386+0000] {logging_mixin.py:190} INFO - [2025-02-27T15:58:40.385+0000] {dag.py:4180} INFO - Setting next_dagrun for dataset_produces_2 to None, run_after=None
[2025-02-27T15:58:40.446+0000] {processor.py:208} INFO - Processing /home/airflow/.local/lib/python3.12/site-packages/airflow/example_dags/example_datasets.py took 0.864 seconds
[2025-02-27T15:59:10.650+0000] {processor.py:186} INFO - Started process (PID=884) to work on /home/airflow/.local/lib/python3.12/site-packages/airflow/example_dags/example_datasets.py
[2025-02-27T15:59:10.651+0000] {processor.py:914} INFO - Processing file /home/airflow/.local/lib/python3.12/site-packages/airflow/example_dags/example_datasets.py for tasks to queue
[2025-02-27T15:59:10.654+0000] {logging_mixin.py:190} INFO - [2025-02-27T15:59:10.653+0000] {dagbag.py:588} INFO - Filling up the DagBag from /home/airflow/.local/lib/python3.12/site-packages/airflow/example_dags/example_datasets.py
[2025-02-27T15:59:11.255+0000] {processor.py:925} INFO - DAG(s) 'dataset_consumes_1_and_2', 'consume_1_or_2_with_dataset_expressions', 'consume_1_and_2_with_dataset_expressions', 'consume_1_or_both_2_and_3_with_dataset_expressions', 'dataset_consumes_unknown_never_scheduled', 'dataset_produces_1', 'dataset_produces_2', 'dataset_consumes_1_never_scheduled', 'dataset_consumes_1', 'conditional_dataset_and_time_based_timetable' retrieved from /home/airflow/.local/lib/python3.12/site-packages/airflow/example_dags/example_datasets.py
[2025-02-27T15:59:11.310+0000] {logging_mixin.py:190} INFO - [2025-02-27T15:59:11.310+0000] {dag.py:3239} INFO - Sync 10 DAGs
[2025-02-27T15:59:11.340+0000] {logging_mixin.py:190} INFO - [2025-02-27T15:59:11.339+0000] {dag.py:4180} INFO - Setting next_dagrun for conditional_dataset_and_time_based_timetable to 2025-02-26 01:00:00+00:00, run_after=2025-02-26 01:00:00+00:00
[2025-02-27T15:59:11.344+0000] {logging_mixin.py:190} INFO - [2025-02-27T15:59:11.344+0000] {dag.py:4180} INFO - Setting next_dagrun for consume_1_and_2_with_dataset_expressions to None, run_after=None
[2025-02-27T15:59:11.347+0000] {logging_mixin.py:190} INFO - [2025-02-27T15:59:11.346+0000] {dag.py:4180} INFO - Setting next_dagrun for consume_1_or_2_with_dataset_expressions to None, run_after=None
[2025-02-27T15:59:11.349+0000] {logging_mixin.py:190} INFO - [2025-02-27T15:59:11.348+0000] {dag.py:4180} INFO - Setting next_dagrun for consume_1_or_both_2_and_3_with_dataset_expressions to None, run_after=None
[2025-02-27T15:59:11.350+0000] {logging_mixin.py:190} INFO - [2025-02-27T15:59:11.350+0000] {dag.py:4180} INFO - Setting next_dagrun for dataset_consumes_1 to None, run_after=None
[2025-02-27T15:59:11.352+0000] {logging_mixin.py:190} INFO - [2025-02-27T15:59:11.352+0000] {dag.py:4180} INFO - Setting next_dagrun for dataset_consumes_1_and_2 to None, run_after=None
[2025-02-27T15:59:11.354+0000] {logging_mixin.py:190} INFO - [2025-02-27T15:59:11.354+0000] {dag.py:4180} INFO - Setting next_dagrun for dataset_consumes_1_never_scheduled to None, run_after=None
[2025-02-27T15:59:11.356+0000] {logging_mixin.py:190} INFO - [2025-02-27T15:59:11.355+0000] {dag.py:4180} INFO - Setting next_dagrun for dataset_consumes_unknown_never_scheduled to None, run_after=None
[2025-02-27T15:59:11.359+0000] {logging_mixin.py:190} INFO - [2025-02-27T15:59:11.359+0000] {dag.py:4180} INFO - Setting next_dagrun for dataset_produces_1 to 2025-02-26 00:00:00+00:00, run_after=2025-02-27 00:00:00+00:00
[2025-02-27T15:59:11.361+0000] {logging_mixin.py:190} INFO - [2025-02-27T15:59:11.361+0000] {dag.py:4180} INFO - Setting next_dagrun for dataset_produces_2 to None, run_after=None
[2025-02-27T15:59:11.398+0000] {processor.py:208} INFO - Processing /home/airflow/.local/lib/python3.12/site-packages/airflow/example_dags/example_datasets.py took 0.759 seconds
[2025-02-27T15:59:41.563+0000] {processor.py:186} INFO - Started process (PID=948) to work on /home/airflow/.local/lib/python3.12/site-packages/airflow/example_dags/example_datasets.py
[2025-02-27T15:59:41.564+0000] {processor.py:914} INFO - Processing file /home/airflow/.local/lib/python3.12/site-packages/airflow/example_dags/example_datasets.py for tasks to queue
[2025-02-27T15:59:41.567+0000] {logging_mixin.py:190} INFO - [2025-02-27T15:59:41.566+0000] {dagbag.py:588} INFO - Filling up the DagBag from /home/airflow/.local/lib/python3.12/site-packages/airflow/example_dags/example_datasets.py
[2025-02-27T15:59:42.205+0000] {processor.py:925} INFO - DAG(s) 'dataset_produces_2', 'consume_1_or_both_2_and_3_with_dataset_expressions', 'dataset_consumes_unknown_never_scheduled', 'consume_1_and_2_with_dataset_expressions', 'dataset_consumes_1_never_scheduled', 'dataset_produces_1', 'dataset_consumes_1', 'conditional_dataset_and_time_based_timetable', 'consume_1_or_2_with_dataset_expressions', 'dataset_consumes_1_and_2' retrieved from /home/airflow/.local/lib/python3.12/site-packages/airflow/example_dags/example_datasets.py
[2025-02-27T15:59:42.264+0000] {logging_mixin.py:190} INFO - [2025-02-27T15:59:42.264+0000] {dag.py:3239} INFO - Sync 10 DAGs
[2025-02-27T15:59:42.293+0000] {logging_mixin.py:190} INFO - [2025-02-27T15:59:42.293+0000] {dag.py:4180} INFO - Setting next_dagrun for conditional_dataset_and_time_based_timetable to 2025-02-26 01:00:00+00:00, run_after=2025-02-26 01:00:00+00:00
[2025-02-27T15:59:42.298+0000] {logging_mixin.py:190} INFO - [2025-02-27T15:59:42.298+0000] {dag.py:4180} INFO - Setting next_dagrun for consume_1_and_2_with_dataset_expressions to None, run_after=None
[2025-02-27T15:59:42.301+0000] {logging_mixin.py:190} INFO - [2025-02-27T15:59:42.300+0000] {dag.py:4180} INFO - Setting next_dagrun for consume_1_or_2_with_dataset_expressions to None, run_after=None
[2025-02-27T15:59:42.302+0000] {logging_mixin.py:190} INFO - [2025-02-27T15:59:42.302+0000] {dag.py:4180} INFO - Setting next_dagrun for consume_1_or_both_2_and_3_with_dataset_expressions to None, run_after=None
[2025-02-27T15:59:42.304+0000] {logging_mixin.py:190} INFO - [2025-02-27T15:59:42.304+0000] {dag.py:4180} INFO - Setting next_dagrun for dataset_consumes_1 to None, run_after=None
[2025-02-27T15:59:42.306+0000] {logging_mixin.py:190} INFO - [2025-02-27T15:59:42.305+0000] {dag.py:4180} INFO - Setting next_dagrun for dataset_consumes_1_and_2 to None, run_after=None
[2025-02-27T15:59:42.307+0000] {logging_mixin.py:190} INFO - [2025-02-27T15:59:42.307+0000] {dag.py:4180} INFO - Setting next_dagrun for dataset_consumes_1_never_scheduled to None, run_after=None
[2025-02-27T15:59:42.309+0000] {logging_mixin.py:190} INFO - [2025-02-27T15:59:42.309+0000] {dag.py:4180} INFO - Setting next_dagrun for dataset_consumes_unknown_never_scheduled to None, run_after=None
[2025-02-27T15:59:42.312+0000] {logging_mixin.py:190} INFO - [2025-02-27T15:59:42.312+0000] {dag.py:4180} INFO - Setting next_dagrun for dataset_produces_1 to 2025-02-26 00:00:00+00:00, run_after=2025-02-27 00:00:00+00:00
[2025-02-27T15:59:42.314+0000] {logging_mixin.py:190} INFO - [2025-02-27T15:59:42.314+0000] {dag.py:4180} INFO - Setting next_dagrun for dataset_produces_2 to None, run_after=None
[2025-02-27T15:59:42.357+0000] {processor.py:208} INFO - Processing /home/airflow/.local/lib/python3.12/site-packages/airflow/example_dags/example_datasets.py took 0.799 seconds
