[2025-02-27T15:52:50.464+0000] {processor.py:186} INFO - Started process (PID=93) to work on /home/airflow/.local/lib/python3.12/site-packages/airflow/example_dags/example_display_name.py
[2025-02-27T15:52:50.466+0000] {processor.py:914} INFO - Processing file /home/airflow/.local/lib/python3.12/site-packages/airflow/example_dags/example_display_name.py for tasks to queue
[2025-02-27T15:52:50.470+0000] {logging_mixin.py:190} INFO - [2025-02-27T15:52:50.469+0000] {dagbag.py:588} INFO - Filling up the DagBag from /home/airflow/.local/lib/python3.12/site-packages/airflow/example_dags/example_display_name.py
[2025-02-27T15:52:50.482+0000] {processor.py:925} INFO - DAG(s) 'example_display_name' retrieved from /home/airflow/.local/lib/python3.12/site-packages/airflow/example_dags/example_display_name.py
[2025-02-27T15:52:50.720+0000] {logging_mixin.py:190} INFO - [2025-02-27T15:52:50.719+0000] {override.py:1912} INFO - Created Permission View: can edit on DAG:example_display_name
[2025-02-27T15:52:50.739+0000] {logging_mixin.py:190} INFO - [2025-02-27T15:52:50.739+0000] {override.py:1912} INFO - Created Permission View: can delete on DAG:example_display_name
[2025-02-27T15:52:50.753+0000] {logging_mixin.py:190} INFO - [2025-02-27T15:52:50.753+0000] {override.py:1912} INFO - Created Permission View: can read on DAG:example_display_name
[2025-02-27T15:52:50.770+0000] {logging_mixin.py:190} INFO - [2025-02-27T15:52:50.769+0000] {override.py:1912} INFO - Created Permission View: can delete on DAG Run:example_display_name
[2025-02-27T15:52:50.790+0000] {logging_mixin.py:190} INFO - [2025-02-27T15:52:50.789+0000] {override.py:1912} INFO - Created Permission View: menu access on DAG Run:example_display_name
[2025-02-27T15:52:50.804+0000] {logging_mixin.py:190} INFO - [2025-02-27T15:52:50.803+0000] {override.py:1912} INFO - Created Permission View: can read on DAG Run:example_display_name
[2025-02-27T15:52:50.824+0000] {logging_mixin.py:190} INFO - [2025-02-27T15:52:50.823+0000] {override.py:1912} INFO - Created Permission View: can create on DAG Run:example_display_name
[2025-02-27T15:52:50.825+0000] {logging_mixin.py:190} INFO - [2025-02-27T15:52:50.824+0000] {dag.py:3239} INFO - Sync 1 DAGs
[2025-02-27T15:52:50.844+0000] {logging_mixin.py:190} INFO - [2025-02-27T15:52:50.843+0000] {dag.py:3262} INFO - Creating ORM DAG for example_display_name
[2025-02-27T15:52:50.845+0000] {logging_mixin.py:190} INFO - [2025-02-27T15:52:50.845+0000] {dag.py:4180} INFO - Setting next_dagrun for example_display_name to None, run_after=None
[2025-02-27T15:52:50.865+0000] {processor.py:208} INFO - Processing /home/airflow/.local/lib/python3.12/site-packages/airflow/example_dags/example_display_name.py took 0.413 seconds
[2025-02-27T15:53:21.095+0000] {processor.py:186} INFO - Started process (PID=156) to work on /home/airflow/.local/lib/python3.12/site-packages/airflow/example_dags/example_display_name.py
[2025-02-27T15:53:21.097+0000] {processor.py:914} INFO - Processing file /home/airflow/.local/lib/python3.12/site-packages/airflow/example_dags/example_display_name.py for tasks to queue
[2025-02-27T15:53:21.100+0000] {logging_mixin.py:190} INFO - [2025-02-27T15:53:21.099+0000] {dagbag.py:588} INFO - Filling up the DagBag from /home/airflow/.local/lib/python3.12/site-packages/airflow/example_dags/example_display_name.py
[2025-02-27T15:53:21.109+0000] {processor.py:925} INFO - DAG(s) 'example_display_name' retrieved from /home/airflow/.local/lib/python3.12/site-packages/airflow/example_dags/example_display_name.py
[2025-02-27T15:53:21.144+0000] {logging_mixin.py:190} INFO - [2025-02-27T15:53:21.143+0000] {dag.py:3239} INFO - Sync 1 DAGs
[2025-02-27T15:53:21.168+0000] {logging_mixin.py:190} INFO - [2025-02-27T15:53:21.167+0000] {dag.py:4180} INFO - Setting next_dagrun for example_display_name to None, run_after=None
[2025-02-27T15:53:21.195+0000] {processor.py:208} INFO - Processing /home/airflow/.local/lib/python3.12/site-packages/airflow/example_dags/example_display_name.py took 0.107 seconds
[2025-02-27T15:53:51.562+0000] {processor.py:186} INFO - Started process (PID=219) to work on /home/airflow/.local/lib/python3.12/site-packages/airflow/example_dags/example_display_name.py
[2025-02-27T15:53:51.563+0000] {processor.py:914} INFO - Processing file /home/airflow/.local/lib/python3.12/site-packages/airflow/example_dags/example_display_name.py for tasks to queue
[2025-02-27T15:53:51.565+0000] {logging_mixin.py:190} INFO - [2025-02-27T15:53:51.564+0000] {dagbag.py:588} INFO - Filling up the DagBag from /home/airflow/.local/lib/python3.12/site-packages/airflow/example_dags/example_display_name.py
[2025-02-27T15:53:51.573+0000] {processor.py:925} INFO - DAG(s) 'example_display_name' retrieved from /home/airflow/.local/lib/python3.12/site-packages/airflow/example_dags/example_display_name.py
[2025-02-27T15:53:51.593+0000] {logging_mixin.py:190} INFO - [2025-02-27T15:53:51.593+0000] {dag.py:3239} INFO - Sync 1 DAGs
[2025-02-27T15:53:51.608+0000] {logging_mixin.py:190} INFO - [2025-02-27T15:53:51.608+0000] {dag.py:4180} INFO - Setting next_dagrun for example_display_name to None, run_after=None
[2025-02-27T15:53:51.641+0000] {processor.py:208} INFO - Processing /home/airflow/.local/lib/python3.12/site-packages/airflow/example_dags/example_display_name.py took 0.084 seconds
[2025-02-27T15:54:22.320+0000] {processor.py:186} INFO - Started process (PID=282) to work on /home/airflow/.local/lib/python3.12/site-packages/airflow/example_dags/example_display_name.py
[2025-02-27T15:54:22.322+0000] {processor.py:914} INFO - Processing file /home/airflow/.local/lib/python3.12/site-packages/airflow/example_dags/example_display_name.py for tasks to queue
[2025-02-27T15:54:22.324+0000] {logging_mixin.py:190} INFO - [2025-02-27T15:54:22.324+0000] {dagbag.py:588} INFO - Filling up the DagBag from /home/airflow/.local/lib/python3.12/site-packages/airflow/example_dags/example_display_name.py
[2025-02-27T15:54:22.334+0000] {processor.py:925} INFO - DAG(s) 'example_display_name' retrieved from /home/airflow/.local/lib/python3.12/site-packages/airflow/example_dags/example_display_name.py
[2025-02-27T15:54:22.362+0000] {logging_mixin.py:190} INFO - [2025-02-27T15:54:22.362+0000] {dag.py:3239} INFO - Sync 1 DAGs
[2025-02-27T15:54:22.382+0000] {logging_mixin.py:190} INFO - [2025-02-27T15:54:22.382+0000] {dag.py:4180} INFO - Setting next_dagrun for example_display_name to None, run_after=None
[2025-02-27T15:54:22.423+0000] {processor.py:208} INFO - Processing /home/airflow/.local/lib/python3.12/site-packages/airflow/example_dags/example_display_name.py took 0.109 seconds
[2025-02-27T15:54:53.002+0000] {processor.py:186} INFO - Started process (PID=345) to work on /home/airflow/.local/lib/python3.12/site-packages/airflow/example_dags/example_display_name.py
[2025-02-27T15:54:53.003+0000] {processor.py:914} INFO - Processing file /home/airflow/.local/lib/python3.12/site-packages/airflow/example_dags/example_display_name.py for tasks to queue
[2025-02-27T15:54:53.005+0000] {logging_mixin.py:190} INFO - [2025-02-27T15:54:53.005+0000] {dagbag.py:588} INFO - Filling up the DagBag from /home/airflow/.local/lib/python3.12/site-packages/airflow/example_dags/example_display_name.py
[2025-02-27T15:54:53.012+0000] {processor.py:925} INFO - DAG(s) 'example_display_name' retrieved from /home/airflow/.local/lib/python3.12/site-packages/airflow/example_dags/example_display_name.py
[2025-02-27T15:54:53.032+0000] {logging_mixin.py:190} INFO - [2025-02-27T15:54:53.031+0000] {dag.py:3239} INFO - Sync 1 DAGs
[2025-02-27T15:54:53.046+0000] {logging_mixin.py:190} INFO - [2025-02-27T15:54:53.046+0000] {dag.py:4180} INFO - Setting next_dagrun for example_display_name to None, run_after=None
[2025-02-27T15:54:53.088+0000] {processor.py:208} INFO - Processing /home/airflow/.local/lib/python3.12/site-packages/airflow/example_dags/example_display_name.py took 0.092 seconds
[2025-02-27T15:55:23.363+0000] {processor.py:186} INFO - Started process (PID=408) to work on /home/airflow/.local/lib/python3.12/site-packages/airflow/example_dags/example_display_name.py
[2025-02-27T15:55:23.364+0000] {processor.py:914} INFO - Processing file /home/airflow/.local/lib/python3.12/site-packages/airflow/example_dags/example_display_name.py for tasks to queue
[2025-02-27T15:55:23.366+0000] {logging_mixin.py:190} INFO - [2025-02-27T15:55:23.366+0000] {dagbag.py:588} INFO - Filling up the DagBag from /home/airflow/.local/lib/python3.12/site-packages/airflow/example_dags/example_display_name.py
[2025-02-27T15:55:23.375+0000] {processor.py:925} INFO - DAG(s) 'example_display_name' retrieved from /home/airflow/.local/lib/python3.12/site-packages/airflow/example_dags/example_display_name.py
[2025-02-27T15:55:23.396+0000] {logging_mixin.py:190} INFO - [2025-02-27T15:55:23.396+0000] {dag.py:3239} INFO - Sync 1 DAGs
[2025-02-27T15:55:23.425+0000] {logging_mixin.py:190} INFO - [2025-02-27T15:55:23.425+0000] {dag.py:4180} INFO - Setting next_dagrun for example_display_name to None, run_after=None
[2025-02-27T15:55:23.451+0000] {processor.py:208} INFO - Processing /home/airflow/.local/lib/python3.12/site-packages/airflow/example_dags/example_display_name.py took 0.095 seconds
[2025-02-27T15:55:53.635+0000] {processor.py:186} INFO - Started process (PID=471) to work on /home/airflow/.local/lib/python3.12/site-packages/airflow/example_dags/example_display_name.py
[2025-02-27T15:55:53.637+0000] {processor.py:914} INFO - Processing file /home/airflow/.local/lib/python3.12/site-packages/airflow/example_dags/example_display_name.py for tasks to queue
[2025-02-27T15:55:53.640+0000] {logging_mixin.py:190} INFO - [2025-02-27T15:55:53.639+0000] {dagbag.py:588} INFO - Filling up the DagBag from /home/airflow/.local/lib/python3.12/site-packages/airflow/example_dags/example_display_name.py
[2025-02-27T15:55:53.651+0000] {processor.py:925} INFO - DAG(s) 'example_display_name' retrieved from /home/airflow/.local/lib/python3.12/site-packages/airflow/example_dags/example_display_name.py
[2025-02-27T15:55:53.673+0000] {logging_mixin.py:190} INFO - [2025-02-27T15:55:53.673+0000] {dag.py:3239} INFO - Sync 1 DAGs
[2025-02-27T15:55:53.690+0000] {logging_mixin.py:190} INFO - [2025-02-27T15:55:53.690+0000] {dag.py:4180} INFO - Setting next_dagrun for example_display_name to None, run_after=None
[2025-02-27T15:55:53.713+0000] {processor.py:208} INFO - Processing /home/airflow/.local/lib/python3.12/site-packages/airflow/example_dags/example_display_name.py took 0.090 seconds
[2025-02-27T15:56:24.100+0000] {processor.py:186} INFO - Started process (PID=534) to work on /home/airflow/.local/lib/python3.12/site-packages/airflow/example_dags/example_display_name.py
[2025-02-27T15:56:24.101+0000] {processor.py:914} INFO - Processing file /home/airflow/.local/lib/python3.12/site-packages/airflow/example_dags/example_display_name.py for tasks to queue
[2025-02-27T15:56:24.104+0000] {logging_mixin.py:190} INFO - [2025-02-27T15:56:24.103+0000] {dagbag.py:588} INFO - Filling up the DagBag from /home/airflow/.local/lib/python3.12/site-packages/airflow/example_dags/example_display_name.py
[2025-02-27T15:56:24.112+0000] {processor.py:925} INFO - DAG(s) 'example_display_name' retrieved from /home/airflow/.local/lib/python3.12/site-packages/airflow/example_dags/example_display_name.py
[2025-02-27T15:56:24.136+0000] {logging_mixin.py:190} INFO - [2025-02-27T15:56:24.135+0000] {dag.py:3239} INFO - Sync 1 DAGs
[2025-02-27T15:56:24.154+0000] {logging_mixin.py:190} INFO - [2025-02-27T15:56:24.154+0000] {dag.py:4180} INFO - Setting next_dagrun for example_display_name to None, run_after=None
[2025-02-27T15:56:24.177+0000] {processor.py:208} INFO - Processing /home/airflow/.local/lib/python3.12/site-packages/airflow/example_dags/example_display_name.py took 0.085 seconds
[2025-02-27T15:56:54.676+0000] {processor.py:186} INFO - Started process (PID=598) to work on /home/airflow/.local/lib/python3.12/site-packages/airflow/example_dags/example_display_name.py
[2025-02-27T15:56:54.677+0000] {processor.py:914} INFO - Processing file /home/airflow/.local/lib/python3.12/site-packages/airflow/example_dags/example_display_name.py for tasks to queue
[2025-02-27T15:56:54.680+0000] {logging_mixin.py:190} INFO - [2025-02-27T15:56:54.680+0000] {dagbag.py:588} INFO - Filling up the DagBag from /home/airflow/.local/lib/python3.12/site-packages/airflow/example_dags/example_display_name.py
[2025-02-27T15:56:54.690+0000] {processor.py:925} INFO - DAG(s) 'example_display_name' retrieved from /home/airflow/.local/lib/python3.12/site-packages/airflow/example_dags/example_display_name.py
[2025-02-27T15:56:54.715+0000] {logging_mixin.py:190} INFO - [2025-02-27T15:56:54.714+0000] {dag.py:3239} INFO - Sync 1 DAGs
[2025-02-27T15:56:54.733+0000] {logging_mixin.py:190} INFO - [2025-02-27T15:56:54.733+0000] {dag.py:4180} INFO - Setting next_dagrun for example_display_name to None, run_after=None
[2025-02-27T15:56:54.756+0000] {processor.py:208} INFO - Processing /home/airflow/.local/lib/python3.12/site-packages/airflow/example_dags/example_display_name.py took 0.089 seconds
[2025-02-27T15:57:25.012+0000] {processor.py:186} INFO - Started process (PID=661) to work on /home/airflow/.local/lib/python3.12/site-packages/airflow/example_dags/example_display_name.py
[2025-02-27T15:57:25.013+0000] {processor.py:914} INFO - Processing file /home/airflow/.local/lib/python3.12/site-packages/airflow/example_dags/example_display_name.py for tasks to queue
[2025-02-27T15:57:25.015+0000] {logging_mixin.py:190} INFO - [2025-02-27T15:57:25.015+0000] {dagbag.py:588} INFO - Filling up the DagBag from /home/airflow/.local/lib/python3.12/site-packages/airflow/example_dags/example_display_name.py
[2025-02-27T15:57:25.023+0000] {processor.py:925} INFO - DAG(s) 'example_display_name' retrieved from /home/airflow/.local/lib/python3.12/site-packages/airflow/example_dags/example_display_name.py
[2025-02-27T15:57:25.049+0000] {logging_mixin.py:190} INFO - [2025-02-27T15:57:25.048+0000] {dag.py:3239} INFO - Sync 1 DAGs
[2025-02-27T15:57:25.065+0000] {logging_mixin.py:190} INFO - [2025-02-27T15:57:25.064+0000] {dag.py:4180} INFO - Setting next_dagrun for example_display_name to None, run_after=None
[2025-02-27T15:57:25.083+0000] {processor.py:208} INFO - Processing /home/airflow/.local/lib/python3.12/site-packages/airflow/example_dags/example_display_name.py took 0.076 seconds
[2025-02-27T15:57:55.297+0000] {processor.py:186} INFO - Started process (PID=724) to work on /home/airflow/.local/lib/python3.12/site-packages/airflow/example_dags/example_display_name.py
[2025-02-27T15:57:55.298+0000] {processor.py:914} INFO - Processing file /home/airflow/.local/lib/python3.12/site-packages/airflow/example_dags/example_display_name.py for tasks to queue
[2025-02-27T15:57:55.301+0000] {logging_mixin.py:190} INFO - [2025-02-27T15:57:55.301+0000] {dagbag.py:588} INFO - Filling up the DagBag from /home/airflow/.local/lib/python3.12/site-packages/airflow/example_dags/example_display_name.py
[2025-02-27T15:57:55.310+0000] {processor.py:925} INFO - DAG(s) 'example_display_name' retrieved from /home/airflow/.local/lib/python3.12/site-packages/airflow/example_dags/example_display_name.py
[2025-02-27T15:57:55.336+0000] {logging_mixin.py:190} INFO - [2025-02-27T15:57:55.335+0000] {dag.py:3239} INFO - Sync 1 DAGs
[2025-02-27T15:57:55.353+0000] {logging_mixin.py:190} INFO - [2025-02-27T15:57:55.352+0000] {dag.py:4180} INFO - Setting next_dagrun for example_display_name to None, run_after=None
[2025-02-27T15:57:55.373+0000] {processor.py:208} INFO - Processing /home/airflow/.local/lib/python3.12/site-packages/airflow/example_dags/example_display_name.py took 0.083 seconds
[2025-02-27T15:58:25.603+0000] {processor.py:186} INFO - Started process (PID=787) to work on /home/airflow/.local/lib/python3.12/site-packages/airflow/example_dags/example_display_name.py
[2025-02-27T15:58:25.604+0000] {processor.py:914} INFO - Processing file /home/airflow/.local/lib/python3.12/site-packages/airflow/example_dags/example_display_name.py for tasks to queue
[2025-02-27T15:58:25.606+0000] {logging_mixin.py:190} INFO - [2025-02-27T15:58:25.606+0000] {dagbag.py:588} INFO - Filling up the DagBag from /home/airflow/.local/lib/python3.12/site-packages/airflow/example_dags/example_display_name.py
[2025-02-27T15:58:25.613+0000] {processor.py:925} INFO - DAG(s) 'example_display_name' retrieved from /home/airflow/.local/lib/python3.12/site-packages/airflow/example_dags/example_display_name.py
[2025-02-27T15:58:25.634+0000] {logging_mixin.py:190} INFO - [2025-02-27T15:58:25.633+0000] {dag.py:3239} INFO - Sync 1 DAGs
[2025-02-27T15:58:25.650+0000] {logging_mixin.py:190} INFO - [2025-02-27T15:58:25.650+0000] {dag.py:4180} INFO - Setting next_dagrun for example_display_name to None, run_after=None
[2025-02-27T15:58:25.669+0000] {processor.py:208} INFO - Processing /home/airflow/.local/lib/python3.12/site-packages/airflow/example_dags/example_display_name.py took 0.072 seconds
[2025-02-27T15:58:55.890+0000] {processor.py:186} INFO - Started process (PID=850) to work on /home/airflow/.local/lib/python3.12/site-packages/airflow/example_dags/example_display_name.py
[2025-02-27T15:58:55.891+0000] {processor.py:914} INFO - Processing file /home/airflow/.local/lib/python3.12/site-packages/airflow/example_dags/example_display_name.py for tasks to queue
[2025-02-27T15:58:55.893+0000] {logging_mixin.py:190} INFO - [2025-02-27T15:58:55.893+0000] {dagbag.py:588} INFO - Filling up the DagBag from /home/airflow/.local/lib/python3.12/site-packages/airflow/example_dags/example_display_name.py
[2025-02-27T15:58:55.901+0000] {processor.py:925} INFO - DAG(s) 'example_display_name' retrieved from /home/airflow/.local/lib/python3.12/site-packages/airflow/example_dags/example_display_name.py
[2025-02-27T15:58:55.922+0000] {logging_mixin.py:190} INFO - [2025-02-27T15:58:55.921+0000] {dag.py:3239} INFO - Sync 1 DAGs
[2025-02-27T15:58:55.938+0000] {logging_mixin.py:190} INFO - [2025-02-27T15:58:55.938+0000] {dag.py:4180} INFO - Setting next_dagrun for example_display_name to None, run_after=None
[2025-02-27T15:58:55.961+0000] {processor.py:208} INFO - Processing /home/airflow/.local/lib/python3.12/site-packages/airflow/example_dags/example_display_name.py took 0.077 seconds
[2025-02-27T15:59:26.245+0000] {processor.py:186} INFO - Started process (PID=913) to work on /home/airflow/.local/lib/python3.12/site-packages/airflow/example_dags/example_display_name.py
[2025-02-27T15:59:26.246+0000] {processor.py:914} INFO - Processing file /home/airflow/.local/lib/python3.12/site-packages/airflow/example_dags/example_display_name.py for tasks to queue
[2025-02-27T15:59:26.249+0000] {logging_mixin.py:190} INFO - [2025-02-27T15:59:26.249+0000] {dagbag.py:588} INFO - Filling up the DagBag from /home/airflow/.local/lib/python3.12/site-packages/airflow/example_dags/example_display_name.py
[2025-02-27T15:59:26.259+0000] {processor.py:925} INFO - DAG(s) 'example_display_name' retrieved from /home/airflow/.local/lib/python3.12/site-packages/airflow/example_dags/example_display_name.py
[2025-02-27T15:59:26.283+0000] {logging_mixin.py:190} INFO - [2025-02-27T15:59:26.283+0000] {dag.py:3239} INFO - Sync 1 DAGs
[2025-02-27T15:59:26.304+0000] {logging_mixin.py:190} INFO - [2025-02-27T15:59:26.303+0000] {dag.py:4180} INFO - Setting next_dagrun for example_display_name to None, run_after=None
[2025-02-27T15:59:26.326+0000] {processor.py:208} INFO - Processing /home/airflow/.local/lib/python3.12/site-packages/airflow/example_dags/example_display_name.py took 0.088 seconds
[2025-02-27T15:59:56.445+0000] {processor.py:186} INFO - Started process (PID=976) to work on /home/airflow/.local/lib/python3.12/site-packages/airflow/example_dags/example_display_name.py
[2025-02-27T15:59:56.446+0000] {processor.py:914} INFO - Processing file /home/airflow/.local/lib/python3.12/site-packages/airflow/example_dags/example_display_name.py for tasks to queue
[2025-02-27T15:59:56.449+0000] {logging_mixin.py:190} INFO - [2025-02-27T15:59:56.449+0000] {dagbag.py:588} INFO - Filling up the DagBag from /home/airflow/.local/lib/python3.12/site-packages/airflow/example_dags/example_display_name.py
[2025-02-27T15:59:56.458+0000] {processor.py:925} INFO - DAG(s) 'example_display_name' retrieved from /home/airflow/.local/lib/python3.12/site-packages/airflow/example_dags/example_display_name.py
[2025-02-27T15:59:56.480+0000] {logging_mixin.py:190} INFO - [2025-02-27T15:59:56.480+0000] {dag.py:3239} INFO - Sync 1 DAGs
[2025-02-27T15:59:56.497+0000] {logging_mixin.py:190} INFO - [2025-02-27T15:59:56.496+0000] {dag.py:4180} INFO - Setting next_dagrun for example_display_name to None, run_after=None
[2025-02-27T15:59:56.516+0000] {processor.py:208} INFO - Processing /home/airflow/.local/lib/python3.12/site-packages/airflow/example_dags/example_display_name.py took 0.078 seconds
[2025-02-27T16:00:27.075+0000] {processor.py:186} INFO - Started process (PID=1039) to work on /home/airflow/.local/lib/python3.12/site-packages/airflow/example_dags/example_display_name.py
[2025-02-27T16:00:27.076+0000] {processor.py:914} INFO - Processing file /home/airflow/.local/lib/python3.12/site-packages/airflow/example_dags/example_display_name.py for tasks to queue
[2025-02-27T16:00:27.079+0000] {logging_mixin.py:190} INFO - [2025-02-27T16:00:27.078+0000] {dagbag.py:588} INFO - Filling up the DagBag from /home/airflow/.local/lib/python3.12/site-packages/airflow/example_dags/example_display_name.py
[2025-02-27T16:00:27.088+0000] {processor.py:925} INFO - DAG(s) 'example_display_name' retrieved from /home/airflow/.local/lib/python3.12/site-packages/airflow/example_dags/example_display_name.py
[2025-02-27T16:00:27.117+0000] {logging_mixin.py:190} INFO - [2025-02-27T16:00:27.116+0000] {dag.py:3239} INFO - Sync 1 DAGs
[2025-02-27T16:00:27.137+0000] {logging_mixin.py:190} INFO - [2025-02-27T16:00:27.136+0000] {dag.py:4180} INFO - Setting next_dagrun for example_display_name to None, run_after=None
[2025-02-27T16:00:27.166+0000] {processor.py:208} INFO - Processing /home/airflow/.local/lib/python3.12/site-packages/airflow/example_dags/example_display_name.py took 0.099 seconds
[2025-02-27T16:00:57.376+0000] {processor.py:186} INFO - Started process (PID=1102) to work on /home/airflow/.local/lib/python3.12/site-packages/airflow/example_dags/example_display_name.py
[2025-02-27T16:00:57.378+0000] {processor.py:914} INFO - Processing file /home/airflow/.local/lib/python3.12/site-packages/airflow/example_dags/example_display_name.py for tasks to queue
[2025-02-27T16:00:57.380+0000] {logging_mixin.py:190} INFO - [2025-02-27T16:00:57.380+0000] {dagbag.py:588} INFO - Filling up the DagBag from /home/airflow/.local/lib/python3.12/site-packages/airflow/example_dags/example_display_name.py
[2025-02-27T16:00:57.389+0000] {processor.py:925} INFO - DAG(s) 'example_display_name' retrieved from /home/airflow/.local/lib/python3.12/site-packages/airflow/example_dags/example_display_name.py
[2025-02-27T16:00:57.412+0000] {logging_mixin.py:190} INFO - [2025-02-27T16:00:57.412+0000] {dag.py:3239} INFO - Sync 1 DAGs
[2025-02-27T16:00:57.429+0000] {logging_mixin.py:190} INFO - [2025-02-27T16:00:57.429+0000] {dag.py:4180} INFO - Setting next_dagrun for example_display_name to None, run_after=None
[2025-02-27T16:00:57.447+0000] {processor.py:208} INFO - Processing /home/airflow/.local/lib/python3.12/site-packages/airflow/example_dags/example_display_name.py took 0.080 seconds
[2025-02-27T16:01:28.366+0000] {processor.py:186} INFO - Started process (PID=1165) to work on /home/airflow/.local/lib/python3.12/site-packages/airflow/example_dags/example_display_name.py
[2025-02-27T16:01:28.367+0000] {processor.py:914} INFO - Processing file /home/airflow/.local/lib/python3.12/site-packages/airflow/example_dags/example_display_name.py for tasks to queue
[2025-02-27T16:01:28.370+0000] {logging_mixin.py:190} INFO - [2025-02-27T16:01:28.369+0000] {dagbag.py:588} INFO - Filling up the DagBag from /home/airflow/.local/lib/python3.12/site-packages/airflow/example_dags/example_display_name.py
[2025-02-27T16:01:28.378+0000] {processor.py:925} INFO - DAG(s) 'example_display_name' retrieved from /home/airflow/.local/lib/python3.12/site-packages/airflow/example_dags/example_display_name.py
[2025-02-27T16:01:28.400+0000] {logging_mixin.py:190} INFO - [2025-02-27T16:01:28.400+0000] {dag.py:3239} INFO - Sync 1 DAGs
[2025-02-27T16:01:28.416+0000] {logging_mixin.py:190} INFO - [2025-02-27T16:01:28.416+0000] {dag.py:4180} INFO - Setting next_dagrun for example_display_name to None, run_after=None
[2025-02-27T16:01:28.437+0000] {processor.py:208} INFO - Processing /home/airflow/.local/lib/python3.12/site-packages/airflow/example_dags/example_display_name.py took 0.077 seconds
[2025-02-27T16:01:58.798+0000] {processor.py:186} INFO - Started process (PID=1228) to work on /home/airflow/.local/lib/python3.12/site-packages/airflow/example_dags/example_display_name.py
[2025-02-27T16:01:58.799+0000] {processor.py:914} INFO - Processing file /home/airflow/.local/lib/python3.12/site-packages/airflow/example_dags/example_display_name.py for tasks to queue
[2025-02-27T16:01:58.801+0000] {logging_mixin.py:190} INFO - [2025-02-27T16:01:58.801+0000] {dagbag.py:588} INFO - Filling up the DagBag from /home/airflow/.local/lib/python3.12/site-packages/airflow/example_dags/example_display_name.py
[2025-02-27T16:01:58.809+0000] {processor.py:925} INFO - DAG(s) 'example_display_name' retrieved from /home/airflow/.local/lib/python3.12/site-packages/airflow/example_dags/example_display_name.py
[2025-02-27T16:01:58.827+0000] {logging_mixin.py:190} INFO - [2025-02-27T16:01:58.827+0000] {dag.py:3239} INFO - Sync 1 DAGs
[2025-02-27T16:01:58.842+0000] {logging_mixin.py:190} INFO - [2025-02-27T16:01:58.842+0000] {dag.py:4180} INFO - Setting next_dagrun for example_display_name to None, run_after=None
[2025-02-27T16:01:58.860+0000] {processor.py:208} INFO - Processing /home/airflow/.local/lib/python3.12/site-packages/airflow/example_dags/example_display_name.py took 0.067 seconds
[2025-02-27T16:02:29.702+0000] {processor.py:186} INFO - Started process (PID=1291) to work on /home/airflow/.local/lib/python3.12/site-packages/airflow/example_dags/example_display_name.py
[2025-02-27T16:02:29.703+0000] {processor.py:914} INFO - Processing file /home/airflow/.local/lib/python3.12/site-packages/airflow/example_dags/example_display_name.py for tasks to queue
[2025-02-27T16:02:29.705+0000] {logging_mixin.py:190} INFO - [2025-02-27T16:02:29.705+0000] {dagbag.py:588} INFO - Filling up the DagBag from /home/airflow/.local/lib/python3.12/site-packages/airflow/example_dags/example_display_name.py
[2025-02-27T16:02:29.713+0000] {processor.py:925} INFO - DAG(s) 'example_display_name' retrieved from /home/airflow/.local/lib/python3.12/site-packages/airflow/example_dags/example_display_name.py
[2025-02-27T16:02:29.732+0000] {logging_mixin.py:190} INFO - [2025-02-27T16:02:29.732+0000] {dag.py:3239} INFO - Sync 1 DAGs
[2025-02-27T16:02:29.748+0000] {logging_mixin.py:190} INFO - [2025-02-27T16:02:29.747+0000] {dag.py:4180} INFO - Setting next_dagrun for example_display_name to None, run_after=None
[2025-02-27T16:02:29.767+0000] {processor.py:208} INFO - Processing /home/airflow/.local/lib/python3.12/site-packages/airflow/example_dags/example_display_name.py took 0.071 seconds
[2025-02-27T16:03:00.205+0000] {processor.py:186} INFO - Started process (PID=1354) to work on /home/airflow/.local/lib/python3.12/site-packages/airflow/example_dags/example_display_name.py
[2025-02-27T16:03:00.206+0000] {processor.py:914} INFO - Processing file /home/airflow/.local/lib/python3.12/site-packages/airflow/example_dags/example_display_name.py for tasks to queue
[2025-02-27T16:03:00.208+0000] {logging_mixin.py:190} INFO - [2025-02-27T16:03:00.208+0000] {dagbag.py:588} INFO - Filling up the DagBag from /home/airflow/.local/lib/python3.12/site-packages/airflow/example_dags/example_display_name.py
[2025-02-27T16:03:00.216+0000] {processor.py:925} INFO - DAG(s) 'example_display_name' retrieved from /home/airflow/.local/lib/python3.12/site-packages/airflow/example_dags/example_display_name.py
[2025-02-27T16:03:00.237+0000] {logging_mixin.py:190} INFO - [2025-02-27T16:03:00.236+0000] {dag.py:3239} INFO - Sync 1 DAGs
[2025-02-27T16:03:00.252+0000] {logging_mixin.py:190} INFO - [2025-02-27T16:03:00.251+0000] {dag.py:4180} INFO - Setting next_dagrun for example_display_name to None, run_after=None
[2025-02-27T16:03:00.272+0000] {processor.py:208} INFO - Processing /home/airflow/.local/lib/python3.12/site-packages/airflow/example_dags/example_display_name.py took 0.075 seconds
