[2025-02-27T15:52:47.743+0000] {processor.py:186} INFO - Started process (PID=80) to work on /home/airflow/.local/lib/python3.12/site-packages/airflow/example_dags/example_complex.py
[2025-02-27T15:52:47.745+0000] {processor.py:914} INFO - Processing file /home/airflow/.local/lib/python3.12/site-packages/airflow/example_dags/example_complex.py for tasks to queue
[2025-02-27T15:52:47.747+0000] {logging_mixin.py:190} INFO - [2025-02-27T15:52:47.747+0000] {dagbag.py:588} INFO - Filling up the DagBag from /home/airflow/.local/lib/python3.12/site-packages/airflow/example_dags/example_complex.py
[2025-02-27T15:52:47.762+0000] {processor.py:925} INFO - DAG(s) 'example_complex' retrieved from /home/airflow/.local/lib/python3.12/site-packages/airflow/example_dags/example_complex.py
[2025-02-27T15:52:47.937+0000] {logging_mixin.py:190} INFO - [2025-02-27T15:52:47.936+0000] {override.py:1912} INFO - Created Permission View: can edit on DAG:example_complex
[2025-02-27T15:52:47.949+0000] {logging_mixin.py:190} INFO - [2025-02-27T15:52:47.949+0000] {override.py:1912} INFO - Created Permission View: can delete on DAG:example_complex
[2025-02-27T15:52:47.963+0000] {logging_mixin.py:190} INFO - [2025-02-27T15:52:47.962+0000] {override.py:1912} INFO - Created Permission View: can read on DAG:example_complex
[2025-02-27T15:52:47.974+0000] {logging_mixin.py:190} INFO - [2025-02-27T15:52:47.974+0000] {override.py:1912} INFO - Created Permission View: can delete on DAG Run:example_complex
[2025-02-27T15:52:47.983+0000] {logging_mixin.py:190} INFO - [2025-02-27T15:52:47.983+0000] {override.py:1912} INFO - Created Permission View: menu access on DAG Run:example_complex
[2025-02-27T15:52:47.991+0000] {logging_mixin.py:190} INFO - [2025-02-27T15:52:47.991+0000] {override.py:1912} INFO - Created Permission View: can read on DAG Run:example_complex
[2025-02-27T15:52:48.000+0000] {logging_mixin.py:190} INFO - [2025-02-27T15:52:47.999+0000] {override.py:1912} INFO - Created Permission View: can create on DAG Run:example_complex
[2025-02-27T15:52:48.000+0000] {logging_mixin.py:190} INFO - [2025-02-27T15:52:48.000+0000] {dag.py:3239} INFO - Sync 1 DAGs
[2025-02-27T15:52:48.015+0000] {logging_mixin.py:190} INFO - [2025-02-27T15:52:48.015+0000] {dag.py:3262} INFO - Creating ORM DAG for example_complex
[2025-02-27T15:52:48.016+0000] {logging_mixin.py:190} INFO - [2025-02-27T15:52:48.016+0000] {dag.py:4180} INFO - Setting next_dagrun for example_complex to None, run_after=None
[2025-02-27T15:52:48.038+0000] {processor.py:208} INFO - Processing /home/airflow/.local/lib/python3.12/site-packages/airflow/example_dags/example_complex.py took 0.301 seconds
[2025-02-27T15:53:18.796+0000] {processor.py:186} INFO - Started process (PID=143) to work on /home/airflow/.local/lib/python3.12/site-packages/airflow/example_dags/example_complex.py
[2025-02-27T15:53:18.797+0000] {processor.py:914} INFO - Processing file /home/airflow/.local/lib/python3.12/site-packages/airflow/example_dags/example_complex.py for tasks to queue
[2025-02-27T15:53:18.800+0000] {logging_mixin.py:190} INFO - [2025-02-27T15:53:18.800+0000] {dagbag.py:588} INFO - Filling up the DagBag from /home/airflow/.local/lib/python3.12/site-packages/airflow/example_dags/example_complex.py
[2025-02-27T15:53:18.818+0000] {processor.py:925} INFO - DAG(s) 'example_complex' retrieved from /home/airflow/.local/lib/python3.12/site-packages/airflow/example_dags/example_complex.py
[2025-02-27T15:53:18.864+0000] {logging_mixin.py:190} INFO - [2025-02-27T15:53:18.863+0000] {dag.py:3239} INFO - Sync 1 DAGs
[2025-02-27T15:53:18.884+0000] {logging_mixin.py:190} INFO - [2025-02-27T15:53:18.884+0000] {dag.py:4180} INFO - Setting next_dagrun for example_complex to None, run_after=None
[2025-02-27T15:53:18.911+0000] {processor.py:208} INFO - Processing /home/airflow/.local/lib/python3.12/site-packages/airflow/example_dags/example_complex.py took 0.123 seconds
[2025-02-27T15:53:49.129+0000] {processor.py:186} INFO - Started process (PID=206) to work on /home/airflow/.local/lib/python3.12/site-packages/airflow/example_dags/example_complex.py
[2025-02-27T15:53:49.131+0000] {processor.py:914} INFO - Processing file /home/airflow/.local/lib/python3.12/site-packages/airflow/example_dags/example_complex.py for tasks to queue
[2025-02-27T15:53:49.135+0000] {logging_mixin.py:190} INFO - [2025-02-27T15:53:49.134+0000] {dagbag.py:588} INFO - Filling up the DagBag from /home/airflow/.local/lib/python3.12/site-packages/airflow/example_dags/example_complex.py
[2025-02-27T15:53:49.157+0000] {processor.py:925} INFO - DAG(s) 'example_complex' retrieved from /home/airflow/.local/lib/python3.12/site-packages/airflow/example_dags/example_complex.py
[2025-02-27T15:53:49.223+0000] {logging_mixin.py:190} INFO - [2025-02-27T15:53:49.222+0000] {dag.py:3239} INFO - Sync 1 DAGs
[2025-02-27T15:53:49.252+0000] {logging_mixin.py:190} INFO - [2025-02-27T15:53:49.251+0000] {dag.py:4180} INFO - Setting next_dagrun for example_complex to None, run_after=None
[2025-02-27T15:53:49.286+0000] {processor.py:208} INFO - Processing /home/airflow/.local/lib/python3.12/site-packages/airflow/example_dags/example_complex.py took 0.165 seconds
[2025-02-27T15:54:20.254+0000] {processor.py:186} INFO - Started process (PID=269) to work on /home/airflow/.local/lib/python3.12/site-packages/airflow/example_dags/example_complex.py
[2025-02-27T15:54:20.257+0000] {processor.py:914} INFO - Processing file /home/airflow/.local/lib/python3.12/site-packages/airflow/example_dags/example_complex.py for tasks to queue
[2025-02-27T15:54:20.259+0000] {logging_mixin.py:190} INFO - [2025-02-27T15:54:20.259+0000] {dagbag.py:588} INFO - Filling up the DagBag from /home/airflow/.local/lib/python3.12/site-packages/airflow/example_dags/example_complex.py
[2025-02-27T15:54:20.278+0000] {processor.py:925} INFO - DAG(s) 'example_complex' retrieved from /home/airflow/.local/lib/python3.12/site-packages/airflow/example_dags/example_complex.py
[2025-02-27T15:54:20.318+0000] {logging_mixin.py:190} INFO - [2025-02-27T15:54:20.318+0000] {dag.py:3239} INFO - Sync 1 DAGs
[2025-02-27T15:54:20.336+0000] {logging_mixin.py:190} INFO - [2025-02-27T15:54:20.336+0000] {dag.py:4180} INFO - Setting next_dagrun for example_complex to None, run_after=None
[2025-02-27T15:54:20.358+0000] {processor.py:208} INFO - Processing /home/airflow/.local/lib/python3.12/site-packages/airflow/example_dags/example_complex.py took 0.110 seconds
[2025-02-27T15:54:50.927+0000] {processor.py:186} INFO - Started process (PID=332) to work on /home/airflow/.local/lib/python3.12/site-packages/airflow/example_dags/example_complex.py
[2025-02-27T15:54:50.928+0000] {processor.py:914} INFO - Processing file /home/airflow/.local/lib/python3.12/site-packages/airflow/example_dags/example_complex.py for tasks to queue
[2025-02-27T15:54:50.931+0000] {logging_mixin.py:190} INFO - [2025-02-27T15:54:50.930+0000] {dagbag.py:588} INFO - Filling up the DagBag from /home/airflow/.local/lib/python3.12/site-packages/airflow/example_dags/example_complex.py
[2025-02-27T15:54:50.943+0000] {processor.py:925} INFO - DAG(s) 'example_complex' retrieved from /home/airflow/.local/lib/python3.12/site-packages/airflow/example_dags/example_complex.py
[2025-02-27T15:54:50.977+0000] {logging_mixin.py:190} INFO - [2025-02-27T15:54:50.976+0000] {dag.py:3239} INFO - Sync 1 DAGs
[2025-02-27T15:54:50.992+0000] {logging_mixin.py:190} INFO - [2025-02-27T15:54:50.991+0000] {dag.py:4180} INFO - Setting next_dagrun for example_complex to None, run_after=None
[2025-02-27T15:54:51.024+0000] {processor.py:208} INFO - Processing /home/airflow/.local/lib/python3.12/site-packages/airflow/example_dags/example_complex.py took 0.102 seconds
[2025-02-27T15:55:21.168+0000] {processor.py:186} INFO - Started process (PID=395) to work on /home/airflow/.local/lib/python3.12/site-packages/airflow/example_dags/example_complex.py
[2025-02-27T15:55:21.169+0000] {processor.py:914} INFO - Processing file /home/airflow/.local/lib/python3.12/site-packages/airflow/example_dags/example_complex.py for tasks to queue
[2025-02-27T15:55:21.172+0000] {logging_mixin.py:190} INFO - [2025-02-27T15:55:21.171+0000] {dagbag.py:588} INFO - Filling up the DagBag from /home/airflow/.local/lib/python3.12/site-packages/airflow/example_dags/example_complex.py
[2025-02-27T15:55:21.191+0000] {processor.py:925} INFO - DAG(s) 'example_complex' retrieved from /home/airflow/.local/lib/python3.12/site-packages/airflow/example_dags/example_complex.py
[2025-02-27T15:55:21.259+0000] {logging_mixin.py:190} INFO - [2025-02-27T15:55:21.259+0000] {dag.py:3239} INFO - Sync 1 DAGs
[2025-02-27T15:55:21.282+0000] {logging_mixin.py:190} INFO - [2025-02-27T15:55:21.282+0000] {dag.py:4180} INFO - Setting next_dagrun for example_complex to None, run_after=None
[2025-02-27T15:55:21.306+0000] {processor.py:208} INFO - Processing /home/airflow/.local/lib/python3.12/site-packages/airflow/example_dags/example_complex.py took 0.144 seconds
[2025-02-27T15:55:51.595+0000] {processor.py:186} INFO - Started process (PID=458) to work on /home/airflow/.local/lib/python3.12/site-packages/airflow/example_dags/example_complex.py
[2025-02-27T15:55:51.596+0000] {processor.py:914} INFO - Processing file /home/airflow/.local/lib/python3.12/site-packages/airflow/example_dags/example_complex.py for tasks to queue
[2025-02-27T15:55:51.598+0000] {logging_mixin.py:190} INFO - [2025-02-27T15:55:51.598+0000] {dagbag.py:588} INFO - Filling up the DagBag from /home/airflow/.local/lib/python3.12/site-packages/airflow/example_dags/example_complex.py
[2025-02-27T15:55:51.610+0000] {processor.py:925} INFO - DAG(s) 'example_complex' retrieved from /home/airflow/.local/lib/python3.12/site-packages/airflow/example_dags/example_complex.py
[2025-02-27T15:55:51.646+0000] {logging_mixin.py:190} INFO - [2025-02-27T15:55:51.646+0000] {dag.py:3239} INFO - Sync 1 DAGs
[2025-02-27T15:55:51.664+0000] {logging_mixin.py:190} INFO - [2025-02-27T15:55:51.664+0000] {dag.py:4180} INFO - Setting next_dagrun for example_complex to None, run_after=None
[2025-02-27T15:55:51.688+0000] {processor.py:208} INFO - Processing /home/airflow/.local/lib/python3.12/site-packages/airflow/example_dags/example_complex.py took 0.099 seconds
[2025-02-27T15:56:22.568+0000] {processor.py:186} INFO - Started process (PID=521) to work on /home/airflow/.local/lib/python3.12/site-packages/airflow/example_dags/example_complex.py
[2025-02-27T15:56:22.569+0000] {processor.py:914} INFO - Processing file /home/airflow/.local/lib/python3.12/site-packages/airflow/example_dags/example_complex.py for tasks to queue
[2025-02-27T15:56:22.571+0000] {logging_mixin.py:190} INFO - [2025-02-27T15:56:22.571+0000] {dagbag.py:588} INFO - Filling up the DagBag from /home/airflow/.local/lib/python3.12/site-packages/airflow/example_dags/example_complex.py
[2025-02-27T15:56:22.583+0000] {processor.py:925} INFO - DAG(s) 'example_complex' retrieved from /home/airflow/.local/lib/python3.12/site-packages/airflow/example_dags/example_complex.py
[2025-02-27T15:56:22.619+0000] {logging_mixin.py:190} INFO - [2025-02-27T15:56:22.618+0000] {dag.py:3239} INFO - Sync 1 DAGs
[2025-02-27T15:56:22.635+0000] {logging_mixin.py:190} INFO - [2025-02-27T15:56:22.634+0000] {dag.py:4180} INFO - Setting next_dagrun for example_complex to None, run_after=None
[2025-02-27T15:56:22.657+0000] {processor.py:208} INFO - Processing /home/airflow/.local/lib/python3.12/site-packages/airflow/example_dags/example_complex.py took 0.095 seconds
[2025-02-27T15:56:52.796+0000] {processor.py:186} INFO - Started process (PID=585) to work on /home/airflow/.local/lib/python3.12/site-packages/airflow/example_dags/example_complex.py
[2025-02-27T15:56:52.797+0000] {processor.py:914} INFO - Processing file /home/airflow/.local/lib/python3.12/site-packages/airflow/example_dags/example_complex.py for tasks to queue
[2025-02-27T15:56:52.800+0000] {logging_mixin.py:190} INFO - [2025-02-27T15:56:52.800+0000] {dagbag.py:588} INFO - Filling up the DagBag from /home/airflow/.local/lib/python3.12/site-packages/airflow/example_dags/example_complex.py
[2025-02-27T15:56:52.813+0000] {processor.py:925} INFO - DAG(s) 'example_complex' retrieved from /home/airflow/.local/lib/python3.12/site-packages/airflow/example_dags/example_complex.py
[2025-02-27T15:56:52.853+0000] {logging_mixin.py:190} INFO - [2025-02-27T15:56:52.852+0000] {dag.py:3239} INFO - Sync 1 DAGs
[2025-02-27T15:56:52.875+0000] {logging_mixin.py:190} INFO - [2025-02-27T15:56:52.874+0000] {dag.py:4180} INFO - Setting next_dagrun for example_complex to None, run_after=None
[2025-02-27T15:56:52.903+0000] {processor.py:208} INFO - Processing /home/airflow/.local/lib/python3.12/site-packages/airflow/example_dags/example_complex.py took 0.113 seconds
[2025-02-27T15:57:23.219+0000] {processor.py:186} INFO - Started process (PID=648) to work on /home/airflow/.local/lib/python3.12/site-packages/airflow/example_dags/example_complex.py
[2025-02-27T15:57:23.220+0000] {processor.py:914} INFO - Processing file /home/airflow/.local/lib/python3.12/site-packages/airflow/example_dags/example_complex.py for tasks to queue
[2025-02-27T15:57:23.223+0000] {logging_mixin.py:190} INFO - [2025-02-27T15:57:23.223+0000] {dagbag.py:588} INFO - Filling up the DagBag from /home/airflow/.local/lib/python3.12/site-packages/airflow/example_dags/example_complex.py
[2025-02-27T15:57:23.237+0000] {processor.py:925} INFO - DAG(s) 'example_complex' retrieved from /home/airflow/.local/lib/python3.12/site-packages/airflow/example_dags/example_complex.py
[2025-02-27T15:57:23.272+0000] {logging_mixin.py:190} INFO - [2025-02-27T15:57:23.272+0000] {dag.py:3239} INFO - Sync 1 DAGs
[2025-02-27T15:57:23.289+0000] {logging_mixin.py:190} INFO - [2025-02-27T15:57:23.289+0000] {dag.py:4180} INFO - Setting next_dagrun for example_complex to None, run_after=None
[2025-02-27T15:57:23.311+0000] {processor.py:208} INFO - Processing /home/airflow/.local/lib/python3.12/site-packages/airflow/example_dags/example_complex.py took 0.098 seconds
[2025-02-27T15:57:53.512+0000] {processor.py:186} INFO - Started process (PID=711) to work on /home/airflow/.local/lib/python3.12/site-packages/airflow/example_dags/example_complex.py
[2025-02-27T15:57:53.513+0000] {processor.py:914} INFO - Processing file /home/airflow/.local/lib/python3.12/site-packages/airflow/example_dags/example_complex.py for tasks to queue
[2025-02-27T15:57:53.515+0000] {logging_mixin.py:190} INFO - [2025-02-27T15:57:53.515+0000] {dagbag.py:588} INFO - Filling up the DagBag from /home/airflow/.local/lib/python3.12/site-packages/airflow/example_dags/example_complex.py
[2025-02-27T15:57:53.532+0000] {processor.py:925} INFO - DAG(s) 'example_complex' retrieved from /home/airflow/.local/lib/python3.12/site-packages/airflow/example_dags/example_complex.py
[2025-02-27T15:57:53.563+0000] {logging_mixin.py:190} INFO - [2025-02-27T15:57:53.563+0000] {dag.py:3239} INFO - Sync 1 DAGs
[2025-02-27T15:57:53.578+0000] {logging_mixin.py:190} INFO - [2025-02-27T15:57:53.578+0000] {dag.py:4180} INFO - Setting next_dagrun for example_complex to None, run_after=None
[2025-02-27T15:57:53.596+0000] {processor.py:208} INFO - Processing /home/airflow/.local/lib/python3.12/site-packages/airflow/example_dags/example_complex.py took 0.092 seconds
[2025-02-27T15:58:23.771+0000] {processor.py:186} INFO - Started process (PID=774) to work on /home/airflow/.local/lib/python3.12/site-packages/airflow/example_dags/example_complex.py
[2025-02-27T15:58:23.773+0000] {processor.py:914} INFO - Processing file /home/airflow/.local/lib/python3.12/site-packages/airflow/example_dags/example_complex.py for tasks to queue
[2025-02-27T15:58:23.775+0000] {logging_mixin.py:190} INFO - [2025-02-27T15:58:23.774+0000] {dagbag.py:588} INFO - Filling up the DagBag from /home/airflow/.local/lib/python3.12/site-packages/airflow/example_dags/example_complex.py
[2025-02-27T15:58:23.787+0000] {processor.py:925} INFO - DAG(s) 'example_complex' retrieved from /home/airflow/.local/lib/python3.12/site-packages/airflow/example_dags/example_complex.py
[2025-02-27T15:58:23.821+0000] {logging_mixin.py:190} INFO - [2025-02-27T15:58:23.821+0000] {dag.py:3239} INFO - Sync 1 DAGs
[2025-02-27T15:58:23.836+0000] {logging_mixin.py:190} INFO - [2025-02-27T15:58:23.836+0000] {dag.py:4180} INFO - Setting next_dagrun for example_complex to None, run_after=None
[2025-02-27T15:58:23.855+0000] {processor.py:208} INFO - Processing /home/airflow/.local/lib/python3.12/site-packages/airflow/example_dags/example_complex.py took 0.089 seconds
[2025-02-27T15:58:54.023+0000] {processor.py:186} INFO - Started process (PID=837) to work on /home/airflow/.local/lib/python3.12/site-packages/airflow/example_dags/example_complex.py
[2025-02-27T15:58:54.024+0000] {processor.py:914} INFO - Processing file /home/airflow/.local/lib/python3.12/site-packages/airflow/example_dags/example_complex.py for tasks to queue
[2025-02-27T15:58:54.027+0000] {logging_mixin.py:190} INFO - [2025-02-27T15:58:54.026+0000] {dagbag.py:588} INFO - Filling up the DagBag from /home/airflow/.local/lib/python3.12/site-packages/airflow/example_dags/example_complex.py
[2025-02-27T15:58:54.040+0000] {processor.py:925} INFO - DAG(s) 'example_complex' retrieved from /home/airflow/.local/lib/python3.12/site-packages/airflow/example_dags/example_complex.py
[2025-02-27T15:58:54.076+0000] {logging_mixin.py:190} INFO - [2025-02-27T15:58:54.076+0000] {dag.py:3239} INFO - Sync 1 DAGs
[2025-02-27T15:58:54.091+0000] {logging_mixin.py:190} INFO - [2025-02-27T15:58:54.091+0000] {dag.py:4180} INFO - Setting next_dagrun for example_complex to None, run_after=None
[2025-02-27T15:58:54.111+0000] {processor.py:208} INFO - Processing /home/airflow/.local/lib/python3.12/site-packages/airflow/example_dags/example_complex.py took 0.093 seconds
[2025-02-27T15:59:24.410+0000] {processor.py:186} INFO - Started process (PID=900) to work on /home/airflow/.local/lib/python3.12/site-packages/airflow/example_dags/example_complex.py
[2025-02-27T15:59:24.411+0000] {processor.py:914} INFO - Processing file /home/airflow/.local/lib/python3.12/site-packages/airflow/example_dags/example_complex.py for tasks to queue
[2025-02-27T15:59:24.413+0000] {logging_mixin.py:190} INFO - [2025-02-27T15:59:24.412+0000] {dagbag.py:588} INFO - Filling up the DagBag from /home/airflow/.local/lib/python3.12/site-packages/airflow/example_dags/example_complex.py
[2025-02-27T15:59:24.426+0000] {processor.py:925} INFO - DAG(s) 'example_complex' retrieved from /home/airflow/.local/lib/python3.12/site-packages/airflow/example_dags/example_complex.py
[2025-02-27T15:59:24.467+0000] {logging_mixin.py:190} INFO - [2025-02-27T15:59:24.467+0000] {dag.py:3239} INFO - Sync 1 DAGs
[2025-02-27T15:59:24.487+0000] {logging_mixin.py:190} INFO - [2025-02-27T15:59:24.486+0000] {dag.py:4180} INFO - Setting next_dagrun for example_complex to None, run_after=None
[2025-02-27T15:59:24.512+0000] {processor.py:208} INFO - Processing /home/airflow/.local/lib/python3.12/site-packages/airflow/example_dags/example_complex.py took 0.108 seconds
