[2025-02-27T15:52:53.918+0000] {processor.py:186} INFO - Started process (PID=106) to work on /home/airflow/.local/lib/python3.12/site-packages/airflow/example_dags/example_dataset_alias_with_no_taskflow.py
[2025-02-27T15:52:53.919+0000] {processor.py:914} INFO - Processing file /home/airflow/.local/lib/python3.12/site-packages/airflow/example_dags/example_dataset_alias_with_no_taskflow.py for tasks to queue
[2025-02-27T15:52:53.922+0000] {logging_mixin.py:190} INFO - [2025-02-27T15:52:53.921+0000] {dagbag.py:588} INFO - Filling up the DagBag from /home/airflow/.local/lib/python3.12/site-packages/airflow/example_dags/example_dataset_alias_with_no_taskflow.py
[2025-02-27T15:52:55.232+0000] {processor.py:925} INFO - DAG(s) 'dataset_alias_example_alias_consumer_with_no_taskflow', 'dataset_alias_example_alias_producer_with_no_taskflow', 'dataset_s3_bucket_producer_with_no_taskflow', 'dataset_s3_bucket_consumer_with_no_taskflow' retrieved from /home/airflow/.local/lib/python3.12/site-packages/airflow/example_dags/example_dataset_alias_with_no_taskflow.py
[2025-02-27T15:52:55.530+0000] {logging_mixin.py:190} INFO - [2025-02-27T15:52:55.529+0000] {override.py:1912} INFO - Created Permission View: can edit on DAG:dataset_alias_example_alias_consumer_with_no_taskflow
[2025-02-27T15:52:55.599+0000] {logging_mixin.py:190} INFO - [2025-02-27T15:52:55.599+0000] {override.py:1912} INFO - Created Permission View: can delete on DAG:dataset_alias_example_alias_consumer_with_no_taskflow
[2025-02-27T15:52:55.610+0000] {logging_mixin.py:190} INFO - [2025-02-27T15:52:55.609+0000] {override.py:1912} INFO - Created Permission View: can read on DAG:dataset_alias_example_alias_consumer_with_no_taskflow
[2025-02-27T15:52:55.625+0000] {logging_mixin.py:190} INFO - [2025-02-27T15:52:55.624+0000] {override.py:1912} INFO - Created Permission View: can delete on DAG Run:dataset_alias_example_alias_consumer_with_no_taskflow
[2025-02-27T15:52:55.636+0000] {logging_mixin.py:190} INFO - [2025-02-27T15:52:55.635+0000] {override.py:1912} INFO - Created Permission View: menu access on DAG Run:dataset_alias_example_alias_consumer_with_no_taskflow
[2025-02-27T15:52:55.648+0000] {logging_mixin.py:190} INFO - [2025-02-27T15:52:55.647+0000] {override.py:1912} INFO - Created Permission View: can read on DAG Run:dataset_alias_example_alias_consumer_with_no_taskflow
[2025-02-27T15:52:55.660+0000] {logging_mixin.py:190} INFO - [2025-02-27T15:52:55.659+0000] {override.py:1912} INFO - Created Permission View: can create on DAG Run:dataset_alias_example_alias_consumer_with_no_taskflow
[2025-02-27T15:52:55.681+0000] {logging_mixin.py:190} INFO - [2025-02-27T15:52:55.680+0000] {override.py:1912} INFO - Created Permission View: can edit on DAG:dataset_alias_example_alias_producer_with_no_taskflow
[2025-02-27T15:52:55.692+0000] {logging_mixin.py:190} INFO - [2025-02-27T15:52:55.692+0000] {override.py:1912} INFO - Created Permission View: can delete on DAG:dataset_alias_example_alias_producer_with_no_taskflow
[2025-02-27T15:52:55.702+0000] {logging_mixin.py:190} INFO - [2025-02-27T15:52:55.701+0000] {override.py:1912} INFO - Created Permission View: can read on DAG:dataset_alias_example_alias_producer_with_no_taskflow
[2025-02-27T15:52:55.713+0000] {logging_mixin.py:190} INFO - [2025-02-27T15:52:55.713+0000] {override.py:1912} INFO - Created Permission View: can delete on DAG Run:dataset_alias_example_alias_producer_with_no_taskflow
[2025-02-27T15:52:55.724+0000] {logging_mixin.py:190} INFO - [2025-02-27T15:52:55.724+0000] {override.py:1912} INFO - Created Permission View: menu access on DAG Run:dataset_alias_example_alias_producer_with_no_taskflow
[2025-02-27T15:52:55.737+0000] {logging_mixin.py:190} INFO - [2025-02-27T15:52:55.737+0000] {override.py:1912} INFO - Created Permission View: can read on DAG Run:dataset_alias_example_alias_producer_with_no_taskflow
[2025-02-27T15:52:55.748+0000] {logging_mixin.py:190} INFO - [2025-02-27T15:52:55.747+0000] {override.py:1912} INFO - Created Permission View: can create on DAG Run:dataset_alias_example_alias_producer_with_no_taskflow
[2025-02-27T15:52:55.769+0000] {logging_mixin.py:190} INFO - [2025-02-27T15:52:55.768+0000] {override.py:1912} INFO - Created Permission View: can edit on DAG:dataset_s3_bucket_producer_with_no_taskflow
[2025-02-27T15:52:55.780+0000] {logging_mixin.py:190} INFO - [2025-02-27T15:52:55.779+0000] {override.py:1912} INFO - Created Permission View: can delete on DAG:dataset_s3_bucket_producer_with_no_taskflow
[2025-02-27T15:52:55.794+0000] {logging_mixin.py:190} INFO - [2025-02-27T15:52:55.793+0000] {override.py:1912} INFO - Created Permission View: can read on DAG:dataset_s3_bucket_producer_with_no_taskflow
[2025-02-27T15:52:55.808+0000] {logging_mixin.py:190} INFO - [2025-02-27T15:52:55.808+0000] {override.py:1912} INFO - Created Permission View: can delete on DAG Run:dataset_s3_bucket_producer_with_no_taskflow
[2025-02-27T15:52:55.829+0000] {logging_mixin.py:190} INFO - [2025-02-27T15:52:55.829+0000] {override.py:1912} INFO - Created Permission View: menu access on DAG Run:dataset_s3_bucket_producer_with_no_taskflow
[2025-02-27T15:52:55.841+0000] {logging_mixin.py:190} INFO - [2025-02-27T15:52:55.840+0000] {override.py:1912} INFO - Created Permission View: can read on DAG Run:dataset_s3_bucket_producer_with_no_taskflow
[2025-02-27T15:52:55.852+0000] {logging_mixin.py:190} INFO - [2025-02-27T15:52:55.852+0000] {override.py:1912} INFO - Created Permission View: can create on DAG Run:dataset_s3_bucket_producer_with_no_taskflow
[2025-02-27T15:52:55.872+0000] {logging_mixin.py:190} INFO - [2025-02-27T15:52:55.872+0000] {override.py:1912} INFO - Created Permission View: can edit on DAG:dataset_s3_bucket_consumer_with_no_taskflow
[2025-02-27T15:52:55.883+0000] {logging_mixin.py:190} INFO - [2025-02-27T15:52:55.883+0000] {override.py:1912} INFO - Created Permission View: can delete on DAG:dataset_s3_bucket_consumer_with_no_taskflow
[2025-02-27T15:52:55.893+0000] {logging_mixin.py:190} INFO - [2025-02-27T15:52:55.893+0000] {override.py:1912} INFO - Created Permission View: can read on DAG:dataset_s3_bucket_consumer_with_no_taskflow
[2025-02-27T15:52:55.907+0000] {logging_mixin.py:190} INFO - [2025-02-27T15:52:55.906+0000] {override.py:1912} INFO - Created Permission View: can delete on DAG Run:dataset_s3_bucket_consumer_with_no_taskflow
[2025-02-27T15:52:55.919+0000] {logging_mixin.py:190} INFO - [2025-02-27T15:52:55.918+0000] {override.py:1912} INFO - Created Permission View: menu access on DAG Run:dataset_s3_bucket_consumer_with_no_taskflow
[2025-02-27T15:52:55.930+0000] {logging_mixin.py:190} INFO - [2025-02-27T15:52:55.930+0000] {override.py:1912} INFO - Created Permission View: can read on DAG Run:dataset_s3_bucket_consumer_with_no_taskflow
[2025-02-27T15:52:55.941+0000] {logging_mixin.py:190} INFO - [2025-02-27T15:52:55.940+0000] {override.py:1912} INFO - Created Permission View: can create on DAG Run:dataset_s3_bucket_consumer_with_no_taskflow
[2025-02-27T15:52:55.942+0000] {logging_mixin.py:190} INFO - [2025-02-27T15:52:55.941+0000] {dag.py:3239} INFO - Sync 4 DAGs
[2025-02-27T15:52:55.961+0000] {logging_mixin.py:190} INFO - [2025-02-27T15:52:55.960+0000] {dag.py:3262} INFO - Creating ORM DAG for dataset_s3_bucket_producer_with_no_taskflow
[2025-02-27T15:52:55.962+0000] {logging_mixin.py:190} INFO - [2025-02-27T15:52:55.962+0000] {dag.py:3262} INFO - Creating ORM DAG for dataset_alias_example_alias_consumer_with_no_taskflow
[2025-02-27T15:52:55.963+0000] {logging_mixin.py:190} INFO - [2025-02-27T15:52:55.963+0000] {dag.py:3262} INFO - Creating ORM DAG for dataset_alias_example_alias_producer_with_no_taskflow
[2025-02-27T15:52:55.965+0000] {logging_mixin.py:190} INFO - [2025-02-27T15:52:55.964+0000] {dag.py:3262} INFO - Creating ORM DAG for dataset_s3_bucket_consumer_with_no_taskflow
[2025-02-27T15:52:55.984+0000] {logging_mixin.py:190} INFO - [2025-02-27T15:52:55.984+0000] {dag.py:4180} INFO - Setting next_dagrun for dataset_alias_example_alias_consumer_with_no_taskflow to None, run_after=None
[2025-02-27T15:52:55.985+0000] {logging_mixin.py:190} INFO - [2025-02-27T15:52:55.985+0000] {dag.py:4180} INFO - Setting next_dagrun for dataset_alias_example_alias_producer_with_no_taskflow to None, run_after=None
[2025-02-27T15:52:55.987+0000] {logging_mixin.py:190} INFO - [2025-02-27T15:52:55.987+0000] {dag.py:4180} INFO - Setting next_dagrun for dataset_s3_bucket_consumer_with_no_taskflow to None, run_after=None
[2025-02-27T15:52:55.988+0000] {logging_mixin.py:190} INFO - [2025-02-27T15:52:55.988+0000] {dag.py:4180} INFO - Setting next_dagrun for dataset_s3_bucket_producer_with_no_taskflow to None, run_after=None
[2025-02-27T15:52:56.033+0000] {processor.py:208} INFO - Processing /home/airflow/.local/lib/python3.12/site-packages/airflow/example_dags/example_dataset_alias_with_no_taskflow.py took 2.121 seconds
[2025-02-27T15:53:26.306+0000] {processor.py:186} INFO - Started process (PID=168) to work on /home/airflow/.local/lib/python3.12/site-packages/airflow/example_dags/example_dataset_alias_with_no_taskflow.py
[2025-02-27T15:53:26.307+0000] {processor.py:914} INFO - Processing file /home/airflow/.local/lib/python3.12/site-packages/airflow/example_dags/example_dataset_alias_with_no_taskflow.py for tasks to queue
[2025-02-27T15:53:26.310+0000] {logging_mixin.py:190} INFO - [2025-02-27T15:53:26.310+0000] {dagbag.py:588} INFO - Filling up the DagBag from /home/airflow/.local/lib/python3.12/site-packages/airflow/example_dags/example_dataset_alias_with_no_taskflow.py
[2025-02-27T15:53:27.193+0000] {processor.py:925} INFO - DAG(s) 'dataset_alias_example_alias_producer_with_no_taskflow', 'dataset_alias_example_alias_consumer_with_no_taskflow', 'dataset_s3_bucket_consumer_with_no_taskflow', 'dataset_s3_bucket_producer_with_no_taskflow' retrieved from /home/airflow/.local/lib/python3.12/site-packages/airflow/example_dags/example_dataset_alias_with_no_taskflow.py
[2025-02-27T15:53:27.224+0000] {logging_mixin.py:190} INFO - [2025-02-27T15:53:27.223+0000] {dag.py:3239} INFO - Sync 4 DAGs
[2025-02-27T15:53:27.256+0000] {logging_mixin.py:190} INFO - [2025-02-27T15:53:27.256+0000] {dag.py:4180} INFO - Setting next_dagrun for dataset_alias_example_alias_consumer_with_no_taskflow to None, run_after=None
[2025-02-27T15:53:27.260+0000] {logging_mixin.py:190} INFO - [2025-02-27T15:53:27.260+0000] {dag.py:4180} INFO - Setting next_dagrun for dataset_alias_example_alias_producer_with_no_taskflow to None, run_after=None
[2025-02-27T15:53:27.263+0000] {logging_mixin.py:190} INFO - [2025-02-27T15:53:27.262+0000] {dag.py:4180} INFO - Setting next_dagrun for dataset_s3_bucket_consumer_with_no_taskflow to None, run_after=None
[2025-02-27T15:53:27.265+0000] {logging_mixin.py:190} INFO - [2025-02-27T15:53:27.265+0000] {dag.py:4180} INFO - Setting next_dagrun for dataset_s3_bucket_producer_with_no_taskflow to None, run_after=None
[2025-02-27T15:53:27.310+0000] {processor.py:208} INFO - Processing /home/airflow/.local/lib/python3.12/site-packages/airflow/example_dags/example_dataset_alias_with_no_taskflow.py took 1.011 seconds
[2025-02-27T15:53:57.916+0000] {processor.py:186} INFO - Started process (PID=231) to work on /home/airflow/.local/lib/python3.12/site-packages/airflow/example_dags/example_dataset_alias_with_no_taskflow.py
[2025-02-27T15:53:57.917+0000] {processor.py:914} INFO - Processing file /home/airflow/.local/lib/python3.12/site-packages/airflow/example_dags/example_dataset_alias_with_no_taskflow.py for tasks to queue
[2025-02-27T15:53:57.922+0000] {logging_mixin.py:190} INFO - [2025-02-27T15:53:57.921+0000] {dagbag.py:588} INFO - Filling up the DagBag from /home/airflow/.local/lib/python3.12/site-packages/airflow/example_dags/example_dataset_alias_with_no_taskflow.py
[2025-02-27T15:53:59.004+0000] {processor.py:925} INFO - DAG(s) 'dataset_s3_bucket_consumer_with_no_taskflow', 'dataset_alias_example_alias_producer_with_no_taskflow', 'dataset_alias_example_alias_consumer_with_no_taskflow', 'dataset_s3_bucket_producer_with_no_taskflow' retrieved from /home/airflow/.local/lib/python3.12/site-packages/airflow/example_dags/example_dataset_alias_with_no_taskflow.py
[2025-02-27T15:53:59.033+0000] {logging_mixin.py:190} INFO - [2025-02-27T15:53:59.033+0000] {dag.py:3239} INFO - Sync 4 DAGs
[2025-02-27T15:53:59.074+0000] {logging_mixin.py:190} INFO - [2025-02-27T15:53:59.074+0000] {dag.py:4180} INFO - Setting next_dagrun for dataset_alias_example_alias_consumer_with_no_taskflow to None, run_after=None
[2025-02-27T15:53:59.081+0000] {logging_mixin.py:190} INFO - [2025-02-27T15:53:59.080+0000] {dag.py:4180} INFO - Setting next_dagrun for dataset_alias_example_alias_producer_with_no_taskflow to None, run_after=None
[2025-02-27T15:53:59.087+0000] {logging_mixin.py:190} INFO - [2025-02-27T15:53:59.086+0000] {dag.py:4180} INFO - Setting next_dagrun for dataset_s3_bucket_consumer_with_no_taskflow to None, run_after=None
[2025-02-27T15:53:59.089+0000] {logging_mixin.py:190} INFO - [2025-02-27T15:53:59.089+0000] {dag.py:4180} INFO - Setting next_dagrun for dataset_s3_bucket_producer_with_no_taskflow to None, run_after=None
[2025-02-27T15:53:59.139+0000] {processor.py:208} INFO - Processing /home/airflow/.local/lib/python3.12/site-packages/airflow/example_dags/example_dataset_alias_with_no_taskflow.py took 1.233 seconds
[2025-02-27T15:54:29.834+0000] {processor.py:186} INFO - Started process (PID=298) to work on /home/airflow/.local/lib/python3.12/site-packages/airflow/example_dags/example_dataset_alias_with_no_taskflow.py
[2025-02-27T15:54:29.835+0000] {processor.py:914} INFO - Processing file /home/airflow/.local/lib/python3.12/site-packages/airflow/example_dags/example_dataset_alias_with_no_taskflow.py for tasks to queue
[2025-02-27T15:54:29.837+0000] {logging_mixin.py:190} INFO - [2025-02-27T15:54:29.837+0000] {dagbag.py:588} INFO - Filling up the DagBag from /home/airflow/.local/lib/python3.12/site-packages/airflow/example_dags/example_dataset_alias_with_no_taskflow.py
[2025-02-27T15:54:30.532+0000] {processor.py:925} INFO - DAG(s) 'dataset_s3_bucket_consumer_with_no_taskflow', 'dataset_s3_bucket_producer_with_no_taskflow', 'dataset_alias_example_alias_producer_with_no_taskflow', 'dataset_alias_example_alias_consumer_with_no_taskflow' retrieved from /home/airflow/.local/lib/python3.12/site-packages/airflow/example_dags/example_dataset_alias_with_no_taskflow.py
[2025-02-27T15:54:30.557+0000] {logging_mixin.py:190} INFO - [2025-02-27T15:54:30.556+0000] {dag.py:3239} INFO - Sync 4 DAGs
[2025-02-27T15:54:30.584+0000] {logging_mixin.py:190} INFO - [2025-02-27T15:54:30.583+0000] {dag.py:4180} INFO - Setting next_dagrun for dataset_alias_example_alias_consumer_with_no_taskflow to None, run_after=None
[2025-02-27T15:54:30.587+0000] {logging_mixin.py:190} INFO - [2025-02-27T15:54:30.586+0000] {dag.py:4180} INFO - Setting next_dagrun for dataset_alias_example_alias_producer_with_no_taskflow to None, run_after=None
[2025-02-27T15:54:30.588+0000] {logging_mixin.py:190} INFO - [2025-02-27T15:54:30.588+0000] {dag.py:4180} INFO - Setting next_dagrun for dataset_s3_bucket_consumer_with_no_taskflow to None, run_after=None
[2025-02-27T15:54:30.590+0000] {logging_mixin.py:190} INFO - [2025-02-27T15:54:30.590+0000] {dag.py:4180} INFO - Setting next_dagrun for dataset_s3_bucket_producer_with_no_taskflow to None, run_after=None
[2025-02-27T15:54:30.623+0000] {processor.py:208} INFO - Processing /home/airflow/.local/lib/python3.12/site-packages/airflow/example_dags/example_dataset_alias_with_no_taskflow.py took 0.795 seconds
[2025-02-27T15:55:01.333+0000] {processor.py:186} INFO - Started process (PID=363) to work on /home/airflow/.local/lib/python3.12/site-packages/airflow/example_dags/example_dataset_alias_with_no_taskflow.py
[2025-02-27T15:55:01.334+0000] {processor.py:914} INFO - Processing file /home/airflow/.local/lib/python3.12/site-packages/airflow/example_dags/example_dataset_alias_with_no_taskflow.py for tasks to queue
[2025-02-27T15:55:01.336+0000] {logging_mixin.py:190} INFO - [2025-02-27T15:55:01.335+0000] {dagbag.py:588} INFO - Filling up the DagBag from /home/airflow/.local/lib/python3.12/site-packages/airflow/example_dags/example_dataset_alias_with_no_taskflow.py
[2025-02-27T15:55:02.112+0000] {processor.py:925} INFO - DAG(s) 'dataset_s3_bucket_consumer_with_no_taskflow', 'dataset_alias_example_alias_consumer_with_no_taskflow', 'dataset_s3_bucket_producer_with_no_taskflow', 'dataset_alias_example_alias_producer_with_no_taskflow' retrieved from /home/airflow/.local/lib/python3.12/site-packages/airflow/example_dags/example_dataset_alias_with_no_taskflow.py
[2025-02-27T15:55:02.153+0000] {logging_mixin.py:190} INFO - [2025-02-27T15:55:02.152+0000] {dag.py:3239} INFO - Sync 4 DAGs
[2025-02-27T15:55:02.185+0000] {logging_mixin.py:190} INFO - [2025-02-27T15:55:02.185+0000] {dag.py:4180} INFO - Setting next_dagrun for dataset_alias_example_alias_consumer_with_no_taskflow to None, run_after=None
[2025-02-27T15:55:02.189+0000] {logging_mixin.py:190} INFO - [2025-02-27T15:55:02.188+0000] {dag.py:4180} INFO - Setting next_dagrun for dataset_alias_example_alias_producer_with_no_taskflow to None, run_after=None
[2025-02-27T15:55:02.191+0000] {logging_mixin.py:190} INFO - [2025-02-27T15:55:02.190+0000] {dag.py:4180} INFO - Setting next_dagrun for dataset_s3_bucket_consumer_with_no_taskflow to None, run_after=None
[2025-02-27T15:55:02.192+0000] {logging_mixin.py:190} INFO - [2025-02-27T15:55:02.192+0000] {dag.py:4180} INFO - Setting next_dagrun for dataset_s3_bucket_producer_with_no_taskflow to None, run_after=None
[2025-02-27T15:55:02.226+0000] {processor.py:208} INFO - Processing /home/airflow/.local/lib/python3.12/site-packages/airflow/example_dags/example_dataset_alias_with_no_taskflow.py took 0.900 seconds
[2025-02-27T15:55:32.714+0000] {processor.py:186} INFO - Started process (PID=426) to work on /home/airflow/.local/lib/python3.12/site-packages/airflow/example_dags/example_dataset_alias_with_no_taskflow.py
[2025-02-27T15:55:32.716+0000] {processor.py:914} INFO - Processing file /home/airflow/.local/lib/python3.12/site-packages/airflow/example_dags/example_dataset_alias_with_no_taskflow.py for tasks to queue
[2025-02-27T15:55:32.720+0000] {logging_mixin.py:190} INFO - [2025-02-27T15:55:32.719+0000] {dagbag.py:588} INFO - Filling up the DagBag from /home/airflow/.local/lib/python3.12/site-packages/airflow/example_dags/example_dataset_alias_with_no_taskflow.py
[2025-02-27T15:55:33.644+0000] {processor.py:925} INFO - DAG(s) 'dataset_alias_example_alias_producer_with_no_taskflow', 'dataset_s3_bucket_consumer_with_no_taskflow', 'dataset_s3_bucket_producer_with_no_taskflow', 'dataset_alias_example_alias_consumer_with_no_taskflow' retrieved from /home/airflow/.local/lib/python3.12/site-packages/airflow/example_dags/example_dataset_alias_with_no_taskflow.py
[2025-02-27T15:55:33.686+0000] {logging_mixin.py:190} INFO - [2025-02-27T15:55:33.685+0000] {dag.py:3239} INFO - Sync 4 DAGs
[2025-02-27T15:55:33.715+0000] {logging_mixin.py:190} INFO - [2025-02-27T15:55:33.715+0000] {dag.py:4180} INFO - Setting next_dagrun for dataset_alias_example_alias_consumer_with_no_taskflow to None, run_after=None
[2025-02-27T15:55:33.720+0000] {logging_mixin.py:190} INFO - [2025-02-27T15:55:33.720+0000] {dag.py:4180} INFO - Setting next_dagrun for dataset_alias_example_alias_producer_with_no_taskflow to None, run_after=None
[2025-02-27T15:55:33.723+0000] {logging_mixin.py:190} INFO - [2025-02-27T15:55:33.723+0000] {dag.py:4180} INFO - Setting next_dagrun for dataset_s3_bucket_consumer_with_no_taskflow to None, run_after=None
[2025-02-27T15:55:33.726+0000] {logging_mixin.py:190} INFO - [2025-02-27T15:55:33.725+0000] {dag.py:4180} INFO - Setting next_dagrun for dataset_s3_bucket_producer_with_no_taskflow to None, run_after=None
[2025-02-27T15:55:33.754+0000] {processor.py:208} INFO - Processing /home/airflow/.local/lib/python3.12/site-packages/airflow/example_dags/example_dataset_alias_with_no_taskflow.py took 1.059 seconds
[2025-02-27T15:56:03.828+0000] {processor.py:186} INFO - Started process (PID=488) to work on /home/airflow/.local/lib/python3.12/site-packages/airflow/example_dags/example_dataset_alias_with_no_taskflow.py
[2025-02-27T15:56:03.829+0000] {processor.py:914} INFO - Processing file /home/airflow/.local/lib/python3.12/site-packages/airflow/example_dags/example_dataset_alias_with_no_taskflow.py for tasks to queue
[2025-02-27T15:56:03.831+0000] {logging_mixin.py:190} INFO - [2025-02-27T15:56:03.831+0000] {dagbag.py:588} INFO - Filling up the DagBag from /home/airflow/.local/lib/python3.12/site-packages/airflow/example_dags/example_dataset_alias_with_no_taskflow.py
[2025-02-27T15:56:04.539+0000] {processor.py:925} INFO - DAG(s) 'dataset_s3_bucket_consumer_with_no_taskflow', 'dataset_s3_bucket_producer_with_no_taskflow', 'dataset_alias_example_alias_consumer_with_no_taskflow', 'dataset_alias_example_alias_producer_with_no_taskflow' retrieved from /home/airflow/.local/lib/python3.12/site-packages/airflow/example_dags/example_dataset_alias_with_no_taskflow.py
[2025-02-27T15:56:04.579+0000] {logging_mixin.py:190} INFO - [2025-02-27T15:56:04.578+0000] {dag.py:3239} INFO - Sync 4 DAGs
[2025-02-27T15:56:04.626+0000] {logging_mixin.py:190} INFO - [2025-02-27T15:56:04.626+0000] {dag.py:4180} INFO - Setting next_dagrun for dataset_alias_example_alias_consumer_with_no_taskflow to None, run_after=None
[2025-02-27T15:56:04.631+0000] {logging_mixin.py:190} INFO - [2025-02-27T15:56:04.631+0000] {dag.py:4180} INFO - Setting next_dagrun for dataset_alias_example_alias_producer_with_no_taskflow to None, run_after=None
[2025-02-27T15:56:04.634+0000] {logging_mixin.py:190} INFO - [2025-02-27T15:56:04.634+0000] {dag.py:4180} INFO - Setting next_dagrun for dataset_s3_bucket_consumer_with_no_taskflow to None, run_after=None
[2025-02-27T15:56:04.637+0000] {logging_mixin.py:190} INFO - [2025-02-27T15:56:04.637+0000] {dag.py:4180} INFO - Setting next_dagrun for dataset_s3_bucket_producer_with_no_taskflow to None, run_after=None
[2025-02-27T15:56:04.675+0000] {processor.py:208} INFO - Processing /home/airflow/.local/lib/python3.12/site-packages/airflow/example_dags/example_dataset_alias_with_no_taskflow.py took 0.853 seconds
[2025-02-27T15:56:34.777+0000] {processor.py:186} INFO - Started process (PID=551) to work on /home/airflow/.local/lib/python3.12/site-packages/airflow/example_dags/example_dataset_alias_with_no_taskflow.py
[2025-02-27T15:56:34.778+0000] {processor.py:914} INFO - Processing file /home/airflow/.local/lib/python3.12/site-packages/airflow/example_dags/example_dataset_alias_with_no_taskflow.py for tasks to queue
[2025-02-27T15:56:34.780+0000] {logging_mixin.py:190} INFO - [2025-02-27T15:56:34.779+0000] {dagbag.py:588} INFO - Filling up the DagBag from /home/airflow/.local/lib/python3.12/site-packages/airflow/example_dags/example_dataset_alias_with_no_taskflow.py
[2025-02-27T15:56:35.540+0000] {processor.py:925} INFO - DAG(s) 'dataset_alias_example_alias_producer_with_no_taskflow', 'dataset_s3_bucket_consumer_with_no_taskflow', 'dataset_s3_bucket_producer_with_no_taskflow', 'dataset_alias_example_alias_consumer_with_no_taskflow' retrieved from /home/airflow/.local/lib/python3.12/site-packages/airflow/example_dags/example_dataset_alias_with_no_taskflow.py
[2025-02-27T15:56:35.563+0000] {logging_mixin.py:190} INFO - [2025-02-27T15:56:35.563+0000] {dag.py:3239} INFO - Sync 4 DAGs
[2025-02-27T15:56:35.591+0000] {logging_mixin.py:190} INFO - [2025-02-27T15:56:35.591+0000] {dag.py:4180} INFO - Setting next_dagrun for dataset_alias_example_alias_consumer_with_no_taskflow to None, run_after=None
[2025-02-27T15:56:35.594+0000] {logging_mixin.py:190} INFO - [2025-02-27T15:56:35.594+0000] {dag.py:4180} INFO - Setting next_dagrun for dataset_alias_example_alias_producer_with_no_taskflow to None, run_after=None
[2025-02-27T15:56:35.596+0000] {logging_mixin.py:190} INFO - [2025-02-27T15:56:35.596+0000] {dag.py:4180} INFO - Setting next_dagrun for dataset_s3_bucket_consumer_with_no_taskflow to None, run_after=None
[2025-02-27T15:56:35.598+0000] {logging_mixin.py:190} INFO - [2025-02-27T15:56:35.598+0000] {dag.py:4180} INFO - Setting next_dagrun for dataset_s3_bucket_producer_with_no_taskflow to None, run_after=None
[2025-02-27T15:56:35.624+0000] {processor.py:208} INFO - Processing /home/airflow/.local/lib/python3.12/site-packages/airflow/example_dags/example_dataset_alias_with_no_taskflow.py took 0.855 seconds
[2025-02-27T15:57:05.930+0000] {processor.py:186} INFO - Started process (PID=615) to work on /home/airflow/.local/lib/python3.12/site-packages/airflow/example_dags/example_dataset_alias_with_no_taskflow.py
[2025-02-27T15:57:05.931+0000] {processor.py:914} INFO - Processing file /home/airflow/.local/lib/python3.12/site-packages/airflow/example_dags/example_dataset_alias_with_no_taskflow.py for tasks to queue
[2025-02-27T15:57:05.933+0000] {logging_mixin.py:190} INFO - [2025-02-27T15:57:05.933+0000] {dagbag.py:588} INFO - Filling up the DagBag from /home/airflow/.local/lib/python3.12/site-packages/airflow/example_dags/example_dataset_alias_with_no_taskflow.py
[2025-02-27T15:57:06.567+0000] {processor.py:925} INFO - DAG(s) 'dataset_alias_example_alias_consumer_with_no_taskflow', 'dataset_s3_bucket_producer_with_no_taskflow', 'dataset_alias_example_alias_producer_with_no_taskflow', 'dataset_s3_bucket_consumer_with_no_taskflow' retrieved from /home/airflow/.local/lib/python3.12/site-packages/airflow/example_dags/example_dataset_alias_with_no_taskflow.py
[2025-02-27T15:57:06.590+0000] {logging_mixin.py:190} INFO - [2025-02-27T15:57:06.590+0000] {dag.py:3239} INFO - Sync 4 DAGs
[2025-02-27T15:57:06.616+0000] {logging_mixin.py:190} INFO - [2025-02-27T15:57:06.616+0000] {dag.py:4180} INFO - Setting next_dagrun for dataset_alias_example_alias_consumer_with_no_taskflow to None, run_after=None
[2025-02-27T15:57:06.618+0000] {logging_mixin.py:190} INFO - [2025-02-27T15:57:06.618+0000] {dag.py:4180} INFO - Setting next_dagrun for dataset_alias_example_alias_producer_with_no_taskflow to None, run_after=None
[2025-02-27T15:57:06.620+0000] {logging_mixin.py:190} INFO - [2025-02-27T15:57:06.620+0000] {dag.py:4180} INFO - Setting next_dagrun for dataset_s3_bucket_consumer_with_no_taskflow to None, run_after=None
[2025-02-27T15:57:06.621+0000] {logging_mixin.py:190} INFO - [2025-02-27T15:57:06.621+0000] {dag.py:4180} INFO - Setting next_dagrun for dataset_s3_bucket_producer_with_no_taskflow to None, run_after=None
[2025-02-27T15:57:06.643+0000] {processor.py:208} INFO - Processing /home/airflow/.local/lib/python3.12/site-packages/airflow/example_dags/example_dataset_alias_with_no_taskflow.py took 0.718 seconds
[2025-02-27T15:57:36.734+0000] {processor.py:186} INFO - Started process (PID=683) to work on /home/airflow/.local/lib/python3.12/site-packages/airflow/example_dags/example_dataset_alias_with_no_taskflow.py
[2025-02-27T15:57:36.735+0000] {processor.py:914} INFO - Processing file /home/airflow/.local/lib/python3.12/site-packages/airflow/example_dags/example_dataset_alias_with_no_taskflow.py for tasks to queue
[2025-02-27T15:57:36.737+0000] {logging_mixin.py:190} INFO - [2025-02-27T15:57:36.737+0000] {dagbag.py:588} INFO - Filling up the DagBag from /home/airflow/.local/lib/python3.12/site-packages/airflow/example_dags/example_dataset_alias_with_no_taskflow.py
[2025-02-27T15:57:37.508+0000] {processor.py:925} INFO - DAG(s) 'dataset_alias_example_alias_producer_with_no_taskflow', 'dataset_alias_example_alias_consumer_with_no_taskflow', 'dataset_s3_bucket_consumer_with_no_taskflow', 'dataset_s3_bucket_producer_with_no_taskflow' retrieved from /home/airflow/.local/lib/python3.12/site-packages/airflow/example_dags/example_dataset_alias_with_no_taskflow.py
[2025-02-27T15:57:37.530+0000] {logging_mixin.py:190} INFO - [2025-02-27T15:57:37.530+0000] {dag.py:3239} INFO - Sync 4 DAGs
[2025-02-27T15:57:37.566+0000] {logging_mixin.py:190} INFO - [2025-02-27T15:57:37.566+0000] {dag.py:4180} INFO - Setting next_dagrun for dataset_alias_example_alias_consumer_with_no_taskflow to None, run_after=None
[2025-02-27T15:57:37.571+0000] {logging_mixin.py:190} INFO - [2025-02-27T15:57:37.571+0000] {dag.py:4180} INFO - Setting next_dagrun for dataset_alias_example_alias_producer_with_no_taskflow to None, run_after=None
[2025-02-27T15:57:37.574+0000] {logging_mixin.py:190} INFO - [2025-02-27T15:57:37.574+0000] {dag.py:4180} INFO - Setting next_dagrun for dataset_s3_bucket_consumer_with_no_taskflow to None, run_after=None
[2025-02-27T15:57:37.577+0000] {logging_mixin.py:190} INFO - [2025-02-27T15:57:37.577+0000] {dag.py:4180} INFO - Setting next_dagrun for dataset_s3_bucket_producer_with_no_taskflow to None, run_after=None
[2025-02-27T15:57:37.613+0000] {processor.py:208} INFO - Processing /home/airflow/.local/lib/python3.12/site-packages/airflow/example_dags/example_dataset_alias_with_no_taskflow.py took 0.885 seconds
[2025-02-27T15:58:07.911+0000] {processor.py:186} INFO - Started process (PID=746) to work on /home/airflow/.local/lib/python3.12/site-packages/airflow/example_dags/example_dataset_alias_with_no_taskflow.py
[2025-02-27T15:58:07.912+0000] {processor.py:914} INFO - Processing file /home/airflow/.local/lib/python3.12/site-packages/airflow/example_dags/example_dataset_alias_with_no_taskflow.py for tasks to queue
[2025-02-27T15:58:07.916+0000] {logging_mixin.py:190} INFO - [2025-02-27T15:58:07.916+0000] {dagbag.py:588} INFO - Filling up the DagBag from /home/airflow/.local/lib/python3.12/site-packages/airflow/example_dags/example_dataset_alias_with_no_taskflow.py
[2025-02-27T15:58:08.606+0000] {processor.py:925} INFO - DAG(s) 'dataset_s3_bucket_consumer_with_no_taskflow', 'dataset_alias_example_alias_producer_with_no_taskflow', 'dataset_s3_bucket_producer_with_no_taskflow', 'dataset_alias_example_alias_consumer_with_no_taskflow' retrieved from /home/airflow/.local/lib/python3.12/site-packages/airflow/example_dags/example_dataset_alias_with_no_taskflow.py
[2025-02-27T15:58:08.630+0000] {logging_mixin.py:190} INFO - [2025-02-27T15:58:08.629+0000] {dag.py:3239} INFO - Sync 4 DAGs
[2025-02-27T15:58:08.655+0000] {logging_mixin.py:190} INFO - [2025-02-27T15:58:08.655+0000] {dag.py:4180} INFO - Setting next_dagrun for dataset_alias_example_alias_consumer_with_no_taskflow to None, run_after=None
[2025-02-27T15:58:08.658+0000] {logging_mixin.py:190} INFO - [2025-02-27T15:58:08.658+0000] {dag.py:4180} INFO - Setting next_dagrun for dataset_alias_example_alias_producer_with_no_taskflow to None, run_after=None
[2025-02-27T15:58:08.660+0000] {logging_mixin.py:190} INFO - [2025-02-27T15:58:08.660+0000] {dag.py:4180} INFO - Setting next_dagrun for dataset_s3_bucket_consumer_with_no_taskflow to None, run_after=None
[2025-02-27T15:58:08.661+0000] {logging_mixin.py:190} INFO - [2025-02-27T15:58:08.661+0000] {dag.py:4180} INFO - Setting next_dagrun for dataset_s3_bucket_producer_with_no_taskflow to None, run_after=None
[2025-02-27T15:58:08.688+0000] {processor.py:208} INFO - Processing /home/airflow/.local/lib/python3.12/site-packages/airflow/example_dags/example_dataset_alias_with_no_taskflow.py took 0.787 seconds
[2025-02-27T15:58:38.815+0000] {processor.py:186} INFO - Started process (PID=814) to work on /home/airflow/.local/lib/python3.12/site-packages/airflow/example_dags/example_dataset_alias_with_no_taskflow.py
[2025-02-27T15:58:38.817+0000] {processor.py:914} INFO - Processing file /home/airflow/.local/lib/python3.12/site-packages/airflow/example_dags/example_dataset_alias_with_no_taskflow.py for tasks to queue
[2025-02-27T15:58:38.820+0000] {logging_mixin.py:190} INFO - [2025-02-27T15:58:38.819+0000] {dagbag.py:588} INFO - Filling up the DagBag from /home/airflow/.local/lib/python3.12/site-packages/airflow/example_dags/example_dataset_alias_with_no_taskflow.py
[2025-02-27T15:58:39.447+0000] {processor.py:925} INFO - DAG(s) 'dataset_s3_bucket_consumer_with_no_taskflow', 'dataset_alias_example_alias_producer_with_no_taskflow', 'dataset_s3_bucket_producer_with_no_taskflow', 'dataset_alias_example_alias_consumer_with_no_taskflow' retrieved from /home/airflow/.local/lib/python3.12/site-packages/airflow/example_dags/example_dataset_alias_with_no_taskflow.py
[2025-02-27T15:58:39.471+0000] {logging_mixin.py:190} INFO - [2025-02-27T15:58:39.471+0000] {dag.py:3239} INFO - Sync 4 DAGs
[2025-02-27T15:58:39.497+0000] {logging_mixin.py:190} INFO - [2025-02-27T15:58:39.497+0000] {dag.py:4180} INFO - Setting next_dagrun for dataset_alias_example_alias_consumer_with_no_taskflow to None, run_after=None
[2025-02-27T15:58:39.500+0000] {logging_mixin.py:190} INFO - [2025-02-27T15:58:39.500+0000] {dag.py:4180} INFO - Setting next_dagrun for dataset_alias_example_alias_producer_with_no_taskflow to None, run_after=None
[2025-02-27T15:58:39.501+0000] {logging_mixin.py:190} INFO - [2025-02-27T15:58:39.501+0000] {dag.py:4180} INFO - Setting next_dagrun for dataset_s3_bucket_consumer_with_no_taskflow to None, run_after=None
[2025-02-27T15:58:39.503+0000] {logging_mixin.py:190} INFO - [2025-02-27T15:58:39.503+0000] {dag.py:4180} INFO - Setting next_dagrun for dataset_s3_bucket_producer_with_no_taskflow to None, run_after=None
[2025-02-27T15:58:39.528+0000] {processor.py:208} INFO - Processing /home/airflow/.local/lib/python3.12/site-packages/airflow/example_dags/example_dataset_alias_with_no_taskflow.py took 0.721 seconds
[2025-02-27T15:59:09.745+0000] {processor.py:186} INFO - Started process (PID=877) to work on /home/airflow/.local/lib/python3.12/site-packages/airflow/example_dags/example_dataset_alias_with_no_taskflow.py
[2025-02-27T15:59:09.746+0000] {processor.py:914} INFO - Processing file /home/airflow/.local/lib/python3.12/site-packages/airflow/example_dags/example_dataset_alias_with_no_taskflow.py for tasks to queue
[2025-02-27T15:59:09.749+0000] {logging_mixin.py:190} INFO - [2025-02-27T15:59:09.748+0000] {dagbag.py:588} INFO - Filling up the DagBag from /home/airflow/.local/lib/python3.12/site-packages/airflow/example_dags/example_dataset_alias_with_no_taskflow.py
[2025-02-27T15:59:10.366+0000] {processor.py:925} INFO - DAG(s) 'dataset_s3_bucket_producer_with_no_taskflow', 'dataset_alias_example_alias_consumer_with_no_taskflow', 'dataset_s3_bucket_consumer_with_no_taskflow', 'dataset_alias_example_alias_producer_with_no_taskflow' retrieved from /home/airflow/.local/lib/python3.12/site-packages/airflow/example_dags/example_dataset_alias_with_no_taskflow.py
[2025-02-27T15:59:10.391+0000] {logging_mixin.py:190} INFO - [2025-02-27T15:59:10.391+0000] {dag.py:3239} INFO - Sync 4 DAGs
[2025-02-27T15:59:10.415+0000] {logging_mixin.py:190} INFO - [2025-02-27T15:59:10.415+0000] {dag.py:4180} INFO - Setting next_dagrun for dataset_alias_example_alias_consumer_with_no_taskflow to None, run_after=None
[2025-02-27T15:59:10.418+0000] {logging_mixin.py:190} INFO - [2025-02-27T15:59:10.417+0000] {dag.py:4180} INFO - Setting next_dagrun for dataset_alias_example_alias_producer_with_no_taskflow to None, run_after=None
[2025-02-27T15:59:10.419+0000] {logging_mixin.py:190} INFO - [2025-02-27T15:59:10.419+0000] {dag.py:4180} INFO - Setting next_dagrun for dataset_s3_bucket_consumer_with_no_taskflow to None, run_after=None
[2025-02-27T15:59:10.420+0000] {logging_mixin.py:190} INFO - [2025-02-27T15:59:10.420+0000] {dag.py:4180} INFO - Setting next_dagrun for dataset_s3_bucket_producer_with_no_taskflow to None, run_after=None
[2025-02-27T15:59:10.443+0000] {processor.py:208} INFO - Processing /home/airflow/.local/lib/python3.12/site-packages/airflow/example_dags/example_dataset_alias_with_no_taskflow.py took 0.704 seconds
[2025-02-27T15:59:41.228+0000] {processor.py:186} INFO - Started process (PID=943) to work on /home/airflow/.local/lib/python3.12/site-packages/airflow/example_dags/example_dataset_alias_with_no_taskflow.py
[2025-02-27T15:59:41.229+0000] {processor.py:914} INFO - Processing file /home/airflow/.local/lib/python3.12/site-packages/airflow/example_dags/example_dataset_alias_with_no_taskflow.py for tasks to queue
[2025-02-27T15:59:41.231+0000] {logging_mixin.py:190} INFO - [2025-02-27T15:59:41.231+0000] {dagbag.py:588} INFO - Filling up the DagBag from /home/airflow/.local/lib/python3.12/site-packages/airflow/example_dags/example_dataset_alias_with_no_taskflow.py
[2025-02-27T15:59:41.903+0000] {processor.py:925} INFO - DAG(s) 'dataset_s3_bucket_producer_with_no_taskflow', 'dataset_alias_example_alias_producer_with_no_taskflow', 'dataset_alias_example_alias_consumer_with_no_taskflow', 'dataset_s3_bucket_consumer_with_no_taskflow' retrieved from /home/airflow/.local/lib/python3.12/site-packages/airflow/example_dags/example_dataset_alias_with_no_taskflow.py
[2025-02-27T15:59:41.927+0000] {logging_mixin.py:190} INFO - [2025-02-27T15:59:41.927+0000] {dag.py:3239} INFO - Sync 4 DAGs
[2025-02-27T15:59:41.954+0000] {logging_mixin.py:190} INFO - [2025-02-27T15:59:41.954+0000] {dag.py:4180} INFO - Setting next_dagrun for dataset_alias_example_alias_consumer_with_no_taskflow to None, run_after=None
[2025-02-27T15:59:41.957+0000] {logging_mixin.py:190} INFO - [2025-02-27T15:59:41.957+0000] {dag.py:4180} INFO - Setting next_dagrun for dataset_alias_example_alias_producer_with_no_taskflow to None, run_after=None
[2025-02-27T15:59:41.959+0000] {logging_mixin.py:190} INFO - [2025-02-27T15:59:41.959+0000] {dag.py:4180} INFO - Setting next_dagrun for dataset_s3_bucket_consumer_with_no_taskflow to None, run_after=None
[2025-02-27T15:59:41.961+0000] {logging_mixin.py:190} INFO - [2025-02-27T15:59:41.961+0000] {dag.py:4180} INFO - Setting next_dagrun for dataset_s3_bucket_producer_with_no_taskflow to None, run_after=None
[2025-02-27T15:59:41.987+0000] {processor.py:208} INFO - Processing /home/airflow/.local/lib/python3.12/site-packages/airflow/example_dags/example_dataset_alias_with_no_taskflow.py took 0.765 seconds
