[2025-02-27T15:52:56.712+0000] {processor.py:186} INFO - Started process (PID=109) to work on /home/airflow/.local/lib/python3.12/site-packages/airflow/example_dags/example_inlet_event_extra.py
[2025-02-27T15:52:56.714+0000] {processor.py:914} INFO - Processing file /home/airflow/.local/lib/python3.12/site-packages/airflow/example_dags/example_inlet_event_extra.py for tasks to queue
[2025-02-27T15:52:56.717+0000] {logging_mixin.py:190} INFO - [2025-02-27T15:52:56.716+0000] {dagbag.py:588} INFO - Filling up the DagBag from /home/airflow/.local/lib/python3.12/site-packages/airflow/example_dags/example_inlet_event_extra.py
[2025-02-27T15:52:57.531+0000] {processor.py:925} INFO - DAG(s) 'read_dataset_event_from_classic', 'read_dataset_event' retrieved from /home/airflow/.local/lib/python3.12/site-packages/airflow/example_dags/example_inlet_event_extra.py
[2025-02-27T15:52:57.656+0000] {logging_mixin.py:190} INFO - [2025-02-27T15:52:57.655+0000] {override.py:1912} INFO - Created Permission View: can edit on DAG:read_dataset_event_from_classic
[2025-02-27T15:52:57.673+0000] {logging_mixin.py:190} INFO - [2025-02-27T15:52:57.672+0000] {override.py:1912} INFO - Created Permission View: can delete on DAG:read_dataset_event_from_classic
[2025-02-27T15:52:57.682+0000] {logging_mixin.py:190} INFO - [2025-02-27T15:52:57.682+0000] {override.py:1912} INFO - Created Permission View: can read on DAG:read_dataset_event_from_classic
[2025-02-27T15:52:57.694+0000] {logging_mixin.py:190} INFO - [2025-02-27T15:52:57.694+0000] {override.py:1912} INFO - Created Permission View: can delete on DAG Run:read_dataset_event_from_classic
[2025-02-27T15:52:57.705+0000] {logging_mixin.py:190} INFO - [2025-02-27T15:52:57.705+0000] {override.py:1912} INFO - Created Permission View: menu access on DAG Run:read_dataset_event_from_classic
[2025-02-27T15:52:57.716+0000] {logging_mixin.py:190} INFO - [2025-02-27T15:52:57.715+0000] {override.py:1912} INFO - Created Permission View: can read on DAG Run:read_dataset_event_from_classic
[2025-02-27T15:52:57.726+0000] {logging_mixin.py:190} INFO - [2025-02-27T15:52:57.726+0000] {override.py:1912} INFO - Created Permission View: can create on DAG Run:read_dataset_event_from_classic
[2025-02-27T15:52:57.747+0000] {logging_mixin.py:190} INFO - [2025-02-27T15:52:57.746+0000] {override.py:1912} INFO - Created Permission View: can edit on DAG:read_dataset_event
[2025-02-27T15:52:57.757+0000] {logging_mixin.py:190} INFO - [2025-02-27T15:52:57.757+0000] {override.py:1912} INFO - Created Permission View: can delete on DAG:read_dataset_event
[2025-02-27T15:52:57.768+0000] {logging_mixin.py:190} INFO - [2025-02-27T15:52:57.767+0000] {override.py:1912} INFO - Created Permission View: can read on DAG:read_dataset_event
[2025-02-27T15:52:57.780+0000] {logging_mixin.py:190} INFO - [2025-02-27T15:52:57.780+0000] {override.py:1912} INFO - Created Permission View: can delete on DAG Run:read_dataset_event
[2025-02-27T15:52:57.790+0000] {logging_mixin.py:190} INFO - [2025-02-27T15:52:57.790+0000] {override.py:1912} INFO - Created Permission View: menu access on DAG Run:read_dataset_event
[2025-02-27T15:52:57.801+0000] {logging_mixin.py:190} INFO - [2025-02-27T15:52:57.800+0000] {override.py:1912} INFO - Created Permission View: can read on DAG Run:read_dataset_event
[2025-02-27T15:52:57.812+0000] {logging_mixin.py:190} INFO - [2025-02-27T15:52:57.812+0000] {override.py:1912} INFO - Created Permission View: can create on DAG Run:read_dataset_event
[2025-02-27T15:52:57.813+0000] {logging_mixin.py:190} INFO - [2025-02-27T15:52:57.813+0000] {dag.py:3239} INFO - Sync 2 DAGs
[2025-02-27T15:52:57.833+0000] {logging_mixin.py:190} INFO - [2025-02-27T15:52:57.832+0000] {dag.py:3262} INFO - Creating ORM DAG for read_dataset_event
[2025-02-27T15:52:57.834+0000] {logging_mixin.py:190} INFO - [2025-02-27T15:52:57.834+0000] {dag.py:3262} INFO - Creating ORM DAG for read_dataset_event_from_classic
[2025-02-27T15:52:57.854+0000] {logging_mixin.py:190} INFO - [2025-02-27T15:52:57.854+0000] {dag.py:4180} INFO - Setting next_dagrun for read_dataset_event to 2025-02-26 00:00:00+00:00, run_after=2025-02-27 00:00:00+00:00
[2025-02-27T15:52:57.858+0000] {logging_mixin.py:190} INFO - [2025-02-27T15:52:57.858+0000] {dag.py:4180} INFO - Setting next_dagrun for read_dataset_event_from_classic to 2025-02-26 00:00:00+00:00, run_after=2025-02-27 00:00:00+00:00
[2025-02-27T15:52:57.883+0000] {processor.py:208} INFO - Processing /home/airflow/.local/lib/python3.12/site-packages/airflow/example_dags/example_inlet_event_extra.py took 1.177 seconds
[2025-02-27T15:53:28.045+0000] {processor.py:186} INFO - Started process (PID=175) to work on /home/airflow/.local/lib/python3.12/site-packages/airflow/example_dags/example_inlet_event_extra.py
[2025-02-27T15:53:28.046+0000] {processor.py:914} INFO - Processing file /home/airflow/.local/lib/python3.12/site-packages/airflow/example_dags/example_inlet_event_extra.py for tasks to queue
[2025-02-27T15:53:28.048+0000] {logging_mixin.py:190} INFO - [2025-02-27T15:53:28.048+0000] {dagbag.py:588} INFO - Filling up the DagBag from /home/airflow/.local/lib/python3.12/site-packages/airflow/example_dags/example_inlet_event_extra.py
[2025-02-27T15:53:28.738+0000] {processor.py:925} INFO - DAG(s) 'read_dataset_event_from_classic', 'read_dataset_event' retrieved from /home/airflow/.local/lib/python3.12/site-packages/airflow/example_dags/example_inlet_event_extra.py
[2025-02-27T15:53:28.763+0000] {logging_mixin.py:190} INFO - [2025-02-27T15:53:28.763+0000] {dag.py:3239} INFO - Sync 2 DAGs
[2025-02-27T15:53:28.791+0000] {logging_mixin.py:190} INFO - [2025-02-27T15:53:28.791+0000] {dag.py:4180} INFO - Setting next_dagrun for read_dataset_event to 2025-02-26 00:00:00+00:00, run_after=2025-02-27 00:00:00+00:00
[2025-02-27T15:53:28.799+0000] {logging_mixin.py:190} INFO - [2025-02-27T15:53:28.798+0000] {dag.py:4180} INFO - Setting next_dagrun for read_dataset_event_from_classic to 2025-02-26 00:00:00+00:00, run_after=2025-02-27 00:00:00+00:00
[2025-02-27T15:53:28.820+0000] {processor.py:208} INFO - Processing /home/airflow/.local/lib/python3.12/site-packages/airflow/example_dags/example_inlet_event_extra.py took 0.781 seconds
[2025-02-27T15:53:59.395+0000] {processor.py:186} INFO - Started process (PID=238) to work on /home/airflow/.local/lib/python3.12/site-packages/airflow/example_dags/example_inlet_event_extra.py
[2025-02-27T15:53:59.396+0000] {processor.py:914} INFO - Processing file /home/airflow/.local/lib/python3.12/site-packages/airflow/example_dags/example_inlet_event_extra.py for tasks to queue
[2025-02-27T15:53:59.399+0000] {logging_mixin.py:190} INFO - [2025-02-27T15:53:59.398+0000] {dagbag.py:588} INFO - Filling up the DagBag from /home/airflow/.local/lib/python3.12/site-packages/airflow/example_dags/example_inlet_event_extra.py
[2025-02-27T15:54:00.152+0000] {processor.py:925} INFO - DAG(s) 'read_dataset_event', 'read_dataset_event_from_classic' retrieved from /home/airflow/.local/lib/python3.12/site-packages/airflow/example_dags/example_inlet_event_extra.py
[2025-02-27T15:54:00.176+0000] {logging_mixin.py:190} INFO - [2025-02-27T15:54:00.176+0000] {dag.py:3239} INFO - Sync 2 DAGs
[2025-02-27T15:54:00.206+0000] {logging_mixin.py:190} INFO - [2025-02-27T15:54:00.205+0000] {dag.py:4180} INFO - Setting next_dagrun for read_dataset_event to 2025-02-26 00:00:00+00:00, run_after=2025-02-27 00:00:00+00:00
[2025-02-27T15:54:00.214+0000] {logging_mixin.py:190} INFO - [2025-02-27T15:54:00.213+0000] {dag.py:4180} INFO - Setting next_dagrun for read_dataset_event_from_classic to 2025-02-26 00:00:00+00:00, run_after=2025-02-27 00:00:00+00:00
[2025-02-27T15:54:00.239+0000] {processor.py:208} INFO - Processing /home/airflow/.local/lib/python3.12/site-packages/airflow/example_dags/example_inlet_event_extra.py took 0.852 seconds
[2025-02-27T15:54:30.675+0000] {processor.py:186} INFO - Started process (PID=301) to work on /home/airflow/.local/lib/python3.12/site-packages/airflow/example_dags/example_inlet_event_extra.py
[2025-02-27T15:54:30.676+0000] {processor.py:914} INFO - Processing file /home/airflow/.local/lib/python3.12/site-packages/airflow/example_dags/example_inlet_event_extra.py for tasks to queue
[2025-02-27T15:54:30.678+0000] {logging_mixin.py:190} INFO - [2025-02-27T15:54:30.678+0000] {dagbag.py:588} INFO - Filling up the DagBag from /home/airflow/.local/lib/python3.12/site-packages/airflow/example_dags/example_inlet_event_extra.py
[2025-02-27T15:54:31.295+0000] {processor.py:925} INFO - DAG(s) 'read_dataset_event', 'read_dataset_event_from_classic' retrieved from /home/airflow/.local/lib/python3.12/site-packages/airflow/example_dags/example_inlet_event_extra.py
[2025-02-27T15:54:31.316+0000] {logging_mixin.py:190} INFO - [2025-02-27T15:54:31.316+0000] {dag.py:3239} INFO - Sync 2 DAGs
[2025-02-27T15:54:31.342+0000] {logging_mixin.py:190} INFO - [2025-02-27T15:54:31.342+0000] {dag.py:4180} INFO - Setting next_dagrun for read_dataset_event to 2025-02-26 00:00:00+00:00, run_after=2025-02-27 00:00:00+00:00
[2025-02-27T15:54:31.348+0000] {logging_mixin.py:190} INFO - [2025-02-27T15:54:31.348+0000] {dag.py:4180} INFO - Setting next_dagrun for read_dataset_event_from_classic to 2025-02-26 00:00:00+00:00, run_after=2025-02-27 00:00:00+00:00
[2025-02-27T15:54:31.377+0000] {processor.py:208} INFO - Processing /home/airflow/.local/lib/python3.12/site-packages/airflow/example_dags/example_inlet_event_extra.py took 0.708 seconds
[2025-02-27T15:55:02.507+0000] {processor.py:186} INFO - Started process (PID=367) to work on /home/airflow/.local/lib/python3.12/site-packages/airflow/example_dags/example_inlet_event_extra.py
[2025-02-27T15:55:02.509+0000] {processor.py:914} INFO - Processing file /home/airflow/.local/lib/python3.12/site-packages/airflow/example_dags/example_inlet_event_extra.py for tasks to queue
[2025-02-27T15:55:02.511+0000] {logging_mixin.py:190} INFO - [2025-02-27T15:55:02.511+0000] {dagbag.py:588} INFO - Filling up the DagBag from /home/airflow/.local/lib/python3.12/site-packages/airflow/example_dags/example_inlet_event_extra.py
[2025-02-27T15:55:03.442+0000] {processor.py:925} INFO - DAG(s) 'read_dataset_event_from_classic', 'read_dataset_event' retrieved from /home/airflow/.local/lib/python3.12/site-packages/airflow/example_dags/example_inlet_event_extra.py
[2025-02-27T15:55:03.469+0000] {logging_mixin.py:190} INFO - [2025-02-27T15:55:03.469+0000] {dag.py:3239} INFO - Sync 2 DAGs
[2025-02-27T15:55:03.503+0000] {logging_mixin.py:190} INFO - [2025-02-27T15:55:03.503+0000] {dag.py:4180} INFO - Setting next_dagrun for read_dataset_event to 2025-02-26 00:00:00+00:00, run_after=2025-02-27 00:00:00+00:00
[2025-02-27T15:55:03.510+0000] {logging_mixin.py:190} INFO - [2025-02-27T15:55:03.510+0000] {dag.py:4180} INFO - Setting next_dagrun for read_dataset_event_from_classic to 2025-02-26 00:00:00+00:00, run_after=2025-02-27 00:00:00+00:00
[2025-02-27T15:55:03.528+0000] {processor.py:208} INFO - Processing /home/airflow/.local/lib/python3.12/site-packages/airflow/example_dags/example_inlet_event_extra.py took 1.027 seconds
[2025-02-27T15:55:34.064+0000] {processor.py:186} INFO - Started process (PID=430) to work on /home/airflow/.local/lib/python3.12/site-packages/airflow/example_dags/example_inlet_event_extra.py
[2025-02-27T15:55:34.065+0000] {processor.py:914} INFO - Processing file /home/airflow/.local/lib/python3.12/site-packages/airflow/example_dags/example_inlet_event_extra.py for tasks to queue
[2025-02-27T15:55:34.068+0000] {logging_mixin.py:190} INFO - [2025-02-27T15:55:34.067+0000] {dagbag.py:588} INFO - Filling up the DagBag from /home/airflow/.local/lib/python3.12/site-packages/airflow/example_dags/example_inlet_event_extra.py
[2025-02-27T15:55:34.851+0000] {processor.py:925} INFO - DAG(s) 'read_dataset_event', 'read_dataset_event_from_classic' retrieved from /home/airflow/.local/lib/python3.12/site-packages/airflow/example_dags/example_inlet_event_extra.py
[2025-02-27T15:55:34.890+0000] {logging_mixin.py:190} INFO - [2025-02-27T15:55:34.890+0000] {dag.py:3239} INFO - Sync 2 DAGs
[2025-02-27T15:55:34.928+0000] {logging_mixin.py:190} INFO - [2025-02-27T15:55:34.927+0000] {dag.py:4180} INFO - Setting next_dagrun for read_dataset_event to 2025-02-26 00:00:00+00:00, run_after=2025-02-27 00:00:00+00:00
[2025-02-27T15:55:34.936+0000] {logging_mixin.py:190} INFO - [2025-02-27T15:55:34.936+0000] {dag.py:4180} INFO - Setting next_dagrun for read_dataset_event_from_classic to 2025-02-26 00:00:00+00:00, run_after=2025-02-27 00:00:00+00:00
[2025-02-27T15:55:34.959+0000] {processor.py:208} INFO - Processing /home/airflow/.local/lib/python3.12/site-packages/airflow/example_dags/example_inlet_event_extra.py took 0.902 seconds
[2025-02-27T15:56:05.409+0000] {processor.py:186} INFO - Started process (PID=497) to work on /home/airflow/.local/lib/python3.12/site-packages/airflow/example_dags/example_inlet_event_extra.py
[2025-02-27T15:56:05.410+0000] {processor.py:914} INFO - Processing file /home/airflow/.local/lib/python3.12/site-packages/airflow/example_dags/example_inlet_event_extra.py for tasks to queue
[2025-02-27T15:56:05.412+0000] {logging_mixin.py:190} INFO - [2025-02-27T15:56:05.412+0000] {dagbag.py:588} INFO - Filling up the DagBag from /home/airflow/.local/lib/python3.12/site-packages/airflow/example_dags/example_inlet_event_extra.py
[2025-02-27T15:56:06.058+0000] {processor.py:925} INFO - DAG(s) 'read_dataset_event_from_classic', 'read_dataset_event' retrieved from /home/airflow/.local/lib/python3.12/site-packages/airflow/example_dags/example_inlet_event_extra.py
[2025-02-27T15:56:06.086+0000] {logging_mixin.py:190} INFO - [2025-02-27T15:56:06.086+0000] {dag.py:3239} INFO - Sync 2 DAGs
[2025-02-27T15:56:06.114+0000] {logging_mixin.py:190} INFO - [2025-02-27T15:56:06.113+0000] {dag.py:4180} INFO - Setting next_dagrun for read_dataset_event to 2025-02-26 00:00:00+00:00, run_after=2025-02-27 00:00:00+00:00
[2025-02-27T15:56:06.121+0000] {logging_mixin.py:190} INFO - [2025-02-27T15:56:06.120+0000] {dag.py:4180} INFO - Setting next_dagrun for read_dataset_event_from_classic to 2025-02-26 00:00:00+00:00, run_after=2025-02-27 00:00:00+00:00
[2025-02-27T15:56:06.141+0000] {processor.py:208} INFO - Processing /home/airflow/.local/lib/python3.12/site-packages/airflow/example_dags/example_inlet_event_extra.py took 0.742 seconds
[2025-02-27T15:56:36.727+0000] {processor.py:186} INFO - Started process (PID=561) to work on /home/airflow/.local/lib/python3.12/site-packages/airflow/example_dags/example_inlet_event_extra.py
[2025-02-27T15:56:36.728+0000] {processor.py:914} INFO - Processing file /home/airflow/.local/lib/python3.12/site-packages/airflow/example_dags/example_inlet_event_extra.py for tasks to queue
[2025-02-27T15:56:36.731+0000] {logging_mixin.py:190} INFO - [2025-02-27T15:56:36.731+0000] {dagbag.py:588} INFO - Filling up the DagBag from /home/airflow/.local/lib/python3.12/site-packages/airflow/example_dags/example_inlet_event_extra.py
[2025-02-27T15:56:37.335+0000] {processor.py:925} INFO - DAG(s) 'read_dataset_event', 'read_dataset_event_from_classic' retrieved from /home/airflow/.local/lib/python3.12/site-packages/airflow/example_dags/example_inlet_event_extra.py
[2025-02-27T15:56:37.359+0000] {logging_mixin.py:190} INFO - [2025-02-27T15:56:37.358+0000] {dag.py:3239} INFO - Sync 2 DAGs
[2025-02-27T15:56:37.388+0000] {logging_mixin.py:190} INFO - [2025-02-27T15:56:37.388+0000] {dag.py:4180} INFO - Setting next_dagrun for read_dataset_event to 2025-02-26 00:00:00+00:00, run_after=2025-02-27 00:00:00+00:00
[2025-02-27T15:56:37.394+0000] {logging_mixin.py:190} INFO - [2025-02-27T15:56:37.394+0000] {dag.py:4180} INFO - Setting next_dagrun for read_dataset_event_from_classic to 2025-02-26 00:00:00+00:00, run_after=2025-02-27 00:00:00+00:00
[2025-02-27T15:56:37.411+0000] {processor.py:208} INFO - Processing /home/airflow/.local/lib/python3.12/site-packages/airflow/example_dags/example_inlet_event_extra.py took 0.693 seconds
[2025-02-27T15:57:07.556+0000] {processor.py:186} INFO - Started process (PID=629) to work on /home/airflow/.local/lib/python3.12/site-packages/airflow/example_dags/example_inlet_event_extra.py
[2025-02-27T15:57:07.557+0000] {processor.py:914} INFO - Processing file /home/airflow/.local/lib/python3.12/site-packages/airflow/example_dags/example_inlet_event_extra.py for tasks to queue
[2025-02-27T15:57:07.560+0000] {logging_mixin.py:190} INFO - [2025-02-27T15:57:07.560+0000] {dagbag.py:588} INFO - Filling up the DagBag from /home/airflow/.local/lib/python3.12/site-packages/airflow/example_dags/example_inlet_event_extra.py
[2025-02-27T15:57:08.204+0000] {processor.py:925} INFO - DAG(s) 'read_dataset_event_from_classic', 'read_dataset_event' retrieved from /home/airflow/.local/lib/python3.12/site-packages/airflow/example_dags/example_inlet_event_extra.py
[2025-02-27T15:57:08.227+0000] {logging_mixin.py:190} INFO - [2025-02-27T15:57:08.227+0000] {dag.py:3239} INFO - Sync 2 DAGs
[2025-02-27T15:57:08.256+0000] {logging_mixin.py:190} INFO - [2025-02-27T15:57:08.256+0000] {dag.py:4180} INFO - Setting next_dagrun for read_dataset_event to 2025-02-26 00:00:00+00:00, run_after=2025-02-27 00:00:00+00:00
[2025-02-27T15:57:08.262+0000] {logging_mixin.py:190} INFO - [2025-02-27T15:57:08.262+0000] {dag.py:4180} INFO - Setting next_dagrun for read_dataset_event_from_classic to 2025-02-26 00:00:00+00:00, run_after=2025-02-27 00:00:00+00:00
[2025-02-27T15:57:08.280+0000] {processor.py:208} INFO - Processing /home/airflow/.local/lib/python3.12/site-packages/airflow/example_dags/example_inlet_event_extra.py took 0.730 seconds
[2025-02-27T15:57:38.502+0000] {processor.py:186} INFO - Started process (PID=691) to work on /home/airflow/.local/lib/python3.12/site-packages/airflow/example_dags/example_inlet_event_extra.py
[2025-02-27T15:57:38.503+0000] {processor.py:914} INFO - Processing file /home/airflow/.local/lib/python3.12/site-packages/airflow/example_dags/example_inlet_event_extra.py for tasks to queue
[2025-02-27T15:57:38.505+0000] {logging_mixin.py:190} INFO - [2025-02-27T15:57:38.505+0000] {dagbag.py:588} INFO - Filling up the DagBag from /home/airflow/.local/lib/python3.12/site-packages/airflow/example_dags/example_inlet_event_extra.py
[2025-02-27T15:57:39.144+0000] {processor.py:925} INFO - DAG(s) 'read_dataset_event', 'read_dataset_event_from_classic' retrieved from /home/airflow/.local/lib/python3.12/site-packages/airflow/example_dags/example_inlet_event_extra.py
[2025-02-27T15:57:39.177+0000] {logging_mixin.py:190} INFO - [2025-02-27T15:57:39.177+0000] {dag.py:3239} INFO - Sync 2 DAGs
[2025-02-27T15:57:39.207+0000] {logging_mixin.py:190} INFO - [2025-02-27T15:57:39.207+0000] {dag.py:4180} INFO - Setting next_dagrun for read_dataset_event to 2025-02-26 00:00:00+00:00, run_after=2025-02-27 00:00:00+00:00
[2025-02-27T15:57:39.213+0000] {logging_mixin.py:190} INFO - [2025-02-27T15:57:39.213+0000] {dag.py:4180} INFO - Setting next_dagrun for read_dataset_event_from_classic to 2025-02-26 00:00:00+00:00, run_after=2025-02-27 00:00:00+00:00
[2025-02-27T15:57:39.231+0000] {processor.py:208} INFO - Processing /home/airflow/.local/lib/python3.12/site-packages/airflow/example_dags/example_inlet_event_extra.py took 0.736 seconds
[2025-02-27T15:58:09.425+0000] {processor.py:186} INFO - Started process (PID=754) to work on /home/airflow/.local/lib/python3.12/site-packages/airflow/example_dags/example_inlet_event_extra.py
[2025-02-27T15:58:09.426+0000] {processor.py:914} INFO - Processing file /home/airflow/.local/lib/python3.12/site-packages/airflow/example_dags/example_inlet_event_extra.py for tasks to queue
[2025-02-27T15:58:09.429+0000] {logging_mixin.py:190} INFO - [2025-02-27T15:58:09.429+0000] {dagbag.py:588} INFO - Filling up the DagBag from /home/airflow/.local/lib/python3.12/site-packages/airflow/example_dags/example_inlet_event_extra.py
[2025-02-27T15:58:10.044+0000] {processor.py:925} INFO - DAG(s) 'read_dataset_event', 'read_dataset_event_from_classic' retrieved from /home/airflow/.local/lib/python3.12/site-packages/airflow/example_dags/example_inlet_event_extra.py
[2025-02-27T15:58:10.067+0000] {logging_mixin.py:190} INFO - [2025-02-27T15:58:10.067+0000] {dag.py:3239} INFO - Sync 2 DAGs
[2025-02-27T15:58:10.094+0000] {logging_mixin.py:190} INFO - [2025-02-27T15:58:10.094+0000] {dag.py:4180} INFO - Setting next_dagrun for read_dataset_event to 2025-02-26 00:00:00+00:00, run_after=2025-02-27 00:00:00+00:00
[2025-02-27T15:58:10.102+0000] {logging_mixin.py:190} INFO - [2025-02-27T15:58:10.101+0000] {dag.py:4180} INFO - Setting next_dagrun for read_dataset_event_from_classic to 2025-02-26 00:00:00+00:00, run_after=2025-02-27 00:00:00+00:00
[2025-02-27T15:58:10.121+0000] {processor.py:208} INFO - Processing /home/airflow/.local/lib/python3.12/site-packages/airflow/example_dags/example_inlet_event_extra.py took 0.702 seconds
[2025-02-27T15:58:40.182+0000] {processor.py:186} INFO - Started process (PID=822) to work on /home/airflow/.local/lib/python3.12/site-packages/airflow/example_dags/example_inlet_event_extra.py
[2025-02-27T15:58:40.183+0000] {processor.py:914} INFO - Processing file /home/airflow/.local/lib/python3.12/site-packages/airflow/example_dags/example_inlet_event_extra.py for tasks to queue
[2025-02-27T15:58:40.185+0000] {logging_mixin.py:190} INFO - [2025-02-27T15:58:40.185+0000] {dagbag.py:588} INFO - Filling up the DagBag from /home/airflow/.local/lib/python3.12/site-packages/airflow/example_dags/example_inlet_event_extra.py
[2025-02-27T15:58:40.861+0000] {processor.py:925} INFO - DAG(s) 'read_dataset_event_from_classic', 'read_dataset_event' retrieved from /home/airflow/.local/lib/python3.12/site-packages/airflow/example_dags/example_inlet_event_extra.py
[2025-02-27T15:58:40.883+0000] {logging_mixin.py:190} INFO - [2025-02-27T15:58:40.883+0000] {dag.py:3239} INFO - Sync 2 DAGs
[2025-02-27T15:58:40.910+0000] {logging_mixin.py:190} INFO - [2025-02-27T15:58:40.909+0000] {dag.py:4180} INFO - Setting next_dagrun for read_dataset_event to 2025-02-26 00:00:00+00:00, run_after=2025-02-27 00:00:00+00:00
[2025-02-27T15:58:40.917+0000] {logging_mixin.py:190} INFO - [2025-02-27T15:58:40.917+0000] {dag.py:4180} INFO - Setting next_dagrun for read_dataset_event_from_classic to 2025-02-26 00:00:00+00:00, run_after=2025-02-27 00:00:00+00:00
[2025-02-27T15:58:40.938+0000] {processor.py:208} INFO - Processing /home/airflow/.local/lib/python3.12/site-packages/airflow/example_dags/example_inlet_event_extra.py took 0.762 seconds
[2025-02-27T15:59:11.457+0000] {processor.py:186} INFO - Started process (PID=886) to work on /home/airflow/.local/lib/python3.12/site-packages/airflow/example_dags/example_inlet_event_extra.py
[2025-02-27T15:59:11.457+0000] {processor.py:914} INFO - Processing file /home/airflow/.local/lib/python3.12/site-packages/airflow/example_dags/example_inlet_event_extra.py for tasks to queue
[2025-02-27T15:59:11.459+0000] {logging_mixin.py:190} INFO - [2025-02-27T15:59:11.459+0000] {dagbag.py:588} INFO - Filling up the DagBag from /home/airflow/.local/lib/python3.12/site-packages/airflow/example_dags/example_inlet_event_extra.py
[2025-02-27T15:59:12.046+0000] {processor.py:925} INFO - DAG(s) 'read_dataset_event', 'read_dataset_event_from_classic' retrieved from /home/airflow/.local/lib/python3.12/site-packages/airflow/example_dags/example_inlet_event_extra.py
[2025-02-27T15:59:12.066+0000] {logging_mixin.py:190} INFO - [2025-02-27T15:59:12.066+0000] {dag.py:3239} INFO - Sync 2 DAGs
[2025-02-27T15:59:12.091+0000] {logging_mixin.py:190} INFO - [2025-02-27T15:59:12.091+0000] {dag.py:4180} INFO - Setting next_dagrun for read_dataset_event to 2025-02-26 00:00:00+00:00, run_after=2025-02-27 00:00:00+00:00
[2025-02-27T15:59:12.096+0000] {logging_mixin.py:190} INFO - [2025-02-27T15:59:12.096+0000] {dag.py:4180} INFO - Setting next_dagrun for read_dataset_event_from_classic to 2025-02-26 00:00:00+00:00, run_after=2025-02-27 00:00:00+00:00
[2025-02-27T15:59:12.112+0000] {processor.py:208} INFO - Processing /home/airflow/.local/lib/python3.12/site-packages/airflow/example_dags/example_inlet_event_extra.py took 0.662 seconds
[2025-02-27T15:59:42.425+0000] {processor.py:186} INFO - Started process (PID=949) to work on /home/airflow/.local/lib/python3.12/site-packages/airflow/example_dags/example_inlet_event_extra.py
[2025-02-27T15:59:42.426+0000] {processor.py:914} INFO - Processing file /home/airflow/.local/lib/python3.12/site-packages/airflow/example_dags/example_inlet_event_extra.py for tasks to queue
[2025-02-27T15:59:42.428+0000] {logging_mixin.py:190} INFO - [2025-02-27T15:59:42.428+0000] {dagbag.py:588} INFO - Filling up the DagBag from /home/airflow/.local/lib/python3.12/site-packages/airflow/example_dags/example_inlet_event_extra.py
[2025-02-27T15:59:43.059+0000] {processor.py:925} INFO - DAG(s) 'read_dataset_event_from_classic', 'read_dataset_event' retrieved from /home/airflow/.local/lib/python3.12/site-packages/airflow/example_dags/example_inlet_event_extra.py
[2025-02-27T15:59:43.085+0000] {logging_mixin.py:190} INFO - [2025-02-27T15:59:43.085+0000] {dag.py:3239} INFO - Sync 2 DAGs
[2025-02-27T15:59:43.109+0000] {logging_mixin.py:190} INFO - [2025-02-27T15:59:43.109+0000] {dag.py:4180} INFO - Setting next_dagrun for read_dataset_event to 2025-02-26 00:00:00+00:00, run_after=2025-02-27 00:00:00+00:00
[2025-02-27T15:59:43.117+0000] {logging_mixin.py:190} INFO - [2025-02-27T15:59:43.116+0000] {dag.py:4180} INFO - Setting next_dagrun for read_dataset_event_from_classic to 2025-02-26 00:00:00+00:00, run_after=2025-02-27 00:00:00+00:00
[2025-02-27T15:59:43.134+0000] {processor.py:208} INFO - Processing /home/airflow/.local/lib/python3.12/site-packages/airflow/example_dags/example_inlet_event_extra.py took 0.715 seconds
[2025-02-27T16:00:13.571+0000] {processor.py:186} INFO - Started process (PID=1012) to work on /home/airflow/.local/lib/python3.12/site-packages/airflow/example_dags/example_inlet_event_extra.py
[2025-02-27T16:00:13.572+0000] {processor.py:914} INFO - Processing file /home/airflow/.local/lib/python3.12/site-packages/airflow/example_dags/example_inlet_event_extra.py for tasks to queue
[2025-02-27T16:00:13.575+0000] {logging_mixin.py:190} INFO - [2025-02-27T16:00:13.574+0000] {dagbag.py:588} INFO - Filling up the DagBag from /home/airflow/.local/lib/python3.12/site-packages/airflow/example_dags/example_inlet_event_extra.py
[2025-02-27T16:00:14.206+0000] {processor.py:925} INFO - DAG(s) 'read_dataset_event_from_classic', 'read_dataset_event' retrieved from /home/airflow/.local/lib/python3.12/site-packages/airflow/example_dags/example_inlet_event_extra.py
[2025-02-27T16:00:14.227+0000] {logging_mixin.py:190} INFO - [2025-02-27T16:00:14.227+0000] {dag.py:3239} INFO - Sync 2 DAGs
[2025-02-27T16:00:14.250+0000] {logging_mixin.py:190} INFO - [2025-02-27T16:00:14.250+0000] {dag.py:4180} INFO - Setting next_dagrun for read_dataset_event to 2025-02-26 00:00:00+00:00, run_after=2025-02-27 00:00:00+00:00
[2025-02-27T16:00:14.257+0000] {logging_mixin.py:190} INFO - [2025-02-27T16:00:14.256+0000] {dag.py:4180} INFO - Setting next_dagrun for read_dataset_event_from_classic to 2025-02-26 00:00:00+00:00, run_after=2025-02-27 00:00:00+00:00
[2025-02-27T16:00:14.271+0000] {processor.py:208} INFO - Processing /home/airflow/.local/lib/python3.12/site-packages/airflow/example_dags/example_inlet_event_extra.py took 0.708 seconds
[2025-02-27T16:00:45.011+0000] {processor.py:186} INFO - Started process (PID=1081) to work on /home/airflow/.local/lib/python3.12/site-packages/airflow/example_dags/example_inlet_event_extra.py
[2025-02-27T16:00:45.012+0000] {processor.py:914} INFO - Processing file /home/airflow/.local/lib/python3.12/site-packages/airflow/example_dags/example_inlet_event_extra.py for tasks to queue
[2025-02-27T16:00:45.015+0000] {logging_mixin.py:190} INFO - [2025-02-27T16:00:45.014+0000] {dagbag.py:588} INFO - Filling up the DagBag from /home/airflow/.local/lib/python3.12/site-packages/airflow/example_dags/example_inlet_event_extra.py
[2025-02-27T16:00:45.588+0000] {processor.py:925} INFO - DAG(s) 'read_dataset_event', 'read_dataset_event_from_classic' retrieved from /home/airflow/.local/lib/python3.12/site-packages/airflow/example_dags/example_inlet_event_extra.py
[2025-02-27T16:00:45.608+0000] {logging_mixin.py:190} INFO - [2025-02-27T16:00:45.608+0000] {dag.py:3239} INFO - Sync 2 DAGs
[2025-02-27T16:00:45.639+0000] {logging_mixin.py:190} INFO - [2025-02-27T16:00:45.639+0000] {dag.py:4180} INFO - Setting next_dagrun for read_dataset_event to 2025-02-26 00:00:00+00:00, run_after=2025-02-27 00:00:00+00:00
[2025-02-27T16:00:45.646+0000] {logging_mixin.py:190} INFO - [2025-02-27T16:00:45.646+0000] {dag.py:4180} INFO - Setting next_dagrun for read_dataset_event_from_classic to 2025-02-26 00:00:00+00:00, run_after=2025-02-27 00:00:00+00:00
[2025-02-27T16:00:45.667+0000] {processor.py:208} INFO - Processing /home/airflow/.local/lib/python3.12/site-packages/airflow/example_dags/example_inlet_event_extra.py took 0.663 seconds
[2025-02-27T16:01:16.500+0000] {processor.py:186} INFO - Started process (PID=1144) to work on /home/airflow/.local/lib/python3.12/site-packages/airflow/example_dags/example_inlet_event_extra.py
[2025-02-27T16:01:16.501+0000] {processor.py:914} INFO - Processing file /home/airflow/.local/lib/python3.12/site-packages/airflow/example_dags/example_inlet_event_extra.py for tasks to queue
[2025-02-27T16:01:16.504+0000] {logging_mixin.py:190} INFO - [2025-02-27T16:01:16.503+0000] {dagbag.py:588} INFO - Filling up the DagBag from /home/airflow/.local/lib/python3.12/site-packages/airflow/example_dags/example_inlet_event_extra.py
[2025-02-27T16:01:17.262+0000] {processor.py:925} INFO - DAG(s) 'read_dataset_event_from_classic', 'read_dataset_event' retrieved from /home/airflow/.local/lib/python3.12/site-packages/airflow/example_dags/example_inlet_event_extra.py
[2025-02-27T16:01:17.295+0000] {logging_mixin.py:190} INFO - [2025-02-27T16:01:17.295+0000] {dag.py:3239} INFO - Sync 2 DAGs
[2025-02-27T16:01:17.332+0000] {logging_mixin.py:190} INFO - [2025-02-27T16:01:17.332+0000] {dag.py:4180} INFO - Setting next_dagrun for read_dataset_event to 2025-02-26 00:00:00+00:00, run_after=2025-02-27 00:00:00+00:00
[2025-02-27T16:01:17.341+0000] {logging_mixin.py:190} INFO - [2025-02-27T16:01:17.341+0000] {dag.py:4180} INFO - Setting next_dagrun for read_dataset_event_from_classic to 2025-02-26 00:00:00+00:00, run_after=2025-02-27 00:00:00+00:00
[2025-02-27T16:01:17.362+0000] {processor.py:208} INFO - Processing /home/airflow/.local/lib/python3.12/site-packages/airflow/example_dags/example_inlet_event_extra.py took 0.869 seconds
[2025-02-27T16:01:47.895+0000] {processor.py:186} INFO - Started process (PID=1207) to work on /home/airflow/.local/lib/python3.12/site-packages/airflow/example_dags/example_inlet_event_extra.py
[2025-02-27T16:01:47.897+0000] {processor.py:914} INFO - Processing file /home/airflow/.local/lib/python3.12/site-packages/airflow/example_dags/example_inlet_event_extra.py for tasks to queue
[2025-02-27T16:01:47.899+0000] {logging_mixin.py:190} INFO - [2025-02-27T16:01:47.899+0000] {dagbag.py:588} INFO - Filling up the DagBag from /home/airflow/.local/lib/python3.12/site-packages/airflow/example_dags/example_inlet_event_extra.py
[2025-02-27T16:01:48.663+0000] {processor.py:925} INFO - DAG(s) 'read_dataset_event', 'read_dataset_event_from_classic' retrieved from /home/airflow/.local/lib/python3.12/site-packages/airflow/example_dags/example_inlet_event_extra.py
[2025-02-27T16:01:48.696+0000] {logging_mixin.py:190} INFO - [2025-02-27T16:01:48.696+0000] {dag.py:3239} INFO - Sync 2 DAGs
[2025-02-27T16:01:48.734+0000] {logging_mixin.py:190} INFO - [2025-02-27T16:01:48.733+0000] {dag.py:4180} INFO - Setting next_dagrun for read_dataset_event to 2025-02-26 00:00:00+00:00, run_after=2025-02-27 00:00:00+00:00
[2025-02-27T16:01:48.743+0000] {logging_mixin.py:190} INFO - [2025-02-27T16:01:48.742+0000] {dag.py:4180} INFO - Setting next_dagrun for read_dataset_event_from_classic to 2025-02-26 00:00:00+00:00, run_after=2025-02-27 00:00:00+00:00
[2025-02-27T16:01:48.765+0000] {processor.py:208} INFO - Processing /home/airflow/.local/lib/python3.12/site-packages/airflow/example_dags/example_inlet_event_extra.py took 0.878 seconds
[2025-02-27T16:02:19.706+0000] {processor.py:186} INFO - Started process (PID=1270) to work on /home/airflow/.local/lib/python3.12/site-packages/airflow/example_dags/example_inlet_event_extra.py
[2025-02-27T16:02:19.707+0000] {processor.py:914} INFO - Processing file /home/airflow/.local/lib/python3.12/site-packages/airflow/example_dags/example_inlet_event_extra.py for tasks to queue
[2025-02-27T16:02:19.710+0000] {logging_mixin.py:190} INFO - [2025-02-27T16:02:19.709+0000] {dagbag.py:588} INFO - Filling up the DagBag from /home/airflow/.local/lib/python3.12/site-packages/airflow/example_dags/example_inlet_event_extra.py
[2025-02-27T16:02:20.433+0000] {processor.py:925} INFO - DAG(s) 'read_dataset_event_from_classic', 'read_dataset_event' retrieved from /home/airflow/.local/lib/python3.12/site-packages/airflow/example_dags/example_inlet_event_extra.py
[2025-02-27T16:02:20.455+0000] {logging_mixin.py:190} INFO - [2025-02-27T16:02:20.455+0000] {dag.py:3239} INFO - Sync 2 DAGs
[2025-02-27T16:02:20.480+0000] {logging_mixin.py:190} INFO - [2025-02-27T16:02:20.479+0000] {dag.py:4180} INFO - Setting next_dagrun for read_dataset_event to 2025-02-26 00:00:00+00:00, run_after=2025-02-27 00:00:00+00:00
[2025-02-27T16:02:20.486+0000] {logging_mixin.py:190} INFO - [2025-02-27T16:02:20.485+0000] {dag.py:4180} INFO - Setting next_dagrun for read_dataset_event_from_classic to 2025-02-26 00:00:00+00:00, run_after=2025-02-27 00:00:00+00:00
[2025-02-27T16:02:20.503+0000] {processor.py:208} INFO - Processing /home/airflow/.local/lib/python3.12/site-packages/airflow/example_dags/example_inlet_event_extra.py took 0.804 seconds
[2025-02-27T16:02:51.366+0000] {processor.py:186} INFO - Started process (PID=1333) to work on /home/airflow/.local/lib/python3.12/site-packages/airflow/example_dags/example_inlet_event_extra.py
[2025-02-27T16:02:51.368+0000] {processor.py:914} INFO - Processing file /home/airflow/.local/lib/python3.12/site-packages/airflow/example_dags/example_inlet_event_extra.py for tasks to queue
[2025-02-27T16:02:51.370+0000] {logging_mixin.py:190} INFO - [2025-02-27T16:02:51.370+0000] {dagbag.py:588} INFO - Filling up the DagBag from /home/airflow/.local/lib/python3.12/site-packages/airflow/example_dags/example_inlet_event_extra.py
[2025-02-27T16:02:51.956+0000] {processor.py:925} INFO - DAG(s) 'read_dataset_event', 'read_dataset_event_from_classic' retrieved from /home/airflow/.local/lib/python3.12/site-packages/airflow/example_dags/example_inlet_event_extra.py
[2025-02-27T16:02:51.978+0000] {logging_mixin.py:190} INFO - [2025-02-27T16:02:51.977+0000] {dag.py:3239} INFO - Sync 2 DAGs
[2025-02-27T16:02:52.003+0000] {logging_mixin.py:190} INFO - [2025-02-27T16:02:52.003+0000] {dag.py:4180} INFO - Setting next_dagrun for read_dataset_event to 2025-02-26 00:00:00+00:00, run_after=2025-02-27 00:00:00+00:00
[2025-02-27T16:02:52.009+0000] {logging_mixin.py:190} INFO - [2025-02-27T16:02:52.009+0000] {dag.py:4180} INFO - Setting next_dagrun for read_dataset_event_from_classic to 2025-02-26 00:00:00+00:00, run_after=2025-02-27 00:00:00+00:00
[2025-02-27T16:02:52.030+0000] {processor.py:208} INFO - Processing /home/airflow/.local/lib/python3.12/site-packages/airflow/example_dags/example_inlet_event_extra.py took 0.670 seconds
