[2025-02-27T15:53:00.199+0000] {processor.py:186} INFO - Started process (PID=124) to work on /home/airflow/.local/lib/python3.12/site-packages/airflow/example_dags/example_python_decorator.py
[2025-02-27T15:53:00.200+0000] {processor.py:914} INFO - Processing file /home/airflow/.local/lib/python3.12/site-packages/airflow/example_dags/example_python_decorator.py for tasks to queue
[2025-02-27T15:53:00.204+0000] {logging_mixin.py:190} INFO - [2025-02-27T15:53:00.203+0000] {dagbag.py:588} INFO - Filling up the DagBag from /home/airflow/.local/lib/python3.12/site-packages/airflow/example_dags/example_python_decorator.py
[2025-02-27T15:53:00.236+0000] {processor.py:925} INFO - DAG(s) 'example_python_decorator' retrieved from /home/airflow/.local/lib/python3.12/site-packages/airflow/example_dags/example_python_decorator.py
[2025-02-27T15:53:00.389+0000] {logging_mixin.py:190} INFO - [2025-02-27T15:53:00.388+0000] {override.py:1912} INFO - Created Permission View: can edit on DAG:example_python_decorator
[2025-02-27T15:53:00.408+0000] {logging_mixin.py:190} INFO - [2025-02-27T15:53:00.408+0000] {override.py:1912} INFO - Created Permission View: can delete on DAG:example_python_decorator
[2025-02-27T15:53:00.421+0000] {logging_mixin.py:190} INFO - [2025-02-27T15:53:00.420+0000] {override.py:1912} INFO - Created Permission View: can read on DAG:example_python_decorator
[2025-02-27T15:53:00.436+0000] {logging_mixin.py:190} INFO - [2025-02-27T15:53:00.435+0000] {override.py:1912} INFO - Created Permission View: can delete on DAG Run:example_python_decorator
[2025-02-27T15:53:00.451+0000] {logging_mixin.py:190} INFO - [2025-02-27T15:53:00.451+0000] {override.py:1912} INFO - Created Permission View: menu access on DAG Run:example_python_decorator
[2025-02-27T15:53:00.470+0000] {logging_mixin.py:190} INFO - [2025-02-27T15:53:00.469+0000] {override.py:1912} INFO - Created Permission View: can read on DAG Run:example_python_decorator
[2025-02-27T15:53:00.489+0000] {logging_mixin.py:190} INFO - [2025-02-27T15:53:00.486+0000] {override.py:1912} INFO - Created Permission View: can create on DAG Run:example_python_decorator
[2025-02-27T15:53:00.491+0000] {logging_mixin.py:190} INFO - [2025-02-27T15:53:00.491+0000] {dag.py:3239} INFO - Sync 1 DAGs
[2025-02-27T15:53:00.535+0000] {logging_mixin.py:190} INFO - [2025-02-27T15:53:00.533+0000] {dag.py:3262} INFO - Creating ORM DAG for example_python_decorator
[2025-02-27T15:53:00.541+0000] {logging_mixin.py:190} INFO - [2025-02-27T15:53:00.540+0000] {dag.py:4180} INFO - Setting next_dagrun for example_python_decorator to None, run_after=None
[2025-02-27T15:53:00.581+0000] {processor.py:208} INFO - Processing /home/airflow/.local/lib/python3.12/site-packages/airflow/example_dags/example_python_decorator.py took 0.391 seconds
[2025-02-27T15:53:30.674+0000] {processor.py:186} INFO - Started process (PID=186) to work on /home/airflow/.local/lib/python3.12/site-packages/airflow/example_dags/example_python_decorator.py
[2025-02-27T15:53:30.675+0000] {processor.py:914} INFO - Processing file /home/airflow/.local/lib/python3.12/site-packages/airflow/example_dags/example_python_decorator.py for tasks to queue
[2025-02-27T15:53:30.678+0000] {logging_mixin.py:190} INFO - [2025-02-27T15:53:30.677+0000] {dagbag.py:588} INFO - Filling up the DagBag from /home/airflow/.local/lib/python3.12/site-packages/airflow/example_dags/example_python_decorator.py
[2025-02-27T15:53:30.698+0000] {processor.py:925} INFO - DAG(s) 'example_python_decorator' retrieved from /home/airflow/.local/lib/python3.12/site-packages/airflow/example_dags/example_python_decorator.py
[2025-02-27T15:53:30.725+0000] {logging_mixin.py:190} INFO - [2025-02-27T15:53:30.725+0000] {dag.py:3239} INFO - Sync 1 DAGs
[2025-02-27T15:53:30.741+0000] {logging_mixin.py:190} INFO - [2025-02-27T15:53:30.741+0000] {dag.py:4180} INFO - Setting next_dagrun for example_python_decorator to None, run_after=None
[2025-02-27T15:53:30.764+0000] {processor.py:208} INFO - Processing /home/airflow/.local/lib/python3.12/site-packages/airflow/example_dags/example_python_decorator.py took 0.096 seconds
[2025-02-27T15:54:00.976+0000] {processor.py:186} INFO - Started process (PID=249) to work on /home/airflow/.local/lib/python3.12/site-packages/airflow/example_dags/example_python_decorator.py
[2025-02-27T15:54:00.977+0000] {processor.py:914} INFO - Processing file /home/airflow/.local/lib/python3.12/site-packages/airflow/example_dags/example_python_decorator.py for tasks to queue
[2025-02-27T15:54:00.979+0000] {logging_mixin.py:190} INFO - [2025-02-27T15:54:00.979+0000] {dagbag.py:588} INFO - Filling up the DagBag from /home/airflow/.local/lib/python3.12/site-packages/airflow/example_dags/example_python_decorator.py
[2025-02-27T15:54:00.996+0000] {processor.py:925} INFO - DAG(s) 'example_python_decorator' retrieved from /home/airflow/.local/lib/python3.12/site-packages/airflow/example_dags/example_python_decorator.py
[2025-02-27T15:54:01.023+0000] {logging_mixin.py:190} INFO - [2025-02-27T15:54:01.022+0000] {dag.py:3239} INFO - Sync 1 DAGs
[2025-02-27T15:54:01.040+0000] {logging_mixin.py:190} INFO - [2025-02-27T15:54:01.040+0000] {dag.py:4180} INFO - Setting next_dagrun for example_python_decorator to None, run_after=None
[2025-02-27T15:54:01.066+0000] {processor.py:208} INFO - Processing /home/airflow/.local/lib/python3.12/site-packages/airflow/example_dags/example_python_decorator.py took 0.097 seconds
[2025-02-27T15:54:31.995+0000] {processor.py:186} INFO - Started process (PID=312) to work on /home/airflow/.local/lib/python3.12/site-packages/airflow/example_dags/example_python_decorator.py
[2025-02-27T15:54:31.997+0000] {processor.py:914} INFO - Processing file /home/airflow/.local/lib/python3.12/site-packages/airflow/example_dags/example_python_decorator.py for tasks to queue
[2025-02-27T15:54:31.999+0000] {logging_mixin.py:190} INFO - [2025-02-27T15:54:31.998+0000] {dagbag.py:588} INFO - Filling up the DagBag from /home/airflow/.local/lib/python3.12/site-packages/airflow/example_dags/example_python_decorator.py
[2025-02-27T15:54:32.014+0000] {processor.py:925} INFO - DAG(s) 'example_python_decorator' retrieved from /home/airflow/.local/lib/python3.12/site-packages/airflow/example_dags/example_python_decorator.py
[2025-02-27T15:54:32.041+0000] {logging_mixin.py:190} INFO - [2025-02-27T15:54:32.040+0000] {dag.py:3239} INFO - Sync 1 DAGs
[2025-02-27T15:54:32.062+0000] {logging_mixin.py:190} INFO - [2025-02-27T15:54:32.061+0000] {dag.py:4180} INFO - Setting next_dagrun for example_python_decorator to None, run_after=None
[2025-02-27T15:54:32.090+0000] {processor.py:208} INFO - Processing /home/airflow/.local/lib/python3.12/site-packages/airflow/example_dags/example_python_decorator.py took 0.103 seconds
[2025-02-27T15:55:03.671+0000] {processor.py:186} INFO - Started process (PID=375) to work on /home/airflow/.local/lib/python3.12/site-packages/airflow/example_dags/example_python_decorator.py
[2025-02-27T15:55:03.672+0000] {processor.py:914} INFO - Processing file /home/airflow/.local/lib/python3.12/site-packages/airflow/example_dags/example_python_decorator.py for tasks to queue
[2025-02-27T15:55:03.675+0000] {logging_mixin.py:190} INFO - [2025-02-27T15:55:03.675+0000] {dagbag.py:588} INFO - Filling up the DagBag from /home/airflow/.local/lib/python3.12/site-packages/airflow/example_dags/example_python_decorator.py
[2025-02-27T15:55:03.689+0000] {processor.py:925} INFO - DAG(s) 'example_python_decorator' retrieved from /home/airflow/.local/lib/python3.12/site-packages/airflow/example_dags/example_python_decorator.py
[2025-02-27T15:55:03.711+0000] {logging_mixin.py:190} INFO - [2025-02-27T15:55:03.711+0000] {dag.py:3239} INFO - Sync 1 DAGs
[2025-02-27T15:55:03.726+0000] {logging_mixin.py:190} INFO - [2025-02-27T15:55:03.726+0000] {dag.py:4180} INFO - Setting next_dagrun for example_python_decorator to None, run_after=None
[2025-02-27T15:55:03.745+0000] {processor.py:208} INFO - Processing /home/airflow/.local/lib/python3.12/site-packages/airflow/example_dags/example_python_decorator.py took 0.079 seconds
[2025-02-27T15:55:35.052+0000] {processor.py:186} INFO - Started process (PID=438) to work on /home/airflow/.local/lib/python3.12/site-packages/airflow/example_dags/example_python_decorator.py
[2025-02-27T15:55:35.054+0000] {processor.py:914} INFO - Processing file /home/airflow/.local/lib/python3.12/site-packages/airflow/example_dags/example_python_decorator.py for tasks to queue
[2025-02-27T15:55:35.058+0000] {logging_mixin.py:190} INFO - [2025-02-27T15:55:35.058+0000] {dagbag.py:588} INFO - Filling up the DagBag from /home/airflow/.local/lib/python3.12/site-packages/airflow/example_dags/example_python_decorator.py
[2025-02-27T15:55:35.074+0000] {processor.py:925} INFO - DAG(s) 'example_python_decorator' retrieved from /home/airflow/.local/lib/python3.12/site-packages/airflow/example_dags/example_python_decorator.py
[2025-02-27T15:55:35.102+0000] {logging_mixin.py:190} INFO - [2025-02-27T15:55:35.101+0000] {dag.py:3239} INFO - Sync 1 DAGs
[2025-02-27T15:55:35.122+0000] {logging_mixin.py:190} INFO - [2025-02-27T15:55:35.121+0000] {dag.py:4180} INFO - Setting next_dagrun for example_python_decorator to None, run_after=None
[2025-02-27T15:55:35.146+0000] {processor.py:208} INFO - Processing /home/airflow/.local/lib/python3.12/site-packages/airflow/example_dags/example_python_decorator.py took 0.100 seconds
[2025-02-27T15:56:05.893+0000] {processor.py:186} INFO - Started process (PID=501) to work on /home/airflow/.local/lib/python3.12/site-packages/airflow/example_dags/example_python_decorator.py
[2025-02-27T15:56:05.894+0000] {processor.py:914} INFO - Processing file /home/airflow/.local/lib/python3.12/site-packages/airflow/example_dags/example_python_decorator.py for tasks to queue
[2025-02-27T15:56:05.897+0000] {logging_mixin.py:190} INFO - [2025-02-27T15:56:05.897+0000] {dagbag.py:588} INFO - Filling up the DagBag from /home/airflow/.local/lib/python3.12/site-packages/airflow/example_dags/example_python_decorator.py
[2025-02-27T15:56:05.913+0000] {processor.py:925} INFO - DAG(s) 'example_python_decorator' retrieved from /home/airflow/.local/lib/python3.12/site-packages/airflow/example_dags/example_python_decorator.py
[2025-02-27T15:56:05.945+0000] {logging_mixin.py:190} INFO - [2025-02-27T15:56:05.945+0000] {dag.py:3239} INFO - Sync 1 DAGs
[2025-02-27T15:56:05.964+0000] {logging_mixin.py:190} INFO - [2025-02-27T15:56:05.964+0000] {dag.py:4180} INFO - Setting next_dagrun for example_python_decorator to None, run_after=None
[2025-02-27T15:56:05.987+0000] {processor.py:208} INFO - Processing /home/airflow/.local/lib/python3.12/site-packages/airflow/example_dags/example_python_decorator.py took 0.101 seconds
[2025-02-27T15:56:37.051+0000] {processor.py:186} INFO - Started process (PID=564) to work on /home/airflow/.local/lib/python3.12/site-packages/airflow/example_dags/example_python_decorator.py
[2025-02-27T15:56:37.052+0000] {processor.py:914} INFO - Processing file /home/airflow/.local/lib/python3.12/site-packages/airflow/example_dags/example_python_decorator.py for tasks to queue
[2025-02-27T15:56:37.054+0000] {logging_mixin.py:190} INFO - [2025-02-27T15:56:37.054+0000] {dagbag.py:588} INFO - Filling up the DagBag from /home/airflow/.local/lib/python3.12/site-packages/airflow/example_dags/example_python_decorator.py
[2025-02-27T15:56:37.070+0000] {processor.py:925} INFO - DAG(s) 'example_python_decorator' retrieved from /home/airflow/.local/lib/python3.12/site-packages/airflow/example_dags/example_python_decorator.py
[2025-02-27T15:56:37.092+0000] {logging_mixin.py:190} INFO - [2025-02-27T15:56:37.092+0000] {dag.py:3239} INFO - Sync 1 DAGs
[2025-02-27T15:56:37.107+0000] {logging_mixin.py:190} INFO - [2025-02-27T15:56:37.107+0000] {dag.py:4180} INFO - Setting next_dagrun for example_python_decorator to None, run_after=None
[2025-02-27T15:56:37.125+0000] {processor.py:208} INFO - Processing /home/airflow/.local/lib/python3.12/site-packages/airflow/example_dags/example_python_decorator.py took 0.080 seconds
[2025-02-27T15:57:07.334+0000] {processor.py:186} INFO - Started process (PID=627) to work on /home/airflow/.local/lib/python3.12/site-packages/airflow/example_dags/example_python_decorator.py
[2025-02-27T15:57:07.335+0000] {processor.py:914} INFO - Processing file /home/airflow/.local/lib/python3.12/site-packages/airflow/example_dags/example_python_decorator.py for tasks to queue
[2025-02-27T15:57:07.337+0000] {logging_mixin.py:190} INFO - [2025-02-27T15:57:07.337+0000] {dagbag.py:588} INFO - Filling up the DagBag from /home/airflow/.local/lib/python3.12/site-packages/airflow/example_dags/example_python_decorator.py
[2025-02-27T15:57:07.351+0000] {processor.py:925} INFO - DAG(s) 'example_python_decorator' retrieved from /home/airflow/.local/lib/python3.12/site-packages/airflow/example_dags/example_python_decorator.py
[2025-02-27T15:57:07.376+0000] {logging_mixin.py:190} INFO - [2025-02-27T15:57:07.376+0000] {dag.py:3239} INFO - Sync 1 DAGs
[2025-02-27T15:57:07.392+0000] {logging_mixin.py:190} INFO - [2025-02-27T15:57:07.392+0000] {dag.py:4180} INFO - Setting next_dagrun for example_python_decorator to None, run_after=None
[2025-02-27T15:57:07.415+0000] {processor.py:208} INFO - Processing /home/airflow/.local/lib/python3.12/site-packages/airflow/example_dags/example_python_decorator.py took 0.087 seconds
[2025-02-27T15:57:38.357+0000] {processor.py:186} INFO - Started process (PID=690) to work on /home/airflow/.local/lib/python3.12/site-packages/airflow/example_dags/example_python_decorator.py
[2025-02-27T15:57:38.358+0000] {processor.py:914} INFO - Processing file /home/airflow/.local/lib/python3.12/site-packages/airflow/example_dags/example_python_decorator.py for tasks to queue
[2025-02-27T15:57:38.360+0000] {logging_mixin.py:190} INFO - [2025-02-27T15:57:38.360+0000] {dagbag.py:588} INFO - Filling up the DagBag from /home/airflow/.local/lib/python3.12/site-packages/airflow/example_dags/example_python_decorator.py
[2025-02-27T15:57:38.375+0000] {processor.py:925} INFO - DAG(s) 'example_python_decorator' retrieved from /home/airflow/.local/lib/python3.12/site-packages/airflow/example_dags/example_python_decorator.py
[2025-02-27T15:57:38.406+0000] {logging_mixin.py:190} INFO - [2025-02-27T15:57:38.405+0000] {dag.py:3239} INFO - Sync 1 DAGs
[2025-02-27T15:57:38.435+0000] {logging_mixin.py:190} INFO - [2025-02-27T15:57:38.435+0000] {dag.py:4180} INFO - Setting next_dagrun for example_python_decorator to None, run_after=None
[2025-02-27T15:57:38.456+0000] {processor.py:208} INFO - Processing /home/airflow/.local/lib/python3.12/site-packages/airflow/example_dags/example_python_decorator.py took 0.105 seconds
[2025-02-27T15:58:08.749+0000] {processor.py:186} INFO - Started process (PID=753) to work on /home/airflow/.local/lib/python3.12/site-packages/airflow/example_dags/example_python_decorator.py
[2025-02-27T15:58:08.750+0000] {processor.py:914} INFO - Processing file /home/airflow/.local/lib/python3.12/site-packages/airflow/example_dags/example_python_decorator.py for tasks to queue
[2025-02-27T15:58:08.753+0000] {logging_mixin.py:190} INFO - [2025-02-27T15:58:08.752+0000] {dagbag.py:588} INFO - Filling up the DagBag from /home/airflow/.local/lib/python3.12/site-packages/airflow/example_dags/example_python_decorator.py
[2025-02-27T15:58:08.773+0000] {processor.py:925} INFO - DAG(s) 'example_python_decorator' retrieved from /home/airflow/.local/lib/python3.12/site-packages/airflow/example_dags/example_python_decorator.py
[2025-02-27T15:58:08.795+0000] {logging_mixin.py:190} INFO - [2025-02-27T15:58:08.795+0000] {dag.py:3239} INFO - Sync 1 DAGs
[2025-02-27T15:58:08.810+0000] {logging_mixin.py:190} INFO - [2025-02-27T15:58:08.810+0000] {dag.py:4180} INFO - Setting next_dagrun for example_python_decorator to None, run_after=None
[2025-02-27T15:58:08.828+0000] {processor.py:208} INFO - Processing /home/airflow/.local/lib/python3.12/site-packages/airflow/example_dags/example_python_decorator.py took 0.086 seconds
[2025-02-27T15:58:39.588+0000] {processor.py:186} INFO - Started process (PID=816) to work on /home/airflow/.local/lib/python3.12/site-packages/airflow/example_dags/example_python_decorator.py
[2025-02-27T15:58:39.589+0000] {processor.py:914} INFO - Processing file /home/airflow/.local/lib/python3.12/site-packages/airflow/example_dags/example_python_decorator.py for tasks to queue
[2025-02-27T15:58:39.592+0000] {logging_mixin.py:190} INFO - [2025-02-27T15:58:39.591+0000] {dagbag.py:588} INFO - Filling up the DagBag from /home/airflow/.local/lib/python3.12/site-packages/airflow/example_dags/example_python_decorator.py
[2025-02-27T15:58:39.608+0000] {processor.py:925} INFO - DAG(s) 'example_python_decorator' retrieved from /home/airflow/.local/lib/python3.12/site-packages/airflow/example_dags/example_python_decorator.py
[2025-02-27T15:58:39.634+0000] {logging_mixin.py:190} INFO - [2025-02-27T15:58:39.634+0000] {dag.py:3239} INFO - Sync 1 DAGs
[2025-02-27T15:58:39.653+0000] {logging_mixin.py:190} INFO - [2025-02-27T15:58:39.653+0000] {dag.py:4180} INFO - Setting next_dagrun for example_python_decorator to None, run_after=None
[2025-02-27T15:58:39.677+0000] {processor.py:208} INFO - Processing /home/airflow/.local/lib/python3.12/site-packages/airflow/example_dags/example_python_decorator.py took 0.094 seconds
[2025-02-27T15:59:09.778+0000] {processor.py:186} INFO - Started process (PID=878) to work on /home/airflow/.local/lib/python3.12/site-packages/airflow/example_dags/example_python_decorator.py
[2025-02-27T15:59:09.779+0000] {processor.py:914} INFO - Processing file /home/airflow/.local/lib/python3.12/site-packages/airflow/example_dags/example_python_decorator.py for tasks to queue
[2025-02-27T15:59:09.781+0000] {logging_mixin.py:190} INFO - [2025-02-27T15:59:09.780+0000] {dagbag.py:588} INFO - Filling up the DagBag from /home/airflow/.local/lib/python3.12/site-packages/airflow/example_dags/example_python_decorator.py
[2025-02-27T15:59:09.795+0000] {processor.py:925} INFO - DAG(s) 'example_python_decorator' retrieved from /home/airflow/.local/lib/python3.12/site-packages/airflow/example_dags/example_python_decorator.py
[2025-02-27T15:59:09.821+0000] {logging_mixin.py:190} INFO - [2025-02-27T15:59:09.820+0000] {dag.py:3239} INFO - Sync 1 DAGs
[2025-02-27T15:59:09.836+0000] {logging_mixin.py:190} INFO - [2025-02-27T15:59:09.836+0000] {dag.py:4180} INFO - Setting next_dagrun for example_python_decorator to None, run_after=None
[2025-02-27T15:59:09.855+0000] {processor.py:208} INFO - Processing /home/airflow/.local/lib/python3.12/site-packages/airflow/example_dags/example_python_decorator.py took 0.083 seconds
[2025-02-27T15:59:40.095+0000] {processor.py:186} INFO - Started process (PID=940) to work on /home/airflow/.local/lib/python3.12/site-packages/airflow/example_dags/example_python_decorator.py
[2025-02-27T15:59:40.097+0000] {processor.py:914} INFO - Processing file /home/airflow/.local/lib/python3.12/site-packages/airflow/example_dags/example_python_decorator.py for tasks to queue
[2025-02-27T15:59:40.099+0000] {logging_mixin.py:190} INFO - [2025-02-27T15:59:40.099+0000] {dagbag.py:588} INFO - Filling up the DagBag from /home/airflow/.local/lib/python3.12/site-packages/airflow/example_dags/example_python_decorator.py
[2025-02-27T15:59:40.114+0000] {processor.py:925} INFO - DAG(s) 'example_python_decorator' retrieved from /home/airflow/.local/lib/python3.12/site-packages/airflow/example_dags/example_python_decorator.py
[2025-02-27T15:59:40.136+0000] {logging_mixin.py:190} INFO - [2025-02-27T15:59:40.136+0000] {dag.py:3239} INFO - Sync 1 DAGs
[2025-02-27T15:59:40.151+0000] {logging_mixin.py:190} INFO - [2025-02-27T15:59:40.151+0000] {dag.py:4180} INFO - Setting next_dagrun for example_python_decorator to None, run_after=None
[2025-02-27T15:59:40.169+0000] {processor.py:208} INFO - Processing /home/airflow/.local/lib/python3.12/site-packages/airflow/example_dags/example_python_decorator.py took 0.081 seconds
[2025-02-27T16:00:10.368+0000] {processor.py:186} INFO - Started process (PID=1003) to work on /home/airflow/.local/lib/python3.12/site-packages/airflow/example_dags/example_python_decorator.py
[2025-02-27T16:00:10.369+0000] {processor.py:914} INFO - Processing file /home/airflow/.local/lib/python3.12/site-packages/airflow/example_dags/example_python_decorator.py for tasks to queue
[2025-02-27T16:00:10.372+0000] {logging_mixin.py:190} INFO - [2025-02-27T16:00:10.372+0000] {dagbag.py:588} INFO - Filling up the DagBag from /home/airflow/.local/lib/python3.12/site-packages/airflow/example_dags/example_python_decorator.py
[2025-02-27T16:00:10.393+0000] {processor.py:925} INFO - DAG(s) 'example_python_decorator' retrieved from /home/airflow/.local/lib/python3.12/site-packages/airflow/example_dags/example_python_decorator.py
[2025-02-27T16:00:10.419+0000] {logging_mixin.py:190} INFO - [2025-02-27T16:00:10.418+0000] {dag.py:3239} INFO - Sync 1 DAGs
[2025-02-27T16:00:10.434+0000] {logging_mixin.py:190} INFO - [2025-02-27T16:00:10.434+0000] {dag.py:4180} INFO - Setting next_dagrun for example_python_decorator to None, run_after=None
[2025-02-27T16:00:10.454+0000] {processor.py:208} INFO - Processing /home/airflow/.local/lib/python3.12/site-packages/airflow/example_dags/example_python_decorator.py took 0.094 seconds
[2025-02-27T16:00:40.909+0000] {processor.py:186} INFO - Started process (PID=1067) to work on /home/airflow/.local/lib/python3.12/site-packages/airflow/example_dags/example_python_decorator.py
[2025-02-27T16:00:40.910+0000] {processor.py:914} INFO - Processing file /home/airflow/.local/lib/python3.12/site-packages/airflow/example_dags/example_python_decorator.py for tasks to queue
[2025-02-27T16:00:40.913+0000] {logging_mixin.py:190} INFO - [2025-02-27T16:00:40.912+0000] {dagbag.py:588} INFO - Filling up the DagBag from /home/airflow/.local/lib/python3.12/site-packages/airflow/example_dags/example_python_decorator.py
[2025-02-27T16:00:40.927+0000] {processor.py:925} INFO - DAG(s) 'example_python_decorator' retrieved from /home/airflow/.local/lib/python3.12/site-packages/airflow/example_dags/example_python_decorator.py
[2025-02-27T16:00:40.949+0000] {logging_mixin.py:190} INFO - [2025-02-27T16:00:40.949+0000] {dag.py:3239} INFO - Sync 1 DAGs
[2025-02-27T16:00:40.964+0000] {logging_mixin.py:190} INFO - [2025-02-27T16:00:40.964+0000] {dag.py:4180} INFO - Setting next_dagrun for example_python_decorator to None, run_after=None
[2025-02-27T16:00:40.983+0000] {processor.py:208} INFO - Processing /home/airflow/.local/lib/python3.12/site-packages/airflow/example_dags/example_python_decorator.py took 0.080 seconds
[2025-02-27T16:01:11.292+0000] {processor.py:186} INFO - Started process (PID=1129) to work on /home/airflow/.local/lib/python3.12/site-packages/airflow/example_dags/example_python_decorator.py
[2025-02-27T16:01:11.293+0000] {processor.py:914} INFO - Processing file /home/airflow/.local/lib/python3.12/site-packages/airflow/example_dags/example_python_decorator.py for tasks to queue
[2025-02-27T16:01:11.295+0000] {logging_mixin.py:190} INFO - [2025-02-27T16:01:11.295+0000] {dagbag.py:588} INFO - Filling up the DagBag from /home/airflow/.local/lib/python3.12/site-packages/airflow/example_dags/example_python_decorator.py
[2025-02-27T16:01:11.311+0000] {processor.py:925} INFO - DAG(s) 'example_python_decorator' retrieved from /home/airflow/.local/lib/python3.12/site-packages/airflow/example_dags/example_python_decorator.py
[2025-02-27T16:01:11.334+0000] {logging_mixin.py:190} INFO - [2025-02-27T16:01:11.334+0000] {dag.py:3239} INFO - Sync 1 DAGs
[2025-02-27T16:01:11.350+0000] {logging_mixin.py:190} INFO - [2025-02-27T16:01:11.350+0000] {dag.py:4180} INFO - Setting next_dagrun for example_python_decorator to None, run_after=None
[2025-02-27T16:01:11.371+0000] {processor.py:208} INFO - Processing /home/airflow/.local/lib/python3.12/site-packages/airflow/example_dags/example_python_decorator.py took 0.084 seconds
[2025-02-27T16:01:41.641+0000] {processor.py:186} INFO - Started process (PID=1192) to work on /home/airflow/.local/lib/python3.12/site-packages/airflow/example_dags/example_python_decorator.py
[2025-02-27T16:01:41.642+0000] {processor.py:914} INFO - Processing file /home/airflow/.local/lib/python3.12/site-packages/airflow/example_dags/example_python_decorator.py for tasks to queue
[2025-02-27T16:01:41.645+0000] {logging_mixin.py:190} INFO - [2025-02-27T16:01:41.644+0000] {dagbag.py:588} INFO - Filling up the DagBag from /home/airflow/.local/lib/python3.12/site-packages/airflow/example_dags/example_python_decorator.py
[2025-02-27T16:01:41.662+0000] {processor.py:925} INFO - DAG(s) 'example_python_decorator' retrieved from /home/airflow/.local/lib/python3.12/site-packages/airflow/example_dags/example_python_decorator.py
[2025-02-27T16:01:41.692+0000] {logging_mixin.py:190} INFO - [2025-02-27T16:01:41.692+0000] {dag.py:3239} INFO - Sync 1 DAGs
[2025-02-27T16:01:41.709+0000] {logging_mixin.py:190} INFO - [2025-02-27T16:01:41.709+0000] {dag.py:4180} INFO - Setting next_dagrun for example_python_decorator to None, run_after=None
[2025-02-27T16:01:41.733+0000] {processor.py:208} INFO - Processing /home/airflow/.local/lib/python3.12/site-packages/airflow/example_dags/example_python_decorator.py took 0.099 seconds
[2025-02-27T16:02:12.024+0000] {processor.py:186} INFO - Started process (PID=1255) to work on /home/airflow/.local/lib/python3.12/site-packages/airflow/example_dags/example_python_decorator.py
[2025-02-27T16:02:12.025+0000] {processor.py:914} INFO - Processing file /home/airflow/.local/lib/python3.12/site-packages/airflow/example_dags/example_python_decorator.py for tasks to queue
[2025-02-27T16:02:12.027+0000] {logging_mixin.py:190} INFO - [2025-02-27T16:02:12.027+0000] {dagbag.py:588} INFO - Filling up the DagBag from /home/airflow/.local/lib/python3.12/site-packages/airflow/example_dags/example_python_decorator.py
[2025-02-27T16:02:12.042+0000] {processor.py:925} INFO - DAG(s) 'example_python_decorator' retrieved from /home/airflow/.local/lib/python3.12/site-packages/airflow/example_dags/example_python_decorator.py
[2025-02-27T16:02:12.071+0000] {logging_mixin.py:190} INFO - [2025-02-27T16:02:12.071+0000] {dag.py:3239} INFO - Sync 1 DAGs
[2025-02-27T16:02:12.090+0000] {logging_mixin.py:190} INFO - [2025-02-27T16:02:12.090+0000] {dag.py:4180} INFO - Setting next_dagrun for example_python_decorator to None, run_after=None
[2025-02-27T16:02:12.134+0000] {processor.py:208} INFO - Processing /home/airflow/.local/lib/python3.12/site-packages/airflow/example_dags/example_python_decorator.py took 0.116 seconds
[2025-02-27T16:02:43.009+0000] {processor.py:186} INFO - Started process (PID=1318) to work on /home/airflow/.local/lib/python3.12/site-packages/airflow/example_dags/example_python_decorator.py
[2025-02-27T16:02:43.010+0000] {processor.py:914} INFO - Processing file /home/airflow/.local/lib/python3.12/site-packages/airflow/example_dags/example_python_decorator.py for tasks to queue
[2025-02-27T16:02:43.013+0000] {logging_mixin.py:190} INFO - [2025-02-27T16:02:43.012+0000] {dagbag.py:588} INFO - Filling up the DagBag from /home/airflow/.local/lib/python3.12/site-packages/airflow/example_dags/example_python_decorator.py
[2025-02-27T16:02:43.034+0000] {processor.py:925} INFO - DAG(s) 'example_python_decorator' retrieved from /home/airflow/.local/lib/python3.12/site-packages/airflow/example_dags/example_python_decorator.py
[2025-02-27T16:02:43.065+0000] {logging_mixin.py:190} INFO - [2025-02-27T16:02:43.064+0000] {dag.py:3239} INFO - Sync 1 DAGs
[2025-02-27T16:02:43.091+0000] {logging_mixin.py:190} INFO - [2025-02-27T16:02:43.091+0000] {dag.py:4180} INFO - Setting next_dagrun for example_python_decorator to None, run_after=None
[2025-02-27T16:02:43.126+0000] {processor.py:208} INFO - Processing /home/airflow/.local/lib/python3.12/site-packages/airflow/example_dags/example_python_decorator.py took 0.122 seconds
[2025-02-27T16:03:13.882+0000] {processor.py:186} INFO - Started process (PID=1381) to work on /home/airflow/.local/lib/python3.12/site-packages/airflow/example_dags/example_python_decorator.py
[2025-02-27T16:03:13.883+0000] {processor.py:914} INFO - Processing file /home/airflow/.local/lib/python3.12/site-packages/airflow/example_dags/example_python_decorator.py for tasks to queue
[2025-02-27T16:03:13.885+0000] {logging_mixin.py:190} INFO - [2025-02-27T16:03:13.884+0000] {dagbag.py:588} INFO - Filling up the DagBag from /home/airflow/.local/lib/python3.12/site-packages/airflow/example_dags/example_python_decorator.py
[2025-02-27T16:03:13.901+0000] {processor.py:925} INFO - DAG(s) 'example_python_decorator' retrieved from /home/airflow/.local/lib/python3.12/site-packages/airflow/example_dags/example_python_decorator.py
[2025-02-27T16:03:13.926+0000] {logging_mixin.py:190} INFO - [2025-02-27T16:03:13.926+0000] {dag.py:3239} INFO - Sync 1 DAGs
[2025-02-27T16:03:13.943+0000] {logging_mixin.py:190} INFO - [2025-02-27T16:03:13.943+0000] {dag.py:4180} INFO - Setting next_dagrun for example_python_decorator to None, run_after=None
[2025-02-27T16:03:13.966+0000] {processor.py:208} INFO - Processing /home/airflow/.local/lib/python3.12/site-packages/airflow/example_dags/example_python_decorator.py took 0.091 seconds
