[2025-02-27T15:52:49.250+0000] {processor.py:186} INFO - Started process (PID=86) to work on /home/airflow/.local/lib/python3.12/site-packages/airflow/example_dags/example_latest_only.py
[2025-02-27T15:52:49.252+0000] {processor.py:914} INFO - Processing file /home/airflow/.local/lib/python3.12/site-packages/airflow/example_dags/example_latest_only.py for tasks to queue
[2025-02-27T15:52:49.255+0000] {logging_mixin.py:190} INFO - [2025-02-27T15:52:49.254+0000] {dagbag.py:588} INFO - Filling up the DagBag from /home/airflow/.local/lib/python3.12/site-packages/airflow/example_dags/example_latest_only.py
[2025-02-27T15:52:49.268+0000] {processor.py:925} INFO - DAG(s) 'latest_only' retrieved from /home/airflow/.local/lib/python3.12/site-packages/airflow/example_dags/example_latest_only.py
[2025-02-27T15:52:49.411+0000] {logging_mixin.py:190} INFO - [2025-02-27T15:52:49.411+0000] {override.py:1912} INFO - Created Permission View: can edit on DAG:latest_only
[2025-02-27T15:52:49.426+0000] {logging_mixin.py:190} INFO - [2025-02-27T15:52:49.426+0000] {override.py:1912} INFO - Created Permission View: can delete on DAG:latest_only
[2025-02-27T15:52:49.438+0000] {logging_mixin.py:190} INFO - [2025-02-27T15:52:49.437+0000] {override.py:1912} INFO - Created Permission View: can read on DAG:latest_only
[2025-02-27T15:52:49.455+0000] {logging_mixin.py:190} INFO - [2025-02-27T15:52:49.454+0000] {override.py:1912} INFO - Created Permission View: can delete on DAG Run:latest_only
[2025-02-27T15:52:49.465+0000] {logging_mixin.py:190} INFO - [2025-02-27T15:52:49.464+0000] {override.py:1912} INFO - Created Permission View: menu access on DAG Run:latest_only
[2025-02-27T15:52:49.474+0000] {logging_mixin.py:190} INFO - [2025-02-27T15:52:49.474+0000] {override.py:1912} INFO - Created Permission View: can read on DAG Run:latest_only
[2025-02-27T15:52:49.486+0000] {logging_mixin.py:190} INFO - [2025-02-27T15:52:49.485+0000] {override.py:1912} INFO - Created Permission View: can create on DAG Run:latest_only
[2025-02-27T15:52:49.487+0000] {logging_mixin.py:190} INFO - [2025-02-27T15:52:49.487+0000] {dag.py:3239} INFO - Sync 1 DAGs
[2025-02-27T15:52:49.504+0000] {logging_mixin.py:190} INFO - [2025-02-27T15:52:49.504+0000] {dag.py:3262} INFO - Creating ORM DAG for latest_only
[2025-02-27T15:52:49.517+0000] {logging_mixin.py:190} INFO - [2025-02-27T15:52:49.516+0000] {dag.py:4180} INFO - Setting next_dagrun for latest_only to 2025-02-27 08:00:00+00:00, run_after=2025-02-27 12:00:00+00:00
[2025-02-27T15:52:49.541+0000] {processor.py:208} INFO - Processing /home/airflow/.local/lib/python3.12/site-packages/airflow/example_dags/example_latest_only.py took 0.306 seconds
[2025-02-27T15:53:20.305+0000] {processor.py:186} INFO - Started process (PID=149) to work on /home/airflow/.local/lib/python3.12/site-packages/airflow/example_dags/example_latest_only.py
[2025-02-27T15:53:20.307+0000] {processor.py:914} INFO - Processing file /home/airflow/.local/lib/python3.12/site-packages/airflow/example_dags/example_latest_only.py for tasks to queue
[2025-02-27T15:53:20.310+0000] {logging_mixin.py:190} INFO - [2025-02-27T15:53:20.310+0000] {dagbag.py:588} INFO - Filling up the DagBag from /home/airflow/.local/lib/python3.12/site-packages/airflow/example_dags/example_latest_only.py
[2025-02-27T15:53:20.319+0000] {processor.py:925} INFO - DAG(s) 'latest_only' retrieved from /home/airflow/.local/lib/python3.12/site-packages/airflow/example_dags/example_latest_only.py
[2025-02-27T15:53:20.342+0000] {logging_mixin.py:190} INFO - [2025-02-27T15:53:20.342+0000] {dag.py:3239} INFO - Sync 1 DAGs
[2025-02-27T15:53:20.373+0000] {logging_mixin.py:190} INFO - [2025-02-27T15:53:20.373+0000] {dag.py:4180} INFO - Setting next_dagrun for latest_only to 2025-02-27 08:00:00+00:00, run_after=2025-02-27 12:00:00+00:00
[2025-02-27T15:53:20.404+0000] {processor.py:208} INFO - Processing /home/airflow/.local/lib/python3.12/site-packages/airflow/example_dags/example_latest_only.py took 0.105 seconds
[2025-02-27T15:53:50.730+0000] {processor.py:186} INFO - Started process (PID=212) to work on /home/airflow/.local/lib/python3.12/site-packages/airflow/example_dags/example_latest_only.py
[2025-02-27T15:53:50.731+0000] {processor.py:914} INFO - Processing file /home/airflow/.local/lib/python3.12/site-packages/airflow/example_dags/example_latest_only.py for tasks to queue
[2025-02-27T15:53:50.735+0000] {logging_mixin.py:190} INFO - [2025-02-27T15:53:50.734+0000] {dagbag.py:588} INFO - Filling up the DagBag from /home/airflow/.local/lib/python3.12/site-packages/airflow/example_dags/example_latest_only.py
[2025-02-27T15:53:50.745+0000] {processor.py:925} INFO - DAG(s) 'latest_only' retrieved from /home/airflow/.local/lib/python3.12/site-packages/airflow/example_dags/example_latest_only.py
[2025-02-27T15:53:50.775+0000] {logging_mixin.py:190} INFO - [2025-02-27T15:53:50.775+0000] {dag.py:3239} INFO - Sync 1 DAGs
[2025-02-27T15:53:50.807+0000] {logging_mixin.py:190} INFO - [2025-02-27T15:53:50.807+0000] {dag.py:4180} INFO - Setting next_dagrun for latest_only to 2025-02-27 08:00:00+00:00, run_after=2025-02-27 12:00:00+00:00
[2025-02-27T15:53:50.847+0000] {processor.py:208} INFO - Processing /home/airflow/.local/lib/python3.12/site-packages/airflow/example_dags/example_latest_only.py took 0.123 seconds
[2025-02-27T15:54:21.568+0000] {processor.py:186} INFO - Started process (PID=275) to work on /home/airflow/.local/lib/python3.12/site-packages/airflow/example_dags/example_latest_only.py
[2025-02-27T15:54:21.569+0000] {processor.py:914} INFO - Processing file /home/airflow/.local/lib/python3.12/site-packages/airflow/example_dags/example_latest_only.py for tasks to queue
[2025-02-27T15:54:21.572+0000] {logging_mixin.py:190} INFO - [2025-02-27T15:54:21.572+0000] {dagbag.py:588} INFO - Filling up the DagBag from /home/airflow/.local/lib/python3.12/site-packages/airflow/example_dags/example_latest_only.py
[2025-02-27T15:54:21.583+0000] {processor.py:925} INFO - DAG(s) 'latest_only' retrieved from /home/airflow/.local/lib/python3.12/site-packages/airflow/example_dags/example_latest_only.py
[2025-02-27T15:54:21.607+0000] {logging_mixin.py:190} INFO - [2025-02-27T15:54:21.607+0000] {dag.py:3239} INFO - Sync 1 DAGs
[2025-02-27T15:54:21.636+0000] {logging_mixin.py:190} INFO - [2025-02-27T15:54:21.636+0000] {dag.py:4180} INFO - Setting next_dagrun for latest_only to 2025-02-27 08:00:00+00:00, run_after=2025-02-27 12:00:00+00:00
[2025-02-27T15:54:21.664+0000] {processor.py:208} INFO - Processing /home/airflow/.local/lib/python3.12/site-packages/airflow/example_dags/example_latest_only.py took 0.105 seconds
[2025-02-27T15:54:52.262+0000] {processor.py:186} INFO - Started process (PID=338) to work on /home/airflow/.local/lib/python3.12/site-packages/airflow/example_dags/example_latest_only.py
[2025-02-27T15:54:52.263+0000] {processor.py:914} INFO - Processing file /home/airflow/.local/lib/python3.12/site-packages/airflow/example_dags/example_latest_only.py for tasks to queue
[2025-02-27T15:54:52.265+0000] {logging_mixin.py:190} INFO - [2025-02-27T15:54:52.265+0000] {dagbag.py:588} INFO - Filling up the DagBag from /home/airflow/.local/lib/python3.12/site-packages/airflow/example_dags/example_latest_only.py
[2025-02-27T15:54:52.272+0000] {processor.py:925} INFO - DAG(s) 'latest_only' retrieved from /home/airflow/.local/lib/python3.12/site-packages/airflow/example_dags/example_latest_only.py
[2025-02-27T15:54:52.292+0000] {logging_mixin.py:190} INFO - [2025-02-27T15:54:52.292+0000] {dag.py:3239} INFO - Sync 1 DAGs
[2025-02-27T15:54:52.316+0000] {logging_mixin.py:190} INFO - [2025-02-27T15:54:52.316+0000] {dag.py:4180} INFO - Setting next_dagrun for latest_only to 2025-02-27 08:00:00+00:00, run_after=2025-02-27 12:00:00+00:00
[2025-02-27T15:54:52.347+0000] {processor.py:208} INFO - Processing /home/airflow/.local/lib/python3.12/site-packages/airflow/example_dags/example_latest_only.py took 0.091 seconds
[2025-02-27T15:55:22.530+0000] {processor.py:186} INFO - Started process (PID=401) to work on /home/airflow/.local/lib/python3.12/site-packages/airflow/example_dags/example_latest_only.py
[2025-02-27T15:55:22.532+0000] {processor.py:914} INFO - Processing file /home/airflow/.local/lib/python3.12/site-packages/airflow/example_dags/example_latest_only.py for tasks to queue
[2025-02-27T15:55:22.535+0000] {logging_mixin.py:190} INFO - [2025-02-27T15:55:22.534+0000] {dagbag.py:588} INFO - Filling up the DagBag from /home/airflow/.local/lib/python3.12/site-packages/airflow/example_dags/example_latest_only.py
[2025-02-27T15:55:22.551+0000] {processor.py:925} INFO - DAG(s) 'latest_only' retrieved from /home/airflow/.local/lib/python3.12/site-packages/airflow/example_dags/example_latest_only.py
[2025-02-27T15:55:22.587+0000] {logging_mixin.py:190} INFO - [2025-02-27T15:55:22.586+0000] {dag.py:3239} INFO - Sync 1 DAGs
[2025-02-27T15:55:22.627+0000] {logging_mixin.py:190} INFO - [2025-02-27T15:55:22.626+0000] {dag.py:4180} INFO - Setting next_dagrun for latest_only to 2025-02-27 08:00:00+00:00, run_after=2025-02-27 12:00:00+00:00
[2025-02-27T15:55:22.657+0000] {processor.py:208} INFO - Processing /home/airflow/.local/lib/python3.12/site-packages/airflow/example_dags/example_latest_only.py took 0.134 seconds
[2025-02-27T15:55:52.919+0000] {processor.py:186} INFO - Started process (PID=464) to work on /home/airflow/.local/lib/python3.12/site-packages/airflow/example_dags/example_latest_only.py
[2025-02-27T15:55:52.920+0000] {processor.py:914} INFO - Processing file /home/airflow/.local/lib/python3.12/site-packages/airflow/example_dags/example_latest_only.py for tasks to queue
[2025-02-27T15:55:52.923+0000] {logging_mixin.py:190} INFO - [2025-02-27T15:55:52.922+0000] {dagbag.py:588} INFO - Filling up the DagBag from /home/airflow/.local/lib/python3.12/site-packages/airflow/example_dags/example_latest_only.py
[2025-02-27T15:55:52.931+0000] {processor.py:925} INFO - DAG(s) 'latest_only' retrieved from /home/airflow/.local/lib/python3.12/site-packages/airflow/example_dags/example_latest_only.py
[2025-02-27T15:55:52.952+0000] {logging_mixin.py:190} INFO - [2025-02-27T15:55:52.952+0000] {dag.py:3239} INFO - Sync 1 DAGs
[2025-02-27T15:55:52.980+0000] {logging_mixin.py:190} INFO - [2025-02-27T15:55:52.980+0000] {dag.py:4180} INFO - Setting next_dagrun for latest_only to 2025-02-27 08:00:00+00:00, run_after=2025-02-27 12:00:00+00:00
[2025-02-27T15:55:53.004+0000] {processor.py:208} INFO - Processing /home/airflow/.local/lib/python3.12/site-packages/airflow/example_dags/example_latest_only.py took 0.091 seconds
[2025-02-27T15:56:23.427+0000] {processor.py:186} INFO - Started process (PID=527) to work on /home/airflow/.local/lib/python3.12/site-packages/airflow/example_dags/example_latest_only.py
[2025-02-27T15:56:23.428+0000] {processor.py:914} INFO - Processing file /home/airflow/.local/lib/python3.12/site-packages/airflow/example_dags/example_latest_only.py for tasks to queue
[2025-02-27T15:56:23.430+0000] {logging_mixin.py:190} INFO - [2025-02-27T15:56:23.430+0000] {dagbag.py:588} INFO - Filling up the DagBag from /home/airflow/.local/lib/python3.12/site-packages/airflow/example_dags/example_latest_only.py
[2025-02-27T15:56:23.437+0000] {processor.py:925} INFO - DAG(s) 'latest_only' retrieved from /home/airflow/.local/lib/python3.12/site-packages/airflow/example_dags/example_latest_only.py
[2025-02-27T15:56:23.460+0000] {logging_mixin.py:190} INFO - [2025-02-27T15:56:23.460+0000] {dag.py:3239} INFO - Sync 1 DAGs
[2025-02-27T15:56:23.490+0000] {logging_mixin.py:190} INFO - [2025-02-27T15:56:23.490+0000] {dag.py:4180} INFO - Setting next_dagrun for latest_only to 2025-02-27 08:00:00+00:00, run_after=2025-02-27 12:00:00+00:00
[2025-02-27T15:56:23.514+0000] {processor.py:208} INFO - Processing /home/airflow/.local/lib/python3.12/site-packages/airflow/example_dags/example_latest_only.py took 0.093 seconds
[2025-02-27T15:56:54.193+0000] {processor.py:186} INFO - Started process (PID=591) to work on /home/airflow/.local/lib/python3.12/site-packages/airflow/example_dags/example_latest_only.py
[2025-02-27T15:56:54.195+0000] {processor.py:914} INFO - Processing file /home/airflow/.local/lib/python3.12/site-packages/airflow/example_dags/example_latest_only.py for tasks to queue
[2025-02-27T15:56:54.197+0000] {logging_mixin.py:190} INFO - [2025-02-27T15:56:54.196+0000] {dagbag.py:588} INFO - Filling up the DagBag from /home/airflow/.local/lib/python3.12/site-packages/airflow/example_dags/example_latest_only.py
[2025-02-27T15:56:54.204+0000] {processor.py:925} INFO - DAG(s) 'latest_only' retrieved from /home/airflow/.local/lib/python3.12/site-packages/airflow/example_dags/example_latest_only.py
[2025-02-27T15:56:54.229+0000] {logging_mixin.py:190} INFO - [2025-02-27T15:56:54.228+0000] {dag.py:3239} INFO - Sync 1 DAGs
[2025-02-27T15:56:54.259+0000] {logging_mixin.py:190} INFO - [2025-02-27T15:56:54.259+0000] {dag.py:4180} INFO - Setting next_dagrun for latest_only to 2025-02-27 08:00:00+00:00, run_after=2025-02-27 12:00:00+00:00
[2025-02-27T15:56:54.279+0000] {processor.py:208} INFO - Processing /home/airflow/.local/lib/python3.12/site-packages/airflow/example_dags/example_latest_only.py took 0.092 seconds
[2025-02-27T15:57:24.592+0000] {processor.py:186} INFO - Started process (PID=654) to work on /home/airflow/.local/lib/python3.12/site-packages/airflow/example_dags/example_latest_only.py
[2025-02-27T15:57:24.593+0000] {processor.py:914} INFO - Processing file /home/airflow/.local/lib/python3.12/site-packages/airflow/example_dags/example_latest_only.py for tasks to queue
[2025-02-27T15:57:24.596+0000] {logging_mixin.py:190} INFO - [2025-02-27T15:57:24.595+0000] {dagbag.py:588} INFO - Filling up the DagBag from /home/airflow/.local/lib/python3.12/site-packages/airflow/example_dags/example_latest_only.py
[2025-02-27T15:57:24.603+0000] {processor.py:925} INFO - DAG(s) 'latest_only' retrieved from /home/airflow/.local/lib/python3.12/site-packages/airflow/example_dags/example_latest_only.py
[2025-02-27T15:57:24.624+0000] {logging_mixin.py:190} INFO - [2025-02-27T15:57:24.624+0000] {dag.py:3239} INFO - Sync 1 DAGs
[2025-02-27T15:57:24.648+0000] {logging_mixin.py:190} INFO - [2025-02-27T15:57:24.648+0000] {dag.py:4180} INFO - Setting next_dagrun for latest_only to 2025-02-27 08:00:00+00:00, run_after=2025-02-27 12:00:00+00:00
[2025-02-27T15:57:24.667+0000] {processor.py:208} INFO - Processing /home/airflow/.local/lib/python3.12/site-packages/airflow/example_dags/example_latest_only.py took 0.082 seconds
[2025-02-27T15:57:54.868+0000] {processor.py:186} INFO - Started process (PID=717) to work on /home/airflow/.local/lib/python3.12/site-packages/airflow/example_dags/example_latest_only.py
[2025-02-27T15:57:54.869+0000] {processor.py:914} INFO - Processing file /home/airflow/.local/lib/python3.12/site-packages/airflow/example_dags/example_latest_only.py for tasks to queue
[2025-02-27T15:57:54.872+0000] {logging_mixin.py:190} INFO - [2025-02-27T15:57:54.871+0000] {dagbag.py:588} INFO - Filling up the DagBag from /home/airflow/.local/lib/python3.12/site-packages/airflow/example_dags/example_latest_only.py
[2025-02-27T15:57:54.881+0000] {processor.py:925} INFO - DAG(s) 'latest_only' retrieved from /home/airflow/.local/lib/python3.12/site-packages/airflow/example_dags/example_latest_only.py
[2025-02-27T15:57:54.904+0000] {logging_mixin.py:190} INFO - [2025-02-27T15:57:54.904+0000] {dag.py:3239} INFO - Sync 1 DAGs
[2025-02-27T15:57:54.929+0000] {logging_mixin.py:190} INFO - [2025-02-27T15:57:54.928+0000] {dag.py:4180} INFO - Setting next_dagrun for latest_only to 2025-02-27 08:00:00+00:00, run_after=2025-02-27 12:00:00+00:00
[2025-02-27T15:57:54.946+0000] {processor.py:208} INFO - Processing /home/airflow/.local/lib/python3.12/site-packages/airflow/example_dags/example_latest_only.py took 0.085 seconds
[2025-02-27T15:58:25.172+0000] {processor.py:186} INFO - Started process (PID=780) to work on /home/airflow/.local/lib/python3.12/site-packages/airflow/example_dags/example_latest_only.py
[2025-02-27T15:58:25.173+0000] {processor.py:914} INFO - Processing file /home/airflow/.local/lib/python3.12/site-packages/airflow/example_dags/example_latest_only.py for tasks to queue
[2025-02-27T15:58:25.176+0000] {logging_mixin.py:190} INFO - [2025-02-27T15:58:25.176+0000] {dagbag.py:588} INFO - Filling up the DagBag from /home/airflow/.local/lib/python3.12/site-packages/airflow/example_dags/example_latest_only.py
[2025-02-27T15:58:25.184+0000] {processor.py:925} INFO - DAG(s) 'latest_only' retrieved from /home/airflow/.local/lib/python3.12/site-packages/airflow/example_dags/example_latest_only.py
[2025-02-27T15:58:25.207+0000] {logging_mixin.py:190} INFO - [2025-02-27T15:58:25.206+0000] {dag.py:3239} INFO - Sync 1 DAGs
[2025-02-27T15:58:25.239+0000] {logging_mixin.py:190} INFO - [2025-02-27T15:58:25.238+0000] {dag.py:4180} INFO - Setting next_dagrun for latest_only to 2025-02-27 08:00:00+00:00, run_after=2025-02-27 12:00:00+00:00
[2025-02-27T15:58:25.265+0000] {processor.py:208} INFO - Processing /home/airflow/.local/lib/python3.12/site-packages/airflow/example_dags/example_latest_only.py took 0.099 seconds
[2025-02-27T15:58:55.430+0000] {processor.py:186} INFO - Started process (PID=843) to work on /home/airflow/.local/lib/python3.12/site-packages/airflow/example_dags/example_latest_only.py
[2025-02-27T15:58:55.431+0000] {processor.py:914} INFO - Processing file /home/airflow/.local/lib/python3.12/site-packages/airflow/example_dags/example_latest_only.py for tasks to queue
[2025-02-27T15:58:55.435+0000] {logging_mixin.py:190} INFO - [2025-02-27T15:58:55.434+0000] {dagbag.py:588} INFO - Filling up the DagBag from /home/airflow/.local/lib/python3.12/site-packages/airflow/example_dags/example_latest_only.py
[2025-02-27T15:58:55.444+0000] {processor.py:925} INFO - DAG(s) 'latest_only' retrieved from /home/airflow/.local/lib/python3.12/site-packages/airflow/example_dags/example_latest_only.py
[2025-02-27T15:58:55.467+0000] {logging_mixin.py:190} INFO - [2025-02-27T15:58:55.466+0000] {dag.py:3239} INFO - Sync 1 DAGs
[2025-02-27T15:58:55.495+0000] {logging_mixin.py:190} INFO - [2025-02-27T15:58:55.495+0000] {dag.py:4180} INFO - Setting next_dagrun for latest_only to 2025-02-27 08:00:00+00:00, run_after=2025-02-27 12:00:00+00:00
[2025-02-27T15:58:55.518+0000] {processor.py:208} INFO - Processing /home/airflow/.local/lib/python3.12/site-packages/airflow/example_dags/example_latest_only.py took 0.094 seconds
[2025-02-27T15:59:25.827+0000] {processor.py:186} INFO - Started process (PID=906) to work on /home/airflow/.local/lib/python3.12/site-packages/airflow/example_dags/example_latest_only.py
[2025-02-27T15:59:25.829+0000] {processor.py:914} INFO - Processing file /home/airflow/.local/lib/python3.12/site-packages/airflow/example_dags/example_latest_only.py for tasks to queue
[2025-02-27T15:59:25.833+0000] {logging_mixin.py:190} INFO - [2025-02-27T15:59:25.832+0000] {dagbag.py:588} INFO - Filling up the DagBag from /home/airflow/.local/lib/python3.12/site-packages/airflow/example_dags/example_latest_only.py
[2025-02-27T15:59:25.844+0000] {processor.py:925} INFO - DAG(s) 'latest_only' retrieved from /home/airflow/.local/lib/python3.12/site-packages/airflow/example_dags/example_latest_only.py
[2025-02-27T15:59:25.869+0000] {logging_mixin.py:190} INFO - [2025-02-27T15:59:25.868+0000] {dag.py:3239} INFO - Sync 1 DAGs
[2025-02-27T15:59:25.893+0000] {logging_mixin.py:190} INFO - [2025-02-27T15:59:25.893+0000] {dag.py:4180} INFO - Setting next_dagrun for latest_only to 2025-02-27 08:00:00+00:00, run_after=2025-02-27 12:00:00+00:00
[2025-02-27T15:59:25.913+0000] {processor.py:208} INFO - Processing /home/airflow/.local/lib/python3.12/site-packages/airflow/example_dags/example_latest_only.py took 0.092 seconds
[2025-02-27T15:59:56.017+0000] {processor.py:186} INFO - Started process (PID=969) to work on /home/airflow/.local/lib/python3.12/site-packages/airflow/example_dags/example_latest_only.py
[2025-02-27T15:59:56.019+0000] {processor.py:914} INFO - Processing file /home/airflow/.local/lib/python3.12/site-packages/airflow/example_dags/example_latest_only.py for tasks to queue
[2025-02-27T15:59:56.021+0000] {logging_mixin.py:190} INFO - [2025-02-27T15:59:56.021+0000] {dagbag.py:588} INFO - Filling up the DagBag from /home/airflow/.local/lib/python3.12/site-packages/airflow/example_dags/example_latest_only.py
[2025-02-27T15:59:56.031+0000] {processor.py:925} INFO - DAG(s) 'latest_only' retrieved from /home/airflow/.local/lib/python3.12/site-packages/airflow/example_dags/example_latest_only.py
[2025-02-27T15:59:56.057+0000] {logging_mixin.py:190} INFO - [2025-02-27T15:59:56.056+0000] {dag.py:3239} INFO - Sync 1 DAGs
[2025-02-27T15:59:56.082+0000] {logging_mixin.py:190} INFO - [2025-02-27T15:59:56.082+0000] {dag.py:4180} INFO - Setting next_dagrun for latest_only to 2025-02-27 08:00:00+00:00, run_after=2025-02-27 12:00:00+00:00
[2025-02-27T15:59:56.102+0000] {processor.py:208} INFO - Processing /home/airflow/.local/lib/python3.12/site-packages/airflow/example_dags/example_latest_only.py took 0.092 seconds
[2025-02-27T16:00:26.463+0000] {processor.py:186} INFO - Started process (PID=1032) to work on /home/airflow/.local/lib/python3.12/site-packages/airflow/example_dags/example_latest_only.py
[2025-02-27T16:00:26.464+0000] {processor.py:914} INFO - Processing file /home/airflow/.local/lib/python3.12/site-packages/airflow/example_dags/example_latest_only.py for tasks to queue
[2025-02-27T16:00:26.467+0000] {logging_mixin.py:190} INFO - [2025-02-27T16:00:26.467+0000] {dagbag.py:588} INFO - Filling up the DagBag from /home/airflow/.local/lib/python3.12/site-packages/airflow/example_dags/example_latest_only.py
[2025-02-27T16:00:26.476+0000] {processor.py:925} INFO - DAG(s) 'latest_only' retrieved from /home/airflow/.local/lib/python3.12/site-packages/airflow/example_dags/example_latest_only.py
[2025-02-27T16:00:26.503+0000] {logging_mixin.py:190} INFO - [2025-02-27T16:00:26.503+0000] {dag.py:3239} INFO - Sync 1 DAGs
[2025-02-27T16:00:26.537+0000] {logging_mixin.py:190} INFO - [2025-02-27T16:00:26.537+0000] {dag.py:4180} INFO - Setting next_dagrun for latest_only to 2025-02-27 12:00:00+00:00, run_after=2025-02-27 16:00:00+00:00
[2025-02-27T16:00:26.561+0000] {processor.py:208} INFO - Processing /home/airflow/.local/lib/python3.12/site-packages/airflow/example_dags/example_latest_only.py took 0.104 seconds
[2025-02-27T16:00:56.688+0000] {processor.py:186} INFO - Started process (PID=1095) to work on /home/airflow/.local/lib/python3.12/site-packages/airflow/example_dags/example_latest_only.py
[2025-02-27T16:00:56.689+0000] {processor.py:914} INFO - Processing file /home/airflow/.local/lib/python3.12/site-packages/airflow/example_dags/example_latest_only.py for tasks to queue
[2025-02-27T16:00:56.692+0000] {logging_mixin.py:190} INFO - [2025-02-27T16:00:56.691+0000] {dagbag.py:588} INFO - Filling up the DagBag from /home/airflow/.local/lib/python3.12/site-packages/airflow/example_dags/example_latest_only.py
[2025-02-27T16:00:56.699+0000] {processor.py:925} INFO - DAG(s) 'latest_only' retrieved from /home/airflow/.local/lib/python3.12/site-packages/airflow/example_dags/example_latest_only.py
[2025-02-27T16:00:56.717+0000] {logging_mixin.py:190} INFO - [2025-02-27T16:00:56.717+0000] {dag.py:3239} INFO - Sync 1 DAGs
[2025-02-27T16:00:56.747+0000] {logging_mixin.py:190} INFO - [2025-02-27T16:00:56.747+0000] {dag.py:4180} INFO - Setting next_dagrun for latest_only to 2025-02-27 12:00:00+00:00, run_after=2025-02-27 16:00:00+00:00
[2025-02-27T16:00:56.767+0000] {processor.py:208} INFO - Processing /home/airflow/.local/lib/python3.12/site-packages/airflow/example_dags/example_latest_only.py took 0.085 seconds
