[2025-02-27T15:52:59.282+0000] {processor.py:186} INFO - Started process (PID=121) to work on /home/airflow/.local/lib/python3.12/site-packages/airflow/example_dags/example_dataset_alias.py
[2025-02-27T15:52:59.284+0000] {processor.py:914} INFO - Processing file /home/airflow/.local/lib/python3.12/site-packages/airflow/example_dags/example_dataset_alias.py for tasks to queue
[2025-02-27T15:52:59.288+0000] {logging_mixin.py:190} INFO - [2025-02-27T15:52:59.288+0000] {dagbag.py:588} INFO - Filling up the DagBag from /home/airflow/.local/lib/python3.12/site-packages/airflow/example_dags/example_dataset_alias.py
[2025-02-27T15:53:00.240+0000] {processor.py:925} INFO - DAG(s) 'dataset_s3_bucket_producer', 'dataset_s3_bucket_consumer', 'dataset_alias_example_alias_consumer', 'dataset_alias_example_alias_producer' retrieved from /home/airflow/.local/lib/python3.12/site-packages/airflow/example_dags/example_dataset_alias.py
[2025-02-27T15:53:00.372+0000] {logging_mixin.py:190} INFO - [2025-02-27T15:53:00.370+0000] {override.py:1912} INFO - Created Permission View: can edit on DAG:dataset_s3_bucket_producer
[2025-02-27T15:53:00.391+0000] {logging_mixin.py:190} INFO - [2025-02-27T15:53:00.390+0000] {override.py:1912} INFO - Created Permission View: can delete on DAG:dataset_s3_bucket_producer
[2025-02-27T15:53:00.405+0000] {logging_mixin.py:190} INFO - [2025-02-27T15:53:00.405+0000] {override.py:1912} INFO - Created Permission View: can read on DAG:dataset_s3_bucket_producer
[2025-02-27T15:53:00.422+0000] {logging_mixin.py:190} INFO - [2025-02-27T15:53:00.422+0000] {override.py:1912} INFO - Created Permission View: can delete on DAG Run:dataset_s3_bucket_producer
[2025-02-27T15:53:00.437+0000] {logging_mixin.py:190} INFO - [2025-02-27T15:53:00.437+0000] {override.py:1912} INFO - Created Permission View: menu access on DAG Run:dataset_s3_bucket_producer
[2025-02-27T15:53:00.454+0000] {logging_mixin.py:190} INFO - [2025-02-27T15:53:00.454+0000] {override.py:1912} INFO - Created Permission View: can read on DAG Run:dataset_s3_bucket_producer
[2025-02-27T15:53:00.472+0000] {logging_mixin.py:190} INFO - [2025-02-27T15:53:00.472+0000] {override.py:1912} INFO - Created Permission View: can create on DAG Run:dataset_s3_bucket_producer
[2025-02-27T15:53:00.509+0000] {logging_mixin.py:190} INFO - [2025-02-27T15:53:00.508+0000] {override.py:1912} INFO - Created Permission View: can edit on DAG:dataset_s3_bucket_consumer
[2025-02-27T15:53:00.531+0000] {logging_mixin.py:190} INFO - [2025-02-27T15:53:00.531+0000] {override.py:1912} INFO - Created Permission View: can delete on DAG:dataset_s3_bucket_consumer
[2025-02-27T15:53:00.556+0000] {logging_mixin.py:190} INFO - [2025-02-27T15:53:00.554+0000] {override.py:1912} INFO - Created Permission View: can read on DAG:dataset_s3_bucket_consumer
[2025-02-27T15:53:00.579+0000] {logging_mixin.py:190} INFO - [2025-02-27T15:53:00.578+0000] {override.py:1912} INFO - Created Permission View: can delete on DAG Run:dataset_s3_bucket_consumer
[2025-02-27T15:53:00.597+0000] {logging_mixin.py:190} INFO - [2025-02-27T15:53:00.596+0000] {override.py:1912} INFO - Created Permission View: menu access on DAG Run:dataset_s3_bucket_consumer
[2025-02-27T15:53:00.615+0000] {logging_mixin.py:190} INFO - [2025-02-27T15:53:00.614+0000] {override.py:1912} INFO - Created Permission View: can read on DAG Run:dataset_s3_bucket_consumer
[2025-02-27T15:53:00.630+0000] {logging_mixin.py:190} INFO - [2025-02-27T15:53:00.629+0000] {override.py:1912} INFO - Created Permission View: can create on DAG Run:dataset_s3_bucket_consumer
[2025-02-27T15:53:00.656+0000] {logging_mixin.py:190} INFO - [2025-02-27T15:53:00.655+0000] {override.py:1912} INFO - Created Permission View: can edit on DAG:dataset_alias_example_alias_consumer
[2025-02-27T15:53:00.669+0000] {logging_mixin.py:190} INFO - [2025-02-27T15:53:00.669+0000] {override.py:1912} INFO - Created Permission View: can delete on DAG:dataset_alias_example_alias_consumer
[2025-02-27T15:53:00.684+0000] {logging_mixin.py:190} INFO - [2025-02-27T15:53:00.683+0000] {override.py:1912} INFO - Created Permission View: can read on DAG:dataset_alias_example_alias_consumer
[2025-02-27T15:53:00.701+0000] {logging_mixin.py:190} INFO - [2025-02-27T15:53:00.700+0000] {override.py:1912} INFO - Created Permission View: can delete on DAG Run:dataset_alias_example_alias_consumer
[2025-02-27T15:53:00.716+0000] {logging_mixin.py:190} INFO - [2025-02-27T15:53:00.715+0000] {override.py:1912} INFO - Created Permission View: menu access on DAG Run:dataset_alias_example_alias_consumer
[2025-02-27T15:53:00.729+0000] {logging_mixin.py:190} INFO - [2025-02-27T15:53:00.729+0000] {override.py:1912} INFO - Created Permission View: can read on DAG Run:dataset_alias_example_alias_consumer
[2025-02-27T15:53:00.743+0000] {logging_mixin.py:190} INFO - [2025-02-27T15:53:00.743+0000] {override.py:1912} INFO - Created Permission View: can create on DAG Run:dataset_alias_example_alias_consumer
[2025-02-27T15:53:00.777+0000] {logging_mixin.py:190} INFO - [2025-02-27T15:53:00.776+0000] {override.py:1912} INFO - Created Permission View: can edit on DAG:dataset_alias_example_alias_producer
[2025-02-27T15:53:00.793+0000] {logging_mixin.py:190} INFO - [2025-02-27T15:53:00.792+0000] {override.py:1912} INFO - Created Permission View: can delete on DAG:dataset_alias_example_alias_producer
[2025-02-27T15:53:00.806+0000] {logging_mixin.py:190} INFO - [2025-02-27T15:53:00.806+0000] {override.py:1912} INFO - Created Permission View: can read on DAG:dataset_alias_example_alias_producer
[2025-02-27T15:53:00.821+0000] {logging_mixin.py:190} INFO - [2025-02-27T15:53:00.821+0000] {override.py:1912} INFO - Created Permission View: can delete on DAG Run:dataset_alias_example_alias_producer
[2025-02-27T15:53:00.838+0000] {logging_mixin.py:190} INFO - [2025-02-27T15:53:00.838+0000] {override.py:1912} INFO - Created Permission View: menu access on DAG Run:dataset_alias_example_alias_producer
[2025-02-27T15:53:00.855+0000] {logging_mixin.py:190} INFO - [2025-02-27T15:53:00.854+0000] {override.py:1912} INFO - Created Permission View: can read on DAG Run:dataset_alias_example_alias_producer
[2025-02-27T15:53:00.866+0000] {logging_mixin.py:190} INFO - [2025-02-27T15:53:00.865+0000] {override.py:1912} INFO - Created Permission View: can create on DAG Run:dataset_alias_example_alias_producer
[2025-02-27T15:53:00.867+0000] {logging_mixin.py:190} INFO - [2025-02-27T15:53:00.866+0000] {dag.py:3239} INFO - Sync 4 DAGs
[2025-02-27T15:53:00.886+0000] {logging_mixin.py:190} INFO - [2025-02-27T15:53:00.885+0000] {dag.py:3262} INFO - Creating ORM DAG for dataset_alias_example_alias_producer
[2025-02-27T15:53:00.888+0000] {logging_mixin.py:190} INFO - [2025-02-27T15:53:00.887+0000] {dag.py:3262} INFO - Creating ORM DAG for dataset_s3_bucket_producer
[2025-02-27T15:53:00.889+0000] {logging_mixin.py:190} INFO - [2025-02-27T15:53:00.889+0000] {dag.py:3262} INFO - Creating ORM DAG for dataset_s3_bucket_consumer
[2025-02-27T15:53:00.891+0000] {logging_mixin.py:190} INFO - [2025-02-27T15:53:00.890+0000] {dag.py:3262} INFO - Creating ORM DAG for dataset_alias_example_alias_consumer
[2025-02-27T15:53:00.905+0000] {logging_mixin.py:190} INFO - [2025-02-27T15:53:00.904+0000] {dag.py:4180} INFO - Setting next_dagrun for dataset_alias_example_alias_consumer to None, run_after=None
[2025-02-27T15:53:00.906+0000] {logging_mixin.py:190} INFO - [2025-02-27T15:53:00.906+0000] {dag.py:4180} INFO - Setting next_dagrun for dataset_alias_example_alias_producer to None, run_after=None
[2025-02-27T15:53:00.907+0000] {logging_mixin.py:190} INFO - [2025-02-27T15:53:00.907+0000] {dag.py:4180} INFO - Setting next_dagrun for dataset_s3_bucket_consumer to None, run_after=None
[2025-02-27T15:53:00.908+0000] {logging_mixin.py:190} INFO - [2025-02-27T15:53:00.908+0000] {dag.py:4180} INFO - Setting next_dagrun for dataset_s3_bucket_producer to None, run_after=None
[2025-02-27T15:53:00.953+0000] {processor.py:208} INFO - Processing /home/airflow/.local/lib/python3.12/site-packages/airflow/example_dags/example_dataset_alias.py took 1.680 seconds
[2025-02-27T15:53:31.719+0000] {processor.py:186} INFO - Started process (PID=187) to work on /home/airflow/.local/lib/python3.12/site-packages/airflow/example_dags/example_dataset_alias.py
[2025-02-27T15:53:31.720+0000] {processor.py:914} INFO - Processing file /home/airflow/.local/lib/python3.12/site-packages/airflow/example_dags/example_dataset_alias.py for tasks to queue
[2025-02-27T15:53:31.722+0000] {logging_mixin.py:190} INFO - [2025-02-27T15:53:31.722+0000] {dagbag.py:588} INFO - Filling up the DagBag from /home/airflow/.local/lib/python3.12/site-packages/airflow/example_dags/example_dataset_alias.py
[2025-02-27T15:53:32.459+0000] {processor.py:925} INFO - DAG(s) 'dataset_alias_example_alias_producer', 'dataset_s3_bucket_producer', 'dataset_s3_bucket_consumer', 'dataset_alias_example_alias_consumer' retrieved from /home/airflow/.local/lib/python3.12/site-packages/airflow/example_dags/example_dataset_alias.py
[2025-02-27T15:53:32.486+0000] {logging_mixin.py:190} INFO - [2025-02-27T15:53:32.486+0000] {dag.py:3239} INFO - Sync 4 DAGs
[2025-02-27T15:53:32.513+0000] {logging_mixin.py:190} INFO - [2025-02-27T15:53:32.513+0000] {dag.py:4180} INFO - Setting next_dagrun for dataset_alias_example_alias_consumer to None, run_after=None
[2025-02-27T15:53:32.516+0000] {logging_mixin.py:190} INFO - [2025-02-27T15:53:32.516+0000] {dag.py:4180} INFO - Setting next_dagrun for dataset_alias_example_alias_producer to None, run_after=None
[2025-02-27T15:53:32.519+0000] {logging_mixin.py:190} INFO - [2025-02-27T15:53:32.519+0000] {dag.py:4180} INFO - Setting next_dagrun for dataset_s3_bucket_consumer to None, run_after=None
[2025-02-27T15:53:32.522+0000] {logging_mixin.py:190} INFO - [2025-02-27T15:53:32.521+0000] {dag.py:4180} INFO - Setting next_dagrun for dataset_s3_bucket_producer to None, run_after=None
[2025-02-27T15:53:32.549+0000] {processor.py:208} INFO - Processing /home/airflow/.local/lib/python3.12/site-packages/airflow/example_dags/example_dataset_alias.py took 0.836 seconds
[2025-02-27T15:54:03.301+0000] {processor.py:186} INFO - Started process (PID=256) to work on /home/airflow/.local/lib/python3.12/site-packages/airflow/example_dags/example_dataset_alias.py
[2025-02-27T15:54:03.302+0000] {processor.py:914} INFO - Processing file /home/airflow/.local/lib/python3.12/site-packages/airflow/example_dags/example_dataset_alias.py for tasks to queue
[2025-02-27T15:54:03.304+0000] {logging_mixin.py:190} INFO - [2025-02-27T15:54:03.303+0000] {dagbag.py:588} INFO - Filling up the DagBag from /home/airflow/.local/lib/python3.12/site-packages/airflow/example_dags/example_dataset_alias.py
[2025-02-27T15:54:03.927+0000] {processor.py:925} INFO - DAG(s) 'dataset_alias_example_alias_producer', 'dataset_s3_bucket_consumer', 'dataset_s3_bucket_producer', 'dataset_alias_example_alias_consumer' retrieved from /home/airflow/.local/lib/python3.12/site-packages/airflow/example_dags/example_dataset_alias.py
[2025-02-27T15:54:03.956+0000] {logging_mixin.py:190} INFO - [2025-02-27T15:54:03.955+0000] {dag.py:3239} INFO - Sync 4 DAGs
[2025-02-27T15:54:03.988+0000] {logging_mixin.py:190} INFO - [2025-02-27T15:54:03.988+0000] {dag.py:4180} INFO - Setting next_dagrun for dataset_alias_example_alias_consumer to None, run_after=None
[2025-02-27T15:54:03.992+0000] {logging_mixin.py:190} INFO - [2025-02-27T15:54:03.992+0000] {dag.py:4180} INFO - Setting next_dagrun for dataset_alias_example_alias_producer to None, run_after=None
[2025-02-27T15:54:03.995+0000] {logging_mixin.py:190} INFO - [2025-02-27T15:54:03.994+0000] {dag.py:4180} INFO - Setting next_dagrun for dataset_s3_bucket_consumer to None, run_after=None
[2025-02-27T15:54:03.997+0000] {logging_mixin.py:190} INFO - [2025-02-27T15:54:03.997+0000] {dag.py:4180} INFO - Setting next_dagrun for dataset_s3_bucket_producer to None, run_after=None
[2025-02-27T15:54:04.043+0000] {processor.py:208} INFO - Processing /home/airflow/.local/lib/python3.12/site-packages/airflow/example_dags/example_dataset_alias.py took 0.749 seconds
[2025-02-27T15:54:34.408+0000] {processor.py:186} INFO - Started process (PID=319) to work on /home/airflow/.local/lib/python3.12/site-packages/airflow/example_dags/example_dataset_alias.py
[2025-02-27T15:54:34.409+0000] {processor.py:914} INFO - Processing file /home/airflow/.local/lib/python3.12/site-packages/airflow/example_dags/example_dataset_alias.py for tasks to queue
[2025-02-27T15:54:34.411+0000] {logging_mixin.py:190} INFO - [2025-02-27T15:54:34.411+0000] {dagbag.py:588} INFO - Filling up the DagBag from /home/airflow/.local/lib/python3.12/site-packages/airflow/example_dags/example_dataset_alias.py
[2025-02-27T15:54:35.035+0000] {processor.py:925} INFO - DAG(s) 'dataset_alias_example_alias_producer', 'dataset_s3_bucket_consumer', 'dataset_alias_example_alias_consumer', 'dataset_s3_bucket_producer' retrieved from /home/airflow/.local/lib/python3.12/site-packages/airflow/example_dags/example_dataset_alias.py
[2025-02-27T15:54:35.064+0000] {logging_mixin.py:190} INFO - [2025-02-27T15:54:35.063+0000] {dag.py:3239} INFO - Sync 4 DAGs
[2025-02-27T15:54:35.093+0000] {logging_mixin.py:190} INFO - [2025-02-27T15:54:35.092+0000] {dag.py:4180} INFO - Setting next_dagrun for dataset_alias_example_alias_consumer to None, run_after=None
[2025-02-27T15:54:35.096+0000] {logging_mixin.py:190} INFO - [2025-02-27T15:54:35.096+0000] {dag.py:4180} INFO - Setting next_dagrun for dataset_alias_example_alias_producer to None, run_after=None
[2025-02-27T15:54:35.098+0000] {logging_mixin.py:190} INFO - [2025-02-27T15:54:35.098+0000] {dag.py:4180} INFO - Setting next_dagrun for dataset_s3_bucket_consumer to None, run_after=None
[2025-02-27T15:54:35.100+0000] {logging_mixin.py:190} INFO - [2025-02-27T15:54:35.100+0000] {dag.py:4180} INFO - Setting next_dagrun for dataset_s3_bucket_producer to None, run_after=None
[2025-02-27T15:54:35.128+0000] {processor.py:208} INFO - Processing /home/airflow/.local/lib/python3.12/site-packages/airflow/example_dags/example_dataset_alias.py took 0.726 seconds
[2025-02-27T15:55:05.982+0000] {processor.py:186} INFO - Started process (PID=382) to work on /home/airflow/.local/lib/python3.12/site-packages/airflow/example_dags/example_dataset_alias.py
[2025-02-27T15:55:05.983+0000] {processor.py:914} INFO - Processing file /home/airflow/.local/lib/python3.12/site-packages/airflow/example_dags/example_dataset_alias.py for tasks to queue
[2025-02-27T15:55:05.986+0000] {logging_mixin.py:190} INFO - [2025-02-27T15:55:05.986+0000] {dagbag.py:588} INFO - Filling up the DagBag from /home/airflow/.local/lib/python3.12/site-packages/airflow/example_dags/example_dataset_alias.py
[2025-02-27T15:55:06.657+0000] {processor.py:925} INFO - DAG(s) 'dataset_alias_example_alias_consumer', 'dataset_s3_bucket_producer', 'dataset_s3_bucket_consumer', 'dataset_alias_example_alias_producer' retrieved from /home/airflow/.local/lib/python3.12/site-packages/airflow/example_dags/example_dataset_alias.py
[2025-02-27T15:55:06.682+0000] {logging_mixin.py:190} INFO - [2025-02-27T15:55:06.681+0000] {dag.py:3239} INFO - Sync 4 DAGs
[2025-02-27T15:55:06.707+0000] {logging_mixin.py:190} INFO - [2025-02-27T15:55:06.707+0000] {dag.py:4180} INFO - Setting next_dagrun for dataset_alias_example_alias_consumer to None, run_after=None
[2025-02-27T15:55:06.711+0000] {logging_mixin.py:190} INFO - [2025-02-27T15:55:06.710+0000] {dag.py:4180} INFO - Setting next_dagrun for dataset_alias_example_alias_producer to None, run_after=None
[2025-02-27T15:55:06.714+0000] {logging_mixin.py:190} INFO - [2025-02-27T15:55:06.714+0000] {dag.py:4180} INFO - Setting next_dagrun for dataset_s3_bucket_consumer to None, run_after=None
[2025-02-27T15:55:06.716+0000] {logging_mixin.py:190} INFO - [2025-02-27T15:55:06.716+0000] {dag.py:4180} INFO - Setting next_dagrun for dataset_s3_bucket_producer to None, run_after=None
[2025-02-27T15:55:06.739+0000] {processor.py:208} INFO - Processing /home/airflow/.local/lib/python3.12/site-packages/airflow/example_dags/example_dataset_alias.py took 0.764 seconds
[2025-02-27T15:55:37.468+0000] {processor.py:186} INFO - Started process (PID=445) to work on /home/airflow/.local/lib/python3.12/site-packages/airflow/example_dags/example_dataset_alias.py
[2025-02-27T15:55:37.468+0000] {processor.py:914} INFO - Processing file /home/airflow/.local/lib/python3.12/site-packages/airflow/example_dags/example_dataset_alias.py for tasks to queue
[2025-02-27T15:55:37.471+0000] {logging_mixin.py:190} INFO - [2025-02-27T15:55:37.470+0000] {dagbag.py:588} INFO - Filling up the DagBag from /home/airflow/.local/lib/python3.12/site-packages/airflow/example_dags/example_dataset_alias.py
[2025-02-27T15:55:38.124+0000] {processor.py:925} INFO - DAG(s) 'dataset_s3_bucket_consumer', 'dataset_s3_bucket_producer', 'dataset_alias_example_alias_producer', 'dataset_alias_example_alias_consumer' retrieved from /home/airflow/.local/lib/python3.12/site-packages/airflow/example_dags/example_dataset_alias.py
[2025-02-27T15:55:38.146+0000] {logging_mixin.py:190} INFO - [2025-02-27T15:55:38.146+0000] {dag.py:3239} INFO - Sync 4 DAGs
[2025-02-27T15:55:38.180+0000] {logging_mixin.py:190} INFO - [2025-02-27T15:55:38.180+0000] {dag.py:4180} INFO - Setting next_dagrun for dataset_alias_example_alias_consumer to None, run_after=None
[2025-02-27T15:55:38.184+0000] {logging_mixin.py:190} INFO - [2025-02-27T15:55:38.184+0000] {dag.py:4180} INFO - Setting next_dagrun for dataset_alias_example_alias_producer to None, run_after=None
[2025-02-27T15:55:38.187+0000] {logging_mixin.py:190} INFO - [2025-02-27T15:55:38.186+0000] {dag.py:4180} INFO - Setting next_dagrun for dataset_s3_bucket_consumer to None, run_after=None
[2025-02-27T15:55:38.189+0000] {logging_mixin.py:190} INFO - [2025-02-27T15:55:38.188+0000] {dag.py:4180} INFO - Setting next_dagrun for dataset_s3_bucket_producer to None, run_after=None
[2025-02-27T15:55:38.223+0000] {processor.py:208} INFO - Processing /home/airflow/.local/lib/python3.12/site-packages/airflow/example_dags/example_dataset_alias.py took 0.761 seconds
[2025-02-27T15:56:08.453+0000] {processor.py:186} INFO - Started process (PID=508) to work on /home/airflow/.local/lib/python3.12/site-packages/airflow/example_dags/example_dataset_alias.py
[2025-02-27T15:56:08.455+0000] {processor.py:914} INFO - Processing file /home/airflow/.local/lib/python3.12/site-packages/airflow/example_dags/example_dataset_alias.py for tasks to queue
[2025-02-27T15:56:08.458+0000] {logging_mixin.py:190} INFO - [2025-02-27T15:56:08.458+0000] {dagbag.py:588} INFO - Filling up the DagBag from /home/airflow/.local/lib/python3.12/site-packages/airflow/example_dags/example_dataset_alias.py
[2025-02-27T15:56:09.114+0000] {processor.py:925} INFO - DAG(s) 'dataset_alias_example_alias_consumer', 'dataset_alias_example_alias_producer', 'dataset_s3_bucket_consumer', 'dataset_s3_bucket_producer' retrieved from /home/airflow/.local/lib/python3.12/site-packages/airflow/example_dags/example_dataset_alias.py
[2025-02-27T15:56:09.135+0000] {logging_mixin.py:190} INFO - [2025-02-27T15:56:09.135+0000] {dag.py:3239} INFO - Sync 4 DAGs
[2025-02-27T15:56:09.158+0000] {logging_mixin.py:190} INFO - [2025-02-27T15:56:09.158+0000] {dag.py:4180} INFO - Setting next_dagrun for dataset_alias_example_alias_consumer to None, run_after=None
[2025-02-27T15:56:09.161+0000] {logging_mixin.py:190} INFO - [2025-02-27T15:56:09.161+0000] {dag.py:4180} INFO - Setting next_dagrun for dataset_alias_example_alias_producer to None, run_after=None
[2025-02-27T15:56:09.163+0000] {logging_mixin.py:190} INFO - [2025-02-27T15:56:09.163+0000] {dag.py:4180} INFO - Setting next_dagrun for dataset_s3_bucket_consumer to None, run_after=None
[2025-02-27T15:56:09.164+0000] {logging_mixin.py:190} INFO - [2025-02-27T15:56:09.164+0000] {dag.py:4180} INFO - Setting next_dagrun for dataset_s3_bucket_producer to None, run_after=None
[2025-02-27T15:56:09.190+0000] {processor.py:208} INFO - Processing /home/airflow/.local/lib/python3.12/site-packages/airflow/example_dags/example_dataset_alias.py took 0.744 seconds
[2025-02-27T15:56:39.554+0000] {processor.py:186} INFO - Started process (PID=571) to work on /home/airflow/.local/lib/python3.12/site-packages/airflow/example_dags/example_dataset_alias.py
[2025-02-27T15:56:39.556+0000] {processor.py:914} INFO - Processing file /home/airflow/.local/lib/python3.12/site-packages/airflow/example_dags/example_dataset_alias.py for tasks to queue
[2025-02-27T15:56:39.558+0000] {logging_mixin.py:190} INFO - [2025-02-27T15:56:39.558+0000] {dagbag.py:588} INFO - Filling up the DagBag from /home/airflow/.local/lib/python3.12/site-packages/airflow/example_dags/example_dataset_alias.py
[2025-02-27T15:56:40.211+0000] {processor.py:925} INFO - DAG(s) 'dataset_alias_example_alias_consumer', 'dataset_alias_example_alias_producer', 'dataset_s3_bucket_consumer', 'dataset_s3_bucket_producer' retrieved from /home/airflow/.local/lib/python3.12/site-packages/airflow/example_dags/example_dataset_alias.py
[2025-02-27T15:56:40.235+0000] {logging_mixin.py:190} INFO - [2025-02-27T15:56:40.234+0000] {dag.py:3239} INFO - Sync 4 DAGs
[2025-02-27T15:56:40.260+0000] {logging_mixin.py:190} INFO - [2025-02-27T15:56:40.260+0000] {dag.py:4180} INFO - Setting next_dagrun for dataset_alias_example_alias_consumer to None, run_after=None
[2025-02-27T15:56:40.263+0000] {logging_mixin.py:190} INFO - [2025-02-27T15:56:40.263+0000] {dag.py:4180} INFO - Setting next_dagrun for dataset_alias_example_alias_producer to None, run_after=None
[2025-02-27T15:56:40.264+0000] {logging_mixin.py:190} INFO - [2025-02-27T15:56:40.264+0000] {dag.py:4180} INFO - Setting next_dagrun for dataset_s3_bucket_consumer to None, run_after=None
[2025-02-27T15:56:40.266+0000] {logging_mixin.py:190} INFO - [2025-02-27T15:56:40.265+0000] {dag.py:4180} INFO - Setting next_dagrun for dataset_s3_bucket_producer to None, run_after=None
[2025-02-27T15:56:40.287+0000] {processor.py:208} INFO - Processing /home/airflow/.local/lib/python3.12/site-packages/airflow/example_dags/example_dataset_alias.py took 0.742 seconds
[2025-02-27T15:57:10.349+0000] {processor.py:186} INFO - Started process (PID=635) to work on /home/airflow/.local/lib/python3.12/site-packages/airflow/example_dags/example_dataset_alias.py
[2025-02-27T15:57:10.351+0000] {processor.py:914} INFO - Processing file /home/airflow/.local/lib/python3.12/site-packages/airflow/example_dags/example_dataset_alias.py for tasks to queue
[2025-02-27T15:57:10.353+0000] {logging_mixin.py:190} INFO - [2025-02-27T15:57:10.353+0000] {dagbag.py:588} INFO - Filling up the DagBag from /home/airflow/.local/lib/python3.12/site-packages/airflow/example_dags/example_dataset_alias.py
[2025-02-27T15:57:10.953+0000] {processor.py:925} INFO - DAG(s) 'dataset_s3_bucket_producer', 'dataset_s3_bucket_consumer', 'dataset_alias_example_alias_consumer', 'dataset_alias_example_alias_producer' retrieved from /home/airflow/.local/lib/python3.12/site-packages/airflow/example_dags/example_dataset_alias.py
[2025-02-27T15:57:10.977+0000] {logging_mixin.py:190} INFO - [2025-02-27T15:57:10.977+0000] {dag.py:3239} INFO - Sync 4 DAGs
[2025-02-27T15:57:11.001+0000] {logging_mixin.py:190} INFO - [2025-02-27T15:57:11.001+0000] {dag.py:4180} INFO - Setting next_dagrun for dataset_alias_example_alias_consumer to None, run_after=None
[2025-02-27T15:57:11.004+0000] {logging_mixin.py:190} INFO - [2025-02-27T15:57:11.004+0000] {dag.py:4180} INFO - Setting next_dagrun for dataset_alias_example_alias_producer to None, run_after=None
[2025-02-27T15:57:11.006+0000] {logging_mixin.py:190} INFO - [2025-02-27T15:57:11.006+0000] {dag.py:4180} INFO - Setting next_dagrun for dataset_s3_bucket_consumer to None, run_after=None
[2025-02-27T15:57:11.008+0000] {logging_mixin.py:190} INFO - [2025-02-27T15:57:11.008+0000] {dag.py:4180} INFO - Setting next_dagrun for dataset_s3_bucket_producer to None, run_after=None
[2025-02-27T15:57:11.031+0000] {processor.py:208} INFO - Processing /home/airflow/.local/lib/python3.12/site-packages/airflow/example_dags/example_dataset_alias.py took 0.687 seconds
[2025-02-27T15:57:41.521+0000] {processor.py:186} INFO - Started process (PID=698) to work on /home/airflow/.local/lib/python3.12/site-packages/airflow/example_dags/example_dataset_alias.py
[2025-02-27T15:57:41.522+0000] {processor.py:914} INFO - Processing file /home/airflow/.local/lib/python3.12/site-packages/airflow/example_dags/example_dataset_alias.py for tasks to queue
[2025-02-27T15:57:41.525+0000] {logging_mixin.py:190} INFO - [2025-02-27T15:57:41.524+0000] {dagbag.py:588} INFO - Filling up the DagBag from /home/airflow/.local/lib/python3.12/site-packages/airflow/example_dags/example_dataset_alias.py
[2025-02-27T15:57:42.143+0000] {processor.py:925} INFO - DAG(s) 'dataset_s3_bucket_producer', 'dataset_alias_example_alias_consumer', 'dataset_s3_bucket_consumer', 'dataset_alias_example_alias_producer' retrieved from /home/airflow/.local/lib/python3.12/site-packages/airflow/example_dags/example_dataset_alias.py
[2025-02-27T15:57:42.166+0000] {logging_mixin.py:190} INFO - [2025-02-27T15:57:42.165+0000] {dag.py:3239} INFO - Sync 4 DAGs
[2025-02-27T15:57:42.193+0000] {logging_mixin.py:190} INFO - [2025-02-27T15:57:42.193+0000] {dag.py:4180} INFO - Setting next_dagrun for dataset_alias_example_alias_consumer to None, run_after=None
[2025-02-27T15:57:42.196+0000] {logging_mixin.py:190} INFO - [2025-02-27T15:57:42.196+0000] {dag.py:4180} INFO - Setting next_dagrun for dataset_alias_example_alias_producer to None, run_after=None
[2025-02-27T15:57:42.198+0000] {logging_mixin.py:190} INFO - [2025-02-27T15:57:42.198+0000] {dag.py:4180} INFO - Setting next_dagrun for dataset_s3_bucket_consumer to None, run_after=None
[2025-02-27T15:57:42.199+0000] {logging_mixin.py:190} INFO - [2025-02-27T15:57:42.199+0000] {dag.py:4180} INFO - Setting next_dagrun for dataset_s3_bucket_producer to None, run_after=None
[2025-02-27T15:57:42.224+0000] {processor.py:208} INFO - Processing /home/airflow/.local/lib/python3.12/site-packages/airflow/example_dags/example_dataset_alias.py took 0.708 seconds
[2025-02-27T15:58:12.926+0000] {processor.py:186} INFO - Started process (PID=761) to work on /home/airflow/.local/lib/python3.12/site-packages/airflow/example_dags/example_dataset_alias.py
[2025-02-27T15:58:12.927+0000] {processor.py:914} INFO - Processing file /home/airflow/.local/lib/python3.12/site-packages/airflow/example_dags/example_dataset_alias.py for tasks to queue
[2025-02-27T15:58:12.930+0000] {logging_mixin.py:190} INFO - [2025-02-27T15:58:12.929+0000] {dagbag.py:588} INFO - Filling up the DagBag from /home/airflow/.local/lib/python3.12/site-packages/airflow/example_dags/example_dataset_alias.py
[2025-02-27T15:58:13.680+0000] {processor.py:925} INFO - DAG(s) 'dataset_alias_example_alias_consumer', 'dataset_s3_bucket_producer', 'dataset_s3_bucket_consumer', 'dataset_alias_example_alias_producer' retrieved from /home/airflow/.local/lib/python3.12/site-packages/airflow/example_dags/example_dataset_alias.py
[2025-02-27T15:58:13.725+0000] {logging_mixin.py:190} INFO - [2025-02-27T15:58:13.724+0000] {dag.py:3239} INFO - Sync 4 DAGs
[2025-02-27T15:58:13.763+0000] {logging_mixin.py:190} INFO - [2025-02-27T15:58:13.763+0000] {dag.py:4180} INFO - Setting next_dagrun for dataset_alias_example_alias_consumer to None, run_after=None
[2025-02-27T15:58:13.768+0000] {logging_mixin.py:190} INFO - [2025-02-27T15:58:13.768+0000] {dag.py:4180} INFO - Setting next_dagrun for dataset_alias_example_alias_producer to None, run_after=None
[2025-02-27T15:58:13.772+0000] {logging_mixin.py:190} INFO - [2025-02-27T15:58:13.771+0000] {dag.py:4180} INFO - Setting next_dagrun for dataset_s3_bucket_consumer to None, run_after=None
[2025-02-27T15:58:13.775+0000] {logging_mixin.py:190} INFO - [2025-02-27T15:58:13.775+0000] {dag.py:4180} INFO - Setting next_dagrun for dataset_s3_bucket_producer to None, run_after=None
[2025-02-27T15:58:13.850+0000] {processor.py:208} INFO - Processing /home/airflow/.local/lib/python3.12/site-packages/airflow/example_dags/example_dataset_alias.py took 0.930 seconds
[2025-02-27T15:58:44.014+0000] {processor.py:186} INFO - Started process (PID=830) to work on /home/airflow/.local/lib/python3.12/site-packages/airflow/example_dags/example_dataset_alias.py
[2025-02-27T15:58:44.016+0000] {processor.py:914} INFO - Processing file /home/airflow/.local/lib/python3.12/site-packages/airflow/example_dags/example_dataset_alias.py for tasks to queue
[2025-02-27T15:58:44.018+0000] {logging_mixin.py:190} INFO - [2025-02-27T15:58:44.018+0000] {dagbag.py:588} INFO - Filling up the DagBag from /home/airflow/.local/lib/python3.12/site-packages/airflow/example_dags/example_dataset_alias.py
[2025-02-27T15:58:44.662+0000] {processor.py:925} INFO - DAG(s) 'dataset_alias_example_alias_consumer', 'dataset_s3_bucket_producer', 'dataset_alias_example_alias_producer', 'dataset_s3_bucket_consumer' retrieved from /home/airflow/.local/lib/python3.12/site-packages/airflow/example_dags/example_dataset_alias.py
[2025-02-27T15:58:44.685+0000] {logging_mixin.py:190} INFO - [2025-02-27T15:58:44.685+0000] {dag.py:3239} INFO - Sync 4 DAGs
[2025-02-27T15:58:44.715+0000] {logging_mixin.py:190} INFO - [2025-02-27T15:58:44.715+0000] {dag.py:4180} INFO - Setting next_dagrun for dataset_alias_example_alias_consumer to None, run_after=None
[2025-02-27T15:58:44.718+0000] {logging_mixin.py:190} INFO - [2025-02-27T15:58:44.718+0000] {dag.py:4180} INFO - Setting next_dagrun for dataset_alias_example_alias_producer to None, run_after=None
[2025-02-27T15:58:44.720+0000] {logging_mixin.py:190} INFO - [2025-02-27T15:58:44.720+0000] {dag.py:4180} INFO - Setting next_dagrun for dataset_s3_bucket_consumer to None, run_after=None
[2025-02-27T15:58:44.722+0000] {logging_mixin.py:190} INFO - [2025-02-27T15:58:44.721+0000] {dag.py:4180} INFO - Setting next_dagrun for dataset_s3_bucket_producer to None, run_after=None
[2025-02-27T15:58:44.745+0000] {processor.py:208} INFO - Processing /home/airflow/.local/lib/python3.12/site-packages/airflow/example_dags/example_dataset_alias.py took 0.737 seconds
[2025-02-27T15:59:15.186+0000] {processor.py:186} INFO - Started process (PID=893) to work on /home/airflow/.local/lib/python3.12/site-packages/airflow/example_dags/example_dataset_alias.py
[2025-02-27T15:59:15.187+0000] {processor.py:914} INFO - Processing file /home/airflow/.local/lib/python3.12/site-packages/airflow/example_dags/example_dataset_alias.py for tasks to queue
[2025-02-27T15:59:15.190+0000] {logging_mixin.py:190} INFO - [2025-02-27T15:59:15.189+0000] {dagbag.py:588} INFO - Filling up the DagBag from /home/airflow/.local/lib/python3.12/site-packages/airflow/example_dags/example_dataset_alias.py
[2025-02-27T15:59:15.813+0000] {processor.py:925} INFO - DAG(s) 'dataset_s3_bucket_consumer', 'dataset_alias_example_alias_producer', 'dataset_s3_bucket_producer', 'dataset_alias_example_alias_consumer' retrieved from /home/airflow/.local/lib/python3.12/site-packages/airflow/example_dags/example_dataset_alias.py
[2025-02-27T15:59:15.836+0000] {logging_mixin.py:190} INFO - [2025-02-27T15:59:15.835+0000] {dag.py:3239} INFO - Sync 4 DAGs
[2025-02-27T15:59:15.860+0000] {logging_mixin.py:190} INFO - [2025-02-27T15:59:15.860+0000] {dag.py:4180} INFO - Setting next_dagrun for dataset_alias_example_alias_consumer to None, run_after=None
[2025-02-27T15:59:15.863+0000] {logging_mixin.py:190} INFO - [2025-02-27T15:59:15.863+0000] {dag.py:4180} INFO - Setting next_dagrun for dataset_alias_example_alias_producer to None, run_after=None
[2025-02-27T15:59:15.865+0000] {logging_mixin.py:190} INFO - [2025-02-27T15:59:15.865+0000] {dag.py:4180} INFO - Setting next_dagrun for dataset_s3_bucket_consumer to None, run_after=None
[2025-02-27T15:59:15.867+0000] {logging_mixin.py:190} INFO - [2025-02-27T15:59:15.866+0000] {dag.py:4180} INFO - Setting next_dagrun for dataset_s3_bucket_producer to None, run_after=None
[2025-02-27T15:59:15.893+0000] {processor.py:208} INFO - Processing /home/airflow/.local/lib/python3.12/site-packages/airflow/example_dags/example_dataset_alias.py took 0.716 seconds
