[2025-02-27T15:52:58.638+0000] {processor.py:186} INFO - Started process (PID=118) to work on /home/airflow/.local/lib/python3.12/site-packages/airflow/example_dags/example_short_circuit_operator.py
[2025-02-27T15:52:58.639+0000] {processor.py:914} INFO - Processing file /home/airflow/.local/lib/python3.12/site-packages/airflow/example_dags/example_short_circuit_operator.py for tasks to queue
[2025-02-27T15:52:58.642+0000] {logging_mixin.py:190} INFO - [2025-02-27T15:52:58.641+0000] {dagbag.py:588} INFO - Filling up the DagBag from /home/airflow/.local/lib/python3.12/site-packages/airflow/example_dags/example_short_circuit_operator.py
[2025-02-27T15:52:58.652+0000] {processor.py:925} INFO - DAG(s) 'example_short_circuit_operator' retrieved from /home/airflow/.local/lib/python3.12/site-packages/airflow/example_dags/example_short_circuit_operator.py
[2025-02-27T15:52:58.779+0000] {logging_mixin.py:190} INFO - [2025-02-27T15:52:58.778+0000] {override.py:1912} INFO - Created Permission View: can edit on DAG:example_short_circuit_operator
[2025-02-27T15:52:58.791+0000] {logging_mixin.py:190} INFO - [2025-02-27T15:52:58.791+0000] {override.py:1912} INFO - Created Permission View: can delete on DAG:example_short_circuit_operator
[2025-02-27T15:52:58.800+0000] {logging_mixin.py:190} INFO - [2025-02-27T15:52:58.800+0000] {override.py:1912} INFO - Created Permission View: can read on DAG:example_short_circuit_operator
[2025-02-27T15:52:58.811+0000] {logging_mixin.py:190} INFO - [2025-02-27T15:52:58.811+0000] {override.py:1912} INFO - Created Permission View: can delete on DAG Run:example_short_circuit_operator
[2025-02-27T15:52:58.820+0000] {logging_mixin.py:190} INFO - [2025-02-27T15:52:58.820+0000] {override.py:1912} INFO - Created Permission View: menu access on DAG Run:example_short_circuit_operator
[2025-02-27T15:52:58.830+0000] {logging_mixin.py:190} INFO - [2025-02-27T15:52:58.830+0000] {override.py:1912} INFO - Created Permission View: can read on DAG Run:example_short_circuit_operator
[2025-02-27T15:52:58.840+0000] {logging_mixin.py:190} INFO - [2025-02-27T15:52:58.840+0000] {override.py:1912} INFO - Created Permission View: can create on DAG Run:example_short_circuit_operator
[2025-02-27T15:52:58.841+0000] {logging_mixin.py:190} INFO - [2025-02-27T15:52:58.841+0000] {dag.py:3239} INFO - Sync 1 DAGs
[2025-02-27T15:52:58.860+0000] {logging_mixin.py:190} INFO - [2025-02-27T15:52:58.860+0000] {dag.py:3262} INFO - Creating ORM DAG for example_short_circuit_operator
[2025-02-27T15:52:58.861+0000] {logging_mixin.py:190} INFO - [2025-02-27T15:52:58.861+0000] {dag.py:4180} INFO - Setting next_dagrun for example_short_circuit_operator to None, run_after=None
[2025-02-27T15:52:58.883+0000] {processor.py:208} INFO - Processing /home/airflow/.local/lib/python3.12/site-packages/airflow/example_dags/example_short_circuit_operator.py took 0.252 seconds
[2025-02-27T15:53:29.375+0000] {processor.py:186} INFO - Started process (PID=181) to work on /home/airflow/.local/lib/python3.12/site-packages/airflow/example_dags/example_short_circuit_operator.py
[2025-02-27T15:53:29.376+0000] {processor.py:914} INFO - Processing file /home/airflow/.local/lib/python3.12/site-packages/airflow/example_dags/example_short_circuit_operator.py for tasks to queue
[2025-02-27T15:53:29.378+0000] {logging_mixin.py:190} INFO - [2025-02-27T15:53:29.378+0000] {dagbag.py:588} INFO - Filling up the DagBag from /home/airflow/.local/lib/python3.12/site-packages/airflow/example_dags/example_short_circuit_operator.py
[2025-02-27T15:53:29.387+0000] {processor.py:925} INFO - DAG(s) 'example_short_circuit_operator' retrieved from /home/airflow/.local/lib/python3.12/site-packages/airflow/example_dags/example_short_circuit_operator.py
[2025-02-27T15:53:29.412+0000] {logging_mixin.py:190} INFO - [2025-02-27T15:53:29.411+0000] {dag.py:3239} INFO - Sync 1 DAGs
[2025-02-27T15:53:29.428+0000] {logging_mixin.py:190} INFO - [2025-02-27T15:53:29.428+0000] {dag.py:4180} INFO - Setting next_dagrun for example_short_circuit_operator to None, run_after=None
[2025-02-27T15:53:29.452+0000] {processor.py:208} INFO - Processing /home/airflow/.local/lib/python3.12/site-packages/airflow/example_dags/example_short_circuit_operator.py took 0.082 seconds
[2025-02-27T15:54:00.502+0000] {processor.py:186} INFO - Started process (PID=244) to work on /home/airflow/.local/lib/python3.12/site-packages/airflow/example_dags/example_short_circuit_operator.py
[2025-02-27T15:54:00.503+0000] {processor.py:914} INFO - Processing file /home/airflow/.local/lib/python3.12/site-packages/airflow/example_dags/example_short_circuit_operator.py for tasks to queue
[2025-02-27T15:54:00.507+0000] {logging_mixin.py:190} INFO - [2025-02-27T15:54:00.506+0000] {dagbag.py:588} INFO - Filling up the DagBag from /home/airflow/.local/lib/python3.12/site-packages/airflow/example_dags/example_short_circuit_operator.py
[2025-02-27T15:54:00.523+0000] {processor.py:925} INFO - DAG(s) 'example_short_circuit_operator' retrieved from /home/airflow/.local/lib/python3.12/site-packages/airflow/example_dags/example_short_circuit_operator.py
[2025-02-27T15:54:00.562+0000] {logging_mixin.py:190} INFO - [2025-02-27T15:54:00.562+0000] {dag.py:3239} INFO - Sync 1 DAGs
[2025-02-27T15:54:00.591+0000] {logging_mixin.py:190} INFO - [2025-02-27T15:54:00.590+0000] {dag.py:4180} INFO - Setting next_dagrun for example_short_circuit_operator to None, run_after=None
[2025-02-27T15:54:00.624+0000] {processor.py:208} INFO - Processing /home/airflow/.local/lib/python3.12/site-packages/airflow/example_dags/example_short_circuit_operator.py took 0.132 seconds
[2025-02-27T15:54:31.562+0000] {processor.py:186} INFO - Started process (PID=307) to work on /home/airflow/.local/lib/python3.12/site-packages/airflow/example_dags/example_short_circuit_operator.py
[2025-02-27T15:54:31.564+0000] {processor.py:914} INFO - Processing file /home/airflow/.local/lib/python3.12/site-packages/airflow/example_dags/example_short_circuit_operator.py for tasks to queue
[2025-02-27T15:54:31.567+0000] {logging_mixin.py:190} INFO - [2025-02-27T15:54:31.566+0000] {dagbag.py:588} INFO - Filling up the DagBag from /home/airflow/.local/lib/python3.12/site-packages/airflow/example_dags/example_short_circuit_operator.py
[2025-02-27T15:54:31.578+0000] {processor.py:925} INFO - DAG(s) 'example_short_circuit_operator' retrieved from /home/airflow/.local/lib/python3.12/site-packages/airflow/example_dags/example_short_circuit_operator.py
[2025-02-27T15:54:31.604+0000] {logging_mixin.py:190} INFO - [2025-02-27T15:54:31.604+0000] {dag.py:3239} INFO - Sync 1 DAGs
[2025-02-27T15:54:31.621+0000] {logging_mixin.py:190} INFO - [2025-02-27T15:54:31.621+0000] {dag.py:4180} INFO - Setting next_dagrun for example_short_circuit_operator to None, run_after=None
[2025-02-27T15:54:31.656+0000] {processor.py:208} INFO - Processing /home/airflow/.local/lib/python3.12/site-packages/airflow/example_dags/example_short_circuit_operator.py took 0.102 seconds
[2025-02-27T15:55:02.989+0000] {processor.py:186} INFO - Started process (PID=370) to work on /home/airflow/.local/lib/python3.12/site-packages/airflow/example_dags/example_short_circuit_operator.py
[2025-02-27T15:55:02.990+0000] {processor.py:914} INFO - Processing file /home/airflow/.local/lib/python3.12/site-packages/airflow/example_dags/example_short_circuit_operator.py for tasks to queue
[2025-02-27T15:55:02.994+0000] {logging_mixin.py:190} INFO - [2025-02-27T15:55:02.993+0000] {dagbag.py:588} INFO - Filling up the DagBag from /home/airflow/.local/lib/python3.12/site-packages/airflow/example_dags/example_short_circuit_operator.py
[2025-02-27T15:55:03.008+0000] {processor.py:925} INFO - DAG(s) 'example_short_circuit_operator' retrieved from /home/airflow/.local/lib/python3.12/site-packages/airflow/example_dags/example_short_circuit_operator.py
[2025-02-27T15:55:03.040+0000] {logging_mixin.py:190} INFO - [2025-02-27T15:55:03.039+0000] {dag.py:3239} INFO - Sync 1 DAGs
[2025-02-27T15:55:03.063+0000] {logging_mixin.py:190} INFO - [2025-02-27T15:55:03.063+0000] {dag.py:4180} INFO - Setting next_dagrun for example_short_circuit_operator to None, run_after=None
[2025-02-27T15:55:03.101+0000] {processor.py:208} INFO - Processing /home/airflow/.local/lib/python3.12/site-packages/airflow/example_dags/example_short_circuit_operator.py took 0.119 seconds
[2025-02-27T15:55:34.446+0000] {processor.py:186} INFO - Started process (PID=433) to work on /home/airflow/.local/lib/python3.12/site-packages/airflow/example_dags/example_short_circuit_operator.py
[2025-02-27T15:55:34.448+0000] {processor.py:914} INFO - Processing file /home/airflow/.local/lib/python3.12/site-packages/airflow/example_dags/example_short_circuit_operator.py for tasks to queue
[2025-02-27T15:55:34.450+0000] {logging_mixin.py:190} INFO - [2025-02-27T15:55:34.450+0000] {dagbag.py:588} INFO - Filling up the DagBag from /home/airflow/.local/lib/python3.12/site-packages/airflow/example_dags/example_short_circuit_operator.py
[2025-02-27T15:55:34.465+0000] {processor.py:925} INFO - DAG(s) 'example_short_circuit_operator' retrieved from /home/airflow/.local/lib/python3.12/site-packages/airflow/example_dags/example_short_circuit_operator.py
[2025-02-27T15:55:34.494+0000] {logging_mixin.py:190} INFO - [2025-02-27T15:55:34.494+0000] {dag.py:3239} INFO - Sync 1 DAGs
[2025-02-27T15:55:34.515+0000] {logging_mixin.py:190} INFO - [2025-02-27T15:55:34.515+0000] {dag.py:4180} INFO - Setting next_dagrun for example_short_circuit_operator to None, run_after=None
[2025-02-27T15:55:34.544+0000] {processor.py:208} INFO - Processing /home/airflow/.local/lib/python3.12/site-packages/airflow/example_dags/example_short_circuit_operator.py took 0.105 seconds
[2025-02-27T15:56:05.284+0000] {processor.py:186} INFO - Started process (PID=495) to work on /home/airflow/.local/lib/python3.12/site-packages/airflow/example_dags/example_short_circuit_operator.py
[2025-02-27T15:56:05.285+0000] {processor.py:914} INFO - Processing file /home/airflow/.local/lib/python3.12/site-packages/airflow/example_dags/example_short_circuit_operator.py for tasks to queue
[2025-02-27T15:56:05.287+0000] {logging_mixin.py:190} INFO - [2025-02-27T15:56:05.287+0000] {dagbag.py:588} INFO - Filling up the DagBag from /home/airflow/.local/lib/python3.12/site-packages/airflow/example_dags/example_short_circuit_operator.py
[2025-02-27T15:56:05.295+0000] {processor.py:925} INFO - DAG(s) 'example_short_circuit_operator' retrieved from /home/airflow/.local/lib/python3.12/site-packages/airflow/example_dags/example_short_circuit_operator.py
[2025-02-27T15:56:05.322+0000] {logging_mixin.py:190} INFO - [2025-02-27T15:56:05.322+0000] {dag.py:3239} INFO - Sync 1 DAGs
[2025-02-27T15:56:05.337+0000] {logging_mixin.py:190} INFO - [2025-02-27T15:56:05.337+0000] {dag.py:4180} INFO - Setting next_dagrun for example_short_circuit_operator to None, run_after=None
[2025-02-27T15:56:05.363+0000] {processor.py:208} INFO - Processing /home/airflow/.local/lib/python3.12/site-packages/airflow/example_dags/example_short_circuit_operator.py took 0.085 seconds
[2025-02-27T15:56:36.436+0000] {processor.py:186} INFO - Started process (PID=558) to work on /home/airflow/.local/lib/python3.12/site-packages/airflow/example_dags/example_short_circuit_operator.py
[2025-02-27T15:56:36.438+0000] {processor.py:914} INFO - Processing file /home/airflow/.local/lib/python3.12/site-packages/airflow/example_dags/example_short_circuit_operator.py for tasks to queue
[2025-02-27T15:56:36.441+0000] {logging_mixin.py:190} INFO - [2025-02-27T15:56:36.440+0000] {dagbag.py:588} INFO - Filling up the DagBag from /home/airflow/.local/lib/python3.12/site-packages/airflow/example_dags/example_short_circuit_operator.py
[2025-02-27T15:56:36.455+0000] {processor.py:925} INFO - DAG(s) 'example_short_circuit_operator' retrieved from /home/airflow/.local/lib/python3.12/site-packages/airflow/example_dags/example_short_circuit_operator.py
[2025-02-27T15:56:36.494+0000] {logging_mixin.py:190} INFO - [2025-02-27T15:56:36.493+0000] {dag.py:3239} INFO - Sync 1 DAGs
[2025-02-27T15:56:36.515+0000] {logging_mixin.py:190} INFO - [2025-02-27T15:56:36.515+0000] {dag.py:4180} INFO - Setting next_dagrun for example_short_circuit_operator to None, run_after=None
[2025-02-27T15:56:36.543+0000] {processor.py:208} INFO - Processing /home/airflow/.local/lib/python3.12/site-packages/airflow/example_dags/example_short_circuit_operator.py took 0.115 seconds
[2025-02-27T15:57:06.702+0000] {processor.py:186} INFO - Started process (PID=622) to work on /home/airflow/.local/lib/python3.12/site-packages/airflow/example_dags/example_short_circuit_operator.py
[2025-02-27T15:57:06.703+0000] {processor.py:914} INFO - Processing file /home/airflow/.local/lib/python3.12/site-packages/airflow/example_dags/example_short_circuit_operator.py for tasks to queue
[2025-02-27T15:57:06.705+0000] {logging_mixin.py:190} INFO - [2025-02-27T15:57:06.705+0000] {dagbag.py:588} INFO - Filling up the DagBag from /home/airflow/.local/lib/python3.12/site-packages/airflow/example_dags/example_short_circuit_operator.py
[2025-02-27T15:57:06.714+0000] {processor.py:925} INFO - DAG(s) 'example_short_circuit_operator' retrieved from /home/airflow/.local/lib/python3.12/site-packages/airflow/example_dags/example_short_circuit_operator.py
[2025-02-27T15:57:06.749+0000] {logging_mixin.py:190} INFO - [2025-02-27T15:57:06.748+0000] {dag.py:3239} INFO - Sync 1 DAGs
[2025-02-27T15:57:06.765+0000] {logging_mixin.py:190} INFO - [2025-02-27T15:57:06.765+0000] {dag.py:4180} INFO - Setting next_dagrun for example_short_circuit_operator to None, run_after=None
[2025-02-27T15:57:06.785+0000] {processor.py:208} INFO - Processing /home/airflow/.local/lib/python3.12/site-packages/airflow/example_dags/example_short_circuit_operator.py took 0.089 seconds
[2025-02-27T15:57:37.695+0000] {processor.py:186} INFO - Started process (PID=685) to work on /home/airflow/.local/lib/python3.12/site-packages/airflow/example_dags/example_short_circuit_operator.py
[2025-02-27T15:57:37.696+0000] {processor.py:914} INFO - Processing file /home/airflow/.local/lib/python3.12/site-packages/airflow/example_dags/example_short_circuit_operator.py for tasks to queue
[2025-02-27T15:57:37.699+0000] {logging_mixin.py:190} INFO - [2025-02-27T15:57:37.699+0000] {dagbag.py:588} INFO - Filling up the DagBag from /home/airflow/.local/lib/python3.12/site-packages/airflow/example_dags/example_short_circuit_operator.py
[2025-02-27T15:57:37.713+0000] {processor.py:925} INFO - DAG(s) 'example_short_circuit_operator' retrieved from /home/airflow/.local/lib/python3.12/site-packages/airflow/example_dags/example_short_circuit_operator.py
[2025-02-27T15:57:37.744+0000] {logging_mixin.py:190} INFO - [2025-02-27T15:57:37.744+0000] {dag.py:3239} INFO - Sync 1 DAGs
[2025-02-27T15:57:37.764+0000] {logging_mixin.py:190} INFO - [2025-02-27T15:57:37.763+0000] {dag.py:4180} INFO - Setting next_dagrun for example_short_circuit_operator to None, run_after=None
[2025-02-27T15:57:37.784+0000] {processor.py:208} INFO - Processing /home/airflow/.local/lib/python3.12/site-packages/airflow/example_dags/example_short_circuit_operator.py took 0.099 seconds
[2025-02-27T15:58:07.911+0000] {processor.py:186} INFO - Started process (PID=747) to work on /home/airflow/.local/lib/python3.12/site-packages/airflow/example_dags/example_short_circuit_operator.py
[2025-02-27T15:58:07.912+0000] {processor.py:914} INFO - Processing file /home/airflow/.local/lib/python3.12/site-packages/airflow/example_dags/example_short_circuit_operator.py for tasks to queue
[2025-02-27T15:58:07.917+0000] {logging_mixin.py:190} INFO - [2025-02-27T15:58:07.916+0000] {dagbag.py:588} INFO - Filling up the DagBag from /home/airflow/.local/lib/python3.12/site-packages/airflow/example_dags/example_short_circuit_operator.py
[2025-02-27T15:58:07.927+0000] {processor.py:925} INFO - DAG(s) 'example_short_circuit_operator' retrieved from /home/airflow/.local/lib/python3.12/site-packages/airflow/example_dags/example_short_circuit_operator.py
[2025-02-27T15:58:07.956+0000] {logging_mixin.py:190} INFO - [2025-02-27T15:58:07.955+0000] {dag.py:3239} INFO - Sync 1 DAGs
[2025-02-27T15:58:07.973+0000] {logging_mixin.py:190} INFO - [2025-02-27T15:58:07.973+0000] {dag.py:4180} INFO - Setting next_dagrun for example_short_circuit_operator to None, run_after=None
[2025-02-27T15:58:07.999+0000] {processor.py:208} INFO - Processing /home/airflow/.local/lib/python3.12/site-packages/airflow/example_dags/example_short_circuit_operator.py took 0.098 seconds
[2025-02-27T15:58:38.445+0000] {processor.py:186} INFO - Started process (PID=809) to work on /home/airflow/.local/lib/python3.12/site-packages/airflow/example_dags/example_short_circuit_operator.py
[2025-02-27T15:58:38.446+0000] {processor.py:914} INFO - Processing file /home/airflow/.local/lib/python3.12/site-packages/airflow/example_dags/example_short_circuit_operator.py for tasks to queue
[2025-02-27T15:58:38.448+0000] {logging_mixin.py:190} INFO - [2025-02-27T15:58:38.448+0000] {dagbag.py:588} INFO - Filling up the DagBag from /home/airflow/.local/lib/python3.12/site-packages/airflow/example_dags/example_short_circuit_operator.py
[2025-02-27T15:58:38.458+0000] {processor.py:925} INFO - DAG(s) 'example_short_circuit_operator' retrieved from /home/airflow/.local/lib/python3.12/site-packages/airflow/example_dags/example_short_circuit_operator.py
[2025-02-27T15:58:38.483+0000] {logging_mixin.py:190} INFO - [2025-02-27T15:58:38.482+0000] {dag.py:3239} INFO - Sync 1 DAGs
[2025-02-27T15:58:38.498+0000] {logging_mixin.py:190} INFO - [2025-02-27T15:58:38.498+0000] {dag.py:4180} INFO - Setting next_dagrun for example_short_circuit_operator to None, run_after=None
[2025-02-27T15:58:38.518+0000] {processor.py:208} INFO - Processing /home/airflow/.local/lib/python3.12/site-packages/airflow/example_dags/example_short_circuit_operator.py took 0.080 seconds
[2025-02-27T15:59:09.396+0000] {processor.py:186} INFO - Started process (PID=872) to work on /home/airflow/.local/lib/python3.12/site-packages/airflow/example_dags/example_short_circuit_operator.py
[2025-02-27T15:59:09.397+0000] {processor.py:914} INFO - Processing file /home/airflow/.local/lib/python3.12/site-packages/airflow/example_dags/example_short_circuit_operator.py for tasks to queue
[2025-02-27T15:59:09.399+0000] {logging_mixin.py:190} INFO - [2025-02-27T15:59:09.399+0000] {dagbag.py:588} INFO - Filling up the DagBag from /home/airflow/.local/lib/python3.12/site-packages/airflow/example_dags/example_short_circuit_operator.py
[2025-02-27T15:59:09.408+0000] {processor.py:925} INFO - DAG(s) 'example_short_circuit_operator' retrieved from /home/airflow/.local/lib/python3.12/site-packages/airflow/example_dags/example_short_circuit_operator.py
[2025-02-27T15:59:09.432+0000] {logging_mixin.py:190} INFO - [2025-02-27T15:59:09.432+0000] {dag.py:3239} INFO - Sync 1 DAGs
[2025-02-27T15:59:09.446+0000] {logging_mixin.py:190} INFO - [2025-02-27T15:59:09.446+0000] {dag.py:4180} INFO - Setting next_dagrun for example_short_circuit_operator to None, run_after=None
[2025-02-27T15:59:09.465+0000] {processor.py:208} INFO - Processing /home/airflow/.local/lib/python3.12/site-packages/airflow/example_dags/example_short_circuit_operator.py took 0.075 seconds
[2025-02-27T15:59:39.735+0000] {processor.py:186} INFO - Started process (PID=935) to work on /home/airflow/.local/lib/python3.12/site-packages/airflow/example_dags/example_short_circuit_operator.py
[2025-02-27T15:59:39.736+0000] {processor.py:914} INFO - Processing file /home/airflow/.local/lib/python3.12/site-packages/airflow/example_dags/example_short_circuit_operator.py for tasks to queue
[2025-02-27T15:59:39.738+0000] {logging_mixin.py:190} INFO - [2025-02-27T15:59:39.738+0000] {dagbag.py:588} INFO - Filling up the DagBag from /home/airflow/.local/lib/python3.12/site-packages/airflow/example_dags/example_short_circuit_operator.py
[2025-02-27T15:59:39.747+0000] {processor.py:925} INFO - DAG(s) 'example_short_circuit_operator' retrieved from /home/airflow/.local/lib/python3.12/site-packages/airflow/example_dags/example_short_circuit_operator.py
[2025-02-27T15:59:39.772+0000] {logging_mixin.py:190} INFO - [2025-02-27T15:59:39.771+0000] {dag.py:3239} INFO - Sync 1 DAGs
[2025-02-27T15:59:39.787+0000] {logging_mixin.py:190} INFO - [2025-02-27T15:59:39.787+0000] {dag.py:4180} INFO - Setting next_dagrun for example_short_circuit_operator to None, run_after=None
[2025-02-27T15:59:39.809+0000] {processor.py:208} INFO - Processing /home/airflow/.local/lib/python3.12/site-packages/airflow/example_dags/example_short_circuit_operator.py took 0.080 seconds
[2025-02-27T16:00:09.998+0000] {processor.py:186} INFO - Started process (PID=998) to work on /home/airflow/.local/lib/python3.12/site-packages/airflow/example_dags/example_short_circuit_operator.py
[2025-02-27T16:00:09.999+0000] {processor.py:914} INFO - Processing file /home/airflow/.local/lib/python3.12/site-packages/airflow/example_dags/example_short_circuit_operator.py for tasks to queue
[2025-02-27T16:00:10.002+0000] {logging_mixin.py:190} INFO - [2025-02-27T16:00:10.001+0000] {dagbag.py:588} INFO - Filling up the DagBag from /home/airflow/.local/lib/python3.12/site-packages/airflow/example_dags/example_short_circuit_operator.py
[2025-02-27T16:00:10.010+0000] {processor.py:925} INFO - DAG(s) 'example_short_circuit_operator' retrieved from /home/airflow/.local/lib/python3.12/site-packages/airflow/example_dags/example_short_circuit_operator.py
[2025-02-27T16:00:10.036+0000] {logging_mixin.py:190} INFO - [2025-02-27T16:00:10.035+0000] {dag.py:3239} INFO - Sync 1 DAGs
[2025-02-27T16:00:10.051+0000] {logging_mixin.py:190} INFO - [2025-02-27T16:00:10.051+0000] {dag.py:4180} INFO - Setting next_dagrun for example_short_circuit_operator to None, run_after=None
[2025-02-27T16:00:10.070+0000] {processor.py:208} INFO - Processing /home/airflow/.local/lib/python3.12/site-packages/airflow/example_dags/example_short_circuit_operator.py took 0.078 seconds
[2025-02-27T16:00:40.493+0000] {processor.py:186} INFO - Started process (PID=1061) to work on /home/airflow/.local/lib/python3.12/site-packages/airflow/example_dags/example_short_circuit_operator.py
[2025-02-27T16:00:40.494+0000] {processor.py:914} INFO - Processing file /home/airflow/.local/lib/python3.12/site-packages/airflow/example_dags/example_short_circuit_operator.py for tasks to queue
[2025-02-27T16:00:40.496+0000] {logging_mixin.py:190} INFO - [2025-02-27T16:00:40.496+0000] {dagbag.py:588} INFO - Filling up the DagBag from /home/airflow/.local/lib/python3.12/site-packages/airflow/example_dags/example_short_circuit_operator.py
[2025-02-27T16:00:40.505+0000] {processor.py:925} INFO - DAG(s) 'example_short_circuit_operator' retrieved from /home/airflow/.local/lib/python3.12/site-packages/airflow/example_dags/example_short_circuit_operator.py
[2025-02-27T16:00:40.541+0000] {logging_mixin.py:190} INFO - [2025-02-27T16:00:40.540+0000] {dag.py:3239} INFO - Sync 1 DAGs
[2025-02-27T16:00:40.572+0000] {logging_mixin.py:190} INFO - [2025-02-27T16:00:40.572+0000] {dag.py:4180} INFO - Setting next_dagrun for example_short_circuit_operator to None, run_after=None
[2025-02-27T16:00:40.598+0000] {processor.py:208} INFO - Processing /home/airflow/.local/lib/python3.12/site-packages/airflow/example_dags/example_short_circuit_operator.py took 0.112 seconds
[2025-02-27T16:01:10.936+0000] {processor.py:186} INFO - Started process (PID=1124) to work on /home/airflow/.local/lib/python3.12/site-packages/airflow/example_dags/example_short_circuit_operator.py
[2025-02-27T16:01:10.937+0000] {processor.py:914} INFO - Processing file /home/airflow/.local/lib/python3.12/site-packages/airflow/example_dags/example_short_circuit_operator.py for tasks to queue
[2025-02-27T16:01:10.939+0000] {logging_mixin.py:190} INFO - [2025-02-27T16:01:10.939+0000] {dagbag.py:588} INFO - Filling up the DagBag from /home/airflow/.local/lib/python3.12/site-packages/airflow/example_dags/example_short_circuit_operator.py
[2025-02-27T16:01:10.947+0000] {processor.py:925} INFO - DAG(s) 'example_short_circuit_operator' retrieved from /home/airflow/.local/lib/python3.12/site-packages/airflow/example_dags/example_short_circuit_operator.py
[2025-02-27T16:01:10.972+0000] {logging_mixin.py:190} INFO - [2025-02-27T16:01:10.972+0000] {dag.py:3239} INFO - Sync 1 DAGs
[2025-02-27T16:01:10.988+0000] {logging_mixin.py:190} INFO - [2025-02-27T16:01:10.987+0000] {dag.py:4180} INFO - Setting next_dagrun for example_short_circuit_operator to None, run_after=None
[2025-02-27T16:01:11.008+0000] {processor.py:208} INFO - Processing /home/airflow/.local/lib/python3.12/site-packages/airflow/example_dags/example_short_circuit_operator.py took 0.077 seconds
[2025-02-27T16:01:41.121+0000] {processor.py:186} INFO - Started process (PID=1187) to work on /home/airflow/.local/lib/python3.12/site-packages/airflow/example_dags/example_short_circuit_operator.py
[2025-02-27T16:01:41.122+0000] {processor.py:914} INFO - Processing file /home/airflow/.local/lib/python3.12/site-packages/airflow/example_dags/example_short_circuit_operator.py for tasks to queue
[2025-02-27T16:01:41.126+0000] {logging_mixin.py:190} INFO - [2025-02-27T16:01:41.126+0000] {dagbag.py:588} INFO - Filling up the DagBag from /home/airflow/.local/lib/python3.12/site-packages/airflow/example_dags/example_short_circuit_operator.py
[2025-02-27T16:01:41.141+0000] {processor.py:925} INFO - DAG(s) 'example_short_circuit_operator' retrieved from /home/airflow/.local/lib/python3.12/site-packages/airflow/example_dags/example_short_circuit_operator.py
[2025-02-27T16:01:41.178+0000] {logging_mixin.py:190} INFO - [2025-02-27T16:01:41.177+0000] {dag.py:3239} INFO - Sync 1 DAGs
[2025-02-27T16:01:41.215+0000] {logging_mixin.py:190} INFO - [2025-02-27T16:01:41.214+0000] {dag.py:4180} INFO - Setting next_dagrun for example_short_circuit_operator to None, run_after=None
[2025-02-27T16:01:41.252+0000] {processor.py:208} INFO - Processing /home/airflow/.local/lib/python3.12/site-packages/airflow/example_dags/example_short_circuit_operator.py took 0.140 seconds
