[2025-02-27T15:52:57.877+0000] {processor.py:186} INFO - Started process (PID=113) to work on /home/airflow/.local/lib/python3.12/site-packages/airflow/example_dags/example_workday_timetable.py
[2025-02-27T15:52:57.878+0000] {processor.py:914} INFO - Processing file /home/airflow/.local/lib/python3.12/site-packages/airflow/example_dags/example_workday_timetable.py for tasks to queue
[2025-02-27T15:52:57.881+0000] {logging_mixin.py:190} INFO - [2025-02-27T15:52:57.881+0000] {dagbag.py:588} INFO - Filling up the DagBag from /home/airflow/.local/lib/python3.12/site-packages/airflow/example_dags/example_workday_timetable.py
[2025-02-27T15:52:57.890+0000] {processor.py:925} INFO - DAG(s) 'example_workday_timetable' retrieved from /home/airflow/.local/lib/python3.12/site-packages/airflow/example_dags/example_workday_timetable.py
[2025-02-27T15:52:58.062+0000] {logging_mixin.py:190} INFO - [2025-02-27T15:52:58.061+0000] {override.py:1912} INFO - Created Permission View: can edit on DAG:example_workday_timetable
[2025-02-27T15:52:58.077+0000] {logging_mixin.py:190} INFO - [2025-02-27T15:52:58.077+0000] {override.py:1912} INFO - Created Permission View: can delete on DAG:example_workday_timetable
[2025-02-27T15:52:58.088+0000] {logging_mixin.py:190} INFO - [2025-02-27T15:52:58.087+0000] {override.py:1912} INFO - Created Permission View: can read on DAG:example_workday_timetable
[2025-02-27T15:52:58.097+0000] {logging_mixin.py:190} INFO - [2025-02-27T15:52:58.097+0000] {override.py:1912} INFO - Created Permission View: can delete on DAG Run:example_workday_timetable
[2025-02-27T15:52:58.107+0000] {logging_mixin.py:190} INFO - [2025-02-27T15:52:58.106+0000] {override.py:1912} INFO - Created Permission View: menu access on DAG Run:example_workday_timetable
[2025-02-27T15:52:58.117+0000] {logging_mixin.py:190} INFO - [2025-02-27T15:52:58.117+0000] {override.py:1912} INFO - Created Permission View: can read on DAG Run:example_workday_timetable
[2025-02-27T15:52:58.127+0000] {logging_mixin.py:190} INFO - [2025-02-27T15:52:58.127+0000] {override.py:1912} INFO - Created Permission View: can create on DAG Run:example_workday_timetable
[2025-02-27T15:52:58.128+0000] {logging_mixin.py:190} INFO - [2025-02-27T15:52:58.128+0000] {dag.py:3239} INFO - Sync 1 DAGs
[2025-02-27T15:52:58.146+0000] {logging_mixin.py:190} INFO - [2025-02-27T15:52:58.145+0000] {dag.py:3262} INFO - Creating ORM DAG for example_workday_timetable
[2025-02-27T15:52:58.215+0000] {logging_mixin.py:190} INFO - [2025-02-27T15:52:58.215+0000] {dag.py:4180} INFO - Setting next_dagrun for example_workday_timetable to 2021-01-04 00:00:00+00:00, run_after=2021-01-05 00:00:00+00:00
[2025-02-27T15:52:58.240+0000] {processor.py:208} INFO - Processing /home/airflow/.local/lib/python3.12/site-packages/airflow/example_dags/example_workday_timetable.py took 0.369 seconds
[2025-02-27T15:53:28.901+0000] {processor.py:186} INFO - Started process (PID=176) to work on /home/airflow/.local/lib/python3.12/site-packages/airflow/example_dags/example_workday_timetable.py
[2025-02-27T15:53:28.902+0000] {processor.py:914} INFO - Processing file /home/airflow/.local/lib/python3.12/site-packages/airflow/example_dags/example_workday_timetable.py for tasks to queue
[2025-02-27T15:53:28.906+0000] {logging_mixin.py:190} INFO - [2025-02-27T15:53:28.905+0000] {dagbag.py:588} INFO - Filling up the DagBag from /home/airflow/.local/lib/python3.12/site-packages/airflow/example_dags/example_workday_timetable.py
[2025-02-27T15:53:28.913+0000] {processor.py:925} INFO - DAG(s) 'example_workday_timetable' retrieved from /home/airflow/.local/lib/python3.12/site-packages/airflow/example_dags/example_workday_timetable.py
[2025-02-27T15:53:28.938+0000] {logging_mixin.py:190} INFO - [2025-02-27T15:53:28.938+0000] {dag.py:3239} INFO - Sync 1 DAGs
[2025-02-27T15:53:29.011+0000] {logging_mixin.py:190} INFO - [2025-02-27T15:53:29.010+0000] {dag.py:4180} INFO - Setting next_dagrun for example_workday_timetable to 2021-01-04 00:00:00+00:00, run_after=2021-01-05 00:00:00+00:00
[2025-02-27T15:53:29.031+0000] {processor.py:208} INFO - Processing /home/airflow/.local/lib/python3.12/site-packages/airflow/example_dags/example_workday_timetable.py took 0.138 seconds
[2025-02-27T15:53:59.855+0000] {processor.py:186} INFO - Started process (PID=239) to work on /home/airflow/.local/lib/python3.12/site-packages/airflow/example_dags/example_workday_timetable.py
[2025-02-27T15:53:59.856+0000] {processor.py:914} INFO - Processing file /home/airflow/.local/lib/python3.12/site-packages/airflow/example_dags/example_workday_timetable.py for tasks to queue
[2025-02-27T15:53:59.860+0000] {logging_mixin.py:190} INFO - [2025-02-27T15:53:59.859+0000] {dagbag.py:588} INFO - Filling up the DagBag from /home/airflow/.local/lib/python3.12/site-packages/airflow/example_dags/example_workday_timetable.py
[2025-02-27T15:53:59.867+0000] {processor.py:925} INFO - DAG(s) 'example_workday_timetable' retrieved from /home/airflow/.local/lib/python3.12/site-packages/airflow/example_dags/example_workday_timetable.py
[2025-02-27T15:53:59.892+0000] {logging_mixin.py:190} INFO - [2025-02-27T15:53:59.891+0000] {dag.py:3239} INFO - Sync 1 DAGs
[2025-02-27T15:53:59.978+0000] {logging_mixin.py:190} INFO - [2025-02-27T15:53:59.978+0000] {dag.py:4180} INFO - Setting next_dagrun for example_workday_timetable to 2021-01-04 00:00:00+00:00, run_after=2021-01-05 00:00:00+00:00
[2025-02-27T15:54:00.006+0000] {processor.py:208} INFO - Processing /home/airflow/.local/lib/python3.12/site-packages/airflow/example_dags/example_workday_timetable.py took 0.157 seconds
[2025-02-27T15:54:30.857+0000] {processor.py:186} INFO - Started process (PID=302) to work on /home/airflow/.local/lib/python3.12/site-packages/airflow/example_dags/example_workday_timetable.py
[2025-02-27T15:54:30.858+0000] {processor.py:914} INFO - Processing file /home/airflow/.local/lib/python3.12/site-packages/airflow/example_dags/example_workday_timetable.py for tasks to queue
[2025-02-27T15:54:30.860+0000] {logging_mixin.py:190} INFO - [2025-02-27T15:54:30.860+0000] {dagbag.py:588} INFO - Filling up the DagBag from /home/airflow/.local/lib/python3.12/site-packages/airflow/example_dags/example_workday_timetable.py
[2025-02-27T15:54:30.866+0000] {processor.py:925} INFO - DAG(s) 'example_workday_timetable' retrieved from /home/airflow/.local/lib/python3.12/site-packages/airflow/example_dags/example_workday_timetable.py
[2025-02-27T15:54:30.885+0000] {logging_mixin.py:190} INFO - [2025-02-27T15:54:30.885+0000] {dag.py:3239} INFO - Sync 1 DAGs
[2025-02-27T15:54:30.954+0000] {logging_mixin.py:190} INFO - [2025-02-27T15:54:30.954+0000] {dag.py:4180} INFO - Setting next_dagrun for example_workday_timetable to 2021-01-04 00:00:00+00:00, run_after=2021-01-05 00:00:00+00:00
[2025-02-27T15:54:30.981+0000] {processor.py:208} INFO - Processing /home/airflow/.local/lib/python3.12/site-packages/airflow/example_dags/example_workday_timetable.py took 0.131 seconds
[2025-02-27T15:55:02.285+0000] {processor.py:186} INFO - Started process (PID=364) to work on /home/airflow/.local/lib/python3.12/site-packages/airflow/example_dags/example_workday_timetable.py
[2025-02-27T15:55:02.286+0000] {processor.py:914} INFO - Processing file /home/airflow/.local/lib/python3.12/site-packages/airflow/example_dags/example_workday_timetable.py for tasks to queue
[2025-02-27T15:55:02.288+0000] {logging_mixin.py:190} INFO - [2025-02-27T15:55:02.288+0000] {dagbag.py:588} INFO - Filling up the DagBag from /home/airflow/.local/lib/python3.12/site-packages/airflow/example_dags/example_workday_timetable.py
[2025-02-27T15:55:02.294+0000] {processor.py:925} INFO - DAG(s) 'example_workday_timetable' retrieved from /home/airflow/.local/lib/python3.12/site-packages/airflow/example_dags/example_workday_timetable.py
[2025-02-27T15:55:02.315+0000] {logging_mixin.py:190} INFO - [2025-02-27T15:55:02.315+0000] {dag.py:3239} INFO - Sync 1 DAGs
[2025-02-27T15:55:02.390+0000] {logging_mixin.py:190} INFO - [2025-02-27T15:55:02.390+0000] {dag.py:4180} INFO - Setting next_dagrun for example_workday_timetable to 2021-01-04 00:00:00+00:00, run_after=2021-01-05 00:00:00+00:00
[2025-02-27T15:55:02.420+0000] {processor.py:208} INFO - Processing /home/airflow/.local/lib/python3.12/site-packages/airflow/example_dags/example_workday_timetable.py took 0.141 seconds
[2025-02-27T15:55:33.809+0000] {processor.py:186} INFO - Started process (PID=427) to work on /home/airflow/.local/lib/python3.12/site-packages/airflow/example_dags/example_workday_timetable.py
[2025-02-27T15:55:33.810+0000] {processor.py:914} INFO - Processing file /home/airflow/.local/lib/python3.12/site-packages/airflow/example_dags/example_workday_timetable.py for tasks to queue
[2025-02-27T15:55:33.813+0000] {logging_mixin.py:190} INFO - [2025-02-27T15:55:33.813+0000] {dagbag.py:588} INFO - Filling up the DagBag from /home/airflow/.local/lib/python3.12/site-packages/airflow/example_dags/example_workday_timetable.py
[2025-02-27T15:55:33.820+0000] {processor.py:925} INFO - DAG(s) 'example_workday_timetable' retrieved from /home/airflow/.local/lib/python3.12/site-packages/airflow/example_dags/example_workday_timetable.py
[2025-02-27T15:55:33.845+0000] {logging_mixin.py:190} INFO - [2025-02-27T15:55:33.845+0000] {dag.py:3239} INFO - Sync 1 DAGs
[2025-02-27T15:55:33.937+0000] {logging_mixin.py:190} INFO - [2025-02-27T15:55:33.937+0000] {dag.py:4180} INFO - Setting next_dagrun for example_workday_timetable to 2021-01-04 00:00:00+00:00, run_after=2021-01-05 00:00:00+00:00
[2025-02-27T15:55:33.959+0000] {processor.py:208} INFO - Processing /home/airflow/.local/lib/python3.12/site-packages/airflow/example_dags/example_workday_timetable.py took 0.157 seconds
[2025-02-27T15:56:04.743+0000] {processor.py:186} INFO - Started process (PID=490) to work on /home/airflow/.local/lib/python3.12/site-packages/airflow/example_dags/example_workday_timetable.py
[2025-02-27T15:56:04.745+0000] {processor.py:914} INFO - Processing file /home/airflow/.local/lib/python3.12/site-packages/airflow/example_dags/example_workday_timetable.py for tasks to queue
[2025-02-27T15:56:04.749+0000] {logging_mixin.py:190} INFO - [2025-02-27T15:56:04.748+0000] {dagbag.py:588} INFO - Filling up the DagBag from /home/airflow/.local/lib/python3.12/site-packages/airflow/example_dags/example_workday_timetable.py
[2025-02-27T15:56:04.761+0000] {processor.py:925} INFO - DAG(s) 'example_workday_timetable' retrieved from /home/airflow/.local/lib/python3.12/site-packages/airflow/example_dags/example_workday_timetable.py
[2025-02-27T15:56:04.793+0000] {logging_mixin.py:190} INFO - [2025-02-27T15:56:04.793+0000] {dag.py:3239} INFO - Sync 1 DAGs
[2025-02-27T15:56:04.900+0000] {logging_mixin.py:190} INFO - [2025-02-27T15:56:04.899+0000] {dag.py:4180} INFO - Setting next_dagrun for example_workday_timetable to 2021-01-04 00:00:00+00:00, run_after=2021-01-05 00:00:00+00:00
[2025-02-27T15:56:04.937+0000] {processor.py:208} INFO - Processing /home/airflow/.local/lib/python3.12/site-packages/airflow/example_dags/example_workday_timetable.py took 0.203 seconds
[2025-02-27T15:56:35.684+0000] {processor.py:186} INFO - Started process (PID=553) to work on /home/airflow/.local/lib/python3.12/site-packages/airflow/example_dags/example_workday_timetable.py
[2025-02-27T15:56:35.685+0000] {processor.py:914} INFO - Processing file /home/airflow/.local/lib/python3.12/site-packages/airflow/example_dags/example_workday_timetable.py for tasks to queue
[2025-02-27T15:56:35.689+0000] {logging_mixin.py:190} INFO - [2025-02-27T15:56:35.688+0000] {dagbag.py:588} INFO - Filling up the DagBag from /home/airflow/.local/lib/python3.12/site-packages/airflow/example_dags/example_workday_timetable.py
[2025-02-27T15:56:35.695+0000] {processor.py:925} INFO - DAG(s) 'example_workday_timetable' retrieved from /home/airflow/.local/lib/python3.12/site-packages/airflow/example_dags/example_workday_timetable.py
[2025-02-27T15:56:35.714+0000] {logging_mixin.py:190} INFO - [2025-02-27T15:56:35.714+0000] {dag.py:3239} INFO - Sync 1 DAGs
[2025-02-27T15:56:35.786+0000] {logging_mixin.py:190} INFO - [2025-02-27T15:56:35.786+0000] {dag.py:4180} INFO - Setting next_dagrun for example_workday_timetable to 2021-01-04 00:00:00+00:00, run_after=2021-01-05 00:00:00+00:00
[2025-02-27T15:56:35.806+0000] {processor.py:208} INFO - Processing /home/airflow/.local/lib/python3.12/site-packages/airflow/example_dags/example_workday_timetable.py took 0.129 seconds
[2025-02-27T15:57:05.931+0000] {processor.py:186} INFO - Started process (PID=616) to work on /home/airflow/.local/lib/python3.12/site-packages/airflow/example_dags/example_workday_timetable.py
[2025-02-27T15:57:05.931+0000] {processor.py:914} INFO - Processing file /home/airflow/.local/lib/python3.12/site-packages/airflow/example_dags/example_workday_timetable.py for tasks to queue
[2025-02-27T15:57:05.933+0000] {logging_mixin.py:190} INFO - [2025-02-27T15:57:05.933+0000] {dagbag.py:588} INFO - Filling up the DagBag from /home/airflow/.local/lib/python3.12/site-packages/airflow/example_dags/example_workday_timetable.py
[2025-02-27T15:57:05.939+0000] {processor.py:925} INFO - DAG(s) 'example_workday_timetable' retrieved from /home/airflow/.local/lib/python3.12/site-packages/airflow/example_dags/example_workday_timetable.py
[2025-02-27T15:57:05.958+0000] {logging_mixin.py:190} INFO - [2025-02-27T15:57:05.958+0000] {dag.py:3239} INFO - Sync 1 DAGs
[2025-02-27T15:57:06.024+0000] {logging_mixin.py:190} INFO - [2025-02-27T15:57:06.024+0000] {dag.py:4180} INFO - Setting next_dagrun for example_workday_timetable to 2021-01-04 00:00:00+00:00, run_after=2021-01-05 00:00:00+00:00
[2025-02-27T15:57:06.043+0000] {processor.py:208} INFO - Processing /home/airflow/.local/lib/python3.12/site-packages/airflow/example_dags/example_workday_timetable.py took 0.117 seconds
[2025-02-27T15:57:36.284+0000] {processor.py:186} INFO - Started process (PID=678) to work on /home/airflow/.local/lib/python3.12/site-packages/airflow/example_dags/example_workday_timetable.py
[2025-02-27T15:57:36.285+0000] {processor.py:914} INFO - Processing file /home/airflow/.local/lib/python3.12/site-packages/airflow/example_dags/example_workday_timetable.py for tasks to queue
[2025-02-27T15:57:36.288+0000] {logging_mixin.py:190} INFO - [2025-02-27T15:57:36.287+0000] {dagbag.py:588} INFO - Filling up the DagBag from /home/airflow/.local/lib/python3.12/site-packages/airflow/example_dags/example_workday_timetable.py
[2025-02-27T15:57:36.294+0000] {processor.py:925} INFO - DAG(s) 'example_workday_timetable' retrieved from /home/airflow/.local/lib/python3.12/site-packages/airflow/example_dags/example_workday_timetable.py
[2025-02-27T15:57:36.315+0000] {logging_mixin.py:190} INFO - [2025-02-27T15:57:36.315+0000] {dag.py:3239} INFO - Sync 1 DAGs
[2025-02-27T15:57:36.386+0000] {logging_mixin.py:190} INFO - [2025-02-27T15:57:36.385+0000] {dag.py:4180} INFO - Setting next_dagrun for example_workday_timetable to 2021-01-04 00:00:00+00:00, run_after=2021-01-05 00:00:00+00:00
[2025-02-27T15:57:36.409+0000] {processor.py:208} INFO - Processing /home/airflow/.local/lib/python3.12/site-packages/airflow/example_dags/example_workday_timetable.py took 0.131 seconds
[2025-02-27T15:58:06.525+0000] {processor.py:186} INFO - Started process (PID=741) to work on /home/airflow/.local/lib/python3.12/site-packages/airflow/example_dags/example_workday_timetable.py
[2025-02-27T15:58:06.526+0000] {processor.py:914} INFO - Processing file /home/airflow/.local/lib/python3.12/site-packages/airflow/example_dags/example_workday_timetable.py for tasks to queue
[2025-02-27T15:58:06.528+0000] {logging_mixin.py:190} INFO - [2025-02-27T15:58:06.528+0000] {dagbag.py:588} INFO - Filling up the DagBag from /home/airflow/.local/lib/python3.12/site-packages/airflow/example_dags/example_workday_timetable.py
[2025-02-27T15:58:06.535+0000] {processor.py:925} INFO - DAG(s) 'example_workday_timetable' retrieved from /home/airflow/.local/lib/python3.12/site-packages/airflow/example_dags/example_workday_timetable.py
[2025-02-27T15:58:06.553+0000] {logging_mixin.py:190} INFO - [2025-02-27T15:58:06.553+0000] {dag.py:3239} INFO - Sync 1 DAGs
[2025-02-27T15:58:06.631+0000] {logging_mixin.py:190} INFO - [2025-02-27T15:58:06.630+0000] {dag.py:4180} INFO - Setting next_dagrun for example_workday_timetable to 2021-01-04 00:00:00+00:00, run_after=2021-01-05 00:00:00+00:00
[2025-02-27T15:58:06.668+0000] {processor.py:208} INFO - Processing /home/airflow/.local/lib/python3.12/site-packages/airflow/example_dags/example_workday_timetable.py took 0.148 seconds
[2025-02-27T15:58:37.106+0000] {processor.py:186} INFO - Started process (PID=804) to work on /home/airflow/.local/lib/python3.12/site-packages/airflow/example_dags/example_workday_timetable.py
[2025-02-27T15:58:37.107+0000] {processor.py:914} INFO - Processing file /home/airflow/.local/lib/python3.12/site-packages/airflow/example_dags/example_workday_timetable.py for tasks to queue
[2025-02-27T15:58:37.110+0000] {logging_mixin.py:190} INFO - [2025-02-27T15:58:37.110+0000] {dagbag.py:588} INFO - Filling up the DagBag from /home/airflow/.local/lib/python3.12/site-packages/airflow/example_dags/example_workday_timetable.py
[2025-02-27T15:58:37.117+0000] {processor.py:925} INFO - DAG(s) 'example_workday_timetable' retrieved from /home/airflow/.local/lib/python3.12/site-packages/airflow/example_dags/example_workday_timetable.py
[2025-02-27T15:58:37.139+0000] {logging_mixin.py:190} INFO - [2025-02-27T15:58:37.139+0000] {dag.py:3239} INFO - Sync 1 DAGs
[2025-02-27T15:58:37.224+0000] {logging_mixin.py:190} INFO - [2025-02-27T15:58:37.224+0000] {dag.py:4180} INFO - Setting next_dagrun for example_workday_timetable to 2021-01-04 00:00:00+00:00, run_after=2021-01-05 00:00:00+00:00
[2025-02-27T15:58:37.249+0000] {processor.py:208} INFO - Processing /home/airflow/.local/lib/python3.12/site-packages/airflow/example_dags/example_workday_timetable.py took 0.149 seconds
[2025-02-27T15:59:08.117+0000] {processor.py:186} INFO - Started process (PID=867) to work on /home/airflow/.local/lib/python3.12/site-packages/airflow/example_dags/example_workday_timetable.py
[2025-02-27T15:59:08.118+0000] {processor.py:914} INFO - Processing file /home/airflow/.local/lib/python3.12/site-packages/airflow/example_dags/example_workday_timetable.py for tasks to queue
[2025-02-27T15:59:08.120+0000] {logging_mixin.py:190} INFO - [2025-02-27T15:59:08.120+0000] {dagbag.py:588} INFO - Filling up the DagBag from /home/airflow/.local/lib/python3.12/site-packages/airflow/example_dags/example_workday_timetable.py
[2025-02-27T15:59:08.125+0000] {processor.py:925} INFO - DAG(s) 'example_workday_timetable' retrieved from /home/airflow/.local/lib/python3.12/site-packages/airflow/example_dags/example_workday_timetable.py
[2025-02-27T15:59:08.144+0000] {logging_mixin.py:190} INFO - [2025-02-27T15:59:08.144+0000] {dag.py:3239} INFO - Sync 1 DAGs
[2025-02-27T15:59:08.211+0000] {logging_mixin.py:190} INFO - [2025-02-27T15:59:08.210+0000] {dag.py:4180} INFO - Setting next_dagrun for example_workday_timetable to 2021-01-04 00:00:00+00:00, run_after=2021-01-05 00:00:00+00:00
[2025-02-27T15:59:08.231+0000] {processor.py:208} INFO - Processing /home/airflow/.local/lib/python3.12/site-packages/airflow/example_dags/example_workday_timetable.py took 0.120 seconds
[2025-02-27T15:59:38.445+0000] {processor.py:186} INFO - Started process (PID=930) to work on /home/airflow/.local/lib/python3.12/site-packages/airflow/example_dags/example_workday_timetable.py
[2025-02-27T15:59:38.447+0000] {processor.py:914} INFO - Processing file /home/airflow/.local/lib/python3.12/site-packages/airflow/example_dags/example_workday_timetable.py for tasks to queue
[2025-02-27T15:59:38.449+0000] {logging_mixin.py:190} INFO - [2025-02-27T15:59:38.448+0000] {dagbag.py:588} INFO - Filling up the DagBag from /home/airflow/.local/lib/python3.12/site-packages/airflow/example_dags/example_workday_timetable.py
[2025-02-27T15:59:38.454+0000] {processor.py:925} INFO - DAG(s) 'example_workday_timetable' retrieved from /home/airflow/.local/lib/python3.12/site-packages/airflow/example_dags/example_workday_timetable.py
[2025-02-27T15:59:38.474+0000] {logging_mixin.py:190} INFO - [2025-02-27T15:59:38.473+0000] {dag.py:3239} INFO - Sync 1 DAGs
[2025-02-27T15:59:38.546+0000] {logging_mixin.py:190} INFO - [2025-02-27T15:59:38.546+0000] {dag.py:4180} INFO - Setting next_dagrun for example_workday_timetable to 2021-01-04 00:00:00+00:00, run_after=2021-01-05 00:00:00+00:00
[2025-02-27T15:59:38.567+0000] {processor.py:208} INFO - Processing /home/airflow/.local/lib/python3.12/site-packages/airflow/example_dags/example_workday_timetable.py took 0.127 seconds
[2025-02-27T16:00:08.673+0000] {processor.py:186} INFO - Started process (PID=993) to work on /home/airflow/.local/lib/python3.12/site-packages/airflow/example_dags/example_workday_timetable.py
[2025-02-27T16:00:08.674+0000] {processor.py:914} INFO - Processing file /home/airflow/.local/lib/python3.12/site-packages/airflow/example_dags/example_workday_timetable.py for tasks to queue
[2025-02-27T16:00:08.676+0000] {logging_mixin.py:190} INFO - [2025-02-27T16:00:08.676+0000] {dagbag.py:588} INFO - Filling up the DagBag from /home/airflow/.local/lib/python3.12/site-packages/airflow/example_dags/example_workday_timetable.py
[2025-02-27T16:00:08.684+0000] {processor.py:925} INFO - DAG(s) 'example_workday_timetable' retrieved from /home/airflow/.local/lib/python3.12/site-packages/airflow/example_dags/example_workday_timetable.py
[2025-02-27T16:00:08.712+0000] {logging_mixin.py:190} INFO - [2025-02-27T16:00:08.712+0000] {dag.py:3239} INFO - Sync 1 DAGs
[2025-02-27T16:00:08.786+0000] {logging_mixin.py:190} INFO - [2025-02-27T16:00:08.786+0000] {dag.py:4180} INFO - Setting next_dagrun for example_workday_timetable to 2021-01-04 00:00:00+00:00, run_after=2021-01-05 00:00:00+00:00
[2025-02-27T16:00:08.810+0000] {processor.py:208} INFO - Processing /home/airflow/.local/lib/python3.12/site-packages/airflow/example_dags/example_workday_timetable.py took 0.144 seconds
[2025-02-27T16:00:39.186+0000] {processor.py:186} INFO - Started process (PID=1056) to work on /home/airflow/.local/lib/python3.12/site-packages/airflow/example_dags/example_workday_timetable.py
[2025-02-27T16:00:39.187+0000] {processor.py:914} INFO - Processing file /home/airflow/.local/lib/python3.12/site-packages/airflow/example_dags/example_workday_timetable.py for tasks to queue
[2025-02-27T16:00:39.189+0000] {logging_mixin.py:190} INFO - [2025-02-27T16:00:39.189+0000] {dagbag.py:588} INFO - Filling up the DagBag from /home/airflow/.local/lib/python3.12/site-packages/airflow/example_dags/example_workday_timetable.py
[2025-02-27T16:00:39.195+0000] {processor.py:925} INFO - DAG(s) 'example_workday_timetable' retrieved from /home/airflow/.local/lib/python3.12/site-packages/airflow/example_dags/example_workday_timetable.py
[2025-02-27T16:00:39.214+0000] {logging_mixin.py:190} INFO - [2025-02-27T16:00:39.213+0000] {dag.py:3239} INFO - Sync 1 DAGs
[2025-02-27T16:00:39.287+0000] {logging_mixin.py:190} INFO - [2025-02-27T16:00:39.287+0000] {dag.py:4180} INFO - Setting next_dagrun for example_workday_timetable to 2021-01-04 00:00:00+00:00, run_after=2021-01-05 00:00:00+00:00
[2025-02-27T16:00:39.307+0000] {processor.py:208} INFO - Processing /home/airflow/.local/lib/python3.12/site-packages/airflow/example_dags/example_workday_timetable.py took 0.126 seconds
[2025-02-27T16:01:09.643+0000] {processor.py:186} INFO - Started process (PID=1119) to work on /home/airflow/.local/lib/python3.12/site-packages/airflow/example_dags/example_workday_timetable.py
[2025-02-27T16:01:09.645+0000] {processor.py:914} INFO - Processing file /home/airflow/.local/lib/python3.12/site-packages/airflow/example_dags/example_workday_timetable.py for tasks to queue
[2025-02-27T16:01:09.647+0000] {logging_mixin.py:190} INFO - [2025-02-27T16:01:09.647+0000] {dagbag.py:588} INFO - Filling up the DagBag from /home/airflow/.local/lib/python3.12/site-packages/airflow/example_dags/example_workday_timetable.py
[2025-02-27T16:01:09.653+0000] {processor.py:925} INFO - DAG(s) 'example_workday_timetable' retrieved from /home/airflow/.local/lib/python3.12/site-packages/airflow/example_dags/example_workday_timetable.py
[2025-02-27T16:01:09.676+0000] {logging_mixin.py:190} INFO - [2025-02-27T16:01:09.676+0000] {dag.py:3239} INFO - Sync 1 DAGs
[2025-02-27T16:01:09.745+0000] {logging_mixin.py:190} INFO - [2025-02-27T16:01:09.745+0000] {dag.py:4180} INFO - Setting next_dagrun for example_workday_timetable to 2021-01-04 00:00:00+00:00, run_after=2021-01-05 00:00:00+00:00
[2025-02-27T16:01:09.767+0000] {processor.py:208} INFO - Processing /home/airflow/.local/lib/python3.12/site-packages/airflow/example_dags/example_workday_timetable.py took 0.130 seconds
[2025-02-27T16:01:40.603+0000] {processor.py:186} INFO - Started process (PID=1182) to work on /home/airflow/.local/lib/python3.12/site-packages/airflow/example_dags/example_workday_timetable.py
[2025-02-27T16:01:40.605+0000] {processor.py:914} INFO - Processing file /home/airflow/.local/lib/python3.12/site-packages/airflow/example_dags/example_workday_timetable.py for tasks to queue
[2025-02-27T16:01:40.607+0000] {logging_mixin.py:190} INFO - [2025-02-27T16:01:40.607+0000] {dagbag.py:588} INFO - Filling up the DagBag from /home/airflow/.local/lib/python3.12/site-packages/airflow/example_dags/example_workday_timetable.py
[2025-02-27T16:01:40.613+0000] {processor.py:925} INFO - DAG(s) 'example_workday_timetable' retrieved from /home/airflow/.local/lib/python3.12/site-packages/airflow/example_dags/example_workday_timetable.py
[2025-02-27T16:01:40.635+0000] {logging_mixin.py:190} INFO - [2025-02-27T16:01:40.635+0000] {dag.py:3239} INFO - Sync 1 DAGs
[2025-02-27T16:01:40.711+0000] {logging_mixin.py:190} INFO - [2025-02-27T16:01:40.710+0000] {dag.py:4180} INFO - Setting next_dagrun for example_workday_timetable to 2021-01-04 00:00:00+00:00, run_after=2021-01-05 00:00:00+00:00
[2025-02-27T16:01:40.747+0000] {processor.py:208} INFO - Processing /home/airflow/.local/lib/python3.12/site-packages/airflow/example_dags/example_workday_timetable.py took 0.150 seconds
