[2025-02-27T15:52:57.083+0000] {processor.py:186} INFO - Started process (PID=111) to work on /home/airflow/.local/lib/python3.12/site-packages/airflow/example_dags/example_external_task_marker_dag.py
[2025-02-27T15:52:57.086+0000] {processor.py:914} INFO - Processing file /home/airflow/.local/lib/python3.12/site-packages/airflow/example_dags/example_external_task_marker_dag.py for tasks to queue
[2025-02-27T15:52:57.090+0000] {logging_mixin.py:190} INFO - [2025-02-27T15:52:57.089+0000] {dagbag.py:588} INFO - Filling up the DagBag from /home/airflow/.local/lib/python3.12/site-packages/airflow/example_dags/example_external_task_marker_dag.py
[2025-02-27T15:52:57.120+0000] {processor.py:925} INFO - DAG(s) 'example_external_task_marker_child', 'example_external_task_marker_parent' retrieved from /home/airflow/.local/lib/python3.12/site-packages/airflow/example_dags/example_external_task_marker_dag.py
[2025-02-27T15:52:57.306+0000] {logging_mixin.py:190} INFO - [2025-02-27T15:52:57.305+0000] {override.py:1912} INFO - Created Permission View: can edit on DAG:example_external_task_marker_child
[2025-02-27T15:52:57.323+0000] {logging_mixin.py:190} INFO - [2025-02-27T15:52:57.323+0000] {override.py:1912} INFO - Created Permission View: can delete on DAG:example_external_task_marker_child
[2025-02-27T15:52:57.339+0000] {logging_mixin.py:190} INFO - [2025-02-27T15:52:57.339+0000] {override.py:1912} INFO - Created Permission View: can read on DAG:example_external_task_marker_child
[2025-02-27T15:52:57.355+0000] {logging_mixin.py:190} INFO - [2025-02-27T15:52:57.354+0000] {override.py:1912} INFO - Created Permission View: can delete on DAG Run:example_external_task_marker_child
[2025-02-27T15:52:57.371+0000] {logging_mixin.py:190} INFO - [2025-02-27T15:52:57.370+0000] {override.py:1912} INFO - Created Permission View: menu access on DAG Run:example_external_task_marker_child
[2025-02-27T15:52:57.382+0000] {logging_mixin.py:190} INFO - [2025-02-27T15:52:57.382+0000] {override.py:1912} INFO - Created Permission View: can read on DAG Run:example_external_task_marker_child
[2025-02-27T15:52:57.394+0000] {logging_mixin.py:190} INFO - [2025-02-27T15:52:57.393+0000] {override.py:1912} INFO - Created Permission View: can create on DAG Run:example_external_task_marker_child
[2025-02-27T15:52:57.414+0000] {logging_mixin.py:190} INFO - [2025-02-27T15:52:57.414+0000] {override.py:1912} INFO - Created Permission View: can edit on DAG:example_external_task_marker_parent
[2025-02-27T15:52:57.425+0000] {logging_mixin.py:190} INFO - [2025-02-27T15:52:57.425+0000] {override.py:1912} INFO - Created Permission View: can delete on DAG:example_external_task_marker_parent
[2025-02-27T15:52:57.435+0000] {logging_mixin.py:190} INFO - [2025-02-27T15:52:57.435+0000] {override.py:1912} INFO - Created Permission View: can read on DAG:example_external_task_marker_parent
[2025-02-27T15:52:57.446+0000] {logging_mixin.py:190} INFO - [2025-02-27T15:52:57.446+0000] {override.py:1912} INFO - Created Permission View: can delete on DAG Run:example_external_task_marker_parent
[2025-02-27T15:52:57.456+0000] {logging_mixin.py:190} INFO - [2025-02-27T15:52:57.455+0000] {override.py:1912} INFO - Created Permission View: menu access on DAG Run:example_external_task_marker_parent
[2025-02-27T15:52:57.464+0000] {logging_mixin.py:190} INFO - [2025-02-27T15:52:57.464+0000] {override.py:1912} INFO - Created Permission View: can read on DAG Run:example_external_task_marker_parent
[2025-02-27T15:52:57.475+0000] {logging_mixin.py:190} INFO - [2025-02-27T15:52:57.474+0000] {override.py:1912} INFO - Created Permission View: can create on DAG Run:example_external_task_marker_parent
[2025-02-27T15:52:57.475+0000] {logging_mixin.py:190} INFO - [2025-02-27T15:52:57.475+0000] {dag.py:3239} INFO - Sync 2 DAGs
[2025-02-27T15:52:57.490+0000] {logging_mixin.py:190} INFO - [2025-02-27T15:52:57.490+0000] {dag.py:3262} INFO - Creating ORM DAG for example_external_task_marker_child
[2025-02-27T15:52:57.491+0000] {logging_mixin.py:190} INFO - [2025-02-27T15:52:57.491+0000] {dag.py:3262} INFO - Creating ORM DAG for example_external_task_marker_parent
[2025-02-27T15:52:57.491+0000] {logging_mixin.py:190} INFO - [2025-02-27T15:52:57.491+0000] {dag.py:4180} INFO - Setting next_dagrun for example_external_task_marker_child to None, run_after=None
[2025-02-27T15:52:57.492+0000] {logging_mixin.py:190} INFO - [2025-02-27T15:52:57.492+0000] {dag.py:4180} INFO - Setting next_dagrun for example_external_task_marker_parent to None, run_after=None
[2025-02-27T15:52:57.511+0000] {processor.py:208} INFO - Processing /home/airflow/.local/lib/python3.12/site-packages/airflow/example_dags/example_external_task_marker_dag.py took 0.436 seconds
[2025-02-27T15:53:27.753+0000] {processor.py:186} INFO - Started process (PID=173) to work on /home/airflow/.local/lib/python3.12/site-packages/airflow/example_dags/example_external_task_marker_dag.py
[2025-02-27T15:53:27.754+0000] {processor.py:914} INFO - Processing file /home/airflow/.local/lib/python3.12/site-packages/airflow/example_dags/example_external_task_marker_dag.py for tasks to queue
[2025-02-27T15:53:27.757+0000] {logging_mixin.py:190} INFO - [2025-02-27T15:53:27.757+0000] {dagbag.py:588} INFO - Filling up the DagBag from /home/airflow/.local/lib/python3.12/site-packages/airflow/example_dags/example_external_task_marker_dag.py
[2025-02-27T15:53:27.767+0000] {processor.py:925} INFO - DAG(s) 'example_external_task_marker_parent', 'example_external_task_marker_child' retrieved from /home/airflow/.local/lib/python3.12/site-packages/airflow/example_dags/example_external_task_marker_dag.py
[2025-02-27T15:53:27.792+0000] {logging_mixin.py:190} INFO - [2025-02-27T15:53:27.792+0000] {dag.py:3239} INFO - Sync 2 DAGs
[2025-02-27T15:53:27.810+0000] {logging_mixin.py:190} INFO - [2025-02-27T15:53:27.810+0000] {dag.py:4180} INFO - Setting next_dagrun for example_external_task_marker_child to None, run_after=None
[2025-02-27T15:53:27.815+0000] {logging_mixin.py:190} INFO - [2025-02-27T15:53:27.815+0000] {dag.py:4180} INFO - Setting next_dagrun for example_external_task_marker_parent to None, run_after=None
[2025-02-27T15:53:27.846+0000] {processor.py:208} INFO - Processing /home/airflow/.local/lib/python3.12/site-packages/airflow/example_dags/example_external_task_marker_dag.py took 0.101 seconds
[2025-02-27T15:53:58.523+0000] {processor.py:186} INFO - Started process (PID=235) to work on /home/airflow/.local/lib/python3.12/site-packages/airflow/example_dags/example_external_task_marker_dag.py
[2025-02-27T15:53:58.524+0000] {processor.py:914} INFO - Processing file /home/airflow/.local/lib/python3.12/site-packages/airflow/example_dags/example_external_task_marker_dag.py for tasks to queue
[2025-02-27T15:53:58.528+0000] {logging_mixin.py:190} INFO - [2025-02-27T15:53:58.527+0000] {dagbag.py:588} INFO - Filling up the DagBag from /home/airflow/.local/lib/python3.12/site-packages/airflow/example_dags/example_external_task_marker_dag.py
[2025-02-27T15:53:58.539+0000] {processor.py:925} INFO - DAG(s) 'example_external_task_marker_parent', 'example_external_task_marker_child' retrieved from /home/airflow/.local/lib/python3.12/site-packages/airflow/example_dags/example_external_task_marker_dag.py
[2025-02-27T15:53:58.573+0000] {logging_mixin.py:190} INFO - [2025-02-27T15:53:58.572+0000] {dag.py:3239} INFO - Sync 2 DAGs
[2025-02-27T15:53:58.593+0000] {logging_mixin.py:190} INFO - [2025-02-27T15:53:58.592+0000] {dag.py:4180} INFO - Setting next_dagrun for example_external_task_marker_child to None, run_after=None
[2025-02-27T15:53:58.601+0000] {logging_mixin.py:190} INFO - [2025-02-27T15:53:58.601+0000] {dag.py:4180} INFO - Setting next_dagrun for example_external_task_marker_parent to None, run_after=None
[2025-02-27T15:53:58.640+0000] {processor.py:208} INFO - Processing /home/airflow/.local/lib/python3.12/site-packages/airflow/example_dags/example_external_task_marker_dag.py took 0.123 seconds
[2025-02-27T15:54:28.820+0000] {processor.py:186} INFO - Started process (PID=297) to work on /home/airflow/.local/lib/python3.12/site-packages/airflow/example_dags/example_external_task_marker_dag.py
[2025-02-27T15:54:28.821+0000] {processor.py:914} INFO - Processing file /home/airflow/.local/lib/python3.12/site-packages/airflow/example_dags/example_external_task_marker_dag.py for tasks to queue
[2025-02-27T15:54:28.823+0000] {logging_mixin.py:190} INFO - [2025-02-27T15:54:28.823+0000] {dagbag.py:588} INFO - Filling up the DagBag from /home/airflow/.local/lib/python3.12/site-packages/airflow/example_dags/example_external_task_marker_dag.py
[2025-02-27T15:54:28.830+0000] {processor.py:925} INFO - DAG(s) 'example_external_task_marker_parent', 'example_external_task_marker_child' retrieved from /home/airflow/.local/lib/python3.12/site-packages/airflow/example_dags/example_external_task_marker_dag.py
[2025-02-27T15:54:28.854+0000] {logging_mixin.py:190} INFO - [2025-02-27T15:54:28.854+0000] {dag.py:3239} INFO - Sync 2 DAGs
[2025-02-27T15:54:28.869+0000] {logging_mixin.py:190} INFO - [2025-02-27T15:54:28.869+0000] {dag.py:4180} INFO - Setting next_dagrun for example_external_task_marker_child to None, run_after=None
[2025-02-27T15:54:28.872+0000] {logging_mixin.py:190} INFO - [2025-02-27T15:54:28.872+0000] {dag.py:4180} INFO - Setting next_dagrun for example_external_task_marker_parent to None, run_after=None
[2025-02-27T15:54:28.897+0000] {processor.py:208} INFO - Processing /home/airflow/.local/lib/python3.12/site-packages/airflow/example_dags/example_external_task_marker_dag.py took 0.083 seconds
[2025-02-27T15:54:59.194+0000] {processor.py:186} INFO - Started process (PID=360) to work on /home/airflow/.local/lib/python3.12/site-packages/airflow/example_dags/example_external_task_marker_dag.py
[2025-02-27T15:54:59.195+0000] {processor.py:914} INFO - Processing file /home/airflow/.local/lib/python3.12/site-packages/airflow/example_dags/example_external_task_marker_dag.py for tasks to queue
[2025-02-27T15:54:59.197+0000] {logging_mixin.py:190} INFO - [2025-02-27T15:54:59.197+0000] {dagbag.py:588} INFO - Filling up the DagBag from /home/airflow/.local/lib/python3.12/site-packages/airflow/example_dags/example_external_task_marker_dag.py
[2025-02-27T15:54:59.205+0000] {processor.py:925} INFO - DAG(s) 'example_external_task_marker_child', 'example_external_task_marker_parent' retrieved from /home/airflow/.local/lib/python3.12/site-packages/airflow/example_dags/example_external_task_marker_dag.py
[2025-02-27T15:54:59.227+0000] {logging_mixin.py:190} INFO - [2025-02-27T15:54:59.227+0000] {dag.py:3239} INFO - Sync 2 DAGs
[2025-02-27T15:54:59.242+0000] {logging_mixin.py:190} INFO - [2025-02-27T15:54:59.242+0000] {dag.py:4180} INFO - Setting next_dagrun for example_external_task_marker_child to None, run_after=None
[2025-02-27T15:54:59.246+0000] {logging_mixin.py:190} INFO - [2025-02-27T15:54:59.245+0000] {dag.py:4180} INFO - Setting next_dagrun for example_external_task_marker_parent to None, run_after=None
[2025-02-27T15:54:59.269+0000] {processor.py:208} INFO - Processing /home/airflow/.local/lib/python3.12/site-packages/airflow/example_dags/example_external_task_marker_dag.py took 0.080 seconds
[2025-02-27T15:55:29.506+0000] {processor.py:186} INFO - Started process (PID=423) to work on /home/airflow/.local/lib/python3.12/site-packages/airflow/example_dags/example_external_task_marker_dag.py
[2025-02-27T15:55:29.507+0000] {processor.py:914} INFO - Processing file /home/airflow/.local/lib/python3.12/site-packages/airflow/example_dags/example_external_task_marker_dag.py for tasks to queue
[2025-02-27T15:55:29.510+0000] {logging_mixin.py:190} INFO - [2025-02-27T15:55:29.510+0000] {dagbag.py:588} INFO - Filling up the DagBag from /home/airflow/.local/lib/python3.12/site-packages/airflow/example_dags/example_external_task_marker_dag.py
[2025-02-27T15:55:29.518+0000] {processor.py:925} INFO - DAG(s) 'example_external_task_marker_parent', 'example_external_task_marker_child' retrieved from /home/airflow/.local/lib/python3.12/site-packages/airflow/example_dags/example_external_task_marker_dag.py
[2025-02-27T15:55:29.544+0000] {logging_mixin.py:190} INFO - [2025-02-27T15:55:29.543+0000] {dag.py:3239} INFO - Sync 2 DAGs
[2025-02-27T15:55:29.566+0000] {logging_mixin.py:190} INFO - [2025-02-27T15:55:29.566+0000] {dag.py:4180} INFO - Setting next_dagrun for example_external_task_marker_child to None, run_after=None
[2025-02-27T15:55:29.572+0000] {logging_mixin.py:190} INFO - [2025-02-27T15:55:29.571+0000] {dag.py:4180} INFO - Setting next_dagrun for example_external_task_marker_parent to None, run_after=None
[2025-02-27T15:55:29.593+0000] {processor.py:208} INFO - Processing /home/airflow/.local/lib/python3.12/site-packages/airflow/example_dags/example_external_task_marker_dag.py took 0.093 seconds
[2025-02-27T15:55:59.662+0000] {processor.py:186} INFO - Started process (PID=486) to work on /home/airflow/.local/lib/python3.12/site-packages/airflow/example_dags/example_external_task_marker_dag.py
[2025-02-27T15:55:59.663+0000] {processor.py:914} INFO - Processing file /home/airflow/.local/lib/python3.12/site-packages/airflow/example_dags/example_external_task_marker_dag.py for tasks to queue
[2025-02-27T15:55:59.666+0000] {logging_mixin.py:190} INFO - [2025-02-27T15:55:59.666+0000] {dagbag.py:588} INFO - Filling up the DagBag from /home/airflow/.local/lib/python3.12/site-packages/airflow/example_dags/example_external_task_marker_dag.py
[2025-02-27T15:55:59.674+0000] {processor.py:925} INFO - DAG(s) 'example_external_task_marker_parent', 'example_external_task_marker_child' retrieved from /home/airflow/.local/lib/python3.12/site-packages/airflow/example_dags/example_external_task_marker_dag.py
[2025-02-27T15:55:59.701+0000] {logging_mixin.py:190} INFO - [2025-02-27T15:55:59.701+0000] {dag.py:3239} INFO - Sync 2 DAGs
[2025-02-27T15:55:59.717+0000] {logging_mixin.py:190} INFO - [2025-02-27T15:55:59.717+0000] {dag.py:4180} INFO - Setting next_dagrun for example_external_task_marker_child to None, run_after=None
[2025-02-27T15:55:59.721+0000] {logging_mixin.py:190} INFO - [2025-02-27T15:55:59.721+0000] {dag.py:4180} INFO - Setting next_dagrun for example_external_task_marker_parent to None, run_after=None
[2025-02-27T15:55:59.739+0000] {processor.py:208} INFO - Processing /home/airflow/.local/lib/python3.12/site-packages/airflow/example_dags/example_external_task_marker_dag.py took 0.082 seconds
[2025-02-27T15:56:30.589+0000] {processor.py:186} INFO - Started process (PID=549) to work on /home/airflow/.local/lib/python3.12/site-packages/airflow/example_dags/example_external_task_marker_dag.py
[2025-02-27T15:56:30.590+0000] {processor.py:914} INFO - Processing file /home/airflow/.local/lib/python3.12/site-packages/airflow/example_dags/example_external_task_marker_dag.py for tasks to queue
[2025-02-27T15:56:30.593+0000] {logging_mixin.py:190} INFO - [2025-02-27T15:56:30.593+0000] {dagbag.py:588} INFO - Filling up the DagBag from /home/airflow/.local/lib/python3.12/site-packages/airflow/example_dags/example_external_task_marker_dag.py
[2025-02-27T15:56:30.603+0000] {processor.py:925} INFO - DAG(s) 'example_external_task_marker_child', 'example_external_task_marker_parent' retrieved from /home/airflow/.local/lib/python3.12/site-packages/airflow/example_dags/example_external_task_marker_dag.py
[2025-02-27T15:56:30.635+0000] {logging_mixin.py:190} INFO - [2025-02-27T15:56:30.635+0000] {dag.py:3239} INFO - Sync 2 DAGs
[2025-02-27T15:56:30.657+0000] {logging_mixin.py:190} INFO - [2025-02-27T15:56:30.657+0000] {dag.py:4180} INFO - Setting next_dagrun for example_external_task_marker_child to None, run_after=None
[2025-02-27T15:56:30.663+0000] {logging_mixin.py:190} INFO - [2025-02-27T15:56:30.663+0000] {dag.py:4180} INFO - Setting next_dagrun for example_external_task_marker_parent to None, run_after=None
[2025-02-27T15:56:30.693+0000] {processor.py:208} INFO - Processing /home/airflow/.local/lib/python3.12/site-packages/airflow/example_dags/example_external_task_marker_dag.py took 0.113 seconds
[2025-02-27T15:57:00.776+0000] {processor.py:186} INFO - Started process (PID=613) to work on /home/airflow/.local/lib/python3.12/site-packages/airflow/example_dags/example_external_task_marker_dag.py
[2025-02-27T15:57:00.777+0000] {processor.py:914} INFO - Processing file /home/airflow/.local/lib/python3.12/site-packages/airflow/example_dags/example_external_task_marker_dag.py for tasks to queue
[2025-02-27T15:57:00.779+0000] {logging_mixin.py:190} INFO - [2025-02-27T15:57:00.779+0000] {dagbag.py:588} INFO - Filling up the DagBag from /home/airflow/.local/lib/python3.12/site-packages/airflow/example_dags/example_external_task_marker_dag.py
[2025-02-27T15:57:00.787+0000] {processor.py:925} INFO - DAG(s) 'example_external_task_marker_child', 'example_external_task_marker_parent' retrieved from /home/airflow/.local/lib/python3.12/site-packages/airflow/example_dags/example_external_task_marker_dag.py
[2025-02-27T15:57:00.811+0000] {logging_mixin.py:190} INFO - [2025-02-27T15:57:00.811+0000] {dag.py:3239} INFO - Sync 2 DAGs
[2025-02-27T15:57:00.827+0000] {logging_mixin.py:190} INFO - [2025-02-27T15:57:00.827+0000] {dag.py:4180} INFO - Setting next_dagrun for example_external_task_marker_child to None, run_after=None
[2025-02-27T15:57:00.831+0000] {logging_mixin.py:190} INFO - [2025-02-27T15:57:00.831+0000] {dag.py:4180} INFO - Setting next_dagrun for example_external_task_marker_parent to None, run_after=None
[2025-02-27T15:57:00.850+0000] {processor.py:208} INFO - Processing /home/airflow/.local/lib/python3.12/site-packages/airflow/example_dags/example_external_task_marker_dag.py took 0.080 seconds
[2025-02-27T15:57:31.129+0000] {processor.py:186} INFO - Started process (PID=676) to work on /home/airflow/.local/lib/python3.12/site-packages/airflow/example_dags/example_external_task_marker_dag.py
[2025-02-27T15:57:31.130+0000] {processor.py:914} INFO - Processing file /home/airflow/.local/lib/python3.12/site-packages/airflow/example_dags/example_external_task_marker_dag.py for tasks to queue
[2025-02-27T15:57:31.133+0000] {logging_mixin.py:190} INFO - [2025-02-27T15:57:31.133+0000] {dagbag.py:588} INFO - Filling up the DagBag from /home/airflow/.local/lib/python3.12/site-packages/airflow/example_dags/example_external_task_marker_dag.py
[2025-02-27T15:57:31.141+0000] {processor.py:925} INFO - DAG(s) 'example_external_task_marker_parent', 'example_external_task_marker_child' retrieved from /home/airflow/.local/lib/python3.12/site-packages/airflow/example_dags/example_external_task_marker_dag.py
[2025-02-27T15:57:31.166+0000] {logging_mixin.py:190} INFO - [2025-02-27T15:57:31.166+0000] {dag.py:3239} INFO - Sync 2 DAGs
[2025-02-27T15:57:31.182+0000] {logging_mixin.py:190} INFO - [2025-02-27T15:57:31.182+0000] {dag.py:4180} INFO - Setting next_dagrun for example_external_task_marker_child to None, run_after=None
[2025-02-27T15:57:31.186+0000] {logging_mixin.py:190} INFO - [2025-02-27T15:57:31.186+0000] {dag.py:4180} INFO - Setting next_dagrun for example_external_task_marker_parent to None, run_after=None
[2025-02-27T15:57:31.205+0000] {processor.py:208} INFO - Processing /home/airflow/.local/lib/python3.12/site-packages/airflow/example_dags/example_external_task_marker_dag.py took 0.082 seconds
[2025-02-27T15:58:01.486+0000] {processor.py:186} INFO - Started process (PID=739) to work on /home/airflow/.local/lib/python3.12/site-packages/airflow/example_dags/example_external_task_marker_dag.py
[2025-02-27T15:58:01.487+0000] {processor.py:914} INFO - Processing file /home/airflow/.local/lib/python3.12/site-packages/airflow/example_dags/example_external_task_marker_dag.py for tasks to queue
[2025-02-27T15:58:01.490+0000] {logging_mixin.py:190} INFO - [2025-02-27T15:58:01.490+0000] {dagbag.py:588} INFO - Filling up the DagBag from /home/airflow/.local/lib/python3.12/site-packages/airflow/example_dags/example_external_task_marker_dag.py
[2025-02-27T15:58:01.498+0000] {processor.py:925} INFO - DAG(s) 'example_external_task_marker_child', 'example_external_task_marker_parent' retrieved from /home/airflow/.local/lib/python3.12/site-packages/airflow/example_dags/example_external_task_marker_dag.py
[2025-02-27T15:58:01.526+0000] {logging_mixin.py:190} INFO - [2025-02-27T15:58:01.525+0000] {dag.py:3239} INFO - Sync 2 DAGs
[2025-02-27T15:58:01.548+0000] {logging_mixin.py:190} INFO - [2025-02-27T15:58:01.547+0000] {dag.py:4180} INFO - Setting next_dagrun for example_external_task_marker_child to None, run_after=None
[2025-02-27T15:58:01.553+0000] {logging_mixin.py:190} INFO - [2025-02-27T15:58:01.553+0000] {dag.py:4180} INFO - Setting next_dagrun for example_external_task_marker_parent to None, run_after=None
[2025-02-27T15:58:01.572+0000] {processor.py:208} INFO - Processing /home/airflow/.local/lib/python3.12/site-packages/airflow/example_dags/example_external_task_marker_dag.py took 0.092 seconds
[2025-02-27T15:58:31.914+0000] {processor.py:186} INFO - Started process (PID=802) to work on /home/airflow/.local/lib/python3.12/site-packages/airflow/example_dags/example_external_task_marker_dag.py
[2025-02-27T15:58:31.915+0000] {processor.py:914} INFO - Processing file /home/airflow/.local/lib/python3.12/site-packages/airflow/example_dags/example_external_task_marker_dag.py for tasks to queue
[2025-02-27T15:58:31.918+0000] {logging_mixin.py:190} INFO - [2025-02-27T15:58:31.918+0000] {dagbag.py:588} INFO - Filling up the DagBag from /home/airflow/.local/lib/python3.12/site-packages/airflow/example_dags/example_external_task_marker_dag.py
[2025-02-27T15:58:31.929+0000] {processor.py:925} INFO - DAG(s) 'example_external_task_marker_child', 'example_external_task_marker_parent' retrieved from /home/airflow/.local/lib/python3.12/site-packages/airflow/example_dags/example_external_task_marker_dag.py
[2025-02-27T15:58:31.962+0000] {logging_mixin.py:190} INFO - [2025-02-27T15:58:31.962+0000] {dag.py:3239} INFO - Sync 2 DAGs
[2025-02-27T15:58:31.982+0000] {logging_mixin.py:190} INFO - [2025-02-27T15:58:31.982+0000] {dag.py:4180} INFO - Setting next_dagrun for example_external_task_marker_child to None, run_after=None
[2025-02-27T15:58:31.988+0000] {logging_mixin.py:190} INFO - [2025-02-27T15:58:31.987+0000] {dag.py:4180} INFO - Setting next_dagrun for example_external_task_marker_parent to None, run_after=None
[2025-02-27T15:58:32.013+0000] {processor.py:208} INFO - Processing /home/airflow/.local/lib/python3.12/site-packages/airflow/example_dags/example_external_task_marker_dag.py took 0.107 seconds
[2025-02-27T15:59:02.955+0000] {processor.py:186} INFO - Started process (PID=865) to work on /home/airflow/.local/lib/python3.12/site-packages/airflow/example_dags/example_external_task_marker_dag.py
[2025-02-27T15:59:02.956+0000] {processor.py:914} INFO - Processing file /home/airflow/.local/lib/python3.12/site-packages/airflow/example_dags/example_external_task_marker_dag.py for tasks to queue
[2025-02-27T15:59:02.959+0000] {logging_mixin.py:190} INFO - [2025-02-27T15:59:02.959+0000] {dagbag.py:588} INFO - Filling up the DagBag from /home/airflow/.local/lib/python3.12/site-packages/airflow/example_dags/example_external_task_marker_dag.py
[2025-02-27T15:59:02.967+0000] {processor.py:925} INFO - DAG(s) 'example_external_task_marker_child', 'example_external_task_marker_parent' retrieved from /home/airflow/.local/lib/python3.12/site-packages/airflow/example_dags/example_external_task_marker_dag.py
[2025-02-27T15:59:02.994+0000] {logging_mixin.py:190} INFO - [2025-02-27T15:59:02.994+0000] {dag.py:3239} INFO - Sync 2 DAGs
[2025-02-27T15:59:03.010+0000] {logging_mixin.py:190} INFO - [2025-02-27T15:59:03.010+0000] {dag.py:4180} INFO - Setting next_dagrun for example_external_task_marker_child to None, run_after=None
[2025-02-27T15:59:03.015+0000] {logging_mixin.py:190} INFO - [2025-02-27T15:59:03.014+0000] {dag.py:4180} INFO - Setting next_dagrun for example_external_task_marker_parent to None, run_after=None
[2025-02-27T15:59:03.036+0000] {processor.py:208} INFO - Processing /home/airflow/.local/lib/python3.12/site-packages/airflow/example_dags/example_external_task_marker_dag.py took 0.087 seconds
[2025-02-27T15:59:33.303+0000] {processor.py:186} INFO - Started process (PID=928) to work on /home/airflow/.local/lib/python3.12/site-packages/airflow/example_dags/example_external_task_marker_dag.py
[2025-02-27T15:59:33.304+0000] {processor.py:914} INFO - Processing file /home/airflow/.local/lib/python3.12/site-packages/airflow/example_dags/example_external_task_marker_dag.py for tasks to queue
[2025-02-27T15:59:33.306+0000] {logging_mixin.py:190} INFO - [2025-02-27T15:59:33.306+0000] {dagbag.py:588} INFO - Filling up the DagBag from /home/airflow/.local/lib/python3.12/site-packages/airflow/example_dags/example_external_task_marker_dag.py
[2025-02-27T15:59:33.314+0000] {processor.py:925} INFO - DAG(s) 'example_external_task_marker_child', 'example_external_task_marker_parent' retrieved from /home/airflow/.local/lib/python3.12/site-packages/airflow/example_dags/example_external_task_marker_dag.py
[2025-02-27T15:59:33.336+0000] {logging_mixin.py:190} INFO - [2025-02-27T15:59:33.335+0000] {dag.py:3239} INFO - Sync 2 DAGs
[2025-02-27T15:59:33.351+0000] {logging_mixin.py:190} INFO - [2025-02-27T15:59:33.351+0000] {dag.py:4180} INFO - Setting next_dagrun for example_external_task_marker_child to None, run_after=None
[2025-02-27T15:59:33.355+0000] {logging_mixin.py:190} INFO - [2025-02-27T15:59:33.355+0000] {dag.py:4180} INFO - Setting next_dagrun for example_external_task_marker_parent to None, run_after=None
[2025-02-27T15:59:33.371+0000] {processor.py:208} INFO - Processing /home/airflow/.local/lib/python3.12/site-packages/airflow/example_dags/example_external_task_marker_dag.py took 0.074 seconds
