[2025-02-27T15:52:50.115+0000] {processor.py:186} INFO - Started process (PID=91) to work on /home/airflow/.local/lib/python3.12/site-packages/airflow/example_dags/example_branch_operator.py
[2025-02-27T15:52:50.117+0000] {processor.py:914} INFO - Processing file /home/airflow/.local/lib/python3.12/site-packages/airflow/example_dags/example_branch_operator.py for tasks to queue
[2025-02-27T15:52:50.120+0000] {logging_mixin.py:190} INFO - [2025-02-27T15:52:50.119+0000] {dagbag.py:588} INFO - Filling up the DagBag from /home/airflow/.local/lib/python3.12/site-packages/airflow/example_dags/example_branch_operator.py
[2025-02-27T15:52:50.153+0000] {processor.py:925} INFO - DAG(s) 'example_branch_operator' retrieved from /home/airflow/.local/lib/python3.12/site-packages/airflow/example_dags/example_branch_operator.py
[2025-02-27T15:52:50.292+0000] {logging_mixin.py:190} INFO - [2025-02-27T15:52:50.292+0000] {override.py:1912} INFO - Created Permission View: can edit on DAG:example_branch_operator
[2025-02-27T15:52:50.304+0000] {logging_mixin.py:190} INFO - [2025-02-27T15:52:50.304+0000] {override.py:1912} INFO - Created Permission View: can delete on DAG:example_branch_operator
[2025-02-27T15:52:50.312+0000] {logging_mixin.py:190} INFO - [2025-02-27T15:52:50.312+0000] {override.py:1912} INFO - Created Permission View: can read on DAG:example_branch_operator
[2025-02-27T15:52:50.322+0000] {logging_mixin.py:190} INFO - [2025-02-27T15:52:50.322+0000] {override.py:1912} INFO - Created Permission View: can delete on DAG Run:example_branch_operator
[2025-02-27T15:52:50.331+0000] {logging_mixin.py:190} INFO - [2025-02-27T15:52:50.330+0000] {override.py:1912} INFO - Created Permission View: menu access on DAG Run:example_branch_operator
[2025-02-27T15:52:50.338+0000] {logging_mixin.py:190} INFO - [2025-02-27T15:52:50.337+0000] {override.py:1912} INFO - Created Permission View: can read on DAG Run:example_branch_operator
[2025-02-27T15:52:50.345+0000] {logging_mixin.py:190} INFO - [2025-02-27T15:52:50.344+0000] {override.py:1912} INFO - Created Permission View: can create on DAG Run:example_branch_operator
[2025-02-27T15:52:50.345+0000] {logging_mixin.py:190} INFO - [2025-02-27T15:52:50.345+0000] {dag.py:3239} INFO - Sync 1 DAGs
[2025-02-27T15:52:50.360+0000] {logging_mixin.py:190} INFO - [2025-02-27T15:52:50.360+0000] {dag.py:3262} INFO - Creating ORM DAG for example_branch_operator
[2025-02-27T15:52:50.373+0000] {logging_mixin.py:190} INFO - [2025-02-27T15:52:50.373+0000] {dag.py:4180} INFO - Setting next_dagrun for example_branch_operator to 2025-02-26 00:00:00+00:00, run_after=2025-02-27 00:00:00+00:00
[2025-02-27T15:52:50.403+0000] {processor.py:208} INFO - Processing /home/airflow/.local/lib/python3.12/site-packages/airflow/example_dags/example_branch_operator.py took 0.296 seconds
[2025-02-27T15:53:20.784+0000] {processor.py:186} INFO - Started process (PID=154) to work on /home/airflow/.local/lib/python3.12/site-packages/airflow/example_dags/example_branch_operator.py
[2025-02-27T15:53:20.785+0000] {processor.py:914} INFO - Processing file /home/airflow/.local/lib/python3.12/site-packages/airflow/example_dags/example_branch_operator.py for tasks to queue
[2025-02-27T15:53:20.788+0000] {logging_mixin.py:190} INFO - [2025-02-27T15:53:20.787+0000] {dagbag.py:588} INFO - Filling up the DagBag from /home/airflow/.local/lib/python3.12/site-packages/airflow/example_dags/example_branch_operator.py
[2025-02-27T15:53:20.805+0000] {processor.py:925} INFO - DAG(s) 'example_branch_operator' retrieved from /home/airflow/.local/lib/python3.12/site-packages/airflow/example_dags/example_branch_operator.py
[2025-02-27T15:53:20.837+0000] {logging_mixin.py:190} INFO - [2025-02-27T15:53:20.836+0000] {dag.py:3239} INFO - Sync 1 DAGs
[2025-02-27T15:53:20.864+0000] {logging_mixin.py:190} INFO - [2025-02-27T15:53:20.864+0000] {dag.py:4180} INFO - Setting next_dagrun for example_branch_operator to 2025-02-26 00:00:00+00:00, run_after=2025-02-27 00:00:00+00:00
[2025-02-27T15:53:20.889+0000] {processor.py:208} INFO - Processing /home/airflow/.local/lib/python3.12/site-packages/airflow/example_dags/example_branch_operator.py took 0.110 seconds
[2025-02-27T15:53:51.412+0000] {processor.py:186} INFO - Started process (PID=217) to work on /home/airflow/.local/lib/python3.12/site-packages/airflow/example_dags/example_branch_operator.py
[2025-02-27T15:53:51.413+0000] {processor.py:914} INFO - Processing file /home/airflow/.local/lib/python3.12/site-packages/airflow/example_dags/example_branch_operator.py for tasks to queue
[2025-02-27T15:53:51.416+0000] {logging_mixin.py:190} INFO - [2025-02-27T15:53:51.415+0000] {dagbag.py:588} INFO - Filling up the DagBag from /home/airflow/.local/lib/python3.12/site-packages/airflow/example_dags/example_branch_operator.py
[2025-02-27T15:53:51.433+0000] {processor.py:925} INFO - DAG(s) 'example_branch_operator' retrieved from /home/airflow/.local/lib/python3.12/site-packages/airflow/example_dags/example_branch_operator.py
[2025-02-27T15:53:51.464+0000] {logging_mixin.py:190} INFO - [2025-02-27T15:53:51.464+0000] {dag.py:3239} INFO - Sync 1 DAGs
[2025-02-27T15:53:51.489+0000] {logging_mixin.py:190} INFO - [2025-02-27T15:53:51.489+0000] {dag.py:4180} INFO - Setting next_dagrun for example_branch_operator to 2025-02-26 00:00:00+00:00, run_after=2025-02-27 00:00:00+00:00
[2025-02-27T15:53:51.512+0000] {processor.py:208} INFO - Processing /home/airflow/.local/lib/python3.12/site-packages/airflow/example_dags/example_branch_operator.py took 0.106 seconds
[2025-02-27T15:54:22.134+0000] {processor.py:186} INFO - Started process (PID=280) to work on /home/airflow/.local/lib/python3.12/site-packages/airflow/example_dags/example_branch_operator.py
[2025-02-27T15:54:22.135+0000] {processor.py:914} INFO - Processing file /home/airflow/.local/lib/python3.12/site-packages/airflow/example_dags/example_branch_operator.py for tasks to queue
[2025-02-27T15:54:22.139+0000] {logging_mixin.py:190} INFO - [2025-02-27T15:54:22.138+0000] {dagbag.py:588} INFO - Filling up the DagBag from /home/airflow/.local/lib/python3.12/site-packages/airflow/example_dags/example_branch_operator.py
[2025-02-27T15:54:22.165+0000] {processor.py:925} INFO - DAG(s) 'example_branch_operator' retrieved from /home/airflow/.local/lib/python3.12/site-packages/airflow/example_dags/example_branch_operator.py
[2025-02-27T15:54:22.204+0000] {logging_mixin.py:190} INFO - [2025-02-27T15:54:22.204+0000] {dag.py:3239} INFO - Sync 1 DAGs
[2025-02-27T15:54:22.236+0000] {logging_mixin.py:190} INFO - [2025-02-27T15:54:22.235+0000] {dag.py:4180} INFO - Setting next_dagrun for example_branch_operator to 2025-02-26 00:00:00+00:00, run_after=2025-02-27 00:00:00+00:00
[2025-02-27T15:54:22.262+0000] {processor.py:208} INFO - Processing /home/airflow/.local/lib/python3.12/site-packages/airflow/example_dags/example_branch_operator.py took 0.139 seconds
[2025-02-27T15:54:52.858+0000] {processor.py:186} INFO - Started process (PID=343) to work on /home/airflow/.local/lib/python3.12/site-packages/airflow/example_dags/example_branch_operator.py
[2025-02-27T15:54:52.859+0000] {processor.py:914} INFO - Processing file /home/airflow/.local/lib/python3.12/site-packages/airflow/example_dags/example_branch_operator.py for tasks to queue
[2025-02-27T15:54:52.861+0000] {logging_mixin.py:190} INFO - [2025-02-27T15:54:52.861+0000] {dagbag.py:588} INFO - Filling up the DagBag from /home/airflow/.local/lib/python3.12/site-packages/airflow/example_dags/example_branch_operator.py
[2025-02-27T15:54:52.884+0000] {processor.py:925} INFO - DAG(s) 'example_branch_operator' retrieved from /home/airflow/.local/lib/python3.12/site-packages/airflow/example_dags/example_branch_operator.py
[2025-02-27T15:54:52.918+0000] {logging_mixin.py:190} INFO - [2025-02-27T15:54:52.918+0000] {dag.py:3239} INFO - Sync 1 DAGs
[2025-02-27T15:54:52.948+0000] {logging_mixin.py:190} INFO - [2025-02-27T15:54:52.948+0000] {dag.py:4180} INFO - Setting next_dagrun for example_branch_operator to 2025-02-26 00:00:00+00:00, run_after=2025-02-27 00:00:00+00:00
[2025-02-27T15:54:52.970+0000] {processor.py:208} INFO - Processing /home/airflow/.local/lib/python3.12/site-packages/airflow/example_dags/example_branch_operator.py took 0.119 seconds
[2025-02-27T15:55:23.198+0000] {processor.py:186} INFO - Started process (PID=406) to work on /home/airflow/.local/lib/python3.12/site-packages/airflow/example_dags/example_branch_operator.py
[2025-02-27T15:55:23.199+0000] {processor.py:914} INFO - Processing file /home/airflow/.local/lib/python3.12/site-packages/airflow/example_dags/example_branch_operator.py for tasks to queue
[2025-02-27T15:55:23.201+0000] {logging_mixin.py:190} INFO - [2025-02-27T15:55:23.201+0000] {dagbag.py:588} INFO - Filling up the DagBag from /home/airflow/.local/lib/python3.12/site-packages/airflow/example_dags/example_branch_operator.py
[2025-02-27T15:55:23.220+0000] {processor.py:925} INFO - DAG(s) 'example_branch_operator' retrieved from /home/airflow/.local/lib/python3.12/site-packages/airflow/example_dags/example_branch_operator.py
[2025-02-27T15:55:23.261+0000] {logging_mixin.py:190} INFO - [2025-02-27T15:55:23.261+0000] {dag.py:3239} INFO - Sync 1 DAGs
[2025-02-27T15:55:23.301+0000] {logging_mixin.py:190} INFO - [2025-02-27T15:55:23.301+0000] {dag.py:4180} INFO - Setting next_dagrun for example_branch_operator to 2025-02-26 00:00:00+00:00, run_after=2025-02-27 00:00:00+00:00
[2025-02-27T15:55:23.325+0000] {processor.py:208} INFO - Processing /home/airflow/.local/lib/python3.12/site-packages/airflow/example_dags/example_branch_operator.py took 0.133 seconds
[2025-02-27T15:55:53.496+0000] {processor.py:186} INFO - Started process (PID=469) to work on /home/airflow/.local/lib/python3.12/site-packages/airflow/example_dags/example_branch_operator.py
[2025-02-27T15:55:53.496+0000] {processor.py:914} INFO - Processing file /home/airflow/.local/lib/python3.12/site-packages/airflow/example_dags/example_branch_operator.py for tasks to queue
[2025-02-27T15:55:53.498+0000] {logging_mixin.py:190} INFO - [2025-02-27T15:55:53.498+0000] {dagbag.py:588} INFO - Filling up the DagBag from /home/airflow/.local/lib/python3.12/site-packages/airflow/example_dags/example_branch_operator.py
[2025-02-27T15:55:53.516+0000] {processor.py:925} INFO - DAG(s) 'example_branch_operator' retrieved from /home/airflow/.local/lib/python3.12/site-packages/airflow/example_dags/example_branch_operator.py
[2025-02-27T15:55:53.546+0000] {logging_mixin.py:190} INFO - [2025-02-27T15:55:53.546+0000] {dag.py:3239} INFO - Sync 1 DAGs
[2025-02-27T15:55:53.571+0000] {logging_mixin.py:190} INFO - [2025-02-27T15:55:53.571+0000] {dag.py:4180} INFO - Setting next_dagrun for example_branch_operator to 2025-02-26 00:00:00+00:00, run_after=2025-02-27 00:00:00+00:00
[2025-02-27T15:55:53.593+0000] {processor.py:208} INFO - Processing /home/airflow/.local/lib/python3.12/site-packages/airflow/example_dags/example_branch_operator.py took 0.103 seconds
[2025-02-27T15:56:23.925+0000] {processor.py:186} INFO - Started process (PID=532) to work on /home/airflow/.local/lib/python3.12/site-packages/airflow/example_dags/example_branch_operator.py
[2025-02-27T15:56:23.926+0000] {processor.py:914} INFO - Processing file /home/airflow/.local/lib/python3.12/site-packages/airflow/example_dags/example_branch_operator.py for tasks to queue
[2025-02-27T15:56:23.930+0000] {logging_mixin.py:190} INFO - [2025-02-27T15:56:23.929+0000] {dagbag.py:588} INFO - Filling up the DagBag from /home/airflow/.local/lib/python3.12/site-packages/airflow/example_dags/example_branch_operator.py
[2025-02-27T15:56:23.955+0000] {processor.py:925} INFO - DAG(s) 'example_branch_operator' retrieved from /home/airflow/.local/lib/python3.12/site-packages/airflow/example_dags/example_branch_operator.py
[2025-02-27T15:56:23.993+0000] {logging_mixin.py:190} INFO - [2025-02-27T15:56:23.993+0000] {dag.py:3239} INFO - Sync 1 DAGs
[2025-02-27T15:56:24.023+0000] {logging_mixin.py:190} INFO - [2025-02-27T15:56:24.023+0000] {dag.py:4180} INFO - Setting next_dagrun for example_branch_operator to 2025-02-26 00:00:00+00:00, run_after=2025-02-27 00:00:00+00:00
[2025-02-27T15:56:24.048+0000] {processor.py:208} INFO - Processing /home/airflow/.local/lib/python3.12/site-packages/airflow/example_dags/example_branch_operator.py took 0.131 seconds
[2025-02-27T15:56:54.521+0000] {processor.py:186} INFO - Started process (PID=596) to work on /home/airflow/.local/lib/python3.12/site-packages/airflow/example_dags/example_branch_operator.py
[2025-02-27T15:56:54.522+0000] {processor.py:914} INFO - Processing file /home/airflow/.local/lib/python3.12/site-packages/airflow/example_dags/example_branch_operator.py for tasks to queue
[2025-02-27T15:56:54.524+0000] {logging_mixin.py:190} INFO - [2025-02-27T15:56:54.524+0000] {dagbag.py:588} INFO - Filling up the DagBag from /home/airflow/.local/lib/python3.12/site-packages/airflow/example_dags/example_branch_operator.py
[2025-02-27T15:56:54.543+0000] {processor.py:925} INFO - DAG(s) 'example_branch_operator' retrieved from /home/airflow/.local/lib/python3.12/site-packages/airflow/example_dags/example_branch_operator.py
[2025-02-27T15:56:54.577+0000] {logging_mixin.py:190} INFO - [2025-02-27T15:56:54.576+0000] {dag.py:3239} INFO - Sync 1 DAGs
[2025-02-27T15:56:54.607+0000] {logging_mixin.py:190} INFO - [2025-02-27T15:56:54.607+0000] {dag.py:4180} INFO - Setting next_dagrun for example_branch_operator to 2025-02-26 00:00:00+00:00, run_after=2025-02-27 00:00:00+00:00
[2025-02-27T15:56:54.629+0000] {processor.py:208} INFO - Processing /home/airflow/.local/lib/python3.12/site-packages/airflow/example_dags/example_branch_operator.py took 0.114 seconds
[2025-02-27T15:57:24.875+0000] {processor.py:186} INFO - Started process (PID=659) to work on /home/airflow/.local/lib/python3.12/site-packages/airflow/example_dags/example_branch_operator.py
[2025-02-27T15:57:24.876+0000] {processor.py:914} INFO - Processing file /home/airflow/.local/lib/python3.12/site-packages/airflow/example_dags/example_branch_operator.py for tasks to queue
[2025-02-27T15:57:24.878+0000] {logging_mixin.py:190} INFO - [2025-02-27T15:57:24.877+0000] {dagbag.py:588} INFO - Filling up the DagBag from /home/airflow/.local/lib/python3.12/site-packages/airflow/example_dags/example_branch_operator.py
[2025-02-27T15:57:24.896+0000] {processor.py:925} INFO - DAG(s) 'example_branch_operator' retrieved from /home/airflow/.local/lib/python3.12/site-packages/airflow/example_dags/example_branch_operator.py
[2025-02-27T15:57:24.927+0000] {logging_mixin.py:190} INFO - [2025-02-27T15:57:24.926+0000] {dag.py:3239} INFO - Sync 1 DAGs
[2025-02-27T15:57:24.954+0000] {logging_mixin.py:190} INFO - [2025-02-27T15:57:24.954+0000] {dag.py:4180} INFO - Setting next_dagrun for example_branch_operator to 2025-02-26 00:00:00+00:00, run_after=2025-02-27 00:00:00+00:00
[2025-02-27T15:57:24.973+0000] {processor.py:208} INFO - Processing /home/airflow/.local/lib/python3.12/site-packages/airflow/example_dags/example_branch_operator.py took 0.104 seconds
[2025-02-27T15:57:55.140+0000] {processor.py:186} INFO - Started process (PID=722) to work on /home/airflow/.local/lib/python3.12/site-packages/airflow/example_dags/example_branch_operator.py
[2025-02-27T15:57:55.141+0000] {processor.py:914} INFO - Processing file /home/airflow/.local/lib/python3.12/site-packages/airflow/example_dags/example_branch_operator.py for tasks to queue
[2025-02-27T15:57:55.144+0000] {logging_mixin.py:190} INFO - [2025-02-27T15:57:55.144+0000] {dagbag.py:588} INFO - Filling up the DagBag from /home/airflow/.local/lib/python3.12/site-packages/airflow/example_dags/example_branch_operator.py
[2025-02-27T15:57:55.166+0000] {processor.py:925} INFO - DAG(s) 'example_branch_operator' retrieved from /home/airflow/.local/lib/python3.12/site-packages/airflow/example_dags/example_branch_operator.py
[2025-02-27T15:57:55.199+0000] {logging_mixin.py:190} INFO - [2025-02-27T15:57:55.199+0000] {dag.py:3239} INFO - Sync 1 DAGs
[2025-02-27T15:57:55.229+0000] {logging_mixin.py:190} INFO - [2025-02-27T15:57:55.228+0000] {dag.py:4180} INFO - Setting next_dagrun for example_branch_operator to 2025-02-26 00:00:00+00:00, run_after=2025-02-27 00:00:00+00:00
[2025-02-27T15:57:55.249+0000] {processor.py:208} INFO - Processing /home/airflow/.local/lib/python3.12/site-packages/airflow/example_dags/example_branch_operator.py took 0.115 seconds
[2025-02-27T15:58:25.462+0000] {processor.py:186} INFO - Started process (PID=785) to work on /home/airflow/.local/lib/python3.12/site-packages/airflow/example_dags/example_branch_operator.py
[2025-02-27T15:58:25.464+0000] {processor.py:914} INFO - Processing file /home/airflow/.local/lib/python3.12/site-packages/airflow/example_dags/example_branch_operator.py for tasks to queue
[2025-02-27T15:58:25.466+0000] {logging_mixin.py:190} INFO - [2025-02-27T15:58:25.466+0000] {dagbag.py:588} INFO - Filling up the DagBag from /home/airflow/.local/lib/python3.12/site-packages/airflow/example_dags/example_branch_operator.py
[2025-02-27T15:58:25.484+0000] {processor.py:925} INFO - DAG(s) 'example_branch_operator' retrieved from /home/airflow/.local/lib/python3.12/site-packages/airflow/example_dags/example_branch_operator.py
[2025-02-27T15:58:25.515+0000] {logging_mixin.py:190} INFO - [2025-02-27T15:58:25.515+0000] {dag.py:3239} INFO - Sync 1 DAGs
[2025-02-27T15:58:25.540+0000] {logging_mixin.py:190} INFO - [2025-02-27T15:58:25.540+0000] {dag.py:4180} INFO - Setting next_dagrun for example_branch_operator to 2025-02-26 00:00:00+00:00, run_after=2025-02-27 00:00:00+00:00
[2025-02-27T15:58:25.560+0000] {processor.py:208} INFO - Processing /home/airflow/.local/lib/python3.12/site-packages/airflow/example_dags/example_branch_operator.py took 0.104 seconds
[2025-02-27T15:58:55.736+0000] {processor.py:186} INFO - Started process (PID=848) to work on /home/airflow/.local/lib/python3.12/site-packages/airflow/example_dags/example_branch_operator.py
[2025-02-27T15:58:55.737+0000] {processor.py:914} INFO - Processing file /home/airflow/.local/lib/python3.12/site-packages/airflow/example_dags/example_branch_operator.py for tasks to queue
[2025-02-27T15:58:55.740+0000] {logging_mixin.py:190} INFO - [2025-02-27T15:58:55.740+0000] {dagbag.py:588} INFO - Filling up the DagBag from /home/airflow/.local/lib/python3.12/site-packages/airflow/example_dags/example_branch_operator.py
[2025-02-27T15:58:55.759+0000] {processor.py:925} INFO - DAG(s) 'example_branch_operator' retrieved from /home/airflow/.local/lib/python3.12/site-packages/airflow/example_dags/example_branch_operator.py
[2025-02-27T15:58:55.793+0000] {logging_mixin.py:190} INFO - [2025-02-27T15:58:55.793+0000] {dag.py:3239} INFO - Sync 1 DAGs
[2025-02-27T15:58:55.821+0000] {logging_mixin.py:190} INFO - [2025-02-27T15:58:55.821+0000] {dag.py:4180} INFO - Setting next_dagrun for example_branch_operator to 2025-02-26 00:00:00+00:00, run_after=2025-02-27 00:00:00+00:00
[2025-02-27T15:58:55.843+0000] {processor.py:208} INFO - Processing /home/airflow/.local/lib/python3.12/site-packages/airflow/example_dags/example_branch_operator.py took 0.113 seconds
[2025-02-27T15:59:26.105+0000] {processor.py:186} INFO - Started process (PID=911) to work on /home/airflow/.local/lib/python3.12/site-packages/airflow/example_dags/example_branch_operator.py
[2025-02-27T15:59:26.106+0000] {processor.py:914} INFO - Processing file /home/airflow/.local/lib/python3.12/site-packages/airflow/example_dags/example_branch_operator.py for tasks to queue
[2025-02-27T15:59:26.108+0000] {logging_mixin.py:190} INFO - [2025-02-27T15:59:26.108+0000] {dagbag.py:588} INFO - Filling up the DagBag from /home/airflow/.local/lib/python3.12/site-packages/airflow/example_dags/example_branch_operator.py
[2025-02-27T15:59:26.126+0000] {processor.py:925} INFO - DAG(s) 'example_branch_operator' retrieved from /home/airflow/.local/lib/python3.12/site-packages/airflow/example_dags/example_branch_operator.py
[2025-02-27T15:59:26.156+0000] {logging_mixin.py:190} INFO - [2025-02-27T15:59:26.156+0000] {dag.py:3239} INFO - Sync 1 DAGs
[2025-02-27T15:59:26.182+0000] {logging_mixin.py:190} INFO - [2025-02-27T15:59:26.182+0000] {dag.py:4180} INFO - Setting next_dagrun for example_branch_operator to 2025-02-26 00:00:00+00:00, run_after=2025-02-27 00:00:00+00:00
[2025-02-27T15:59:26.200+0000] {processor.py:208} INFO - Processing /home/airflow/.local/lib/python3.12/site-packages/airflow/example_dags/example_branch_operator.py took 0.101 seconds
[2025-02-27T15:59:56.296+0000] {processor.py:186} INFO - Started process (PID=974) to work on /home/airflow/.local/lib/python3.12/site-packages/airflow/example_dags/example_branch_operator.py
[2025-02-27T15:59:56.297+0000] {processor.py:914} INFO - Processing file /home/airflow/.local/lib/python3.12/site-packages/airflow/example_dags/example_branch_operator.py for tasks to queue
[2025-02-27T15:59:56.299+0000] {logging_mixin.py:190} INFO - [2025-02-27T15:59:56.299+0000] {dagbag.py:588} INFO - Filling up the DagBag from /home/airflow/.local/lib/python3.12/site-packages/airflow/example_dags/example_branch_operator.py
[2025-02-27T15:59:56.323+0000] {processor.py:925} INFO - DAG(s) 'example_branch_operator' retrieved from /home/airflow/.local/lib/python3.12/site-packages/airflow/example_dags/example_branch_operator.py
[2025-02-27T15:59:56.354+0000] {logging_mixin.py:190} INFO - [2025-02-27T15:59:56.354+0000] {dag.py:3239} INFO - Sync 1 DAGs
[2025-02-27T15:59:56.380+0000] {logging_mixin.py:190} INFO - [2025-02-27T15:59:56.380+0000] {dag.py:4180} INFO - Setting next_dagrun for example_branch_operator to 2025-02-26 00:00:00+00:00, run_after=2025-02-27 00:00:00+00:00
[2025-02-27T15:59:56.399+0000] {processor.py:208} INFO - Processing /home/airflow/.local/lib/python3.12/site-packages/airflow/example_dags/example_branch_operator.py took 0.108 seconds
[2025-02-27T16:00:26.830+0000] {processor.py:186} INFO - Started process (PID=1037) to work on /home/airflow/.local/lib/python3.12/site-packages/airflow/example_dags/example_branch_operator.py
[2025-02-27T16:00:26.831+0000] {processor.py:914} INFO - Processing file /home/airflow/.local/lib/python3.12/site-packages/airflow/example_dags/example_branch_operator.py for tasks to queue
[2025-02-27T16:00:26.834+0000] {logging_mixin.py:190} INFO - [2025-02-27T16:00:26.833+0000] {dagbag.py:588} INFO - Filling up the DagBag from /home/airflow/.local/lib/python3.12/site-packages/airflow/example_dags/example_branch_operator.py
[2025-02-27T16:00:26.858+0000] {processor.py:925} INFO - DAG(s) 'example_branch_operator' retrieved from /home/airflow/.local/lib/python3.12/site-packages/airflow/example_dags/example_branch_operator.py
[2025-02-27T16:00:26.911+0000] {logging_mixin.py:190} INFO - [2025-02-27T16:00:26.911+0000] {dag.py:3239} INFO - Sync 1 DAGs
[2025-02-27T16:00:26.974+0000] {logging_mixin.py:190} INFO - [2025-02-27T16:00:26.974+0000] {dag.py:4180} INFO - Setting next_dagrun for example_branch_operator to 2025-02-26 00:00:00+00:00, run_after=2025-02-27 00:00:00+00:00
[2025-02-27T16:00:27.010+0000] {processor.py:208} INFO - Processing /home/airflow/.local/lib/python3.12/site-packages/airflow/example_dags/example_branch_operator.py took 0.186 seconds
[2025-02-27T16:00:57.235+0000] {processor.py:186} INFO - Started process (PID=1100) to work on /home/airflow/.local/lib/python3.12/site-packages/airflow/example_dags/example_branch_operator.py
[2025-02-27T16:00:57.237+0000] {processor.py:914} INFO - Processing file /home/airflow/.local/lib/python3.12/site-packages/airflow/example_dags/example_branch_operator.py for tasks to queue
[2025-02-27T16:00:57.240+0000] {logging_mixin.py:190} INFO - [2025-02-27T16:00:57.240+0000] {dagbag.py:588} INFO - Filling up the DagBag from /home/airflow/.local/lib/python3.12/site-packages/airflow/example_dags/example_branch_operator.py
[2025-02-27T16:00:57.264+0000] {processor.py:925} INFO - DAG(s) 'example_branch_operator' retrieved from /home/airflow/.local/lib/python3.12/site-packages/airflow/example_dags/example_branch_operator.py
[2025-02-27T16:00:57.298+0000] {logging_mixin.py:190} INFO - [2025-02-27T16:00:57.298+0000] {dag.py:3239} INFO - Sync 1 DAGs
[2025-02-27T16:00:57.334+0000] {logging_mixin.py:190} INFO - [2025-02-27T16:00:57.334+0000] {dag.py:4180} INFO - Setting next_dagrun for example_branch_operator to 2025-02-26 00:00:00+00:00, run_after=2025-02-27 00:00:00+00:00
[2025-02-27T16:00:57.361+0000] {processor.py:208} INFO - Processing /home/airflow/.local/lib/python3.12/site-packages/airflow/example_dags/example_branch_operator.py took 0.136 seconds
