[2025-02-27T15:52:57.975+0000] {processor.py:186} INFO - Started process (PID=114) to work on /home/airflow/.local/lib/python3.12/site-packages/airflow/example_dags/example_params_trigger_ui.py
[2025-02-27T15:52:57.976+0000] {processor.py:914} INFO - Processing file /home/airflow/.local/lib/python3.12/site-packages/airflow/example_dags/example_params_trigger_ui.py for tasks to queue
[2025-02-27T15:52:57.980+0000] {logging_mixin.py:190} INFO - [2025-02-27T15:52:57.980+0000] {dagbag.py:588} INFO - Filling up the DagBag from /home/airflow/.local/lib/python3.12/site-packages/airflow/example_dags/example_params_trigger_ui.py
[2025-02-27T15:52:57.999+0000] {processor.py:925} INFO - DAG(s) 'example_params_trigger_ui' retrieved from /home/airflow/.local/lib/python3.12/site-packages/airflow/example_dags/example_params_trigger_ui.py
[2025-02-27T15:52:58.167+0000] {logging_mixin.py:190} INFO - [2025-02-27T15:52:58.166+0000] {override.py:1912} INFO - Created Permission View: can edit on DAG:example_params_trigger_ui
[2025-02-27T15:52:58.182+0000] {logging_mixin.py:190} INFO - [2025-02-27T15:52:58.182+0000] {override.py:1912} INFO - Created Permission View: can delete on DAG:example_params_trigger_ui
[2025-02-27T15:52:58.193+0000] {logging_mixin.py:190} INFO - [2025-02-27T15:52:58.193+0000] {override.py:1912} INFO - Created Permission View: can read on DAG:example_params_trigger_ui
[2025-02-27T15:52:58.206+0000] {logging_mixin.py:190} INFO - [2025-02-27T15:52:58.205+0000] {override.py:1912} INFO - Created Permission View: can delete on DAG Run:example_params_trigger_ui
[2025-02-27T15:52:58.216+0000] {logging_mixin.py:190} INFO - [2025-02-27T15:52:58.215+0000] {override.py:1912} INFO - Created Permission View: menu access on DAG Run:example_params_trigger_ui
[2025-02-27T15:52:58.225+0000] {logging_mixin.py:190} INFO - [2025-02-27T15:52:58.225+0000] {override.py:1912} INFO - Created Permission View: can read on DAG Run:example_params_trigger_ui
[2025-02-27T15:52:58.236+0000] {logging_mixin.py:190} INFO - [2025-02-27T15:52:58.235+0000] {override.py:1912} INFO - Created Permission View: can create on DAG Run:example_params_trigger_ui
[2025-02-27T15:52:58.236+0000] {logging_mixin.py:190} INFO - [2025-02-27T15:52:58.236+0000] {dag.py:3239} INFO - Sync 1 DAGs
[2025-02-27T15:52:58.254+0000] {logging_mixin.py:190} INFO - [2025-02-27T15:52:58.253+0000] {dag.py:3262} INFO - Creating ORM DAG for example_params_trigger_ui
[2025-02-27T15:52:58.256+0000] {logging_mixin.py:190} INFO - [2025-02-27T15:52:58.256+0000] {dag.py:4180} INFO - Setting next_dagrun for example_params_trigger_ui to None, run_after=None
[2025-02-27T15:52:58.282+0000] {processor.py:208} INFO - Processing /home/airflow/.local/lib/python3.12/site-packages/airflow/example_dags/example_params_trigger_ui.py took 0.314 seconds
[2025-02-27T15:53:28.901+0000] {processor.py:186} INFO - Started process (PID=177) to work on /home/airflow/.local/lib/python3.12/site-packages/airflow/example_dags/example_params_trigger_ui.py
[2025-02-27T15:53:28.902+0000] {processor.py:914} INFO - Processing file /home/airflow/.local/lib/python3.12/site-packages/airflow/example_dags/example_params_trigger_ui.py for tasks to queue
[2025-02-27T15:53:28.905+0000] {logging_mixin.py:190} INFO - [2025-02-27T15:53:28.905+0000] {dagbag.py:588} INFO - Filling up the DagBag from /home/airflow/.local/lib/python3.12/site-packages/airflow/example_dags/example_params_trigger_ui.py
[2025-02-27T15:53:28.921+0000] {processor.py:925} INFO - DAG(s) 'example_params_trigger_ui' retrieved from /home/airflow/.local/lib/python3.12/site-packages/airflow/example_dags/example_params_trigger_ui.py
[2025-02-27T15:53:28.976+0000] {logging_mixin.py:190} INFO - [2025-02-27T15:53:28.976+0000] {dag.py:3239} INFO - Sync 1 DAGs
[2025-02-27T15:53:28.992+0000] {logging_mixin.py:190} INFO - [2025-02-27T15:53:28.991+0000] {dag.py:4180} INFO - Setting next_dagrun for example_params_trigger_ui to None, run_after=None
[2025-02-27T15:53:29.024+0000] {processor.py:208} INFO - Processing /home/airflow/.local/lib/python3.12/site-packages/airflow/example_dags/example_params_trigger_ui.py took 0.131 seconds
[2025-02-27T15:54:00.057+0000] {processor.py:186} INFO - Started process (PID=240) to work on /home/airflow/.local/lib/python3.12/site-packages/airflow/example_dags/example_params_trigger_ui.py
[2025-02-27T15:54:00.058+0000] {processor.py:914} INFO - Processing file /home/airflow/.local/lib/python3.12/site-packages/airflow/example_dags/example_params_trigger_ui.py for tasks to queue
[2025-02-27T15:54:00.062+0000] {logging_mixin.py:190} INFO - [2025-02-27T15:54:00.061+0000] {dagbag.py:588} INFO - Filling up the DagBag from /home/airflow/.local/lib/python3.12/site-packages/airflow/example_dags/example_params_trigger_ui.py
[2025-02-27T15:54:00.076+0000] {processor.py:925} INFO - DAG(s) 'example_params_trigger_ui' retrieved from /home/airflow/.local/lib/python3.12/site-packages/airflow/example_dags/example_params_trigger_ui.py
[2025-02-27T15:54:00.133+0000] {logging_mixin.py:190} INFO - [2025-02-27T15:54:00.132+0000] {dag.py:3239} INFO - Sync 1 DAGs
[2025-02-27T15:54:00.151+0000] {logging_mixin.py:190} INFO - [2025-02-27T15:54:00.150+0000] {dag.py:4180} INFO - Setting next_dagrun for example_params_trigger_ui to None, run_after=None
[2025-02-27T15:54:00.174+0000] {processor.py:208} INFO - Processing /home/airflow/.local/lib/python3.12/site-packages/airflow/example_dags/example_params_trigger_ui.py took 0.124 seconds
[2025-02-27T15:54:31.021+0000] {processor.py:186} INFO - Started process (PID=303) to work on /home/airflow/.local/lib/python3.12/site-packages/airflow/example_dags/example_params_trigger_ui.py
[2025-02-27T15:54:31.022+0000] {processor.py:914} INFO - Processing file /home/airflow/.local/lib/python3.12/site-packages/airflow/example_dags/example_params_trigger_ui.py for tasks to queue
[2025-02-27T15:54:31.024+0000] {logging_mixin.py:190} INFO - [2025-02-27T15:54:31.024+0000] {dagbag.py:588} INFO - Filling up the DagBag from /home/airflow/.local/lib/python3.12/site-packages/airflow/example_dags/example_params_trigger_ui.py
[2025-02-27T15:54:31.035+0000] {processor.py:925} INFO - DAG(s) 'example_params_trigger_ui' retrieved from /home/airflow/.local/lib/python3.12/site-packages/airflow/example_dags/example_params_trigger_ui.py
[2025-02-27T15:54:31.090+0000] {logging_mixin.py:190} INFO - [2025-02-27T15:54:31.089+0000] {dag.py:3239} INFO - Sync 1 DAGs
[2025-02-27T15:54:31.105+0000] {logging_mixin.py:190} INFO - [2025-02-27T15:54:31.105+0000] {dag.py:4180} INFO - Setting next_dagrun for example_params_trigger_ui to None, run_after=None
[2025-02-27T15:54:31.128+0000] {processor.py:208} INFO - Processing /home/airflow/.local/lib/python3.12/site-packages/airflow/example_dags/example_params_trigger_ui.py took 0.113 seconds
[2025-02-27T15:55:02.360+0000] {processor.py:186} INFO - Started process (PID=365) to work on /home/airflow/.local/lib/python3.12/site-packages/airflow/example_dags/example_params_trigger_ui.py
[2025-02-27T15:55:02.361+0000] {processor.py:914} INFO - Processing file /home/airflow/.local/lib/python3.12/site-packages/airflow/example_dags/example_params_trigger_ui.py for tasks to queue
[2025-02-27T15:55:02.363+0000] {logging_mixin.py:190} INFO - [2025-02-27T15:55:02.362+0000] {dagbag.py:588} INFO - Filling up the DagBag from /home/airflow/.local/lib/python3.12/site-packages/airflow/example_dags/example_params_trigger_ui.py
[2025-02-27T15:55:02.373+0000] {processor.py:925} INFO - DAG(s) 'example_params_trigger_ui' retrieved from /home/airflow/.local/lib/python3.12/site-packages/airflow/example_dags/example_params_trigger_ui.py
[2025-02-27T15:55:02.427+0000] {logging_mixin.py:190} INFO - [2025-02-27T15:55:02.427+0000] {dag.py:3239} INFO - Sync 1 DAGs
[2025-02-27T15:55:02.444+0000] {logging_mixin.py:190} INFO - [2025-02-27T15:55:02.444+0000] {dag.py:4180} INFO - Setting next_dagrun for example_params_trigger_ui to None, run_after=None
[2025-02-27T15:55:02.464+0000] {processor.py:208} INFO - Processing /home/airflow/.local/lib/python3.12/site-packages/airflow/example_dags/example_params_trigger_ui.py took 0.110 seconds
[2025-02-27T15:55:33.891+0000] {processor.py:186} INFO - Started process (PID=428) to work on /home/airflow/.local/lib/python3.12/site-packages/airflow/example_dags/example_params_trigger_ui.py
[2025-02-27T15:55:33.892+0000] {processor.py:914} INFO - Processing file /home/airflow/.local/lib/python3.12/site-packages/airflow/example_dags/example_params_trigger_ui.py for tasks to queue
[2025-02-27T15:55:33.895+0000] {logging_mixin.py:190} INFO - [2025-02-27T15:55:33.895+0000] {dagbag.py:588} INFO - Filling up the DagBag from /home/airflow/.local/lib/python3.12/site-packages/airflow/example_dags/example_params_trigger_ui.py
[2025-02-27T15:55:33.912+0000] {processor.py:925} INFO - DAG(s) 'example_params_trigger_ui' retrieved from /home/airflow/.local/lib/python3.12/site-packages/airflow/example_dags/example_params_trigger_ui.py
[2025-02-27T15:55:33.967+0000] {logging_mixin.py:190} INFO - [2025-02-27T15:55:33.967+0000] {dag.py:3239} INFO - Sync 1 DAGs
[2025-02-27T15:55:33.988+0000] {logging_mixin.py:190} INFO - [2025-02-27T15:55:33.988+0000] {dag.py:4180} INFO - Setting next_dagrun for example_params_trigger_ui to None, run_after=None
[2025-02-27T15:55:34.013+0000] {processor.py:208} INFO - Processing /home/airflow/.local/lib/python3.12/site-packages/airflow/example_dags/example_params_trigger_ui.py took 0.130 seconds
[2025-02-27T15:56:04.987+0000] {processor.py:186} INFO - Started process (PID=491) to work on /home/airflow/.local/lib/python3.12/site-packages/airflow/example_dags/example_params_trigger_ui.py
[2025-02-27T15:56:04.988+0000] {processor.py:914} INFO - Processing file /home/airflow/.local/lib/python3.12/site-packages/airflow/example_dags/example_params_trigger_ui.py for tasks to queue
[2025-02-27T15:56:04.992+0000] {logging_mixin.py:190} INFO - [2025-02-27T15:56:04.991+0000] {dagbag.py:588} INFO - Filling up the DagBag from /home/airflow/.local/lib/python3.12/site-packages/airflow/example_dags/example_params_trigger_ui.py
[2025-02-27T15:56:05.007+0000] {processor.py:925} INFO - DAG(s) 'example_params_trigger_ui' retrieved from /home/airflow/.local/lib/python3.12/site-packages/airflow/example_dags/example_params_trigger_ui.py
[2025-02-27T15:56:05.071+0000] {logging_mixin.py:190} INFO - [2025-02-27T15:56:05.071+0000] {dag.py:3239} INFO - Sync 1 DAGs
[2025-02-27T15:56:05.094+0000] {logging_mixin.py:190} INFO - [2025-02-27T15:56:05.094+0000] {dag.py:4180} INFO - Setting next_dagrun for example_params_trigger_ui to None, run_after=None
[2025-02-27T15:56:05.125+0000] {processor.py:208} INFO - Processing /home/airflow/.local/lib/python3.12/site-packages/airflow/example_dags/example_params_trigger_ui.py took 0.146 seconds
[2025-02-27T15:56:35.844+0000] {processor.py:186} INFO - Started process (PID=554) to work on /home/airflow/.local/lib/python3.12/site-packages/airflow/example_dags/example_params_trigger_ui.py
[2025-02-27T15:56:35.846+0000] {processor.py:914} INFO - Processing file /home/airflow/.local/lib/python3.12/site-packages/airflow/example_dags/example_params_trigger_ui.py for tasks to queue
[2025-02-27T15:56:35.848+0000] {logging_mixin.py:190} INFO - [2025-02-27T15:56:35.847+0000] {dagbag.py:588} INFO - Filling up the DagBag from /home/airflow/.local/lib/python3.12/site-packages/airflow/example_dags/example_params_trigger_ui.py
[2025-02-27T15:56:35.859+0000] {processor.py:925} INFO - DAG(s) 'example_params_trigger_ui' retrieved from /home/airflow/.local/lib/python3.12/site-packages/airflow/example_dags/example_params_trigger_ui.py
[2025-02-27T15:56:35.906+0000] {logging_mixin.py:190} INFO - [2025-02-27T15:56:35.906+0000] {dag.py:3239} INFO - Sync 1 DAGs
[2025-02-27T15:56:35.921+0000] {logging_mixin.py:190} INFO - [2025-02-27T15:56:35.921+0000] {dag.py:4180} INFO - Setting next_dagrun for example_params_trigger_ui to None, run_after=None
[2025-02-27T15:56:35.942+0000] {processor.py:208} INFO - Processing /home/airflow/.local/lib/python3.12/site-packages/airflow/example_dags/example_params_trigger_ui.py took 0.103 seconds
[2025-02-27T15:57:06.083+0000] {processor.py:186} INFO - Started process (PID=617) to work on /home/airflow/.local/lib/python3.12/site-packages/airflow/example_dags/example_params_trigger_ui.py
[2025-02-27T15:57:06.084+0000] {processor.py:914} INFO - Processing file /home/airflow/.local/lib/python3.12/site-packages/airflow/example_dags/example_params_trigger_ui.py for tasks to queue
[2025-02-27T15:57:06.086+0000] {logging_mixin.py:190} INFO - [2025-02-27T15:57:06.086+0000] {dagbag.py:588} INFO - Filling up the DagBag from /home/airflow/.local/lib/python3.12/site-packages/airflow/example_dags/example_params_trigger_ui.py
[2025-02-27T15:57:06.098+0000] {processor.py:925} INFO - DAG(s) 'example_params_trigger_ui' retrieved from /home/airflow/.local/lib/python3.12/site-packages/airflow/example_dags/example_params_trigger_ui.py
[2025-02-27T15:57:06.146+0000] {logging_mixin.py:190} INFO - [2025-02-27T15:57:06.146+0000] {dag.py:3239} INFO - Sync 1 DAGs
[2025-02-27T15:57:06.162+0000] {logging_mixin.py:190} INFO - [2025-02-27T15:57:06.162+0000] {dag.py:4180} INFO - Setting next_dagrun for example_params_trigger_ui to None, run_after=None
[2025-02-27T15:57:06.181+0000] {processor.py:208} INFO - Processing /home/airflow/.local/lib/python3.12/site-packages/airflow/example_dags/example_params_trigger_ui.py took 0.104 seconds
[2025-02-27T15:57:36.287+0000] {processor.py:186} INFO - Started process (PID=679) to work on /home/airflow/.local/lib/python3.12/site-packages/airflow/example_dags/example_params_trigger_ui.py
[2025-02-27T15:57:36.288+0000] {processor.py:914} INFO - Processing file /home/airflow/.local/lib/python3.12/site-packages/airflow/example_dags/example_params_trigger_ui.py for tasks to queue
[2025-02-27T15:57:36.290+0000] {logging_mixin.py:190} INFO - [2025-02-27T15:57:36.290+0000] {dagbag.py:588} INFO - Filling up the DagBag from /home/airflow/.local/lib/python3.12/site-packages/airflow/example_dags/example_params_trigger_ui.py
[2025-02-27T15:57:36.302+0000] {processor.py:925} INFO - DAG(s) 'example_params_trigger_ui' retrieved from /home/airflow/.local/lib/python3.12/site-packages/airflow/example_dags/example_params_trigger_ui.py
[2025-02-27T15:57:36.352+0000] {logging_mixin.py:190} INFO - [2025-02-27T15:57:36.351+0000] {dag.py:3239} INFO - Sync 1 DAGs
[2025-02-27T15:57:36.368+0000] {logging_mixin.py:190} INFO - [2025-02-27T15:57:36.368+0000] {dag.py:4180} INFO - Setting next_dagrun for example_params_trigger_ui to None, run_after=None
[2025-02-27T15:57:36.392+0000] {processor.py:208} INFO - Processing /home/airflow/.local/lib/python3.12/site-packages/airflow/example_dags/example_params_trigger_ui.py took 0.111 seconds
[2025-02-27T15:58:06.527+0000] {processor.py:186} INFO - Started process (PID=742) to work on /home/airflow/.local/lib/python3.12/site-packages/airflow/example_dags/example_params_trigger_ui.py
[2025-02-27T15:58:06.528+0000] {processor.py:914} INFO - Processing file /home/airflow/.local/lib/python3.12/site-packages/airflow/example_dags/example_params_trigger_ui.py for tasks to queue
[2025-02-27T15:58:06.530+0000] {logging_mixin.py:190} INFO - [2025-02-27T15:58:06.530+0000] {dagbag.py:588} INFO - Filling up the DagBag from /home/airflow/.local/lib/python3.12/site-packages/airflow/example_dags/example_params_trigger_ui.py
[2025-02-27T15:58:06.541+0000] {processor.py:925} INFO - DAG(s) 'example_params_trigger_ui' retrieved from /home/airflow/.local/lib/python3.12/site-packages/airflow/example_dags/example_params_trigger_ui.py
[2025-02-27T15:58:06.588+0000] {logging_mixin.py:190} INFO - [2025-02-27T15:58:06.587+0000] {dag.py:3239} INFO - Sync 1 DAGs
[2025-02-27T15:58:06.603+0000] {logging_mixin.py:190} INFO - [2025-02-27T15:58:06.603+0000] {dag.py:4180} INFO - Setting next_dagrun for example_params_trigger_ui to None, run_after=None
[2025-02-27T15:58:06.637+0000] {processor.py:208} INFO - Processing /home/airflow/.local/lib/python3.12/site-packages/airflow/example_dags/example_params_trigger_ui.py took 0.115 seconds
[2025-02-27T15:58:37.107+0000] {processor.py:186} INFO - Started process (PID=805) to work on /home/airflow/.local/lib/python3.12/site-packages/airflow/example_dags/example_params_trigger_ui.py
[2025-02-27T15:58:37.108+0000] {processor.py:914} INFO - Processing file /home/airflow/.local/lib/python3.12/site-packages/airflow/example_dags/example_params_trigger_ui.py for tasks to queue
[2025-02-27T15:58:37.111+0000] {logging_mixin.py:190} INFO - [2025-02-27T15:58:37.110+0000] {dagbag.py:588} INFO - Filling up the DagBag from /home/airflow/.local/lib/python3.12/site-packages/airflow/example_dags/example_params_trigger_ui.py
[2025-02-27T15:58:37.124+0000] {processor.py:925} INFO - DAG(s) 'example_params_trigger_ui' retrieved from /home/airflow/.local/lib/python3.12/site-packages/airflow/example_dags/example_params_trigger_ui.py
[2025-02-27T15:58:37.182+0000] {logging_mixin.py:190} INFO - [2025-02-27T15:58:37.182+0000] {dag.py:3239} INFO - Sync 1 DAGs
[2025-02-27T15:58:37.200+0000] {logging_mixin.py:190} INFO - [2025-02-27T15:58:37.200+0000] {dag.py:4180} INFO - Setting next_dagrun for example_params_trigger_ui to None, run_after=None
[2025-02-27T15:58:37.225+0000] {processor.py:208} INFO - Processing /home/airflow/.local/lib/python3.12/site-packages/airflow/example_dags/example_params_trigger_ui.py took 0.124 seconds
[2025-02-27T15:59:08.120+0000] {processor.py:186} INFO - Started process (PID=868) to work on /home/airflow/.local/lib/python3.12/site-packages/airflow/example_dags/example_params_trigger_ui.py
[2025-02-27T15:59:08.121+0000] {processor.py:914} INFO - Processing file /home/airflow/.local/lib/python3.12/site-packages/airflow/example_dags/example_params_trigger_ui.py for tasks to queue
[2025-02-27T15:59:08.123+0000] {logging_mixin.py:190} INFO - [2025-02-27T15:59:08.123+0000] {dagbag.py:588} INFO - Filling up the DagBag from /home/airflow/.local/lib/python3.12/site-packages/airflow/example_dags/example_params_trigger_ui.py
[2025-02-27T15:59:08.134+0000] {processor.py:925} INFO - DAG(s) 'example_params_trigger_ui' retrieved from /home/airflow/.local/lib/python3.12/site-packages/airflow/example_dags/example_params_trigger_ui.py
[2025-02-27T15:59:08.182+0000] {logging_mixin.py:190} INFO - [2025-02-27T15:59:08.182+0000] {dag.py:3239} INFO - Sync 1 DAGs
[2025-02-27T15:59:08.197+0000] {logging_mixin.py:190} INFO - [2025-02-27T15:59:08.197+0000] {dag.py:4180} INFO - Setting next_dagrun for example_params_trigger_ui to None, run_after=None
[2025-02-27T15:59:08.216+0000] {processor.py:208} INFO - Processing /home/airflow/.local/lib/python3.12/site-packages/airflow/example_dags/example_params_trigger_ui.py took 0.101 seconds
[2025-02-27T15:59:38.447+0000] {processor.py:186} INFO - Started process (PID=931) to work on /home/airflow/.local/lib/python3.12/site-packages/airflow/example_dags/example_params_trigger_ui.py
[2025-02-27T15:59:38.448+0000] {processor.py:914} INFO - Processing file /home/airflow/.local/lib/python3.12/site-packages/airflow/example_dags/example_params_trigger_ui.py for tasks to queue
[2025-02-27T15:59:38.450+0000] {logging_mixin.py:190} INFO - [2025-02-27T15:59:38.450+0000] {dagbag.py:588} INFO - Filling up the DagBag from /home/airflow/.local/lib/python3.12/site-packages/airflow/example_dags/example_params_trigger_ui.py
[2025-02-27T15:59:38.461+0000] {processor.py:925} INFO - DAG(s) 'example_params_trigger_ui' retrieved from /home/airflow/.local/lib/python3.12/site-packages/airflow/example_dags/example_params_trigger_ui.py
[2025-02-27T15:59:38.511+0000] {logging_mixin.py:190} INFO - [2025-02-27T15:59:38.510+0000] {dag.py:3239} INFO - Sync 1 DAGs
[2025-02-27T15:59:38.526+0000] {logging_mixin.py:190} INFO - [2025-02-27T15:59:38.525+0000] {dag.py:4180} INFO - Setting next_dagrun for example_params_trigger_ui to None, run_after=None
[2025-02-27T15:59:38.544+0000] {processor.py:208} INFO - Processing /home/airflow/.local/lib/python3.12/site-packages/airflow/example_dags/example_params_trigger_ui.py took 0.103 seconds
