[2025-02-27T15:52:50.273+0000] {processor.py:186} INFO - Started process (PID=92) to work on /home/airflow/.local/lib/python3.12/site-packages/airflow/example_dags/example_bash_decorator.py
[2025-02-27T15:52:50.274+0000] {processor.py:914} INFO - Processing file /home/airflow/.local/lib/python3.12/site-packages/airflow/example_dags/example_bash_decorator.py for tasks to queue
[2025-02-27T15:52:50.277+0000] {logging_mixin.py:190} INFO - [2025-02-27T15:52:50.277+0000] {dagbag.py:588} INFO - Filling up the DagBag from /home/airflow/.local/lib/python3.12/site-packages/airflow/example_dags/example_bash_decorator.py
[2025-02-27T15:52:50.297+0000] {processor.py:925} INFO - DAG(s) 'example_bash_decorator' retrieved from /home/airflow/.local/lib/python3.12/site-packages/airflow/example_dags/example_bash_decorator.py
[2025-02-27T15:52:50.447+0000] {logging_mixin.py:190} INFO - [2025-02-27T15:52:50.446+0000] {override.py:1912} INFO - Created Permission View: can edit on DAG:example_bash_decorator
[2025-02-27T15:52:50.467+0000] {logging_mixin.py:190} INFO - [2025-02-27T15:52:50.467+0000] {override.py:1912} INFO - Created Permission View: can delete on DAG:example_bash_decorator
[2025-02-27T15:52:50.483+0000] {logging_mixin.py:190} INFO - [2025-02-27T15:52:50.482+0000] {override.py:1912} INFO - Created Permission View: can read on DAG:example_bash_decorator
[2025-02-27T15:52:50.499+0000] {logging_mixin.py:190} INFO - [2025-02-27T15:52:50.498+0000] {override.py:1912} INFO - Created Permission View: can delete on DAG Run:example_bash_decorator
[2025-02-27T15:52:50.510+0000] {logging_mixin.py:190} INFO - [2025-02-27T15:52:50.510+0000] {override.py:1912} INFO - Created Permission View: menu access on DAG Run:example_bash_decorator
[2025-02-27T15:52:50.526+0000] {logging_mixin.py:190} INFO - [2025-02-27T15:52:50.526+0000] {override.py:1912} INFO - Created Permission View: can read on DAG Run:example_bash_decorator
[2025-02-27T15:52:50.541+0000] {logging_mixin.py:190} INFO - [2025-02-27T15:52:50.541+0000] {override.py:1912} INFO - Created Permission View: can create on DAG Run:example_bash_decorator
[2025-02-27T15:52:50.542+0000] {logging_mixin.py:190} INFO - [2025-02-27T15:52:50.542+0000] {dag.py:3239} INFO - Sync 1 DAGs
[2025-02-27T15:52:50.573+0000] {logging_mixin.py:190} INFO - [2025-02-27T15:52:50.572+0000] {dag.py:3262} INFO - Creating ORM DAG for example_bash_decorator
[2025-02-27T15:52:50.580+0000] {logging_mixin.py:190} INFO - [2025-02-27T15:52:50.579+0000] {dag.py:4180} INFO - Setting next_dagrun for example_bash_decorator to None, run_after=None
[2025-02-27T15:52:50.619+0000] {processor.py:208} INFO - Processing /home/airflow/.local/lib/python3.12/site-packages/airflow/example_dags/example_bash_decorator.py took 0.353 seconds
[2025-02-27T15:53:20.945+0000] {processor.py:186} INFO - Started process (PID=155) to work on /home/airflow/.local/lib/python3.12/site-packages/airflow/example_dags/example_bash_decorator.py
[2025-02-27T15:53:20.946+0000] {processor.py:914} INFO - Processing file /home/airflow/.local/lib/python3.12/site-packages/airflow/example_dags/example_bash_decorator.py for tasks to queue
[2025-02-27T15:53:20.948+0000] {logging_mixin.py:190} INFO - [2025-02-27T15:53:20.948+0000] {dagbag.py:588} INFO - Filling up the DagBag from /home/airflow/.local/lib/python3.12/site-packages/airflow/example_dags/example_bash_decorator.py
[2025-02-27T15:53:20.964+0000] {processor.py:925} INFO - DAG(s) 'example_bash_decorator' retrieved from /home/airflow/.local/lib/python3.12/site-packages/airflow/example_dags/example_bash_decorator.py
[2025-02-27T15:53:20.993+0000] {logging_mixin.py:190} INFO - [2025-02-27T15:53:20.993+0000] {dag.py:3239} INFO - Sync 1 DAGs
[2025-02-27T15:53:21.011+0000] {logging_mixin.py:190} INFO - [2025-02-27T15:53:21.011+0000] {dag.py:4180} INFO - Setting next_dagrun for example_bash_decorator to None, run_after=None
[2025-02-27T15:53:21.035+0000] {processor.py:208} INFO - Processing /home/airflow/.local/lib/python3.12/site-packages/airflow/example_dags/example_bash_decorator.py took 0.097 seconds
[2025-02-27T15:53:51.561+0000] {processor.py:186} INFO - Started process (PID=218) to work on /home/airflow/.local/lib/python3.12/site-packages/airflow/example_dags/example_bash_decorator.py
[2025-02-27T15:53:51.562+0000] {processor.py:914} INFO - Processing file /home/airflow/.local/lib/python3.12/site-packages/airflow/example_dags/example_bash_decorator.py for tasks to queue
[2025-02-27T15:53:51.564+0000] {logging_mixin.py:190} INFO - [2025-02-27T15:53:51.564+0000] {dagbag.py:588} INFO - Filling up the DagBag from /home/airflow/.local/lib/python3.12/site-packages/airflow/example_dags/example_bash_decorator.py
[2025-02-27T15:53:51.580+0000] {processor.py:925} INFO - DAG(s) 'example_bash_decorator' retrieved from /home/airflow/.local/lib/python3.12/site-packages/airflow/example_dags/example_bash_decorator.py
[2025-02-27T15:53:51.605+0000] {logging_mixin.py:190} INFO - [2025-02-27T15:53:51.605+0000] {dag.py:3239} INFO - Sync 1 DAGs
[2025-02-27T15:53:51.621+0000] {logging_mixin.py:190} INFO - [2025-02-27T15:53:51.621+0000] {dag.py:4180} INFO - Setting next_dagrun for example_bash_decorator to None, run_after=None
[2025-02-27T15:53:51.642+0000] {processor.py:208} INFO - Processing /home/airflow/.local/lib/python3.12/site-packages/airflow/example_dags/example_bash_decorator.py took 0.086 seconds
[2025-02-27T15:54:22.320+0000] {processor.py:186} INFO - Started process (PID=281) to work on /home/airflow/.local/lib/python3.12/site-packages/airflow/example_dags/example_bash_decorator.py
[2025-02-27T15:54:22.322+0000] {processor.py:914} INFO - Processing file /home/airflow/.local/lib/python3.12/site-packages/airflow/example_dags/example_bash_decorator.py for tasks to queue
[2025-02-27T15:54:22.324+0000] {logging_mixin.py:190} INFO - [2025-02-27T15:54:22.324+0000] {dagbag.py:588} INFO - Filling up the DagBag from /home/airflow/.local/lib/python3.12/site-packages/airflow/example_dags/example_bash_decorator.py
[2025-02-27T15:54:22.345+0000] {processor.py:925} INFO - DAG(s) 'example_bash_decorator' retrieved from /home/airflow/.local/lib/python3.12/site-packages/airflow/example_dags/example_bash_decorator.py
[2025-02-27T15:54:22.377+0000] {logging_mixin.py:190} INFO - [2025-02-27T15:54:22.376+0000] {dag.py:3239} INFO - Sync 1 DAGs
[2025-02-27T15:54:22.396+0000] {logging_mixin.py:190} INFO - [2025-02-27T15:54:22.396+0000] {dag.py:4180} INFO - Setting next_dagrun for example_bash_decorator to None, run_after=None
[2025-02-27T15:54:22.423+0000] {processor.py:208} INFO - Processing /home/airflow/.local/lib/python3.12/site-packages/airflow/example_dags/example_bash_decorator.py took 0.109 seconds
[2025-02-27T15:54:52.857+0000] {processor.py:186} INFO - Started process (PID=344) to work on /home/airflow/.local/lib/python3.12/site-packages/airflow/example_dags/example_bash_decorator.py
[2025-02-27T15:54:52.858+0000] {processor.py:914} INFO - Processing file /home/airflow/.local/lib/python3.12/site-packages/airflow/example_dags/example_bash_decorator.py for tasks to queue
[2025-02-27T15:54:52.861+0000] {logging_mixin.py:190} INFO - [2025-02-27T15:54:52.860+0000] {dagbag.py:588} INFO - Filling up the DagBag from /home/airflow/.local/lib/python3.12/site-packages/airflow/example_dags/example_bash_decorator.py
[2025-02-27T15:54:52.878+0000] {processor.py:925} INFO - DAG(s) 'example_bash_decorator' retrieved from /home/airflow/.local/lib/python3.12/site-packages/airflow/example_dags/example_bash_decorator.py
[2025-02-27T15:54:52.906+0000] {logging_mixin.py:190} INFO - [2025-02-27T15:54:52.906+0000] {dag.py:3239} INFO - Sync 1 DAGs
[2025-02-27T15:54:52.927+0000] {logging_mixin.py:190} INFO - [2025-02-27T15:54:52.927+0000] {dag.py:4180} INFO - Setting next_dagrun for example_bash_decorator to None, run_after=None
[2025-02-27T15:54:52.955+0000] {processor.py:208} INFO - Processing /home/airflow/.local/lib/python3.12/site-packages/airflow/example_dags/example_bash_decorator.py took 0.105 seconds
[2025-02-27T15:55:23.199+0000] {processor.py:186} INFO - Started process (PID=407) to work on /home/airflow/.local/lib/python3.12/site-packages/airflow/example_dags/example_bash_decorator.py
[2025-02-27T15:55:23.199+0000] {processor.py:914} INFO - Processing file /home/airflow/.local/lib/python3.12/site-packages/airflow/example_dags/example_bash_decorator.py for tasks to queue
[2025-02-27T15:55:23.202+0000] {logging_mixin.py:190} INFO - [2025-02-27T15:55:23.201+0000] {dagbag.py:588} INFO - Filling up the DagBag from /home/airflow/.local/lib/python3.12/site-packages/airflow/example_dags/example_bash_decorator.py
[2025-02-27T15:55:23.217+0000] {processor.py:925} INFO - DAG(s) 'example_bash_decorator' retrieved from /home/airflow/.local/lib/python3.12/site-packages/airflow/example_dags/example_bash_decorator.py
[2025-02-27T15:55:23.251+0000] {logging_mixin.py:190} INFO - [2025-02-27T15:55:23.251+0000] {dag.py:3239} INFO - Sync 1 DAGs
[2025-02-27T15:55:23.282+0000] {logging_mixin.py:190} INFO - [2025-02-27T15:55:23.281+0000] {dag.py:4180} INFO - Setting next_dagrun for example_bash_decorator to None, run_after=None
[2025-02-27T15:55:23.307+0000] {processor.py:208} INFO - Processing /home/airflow/.local/lib/python3.12/site-packages/airflow/example_dags/example_bash_decorator.py took 0.114 seconds
[2025-02-27T15:55:53.497+0000] {processor.py:186} INFO - Started process (PID=470) to work on /home/airflow/.local/lib/python3.12/site-packages/airflow/example_dags/example_bash_decorator.py
[2025-02-27T15:55:53.498+0000] {processor.py:914} INFO - Processing file /home/airflow/.local/lib/python3.12/site-packages/airflow/example_dags/example_bash_decorator.py for tasks to queue
[2025-02-27T15:55:53.500+0000] {logging_mixin.py:190} INFO - [2025-02-27T15:55:53.499+0000] {dagbag.py:588} INFO - Filling up the DagBag from /home/airflow/.local/lib/python3.12/site-packages/airflow/example_dags/example_bash_decorator.py
[2025-02-27T15:55:53.514+0000] {processor.py:925} INFO - DAG(s) 'example_bash_decorator' retrieved from /home/airflow/.local/lib/python3.12/site-packages/airflow/example_dags/example_bash_decorator.py
[2025-02-27T15:55:53.538+0000] {logging_mixin.py:190} INFO - [2025-02-27T15:55:53.538+0000] {dag.py:3239} INFO - Sync 1 DAGs
[2025-02-27T15:55:53.553+0000] {logging_mixin.py:190} INFO - [2025-02-27T15:55:53.553+0000] {dag.py:4180} INFO - Setting next_dagrun for example_bash_decorator to None, run_after=None
[2025-02-27T15:55:53.573+0000] {processor.py:208} INFO - Processing /home/airflow/.local/lib/python3.12/site-packages/airflow/example_dags/example_bash_decorator.py took 0.082 seconds
[2025-02-27T15:56:24.077+0000] {processor.py:186} INFO - Started process (PID=533) to work on /home/airflow/.local/lib/python3.12/site-packages/airflow/example_dags/example_bash_decorator.py
[2025-02-27T15:56:24.078+0000] {processor.py:914} INFO - Processing file /home/airflow/.local/lib/python3.12/site-packages/airflow/example_dags/example_bash_decorator.py for tasks to queue
[2025-02-27T15:56:24.082+0000] {logging_mixin.py:190} INFO - [2025-02-27T15:56:24.081+0000] {dagbag.py:588} INFO - Filling up the DagBag from /home/airflow/.local/lib/python3.12/site-packages/airflow/example_dags/example_bash_decorator.py
[2025-02-27T15:56:24.098+0000] {processor.py:925} INFO - DAG(s) 'example_bash_decorator' retrieved from /home/airflow/.local/lib/python3.12/site-packages/airflow/example_dags/example_bash_decorator.py
[2025-02-27T15:56:24.126+0000] {logging_mixin.py:190} INFO - [2025-02-27T15:56:24.125+0000] {dag.py:3239} INFO - Sync 1 DAGs
[2025-02-27T15:56:24.146+0000] {logging_mixin.py:190} INFO - [2025-02-27T15:56:24.146+0000] {dag.py:4180} INFO - Setting next_dagrun for example_bash_decorator to None, run_after=None
[2025-02-27T15:56:24.170+0000] {processor.py:208} INFO - Processing /home/airflow/.local/lib/python3.12/site-packages/airflow/example_dags/example_bash_decorator.py took 0.100 seconds
[2025-02-27T15:56:54.609+0000] {processor.py:186} INFO - Started process (PID=597) to work on /home/airflow/.local/lib/python3.12/site-packages/airflow/example_dags/example_bash_decorator.py
[2025-02-27T15:56:54.610+0000] {processor.py:914} INFO - Processing file /home/airflow/.local/lib/python3.12/site-packages/airflow/example_dags/example_bash_decorator.py for tasks to queue
[2025-02-27T15:56:54.613+0000] {logging_mixin.py:190} INFO - [2025-02-27T15:56:54.613+0000] {dagbag.py:588} INFO - Filling up the DagBag from /home/airflow/.local/lib/python3.12/site-packages/airflow/example_dags/example_bash_decorator.py
[2025-02-27T15:56:54.630+0000] {processor.py:925} INFO - DAG(s) 'example_bash_decorator' retrieved from /home/airflow/.local/lib/python3.12/site-packages/airflow/example_dags/example_bash_decorator.py
[2025-02-27T15:56:54.657+0000] {logging_mixin.py:190} INFO - [2025-02-27T15:56:54.657+0000] {dag.py:3239} INFO - Sync 1 DAGs
[2025-02-27T15:56:54.674+0000] {logging_mixin.py:190} INFO - [2025-02-27T15:56:54.673+0000] {dag.py:4180} INFO - Setting next_dagrun for example_bash_decorator to None, run_after=None
[2025-02-27T15:56:54.694+0000] {processor.py:208} INFO - Processing /home/airflow/.local/lib/python3.12/site-packages/airflow/example_dags/example_bash_decorator.py took 0.091 seconds
[2025-02-27T15:57:24.951+0000] {processor.py:186} INFO - Started process (PID=660) to work on /home/airflow/.local/lib/python3.12/site-packages/airflow/example_dags/example_bash_decorator.py
[2025-02-27T15:57:24.952+0000] {processor.py:914} INFO - Processing file /home/airflow/.local/lib/python3.12/site-packages/airflow/example_dags/example_bash_decorator.py for tasks to queue
[2025-02-27T15:57:24.955+0000] {logging_mixin.py:190} INFO - [2025-02-27T15:57:24.954+0000] {dagbag.py:588} INFO - Filling up the DagBag from /home/airflow/.local/lib/python3.12/site-packages/airflow/example_dags/example_bash_decorator.py
[2025-02-27T15:57:24.970+0000] {processor.py:925} INFO - DAG(s) 'example_bash_decorator' retrieved from /home/airflow/.local/lib/python3.12/site-packages/airflow/example_dags/example_bash_decorator.py
[2025-02-27T15:57:24.995+0000] {logging_mixin.py:190} INFO - [2025-02-27T15:57:24.995+0000] {dag.py:3239} INFO - Sync 1 DAGs
[2025-02-27T15:57:25.010+0000] {logging_mixin.py:190} INFO - [2025-02-27T15:57:25.010+0000] {dag.py:4180} INFO - Setting next_dagrun for example_bash_decorator to None, run_after=None
[2025-02-27T15:57:25.033+0000] {processor.py:208} INFO - Processing /home/airflow/.local/lib/python3.12/site-packages/airflow/example_dags/example_bash_decorator.py took 0.088 seconds
[2025-02-27T15:57:55.230+0000] {processor.py:186} INFO - Started process (PID=723) to work on /home/airflow/.local/lib/python3.12/site-packages/airflow/example_dags/example_bash_decorator.py
[2025-02-27T15:57:55.231+0000] {processor.py:914} INFO - Processing file /home/airflow/.local/lib/python3.12/site-packages/airflow/example_dags/example_bash_decorator.py for tasks to queue
[2025-02-27T15:57:55.233+0000] {logging_mixin.py:190} INFO - [2025-02-27T15:57:55.233+0000] {dagbag.py:588} INFO - Filling up the DagBag from /home/airflow/.local/lib/python3.12/site-packages/airflow/example_dags/example_bash_decorator.py
[2025-02-27T15:57:55.248+0000] {processor.py:925} INFO - DAG(s) 'example_bash_decorator' retrieved from /home/airflow/.local/lib/python3.12/site-packages/airflow/example_dags/example_bash_decorator.py
[2025-02-27T15:57:55.280+0000] {logging_mixin.py:190} INFO - [2025-02-27T15:57:55.280+0000] {dag.py:3239} INFO - Sync 1 DAGs
[2025-02-27T15:57:55.301+0000] {logging_mixin.py:190} INFO - [2025-02-27T15:57:55.301+0000] {dag.py:4180} INFO - Setting next_dagrun for example_bash_decorator to None, run_after=None
[2025-02-27T15:57:55.324+0000] {processor.py:208} INFO - Processing /home/airflow/.local/lib/python3.12/site-packages/airflow/example_dags/example_bash_decorator.py took 0.100 seconds
[2025-02-27T15:58:25.551+0000] {processor.py:186} INFO - Started process (PID=786) to work on /home/airflow/.local/lib/python3.12/site-packages/airflow/example_dags/example_bash_decorator.py
[2025-02-27T15:58:25.552+0000] {processor.py:914} INFO - Processing file /home/airflow/.local/lib/python3.12/site-packages/airflow/example_dags/example_bash_decorator.py for tasks to queue
[2025-02-27T15:58:25.554+0000] {logging_mixin.py:190} INFO - [2025-02-27T15:58:25.553+0000] {dagbag.py:588} INFO - Filling up the DagBag from /home/airflow/.local/lib/python3.12/site-packages/airflow/example_dags/example_bash_decorator.py
[2025-02-27T15:58:25.568+0000] {processor.py:925} INFO - DAG(s) 'example_bash_decorator' retrieved from /home/airflow/.local/lib/python3.12/site-packages/airflow/example_dags/example_bash_decorator.py
[2025-02-27T15:58:25.597+0000] {logging_mixin.py:190} INFO - [2025-02-27T15:58:25.597+0000] {dag.py:3239} INFO - Sync 1 DAGs
[2025-02-27T15:58:25.614+0000] {logging_mixin.py:190} INFO - [2025-02-27T15:58:25.613+0000] {dag.py:4180} INFO - Setting next_dagrun for example_bash_decorator to None, run_after=None
[2025-02-27T15:58:25.633+0000] {processor.py:208} INFO - Processing /home/airflow/.local/lib/python3.12/site-packages/airflow/example_dags/example_bash_decorator.py took 0.089 seconds
[2025-02-27T15:58:55.821+0000] {processor.py:186} INFO - Started process (PID=849) to work on /home/airflow/.local/lib/python3.12/site-packages/airflow/example_dags/example_bash_decorator.py
[2025-02-27T15:58:55.822+0000] {processor.py:914} INFO - Processing file /home/airflow/.local/lib/python3.12/site-packages/airflow/example_dags/example_bash_decorator.py for tasks to queue
[2025-02-27T15:58:55.824+0000] {logging_mixin.py:190} INFO - [2025-02-27T15:58:55.824+0000] {dagbag.py:588} INFO - Filling up the DagBag from /home/airflow/.local/lib/python3.12/site-packages/airflow/example_dags/example_bash_decorator.py
[2025-02-27T15:58:55.842+0000] {processor.py:925} INFO - DAG(s) 'example_bash_decorator' retrieved from /home/airflow/.local/lib/python3.12/site-packages/airflow/example_dags/example_bash_decorator.py
[2025-02-27T15:58:55.870+0000] {logging_mixin.py:190} INFO - [2025-02-27T15:58:55.869+0000] {dag.py:3239} INFO - Sync 1 DAGs
[2025-02-27T15:58:55.888+0000] {logging_mixin.py:190} INFO - [2025-02-27T15:58:55.887+0000] {dag.py:4180} INFO - Setting next_dagrun for example_bash_decorator to None, run_after=None
[2025-02-27T15:58:55.908+0000] {processor.py:208} INFO - Processing /home/airflow/.local/lib/python3.12/site-packages/airflow/example_dags/example_bash_decorator.py took 0.093 seconds
[2025-02-27T15:59:26.192+0000] {processor.py:186} INFO - Started process (PID=912) to work on /home/airflow/.local/lib/python3.12/site-packages/airflow/example_dags/example_bash_decorator.py
[2025-02-27T15:59:26.193+0000] {processor.py:914} INFO - Processing file /home/airflow/.local/lib/python3.12/site-packages/airflow/example_dags/example_bash_decorator.py for tasks to queue
[2025-02-27T15:59:26.196+0000] {logging_mixin.py:190} INFO - [2025-02-27T15:59:26.196+0000] {dagbag.py:588} INFO - Filling up the DagBag from /home/airflow/.local/lib/python3.12/site-packages/airflow/example_dags/example_bash_decorator.py
[2025-02-27T15:59:26.213+0000] {processor.py:925} INFO - DAG(s) 'example_bash_decorator' retrieved from /home/airflow/.local/lib/python3.12/site-packages/airflow/example_dags/example_bash_decorator.py
[2025-02-27T15:59:26.240+0000] {logging_mixin.py:190} INFO - [2025-02-27T15:59:26.239+0000] {dag.py:3239} INFO - Sync 1 DAGs
[2025-02-27T15:59:26.257+0000] {logging_mixin.py:190} INFO - [2025-02-27T15:59:26.257+0000] {dag.py:4180} INFO - Setting next_dagrun for example_bash_decorator to None, run_after=None
[2025-02-27T15:59:26.276+0000] {processor.py:208} INFO - Processing /home/airflow/.local/lib/python3.12/site-packages/airflow/example_dags/example_bash_decorator.py took 0.090 seconds
