[2025-02-27T15:52:56.468+0000] {processor.py:186} INFO - Started process (PID=108) to work on /home/airflow/.local/lib/python3.12/site-packages/airflow/example_dags/example_task_group.py
[2025-02-27T15:52:56.469+0000] {processor.py:914} INFO - Processing file /home/airflow/.local/lib/python3.12/site-packages/airflow/example_dags/example_task_group.py for tasks to queue
[2025-02-27T15:52:56.473+0000] {logging_mixin.py:190} INFO - [2025-02-27T15:52:56.472+0000] {dagbag.py:588} INFO - Filling up the DagBag from /home/airflow/.local/lib/python3.12/site-packages/airflow/example_dags/example_task_group.py
[2025-02-27T15:52:56.484+0000] {processor.py:925} INFO - DAG(s) 'example_task_group' retrieved from /home/airflow/.local/lib/python3.12/site-packages/airflow/example_dags/example_task_group.py
[2025-02-27T15:52:56.612+0000] {logging_mixin.py:190} INFO - [2025-02-27T15:52:56.612+0000] {override.py:1912} INFO - Created Permission View: can edit on DAG:example_task_group
[2025-02-27T15:52:56.630+0000] {logging_mixin.py:190} INFO - [2025-02-27T15:52:56.629+0000] {override.py:1912} INFO - Created Permission View: can delete on DAG:example_task_group
[2025-02-27T15:52:56.641+0000] {logging_mixin.py:190} INFO - [2025-02-27T15:52:56.640+0000] {override.py:1912} INFO - Created Permission View: can read on DAG:example_task_group
[2025-02-27T15:52:56.653+0000] {logging_mixin.py:190} INFO - [2025-02-27T15:52:56.652+0000] {override.py:1912} INFO - Created Permission View: can delete on DAG Run:example_task_group
[2025-02-27T15:52:56.661+0000] {logging_mixin.py:190} INFO - [2025-02-27T15:52:56.661+0000] {override.py:1912} INFO - Created Permission View: menu access on DAG Run:example_task_group
[2025-02-27T15:52:56.671+0000] {logging_mixin.py:190} INFO - [2025-02-27T15:52:56.670+0000] {override.py:1912} INFO - Created Permission View: can read on DAG Run:example_task_group
[2025-02-27T15:52:56.683+0000] {logging_mixin.py:190} INFO - [2025-02-27T15:52:56.683+0000] {override.py:1912} INFO - Created Permission View: can create on DAG Run:example_task_group
[2025-02-27T15:52:56.684+0000] {logging_mixin.py:190} INFO - [2025-02-27T15:52:56.684+0000] {dag.py:3239} INFO - Sync 1 DAGs
[2025-02-27T15:52:56.701+0000] {logging_mixin.py:190} INFO - [2025-02-27T15:52:56.700+0000] {dag.py:3262} INFO - Creating ORM DAG for example_task_group
[2025-02-27T15:52:56.702+0000] {logging_mixin.py:190} INFO - [2025-02-27T15:52:56.701+0000] {dag.py:4180} INFO - Setting next_dagrun for example_task_group to None, run_after=None
[2025-02-27T15:52:56.723+0000] {processor.py:208} INFO - Processing /home/airflow/.local/lib/python3.12/site-packages/airflow/example_dags/example_task_group.py took 0.262 seconds
[2025-02-27T15:53:27.485+0000] {processor.py:186} INFO - Started process (PID=171) to work on /home/airflow/.local/lib/python3.12/site-packages/airflow/example_dags/example_task_group.py
[2025-02-27T15:53:27.486+0000] {processor.py:914} INFO - Processing file /home/airflow/.local/lib/python3.12/site-packages/airflow/example_dags/example_task_group.py for tasks to queue
[2025-02-27T15:53:27.489+0000] {logging_mixin.py:190} INFO - [2025-02-27T15:53:27.488+0000] {dagbag.py:588} INFO - Filling up the DagBag from /home/airflow/.local/lib/python3.12/site-packages/airflow/example_dags/example_task_group.py
[2025-02-27T15:53:27.497+0000] {processor.py:925} INFO - DAG(s) 'example_task_group' retrieved from /home/airflow/.local/lib/python3.12/site-packages/airflow/example_dags/example_task_group.py
[2025-02-27T15:53:27.519+0000] {logging_mixin.py:190} INFO - [2025-02-27T15:53:27.519+0000] {dag.py:3239} INFO - Sync 1 DAGs
[2025-02-27T15:53:27.536+0000] {logging_mixin.py:190} INFO - [2025-02-27T15:53:27.536+0000] {dag.py:4180} INFO - Setting next_dagrun for example_task_group to None, run_after=None
[2025-02-27T15:53:27.555+0000] {processor.py:208} INFO - Processing /home/airflow/.local/lib/python3.12/site-packages/airflow/example_dags/example_task_group.py took 0.077 seconds
[2025-02-27T15:53:58.118+0000] {processor.py:186} INFO - Started process (PID=233) to work on /home/airflow/.local/lib/python3.12/site-packages/airflow/example_dags/example_task_group.py
[2025-02-27T15:53:58.119+0000] {processor.py:914} INFO - Processing file /home/airflow/.local/lib/python3.12/site-packages/airflow/example_dags/example_task_group.py for tasks to queue
[2025-02-27T15:53:58.123+0000] {logging_mixin.py:190} INFO - [2025-02-27T15:53:58.122+0000] {dagbag.py:588} INFO - Filling up the DagBag from /home/airflow/.local/lib/python3.12/site-packages/airflow/example_dags/example_task_group.py
[2025-02-27T15:53:58.140+0000] {processor.py:925} INFO - DAG(s) 'example_task_group' retrieved from /home/airflow/.local/lib/python3.12/site-packages/airflow/example_dags/example_task_group.py
[2025-02-27T15:53:58.199+0000] {logging_mixin.py:190} INFO - [2025-02-27T15:53:58.199+0000] {dag.py:3239} INFO - Sync 1 DAGs
[2025-02-27T15:53:58.238+0000] {logging_mixin.py:190} INFO - [2025-02-27T15:53:58.238+0000] {dag.py:4180} INFO - Setting next_dagrun for example_task_group to None, run_after=None
[2025-02-27T15:53:58.289+0000] {processor.py:208} INFO - Processing /home/airflow/.local/lib/python3.12/site-packages/airflow/example_dags/example_task_group.py took 0.180 seconds
[2025-02-27T15:54:28.549+0000] {processor.py:186} INFO - Started process (PID=295) to work on /home/airflow/.local/lib/python3.12/site-packages/airflow/example_dags/example_task_group.py
[2025-02-27T15:54:28.550+0000] {processor.py:914} INFO - Processing file /home/airflow/.local/lib/python3.12/site-packages/airflow/example_dags/example_task_group.py for tasks to queue
[2025-02-27T15:54:28.553+0000] {logging_mixin.py:190} INFO - [2025-02-27T15:54:28.552+0000] {dagbag.py:588} INFO - Filling up the DagBag from /home/airflow/.local/lib/python3.12/site-packages/airflow/example_dags/example_task_group.py
[2025-02-27T15:54:28.562+0000] {processor.py:925} INFO - DAG(s) 'example_task_group' retrieved from /home/airflow/.local/lib/python3.12/site-packages/airflow/example_dags/example_task_group.py
[2025-02-27T15:54:28.584+0000] {logging_mixin.py:190} INFO - [2025-02-27T15:54:28.584+0000] {dag.py:3239} INFO - Sync 1 DAGs
[2025-02-27T15:54:28.601+0000] {logging_mixin.py:190} INFO - [2025-02-27T15:54:28.601+0000] {dag.py:4180} INFO - Setting next_dagrun for example_task_group to None, run_after=None
[2025-02-27T15:54:28.629+0000] {processor.py:208} INFO - Processing /home/airflow/.local/lib/python3.12/site-packages/airflow/example_dags/example_task_group.py took 0.086 seconds
[2025-02-27T15:54:58.949+0000] {processor.py:186} INFO - Started process (PID=358) to work on /home/airflow/.local/lib/python3.12/site-packages/airflow/example_dags/example_task_group.py
[2025-02-27T15:54:58.950+0000] {processor.py:914} INFO - Processing file /home/airflow/.local/lib/python3.12/site-packages/airflow/example_dags/example_task_group.py for tasks to queue
[2025-02-27T15:54:58.953+0000] {logging_mixin.py:190} INFO - [2025-02-27T15:54:58.953+0000] {dagbag.py:588} INFO - Filling up the DagBag from /home/airflow/.local/lib/python3.12/site-packages/airflow/example_dags/example_task_group.py
[2025-02-27T15:54:58.962+0000] {processor.py:925} INFO - DAG(s) 'example_task_group' retrieved from /home/airflow/.local/lib/python3.12/site-packages/airflow/example_dags/example_task_group.py
[2025-02-27T15:54:58.984+0000] {logging_mixin.py:190} INFO - [2025-02-27T15:54:58.983+0000] {dag.py:3239} INFO - Sync 1 DAGs
[2025-02-27T15:54:58.998+0000] {logging_mixin.py:190} INFO - [2025-02-27T15:54:58.998+0000] {dag.py:4180} INFO - Setting next_dagrun for example_task_group to None, run_after=None
[2025-02-27T15:54:59.019+0000] {processor.py:208} INFO - Processing /home/airflow/.local/lib/python3.12/site-packages/airflow/example_dags/example_task_group.py took 0.076 seconds
[2025-02-27T15:55:29.372+0000] {processor.py:186} INFO - Started process (PID=421) to work on /home/airflow/.local/lib/python3.12/site-packages/airflow/example_dags/example_task_group.py
[2025-02-27T15:55:29.373+0000] {processor.py:914} INFO - Processing file /home/airflow/.local/lib/python3.12/site-packages/airflow/example_dags/example_task_group.py for tasks to queue
[2025-02-27T15:55:29.376+0000] {logging_mixin.py:190} INFO - [2025-02-27T15:55:29.376+0000] {dagbag.py:588} INFO - Filling up the DagBag from /home/airflow/.local/lib/python3.12/site-packages/airflow/example_dags/example_task_group.py
[2025-02-27T15:55:29.385+0000] {processor.py:925} INFO - DAG(s) 'example_task_group' retrieved from /home/airflow/.local/lib/python3.12/site-packages/airflow/example_dags/example_task_group.py
[2025-02-27T15:55:29.410+0000] {logging_mixin.py:190} INFO - [2025-02-27T15:55:29.410+0000] {dag.py:3239} INFO - Sync 1 DAGs
[2025-02-27T15:55:29.430+0000] {logging_mixin.py:190} INFO - [2025-02-27T15:55:29.429+0000] {dag.py:4180} INFO - Setting next_dagrun for example_task_group to None, run_after=None
[2025-02-27T15:55:29.453+0000] {processor.py:208} INFO - Processing /home/airflow/.local/lib/python3.12/site-packages/airflow/example_dags/example_task_group.py took 0.086 seconds
[2025-02-27T15:55:59.533+0000] {processor.py:186} INFO - Started process (PID=484) to work on /home/airflow/.local/lib/python3.12/site-packages/airflow/example_dags/example_task_group.py
[2025-02-27T15:55:59.535+0000] {processor.py:914} INFO - Processing file /home/airflow/.local/lib/python3.12/site-packages/airflow/example_dags/example_task_group.py for tasks to queue
[2025-02-27T15:55:59.538+0000] {logging_mixin.py:190} INFO - [2025-02-27T15:55:59.538+0000] {dagbag.py:588} INFO - Filling up the DagBag from /home/airflow/.local/lib/python3.12/site-packages/airflow/example_dags/example_task_group.py
[2025-02-27T15:55:59.547+0000] {processor.py:925} INFO - DAG(s) 'example_task_group' retrieved from /home/airflow/.local/lib/python3.12/site-packages/airflow/example_dags/example_task_group.py
[2025-02-27T15:55:59.572+0000] {logging_mixin.py:190} INFO - [2025-02-27T15:55:59.572+0000] {dag.py:3239} INFO - Sync 1 DAGs
[2025-02-27T15:55:59.589+0000] {logging_mixin.py:190} INFO - [2025-02-27T15:55:59.589+0000] {dag.py:4180} INFO - Setting next_dagrun for example_task_group to None, run_after=None
[2025-02-27T15:55:59.611+0000] {processor.py:208} INFO - Processing /home/airflow/.local/lib/python3.12/site-packages/airflow/example_dags/example_task_group.py took 0.084 seconds
[2025-02-27T15:56:30.221+0000] {processor.py:186} INFO - Started process (PID=547) to work on /home/airflow/.local/lib/python3.12/site-packages/airflow/example_dags/example_task_group.py
[2025-02-27T15:56:30.223+0000] {processor.py:914} INFO - Processing file /home/airflow/.local/lib/python3.12/site-packages/airflow/example_dags/example_task_group.py for tasks to queue
[2025-02-27T15:56:30.229+0000] {logging_mixin.py:190} INFO - [2025-02-27T15:56:30.229+0000] {dagbag.py:588} INFO - Filling up the DagBag from /home/airflow/.local/lib/python3.12/site-packages/airflow/example_dags/example_task_group.py
[2025-02-27T15:56:30.250+0000] {processor.py:925} INFO - DAG(s) 'example_task_group' retrieved from /home/airflow/.local/lib/python3.12/site-packages/airflow/example_dags/example_task_group.py
[2025-02-27T15:56:30.294+0000] {logging_mixin.py:190} INFO - [2025-02-27T15:56:30.294+0000] {dag.py:3239} INFO - Sync 1 DAGs
[2025-02-27T15:56:30.326+0000] {logging_mixin.py:190} INFO - [2025-02-27T15:56:30.325+0000] {dag.py:4180} INFO - Setting next_dagrun for example_task_group to None, run_after=None
[2025-02-27T15:56:30.359+0000] {processor.py:208} INFO - Processing /home/airflow/.local/lib/python3.12/site-packages/airflow/example_dags/example_task_group.py took 0.144 seconds
[2025-02-27T15:57:00.536+0000] {processor.py:186} INFO - Started process (PID=611) to work on /home/airflow/.local/lib/python3.12/site-packages/airflow/example_dags/example_task_group.py
[2025-02-27T15:57:00.537+0000] {processor.py:914} INFO - Processing file /home/airflow/.local/lib/python3.12/site-packages/airflow/example_dags/example_task_group.py for tasks to queue
[2025-02-27T15:57:00.539+0000] {logging_mixin.py:190} INFO - [2025-02-27T15:57:00.539+0000] {dagbag.py:588} INFO - Filling up the DagBag from /home/airflow/.local/lib/python3.12/site-packages/airflow/example_dags/example_task_group.py
[2025-02-27T15:57:00.548+0000] {processor.py:925} INFO - DAG(s) 'example_task_group' retrieved from /home/airflow/.local/lib/python3.12/site-packages/airflow/example_dags/example_task_group.py
[2025-02-27T15:57:00.572+0000] {logging_mixin.py:190} INFO - [2025-02-27T15:57:00.571+0000] {dag.py:3239} INFO - Sync 1 DAGs
[2025-02-27T15:57:00.589+0000] {logging_mixin.py:190} INFO - [2025-02-27T15:57:00.588+0000] {dag.py:4180} INFO - Setting next_dagrun for example_task_group to None, run_after=None
[2025-02-27T15:57:00.609+0000] {processor.py:208} INFO - Processing /home/airflow/.local/lib/python3.12/site-packages/airflow/example_dags/example_task_group.py took 0.079 seconds
[2025-02-27T15:57:30.862+0000] {processor.py:186} INFO - Started process (PID=674) to work on /home/airflow/.local/lib/python3.12/site-packages/airflow/example_dags/example_task_group.py
[2025-02-27T15:57:30.863+0000] {processor.py:914} INFO - Processing file /home/airflow/.local/lib/python3.12/site-packages/airflow/example_dags/example_task_group.py for tasks to queue
[2025-02-27T15:57:30.866+0000] {logging_mixin.py:190} INFO - [2025-02-27T15:57:30.866+0000] {dagbag.py:588} INFO - Filling up the DagBag from /home/airflow/.local/lib/python3.12/site-packages/airflow/example_dags/example_task_group.py
[2025-02-27T15:57:30.874+0000] {processor.py:925} INFO - DAG(s) 'example_task_group' retrieved from /home/airflow/.local/lib/python3.12/site-packages/airflow/example_dags/example_task_group.py
[2025-02-27T15:57:30.898+0000] {logging_mixin.py:190} INFO - [2025-02-27T15:57:30.898+0000] {dag.py:3239} INFO - Sync 1 DAGs
[2025-02-27T15:57:30.917+0000] {logging_mixin.py:190} INFO - [2025-02-27T15:57:30.917+0000] {dag.py:4180} INFO - Setting next_dagrun for example_task_group to None, run_after=None
[2025-02-27T15:57:30.941+0000] {processor.py:208} INFO - Processing /home/airflow/.local/lib/python3.12/site-packages/airflow/example_dags/example_task_group.py took 0.085 seconds
[2025-02-27T15:58:01.202+0000] {processor.py:186} INFO - Started process (PID=737) to work on /home/airflow/.local/lib/python3.12/site-packages/airflow/example_dags/example_task_group.py
[2025-02-27T15:58:01.202+0000] {processor.py:914} INFO - Processing file /home/airflow/.local/lib/python3.12/site-packages/airflow/example_dags/example_task_group.py for tasks to queue
[2025-02-27T15:58:01.205+0000] {logging_mixin.py:190} INFO - [2025-02-27T15:58:01.204+0000] {dagbag.py:588} INFO - Filling up the DagBag from /home/airflow/.local/lib/python3.12/site-packages/airflow/example_dags/example_task_group.py
[2025-02-27T15:58:01.212+0000] {processor.py:925} INFO - DAG(s) 'example_task_group' retrieved from /home/airflow/.local/lib/python3.12/site-packages/airflow/example_dags/example_task_group.py
[2025-02-27T15:58:01.233+0000] {logging_mixin.py:190} INFO - [2025-02-27T15:58:01.233+0000] {dag.py:3239} INFO - Sync 1 DAGs
[2025-02-27T15:58:01.247+0000] {logging_mixin.py:190} INFO - [2025-02-27T15:58:01.247+0000] {dag.py:4180} INFO - Setting next_dagrun for example_task_group to None, run_after=None
[2025-02-27T15:58:01.267+0000] {processor.py:208} INFO - Processing /home/airflow/.local/lib/python3.12/site-packages/airflow/example_dags/example_task_group.py took 0.071 seconds
[2025-02-27T15:58:31.555+0000] {processor.py:186} INFO - Started process (PID=800) to work on /home/airflow/.local/lib/python3.12/site-packages/airflow/example_dags/example_task_group.py
[2025-02-27T15:58:31.557+0000] {processor.py:914} INFO - Processing file /home/airflow/.local/lib/python3.12/site-packages/airflow/example_dags/example_task_group.py for tasks to queue
[2025-02-27T15:58:31.561+0000] {logging_mixin.py:190} INFO - [2025-02-27T15:58:31.560+0000] {dagbag.py:588} INFO - Filling up the DagBag from /home/airflow/.local/lib/python3.12/site-packages/airflow/example_dags/example_task_group.py
[2025-02-27T15:58:31.573+0000] {processor.py:925} INFO - DAG(s) 'example_task_group' retrieved from /home/airflow/.local/lib/python3.12/site-packages/airflow/example_dags/example_task_group.py
[2025-02-27T15:58:31.602+0000] {logging_mixin.py:190} INFO - [2025-02-27T15:58:31.602+0000] {dag.py:3239} INFO - Sync 1 DAGs
[2025-02-27T15:58:31.624+0000] {logging_mixin.py:190} INFO - [2025-02-27T15:58:31.624+0000] {dag.py:4180} INFO - Setting next_dagrun for example_task_group to None, run_after=None
[2025-02-27T15:58:31.658+0000] {processor.py:208} INFO - Processing /home/airflow/.local/lib/python3.12/site-packages/airflow/example_dags/example_task_group.py took 0.111 seconds
[2025-02-27T15:59:01.823+0000] {processor.py:186} INFO - Started process (PID=863) to work on /home/airflow/.local/lib/python3.12/site-packages/airflow/example_dags/example_task_group.py
[2025-02-27T15:59:01.824+0000] {processor.py:914} INFO - Processing file /home/airflow/.local/lib/python3.12/site-packages/airflow/example_dags/example_task_group.py for tasks to queue
[2025-02-27T15:59:01.826+0000] {logging_mixin.py:190} INFO - [2025-02-27T15:59:01.826+0000] {dagbag.py:588} INFO - Filling up the DagBag from /home/airflow/.local/lib/python3.12/site-packages/airflow/example_dags/example_task_group.py
[2025-02-27T15:59:01.834+0000] {processor.py:925} INFO - DAG(s) 'example_task_group' retrieved from /home/airflow/.local/lib/python3.12/site-packages/airflow/example_dags/example_task_group.py
[2025-02-27T15:59:01.855+0000] {logging_mixin.py:190} INFO - [2025-02-27T15:59:01.855+0000] {dag.py:3239} INFO - Sync 1 DAGs
[2025-02-27T15:59:01.870+0000] {logging_mixin.py:190} INFO - [2025-02-27T15:59:01.869+0000] {dag.py:4180} INFO - Setting next_dagrun for example_task_group to None, run_after=None
[2025-02-27T15:59:01.888+0000] {processor.py:208} INFO - Processing /home/airflow/.local/lib/python3.12/site-packages/airflow/example_dags/example_task_group.py took 0.071 seconds
[2025-02-27T15:59:32.172+0000] {processor.py:186} INFO - Started process (PID=926) to work on /home/airflow/.local/lib/python3.12/site-packages/airflow/example_dags/example_task_group.py
[2025-02-27T15:59:32.174+0000] {processor.py:914} INFO - Processing file /home/airflow/.local/lib/python3.12/site-packages/airflow/example_dags/example_task_group.py for tasks to queue
[2025-02-27T15:59:32.176+0000] {logging_mixin.py:190} INFO - [2025-02-27T15:59:32.176+0000] {dagbag.py:588} INFO - Filling up the DagBag from /home/airflow/.local/lib/python3.12/site-packages/airflow/example_dags/example_task_group.py
[2025-02-27T15:59:32.184+0000] {processor.py:925} INFO - DAG(s) 'example_task_group' retrieved from /home/airflow/.local/lib/python3.12/site-packages/airflow/example_dags/example_task_group.py
[2025-02-27T15:59:32.206+0000] {logging_mixin.py:190} INFO - [2025-02-27T15:59:32.205+0000] {dag.py:3239} INFO - Sync 1 DAGs
[2025-02-27T15:59:32.220+0000] {logging_mixin.py:190} INFO - [2025-02-27T15:59:32.220+0000] {dag.py:4180} INFO - Setting next_dagrun for example_task_group to None, run_after=None
[2025-02-27T15:59:32.239+0000] {processor.py:208} INFO - Processing /home/airflow/.local/lib/python3.12/site-packages/airflow/example_dags/example_task_group.py took 0.073 seconds
[2025-02-27T16:00:02.368+0000] {processor.py:186} INFO - Started process (PID=989) to work on /home/airflow/.local/lib/python3.12/site-packages/airflow/example_dags/example_task_group.py
[2025-02-27T16:00:02.369+0000] {processor.py:914} INFO - Processing file /home/airflow/.local/lib/python3.12/site-packages/airflow/example_dags/example_task_group.py for tasks to queue
[2025-02-27T16:00:02.372+0000] {logging_mixin.py:190} INFO - [2025-02-27T16:00:02.371+0000] {dagbag.py:588} INFO - Filling up the DagBag from /home/airflow/.local/lib/python3.12/site-packages/airflow/example_dags/example_task_group.py
[2025-02-27T16:00:02.380+0000] {processor.py:925} INFO - DAG(s) 'example_task_group' retrieved from /home/airflow/.local/lib/python3.12/site-packages/airflow/example_dags/example_task_group.py
[2025-02-27T16:00:02.401+0000] {logging_mixin.py:190} INFO - [2025-02-27T16:00:02.401+0000] {dag.py:3239} INFO - Sync 1 DAGs
[2025-02-27T16:00:02.416+0000] {logging_mixin.py:190} INFO - [2025-02-27T16:00:02.416+0000] {dag.py:4180} INFO - Setting next_dagrun for example_task_group to None, run_after=None
[2025-02-27T16:00:02.435+0000] {processor.py:208} INFO - Processing /home/airflow/.local/lib/python3.12/site-packages/airflow/example_dags/example_task_group.py took 0.073 seconds
[2025-02-27T16:00:32.842+0000] {processor.py:186} INFO - Started process (PID=1052) to work on /home/airflow/.local/lib/python3.12/site-packages/airflow/example_dags/example_task_group.py
[2025-02-27T16:00:32.843+0000] {processor.py:914} INFO - Processing file /home/airflow/.local/lib/python3.12/site-packages/airflow/example_dags/example_task_group.py for tasks to queue
[2025-02-27T16:00:32.847+0000] {logging_mixin.py:190} INFO - [2025-02-27T16:00:32.846+0000] {dagbag.py:588} INFO - Filling up the DagBag from /home/airflow/.local/lib/python3.12/site-packages/airflow/example_dags/example_task_group.py
[2025-02-27T16:00:32.863+0000] {processor.py:925} INFO - DAG(s) 'example_task_group' retrieved from /home/airflow/.local/lib/python3.12/site-packages/airflow/example_dags/example_task_group.py
[2025-02-27T16:00:32.902+0000] {logging_mixin.py:190} INFO - [2025-02-27T16:00:32.902+0000] {dag.py:3239} INFO - Sync 1 DAGs
[2025-02-27T16:00:32.932+0000] {logging_mixin.py:190} INFO - [2025-02-27T16:00:32.931+0000] {dag.py:4180} INFO - Setting next_dagrun for example_task_group to None, run_after=None
[2025-02-27T16:00:32.963+0000] {processor.py:208} INFO - Processing /home/airflow/.local/lib/python3.12/site-packages/airflow/example_dags/example_task_group.py took 0.127 seconds
