[2025-02-27T15:52:47.036+0000] {processor.py:186} INFO - Started process (PID=77) to work on /home/airflow/.local/lib/python3.12/site-packages/airflow/example_dags/example_setup_teardown.py
[2025-02-27T15:52:47.038+0000] {processor.py:914} INFO - Processing file /home/airflow/.local/lib/python3.12/site-packages/airflow/example_dags/example_setup_teardown.py for tasks to queue
[2025-02-27T15:52:47.041+0000] {logging_mixin.py:190} INFO - [2025-02-27T15:52:47.040+0000] {dagbag.py:588} INFO - Filling up the DagBag from /home/airflow/.local/lib/python3.12/site-packages/airflow/example_dags/example_setup_teardown.py
[2025-02-27T15:52:47.051+0000] {processor.py:925} INFO - DAG(s) 'example_setup_teardown' retrieved from /home/airflow/.local/lib/python3.12/site-packages/airflow/example_dags/example_setup_teardown.py
[2025-02-27T15:52:47.233+0000] {logging_mixin.py:190} INFO - [2025-02-27T15:52:47.232+0000] {override.py:1912} INFO - Created Permission View: can edit on DAG:example_setup_teardown
[2025-02-27T15:52:47.249+0000] {logging_mixin.py:190} INFO - [2025-02-27T15:52:47.248+0000] {override.py:1912} INFO - Created Permission View: can delete on DAG:example_setup_teardown
[2025-02-27T15:52:47.262+0000] {logging_mixin.py:190} INFO - [2025-02-27T15:52:47.261+0000] {override.py:1912} INFO - Created Permission View: can read on DAG:example_setup_teardown
[2025-02-27T15:52:47.272+0000] {logging_mixin.py:190} INFO - [2025-02-27T15:52:47.272+0000] {override.py:1912} INFO - Created Permission View: can delete on DAG Run:example_setup_teardown
[2025-02-27T15:52:47.281+0000] {logging_mixin.py:190} INFO - [2025-02-27T15:52:47.281+0000] {override.py:1912} INFO - Created Permission View: menu access on DAG Run:example_setup_teardown
[2025-02-27T15:52:47.289+0000] {logging_mixin.py:190} INFO - [2025-02-27T15:52:47.288+0000] {override.py:1912} INFO - Created Permission View: can read on DAG Run:example_setup_teardown
[2025-02-27T15:52:47.298+0000] {logging_mixin.py:190} INFO - [2025-02-27T15:52:47.297+0000] {override.py:1912} INFO - Created Permission View: can create on DAG Run:example_setup_teardown
[2025-02-27T15:52:47.299+0000] {logging_mixin.py:190} INFO - [2025-02-27T15:52:47.298+0000] {dag.py:3239} INFO - Sync 1 DAGs
[2025-02-27T15:52:47.315+0000] {logging_mixin.py:190} INFO - [2025-02-27T15:52:47.315+0000] {dag.py:3262} INFO - Creating ORM DAG for example_setup_teardown
[2025-02-27T15:52:47.316+0000] {logging_mixin.py:190} INFO - [2025-02-27T15:52:47.316+0000] {dag.py:4180} INFO - Setting next_dagrun for example_setup_teardown to None, run_after=None
[2025-02-27T15:52:47.335+0000] {processor.py:208} INFO - Processing /home/airflow/.local/lib/python3.12/site-packages/airflow/example_dags/example_setup_teardown.py took 0.305 seconds
[2025-02-27T15:53:17.568+0000] {processor.py:186} INFO - Started process (PID=140) to work on /home/airflow/.local/lib/python3.12/site-packages/airflow/example_dags/example_setup_teardown.py
[2025-02-27T15:53:17.569+0000] {processor.py:914} INFO - Processing file /home/airflow/.local/lib/python3.12/site-packages/airflow/example_dags/example_setup_teardown.py for tasks to queue
[2025-02-27T15:53:17.571+0000] {logging_mixin.py:190} INFO - [2025-02-27T15:53:17.571+0000] {dagbag.py:588} INFO - Filling up the DagBag from /home/airflow/.local/lib/python3.12/site-packages/airflow/example_dags/example_setup_teardown.py
[2025-02-27T15:53:17.579+0000] {processor.py:925} INFO - DAG(s) 'example_setup_teardown' retrieved from /home/airflow/.local/lib/python3.12/site-packages/airflow/example_dags/example_setup_teardown.py
[2025-02-27T15:53:17.603+0000] {logging_mixin.py:190} INFO - [2025-02-27T15:53:17.603+0000] {dag.py:3239} INFO - Sync 1 DAGs
[2025-02-27T15:53:17.623+0000] {logging_mixin.py:190} INFO - [2025-02-27T15:53:17.622+0000] {dag.py:4180} INFO - Setting next_dagrun for example_setup_teardown to None, run_after=None
[2025-02-27T15:53:17.654+0000] {processor.py:208} INFO - Processing /home/airflow/.local/lib/python3.12/site-packages/airflow/example_dags/example_setup_teardown.py took 0.093 seconds
[2025-02-27T15:53:47.738+0000] {processor.py:186} INFO - Started process (PID=203) to work on /home/airflow/.local/lib/python3.12/site-packages/airflow/example_dags/example_setup_teardown.py
[2025-02-27T15:53:47.740+0000] {processor.py:914} INFO - Processing file /home/airflow/.local/lib/python3.12/site-packages/airflow/example_dags/example_setup_teardown.py for tasks to queue
[2025-02-27T15:53:47.742+0000] {logging_mixin.py:190} INFO - [2025-02-27T15:53:47.742+0000] {dagbag.py:588} INFO - Filling up the DagBag from /home/airflow/.local/lib/python3.12/site-packages/airflow/example_dags/example_setup_teardown.py
[2025-02-27T15:53:47.750+0000] {processor.py:925} INFO - DAG(s) 'example_setup_teardown' retrieved from /home/airflow/.local/lib/python3.12/site-packages/airflow/example_dags/example_setup_teardown.py
[2025-02-27T15:53:47.771+0000] {logging_mixin.py:190} INFO - [2025-02-27T15:53:47.771+0000] {dag.py:3239} INFO - Sync 1 DAGs
[2025-02-27T15:53:47.789+0000] {logging_mixin.py:190} INFO - [2025-02-27T15:53:47.788+0000] {dag.py:4180} INFO - Setting next_dagrun for example_setup_teardown to None, run_after=None
[2025-02-27T15:53:47.822+0000] {processor.py:208} INFO - Processing /home/airflow/.local/lib/python3.12/site-packages/airflow/example_dags/example_setup_teardown.py took 0.090 seconds
[2025-02-27T15:54:18.100+0000] {processor.py:186} INFO - Started process (PID=266) to work on /home/airflow/.local/lib/python3.12/site-packages/airflow/example_dags/example_setup_teardown.py
[2025-02-27T15:54:18.101+0000] {processor.py:914} INFO - Processing file /home/airflow/.local/lib/python3.12/site-packages/airflow/example_dags/example_setup_teardown.py for tasks to queue
[2025-02-27T15:54:18.103+0000] {logging_mixin.py:190} INFO - [2025-02-27T15:54:18.103+0000] {dagbag.py:588} INFO - Filling up the DagBag from /home/airflow/.local/lib/python3.12/site-packages/airflow/example_dags/example_setup_teardown.py
[2025-02-27T15:54:18.114+0000] {processor.py:925} INFO - DAG(s) 'example_setup_teardown' retrieved from /home/airflow/.local/lib/python3.12/site-packages/airflow/example_dags/example_setup_teardown.py
[2025-02-27T15:54:18.137+0000] {logging_mixin.py:190} INFO - [2025-02-27T15:54:18.136+0000] {dag.py:3239} INFO - Sync 1 DAGs
[2025-02-27T15:54:18.154+0000] {logging_mixin.py:190} INFO - [2025-02-27T15:54:18.154+0000] {dag.py:4180} INFO - Setting next_dagrun for example_setup_teardown to None, run_after=None
[2025-02-27T15:54:18.185+0000] {processor.py:208} INFO - Processing /home/airflow/.local/lib/python3.12/site-packages/airflow/example_dags/example_setup_teardown.py took 0.092 seconds
[2025-02-27T15:54:48.777+0000] {processor.py:186} INFO - Started process (PID=329) to work on /home/airflow/.local/lib/python3.12/site-packages/airflow/example_dags/example_setup_teardown.py
[2025-02-27T15:54:48.779+0000] {processor.py:914} INFO - Processing file /home/airflow/.local/lib/python3.12/site-packages/airflow/example_dags/example_setup_teardown.py for tasks to queue
[2025-02-27T15:54:48.782+0000] {logging_mixin.py:190} INFO - [2025-02-27T15:54:48.781+0000] {dagbag.py:588} INFO - Filling up the DagBag from /home/airflow/.local/lib/python3.12/site-packages/airflow/example_dags/example_setup_teardown.py
[2025-02-27T15:54:48.795+0000] {processor.py:925} INFO - DAG(s) 'example_setup_teardown' retrieved from /home/airflow/.local/lib/python3.12/site-packages/airflow/example_dags/example_setup_teardown.py
[2025-02-27T15:54:48.828+0000] {logging_mixin.py:190} INFO - [2025-02-27T15:54:48.827+0000] {dag.py:3239} INFO - Sync 1 DAGs
[2025-02-27T15:54:48.853+0000] {logging_mixin.py:190} INFO - [2025-02-27T15:54:48.852+0000] {dag.py:4180} INFO - Setting next_dagrun for example_setup_teardown to None, run_after=None
[2025-02-27T15:54:48.888+0000] {processor.py:208} INFO - Processing /home/airflow/.local/lib/python3.12/site-packages/airflow/example_dags/example_setup_teardown.py took 0.121 seconds
[2025-02-27T15:55:18.995+0000] {processor.py:186} INFO - Started process (PID=392) to work on /home/airflow/.local/lib/python3.12/site-packages/airflow/example_dags/example_setup_teardown.py
[2025-02-27T15:55:18.996+0000] {processor.py:914} INFO - Processing file /home/airflow/.local/lib/python3.12/site-packages/airflow/example_dags/example_setup_teardown.py for tasks to queue
[2025-02-27T15:55:18.998+0000] {logging_mixin.py:190} INFO - [2025-02-27T15:55:18.997+0000] {dagbag.py:588} INFO - Filling up the DagBag from /home/airflow/.local/lib/python3.12/site-packages/airflow/example_dags/example_setup_teardown.py
[2025-02-27T15:55:19.006+0000] {processor.py:925} INFO - DAG(s) 'example_setup_teardown' retrieved from /home/airflow/.local/lib/python3.12/site-packages/airflow/example_dags/example_setup_teardown.py
[2025-02-27T15:55:19.030+0000] {logging_mixin.py:190} INFO - [2025-02-27T15:55:19.030+0000] {dag.py:3239} INFO - Sync 1 DAGs
[2025-02-27T15:55:19.046+0000] {logging_mixin.py:190} INFO - [2025-02-27T15:55:19.045+0000] {dag.py:4180} INFO - Setting next_dagrun for example_setup_teardown to None, run_after=None
[2025-02-27T15:55:19.065+0000] {processor.py:208} INFO - Processing /home/airflow/.local/lib/python3.12/site-packages/airflow/example_dags/example_setup_teardown.py took 0.076 seconds
[2025-02-27T15:55:49.467+0000] {processor.py:186} INFO - Started process (PID=455) to work on /home/airflow/.local/lib/python3.12/site-packages/airflow/example_dags/example_setup_teardown.py
[2025-02-27T15:55:49.468+0000] {processor.py:914} INFO - Processing file /home/airflow/.local/lib/python3.12/site-packages/airflow/example_dags/example_setup_teardown.py for tasks to queue
[2025-02-27T15:55:49.470+0000] {logging_mixin.py:190} INFO - [2025-02-27T15:55:49.470+0000] {dagbag.py:588} INFO - Filling up the DagBag from /home/airflow/.local/lib/python3.12/site-packages/airflow/example_dags/example_setup_teardown.py
[2025-02-27T15:55:49.478+0000] {processor.py:925} INFO - DAG(s) 'example_setup_teardown' retrieved from /home/airflow/.local/lib/python3.12/site-packages/airflow/example_dags/example_setup_teardown.py
[2025-02-27T15:55:49.497+0000] {logging_mixin.py:190} INFO - [2025-02-27T15:55:49.497+0000] {dag.py:3239} INFO - Sync 1 DAGs
[2025-02-27T15:55:49.511+0000] {logging_mixin.py:190} INFO - [2025-02-27T15:55:49.511+0000] {dag.py:4180} INFO - Setting next_dagrun for example_setup_teardown to None, run_after=None
[2025-02-27T15:55:49.532+0000] {processor.py:208} INFO - Processing /home/airflow/.local/lib/python3.12/site-packages/airflow/example_dags/example_setup_teardown.py took 0.071 seconds
[2025-02-27T15:56:20.438+0000] {processor.py:186} INFO - Started process (PID=518) to work on /home/airflow/.local/lib/python3.12/site-packages/airflow/example_dags/example_setup_teardown.py
[2025-02-27T15:56:20.439+0000] {processor.py:914} INFO - Processing file /home/airflow/.local/lib/python3.12/site-packages/airflow/example_dags/example_setup_teardown.py for tasks to queue
[2025-02-27T15:56:20.442+0000] {logging_mixin.py:190} INFO - [2025-02-27T15:56:20.441+0000] {dagbag.py:588} INFO - Filling up the DagBag from /home/airflow/.local/lib/python3.12/site-packages/airflow/example_dags/example_setup_teardown.py
[2025-02-27T15:56:20.450+0000] {processor.py:925} INFO - DAG(s) 'example_setup_teardown' retrieved from /home/airflow/.local/lib/python3.12/site-packages/airflow/example_dags/example_setup_teardown.py
[2025-02-27T15:56:20.471+0000] {logging_mixin.py:190} INFO - [2025-02-27T15:56:20.471+0000] {dag.py:3239} INFO - Sync 1 DAGs
[2025-02-27T15:56:20.487+0000] {logging_mixin.py:190} INFO - [2025-02-27T15:56:20.487+0000] {dag.py:4180} INFO - Setting next_dagrun for example_setup_teardown to None, run_after=None
[2025-02-27T15:56:20.506+0000] {processor.py:208} INFO - Processing /home/airflow/.local/lib/python3.12/site-packages/airflow/example_dags/example_setup_teardown.py took 0.074 seconds
[2025-02-27T15:56:51.541+0000] {processor.py:186} INFO - Started process (PID=582) to work on /home/airflow/.local/lib/python3.12/site-packages/airflow/example_dags/example_setup_teardown.py
[2025-02-27T15:56:51.543+0000] {processor.py:914} INFO - Processing file /home/airflow/.local/lib/python3.12/site-packages/airflow/example_dags/example_setup_teardown.py for tasks to queue
[2025-02-27T15:56:51.545+0000] {logging_mixin.py:190} INFO - [2025-02-27T15:56:51.545+0000] {dagbag.py:588} INFO - Filling up the DagBag from /home/airflow/.local/lib/python3.12/site-packages/airflow/example_dags/example_setup_teardown.py
[2025-02-27T15:56:51.553+0000] {processor.py:925} INFO - DAG(s) 'example_setup_teardown' retrieved from /home/airflow/.local/lib/python3.12/site-packages/airflow/example_dags/example_setup_teardown.py
[2025-02-27T15:56:51.573+0000] {logging_mixin.py:190} INFO - [2025-02-27T15:56:51.572+0000] {dag.py:3239} INFO - Sync 1 DAGs
[2025-02-27T15:56:51.587+0000] {logging_mixin.py:190} INFO - [2025-02-27T15:56:51.586+0000] {dag.py:4180} INFO - Setting next_dagrun for example_setup_teardown to None, run_after=None
[2025-02-27T15:56:51.606+0000] {processor.py:208} INFO - Processing /home/airflow/.local/lib/python3.12/site-packages/airflow/example_dags/example_setup_teardown.py took 0.069 seconds
[2025-02-27T15:57:21.912+0000] {processor.py:186} INFO - Started process (PID=645) to work on /home/airflow/.local/lib/python3.12/site-packages/airflow/example_dags/example_setup_teardown.py
[2025-02-27T15:57:21.913+0000] {processor.py:914} INFO - Processing file /home/airflow/.local/lib/python3.12/site-packages/airflow/example_dags/example_setup_teardown.py for tasks to queue
[2025-02-27T15:57:21.916+0000] {logging_mixin.py:190} INFO - [2025-02-27T15:57:21.915+0000] {dagbag.py:588} INFO - Filling up the DagBag from /home/airflow/.local/lib/python3.12/site-packages/airflow/example_dags/example_setup_teardown.py
[2025-02-27T15:57:21.924+0000] {processor.py:925} INFO - DAG(s) 'example_setup_teardown' retrieved from /home/airflow/.local/lib/python3.12/site-packages/airflow/example_dags/example_setup_teardown.py
[2025-02-27T15:57:21.948+0000] {logging_mixin.py:190} INFO - [2025-02-27T15:57:21.948+0000] {dag.py:3239} INFO - Sync 1 DAGs
[2025-02-27T15:57:21.967+0000] {logging_mixin.py:190} INFO - [2025-02-27T15:57:21.967+0000] {dag.py:4180} INFO - Setting next_dagrun for example_setup_teardown to None, run_after=None
[2025-02-27T15:57:21.991+0000] {processor.py:208} INFO - Processing /home/airflow/.local/lib/python3.12/site-packages/airflow/example_dags/example_setup_teardown.py took 0.085 seconds
[2025-02-27T15:57:52.259+0000] {processor.py:186} INFO - Started process (PID=708) to work on /home/airflow/.local/lib/python3.12/site-packages/airflow/example_dags/example_setup_teardown.py
[2025-02-27T15:57:52.260+0000] {processor.py:914} INFO - Processing file /home/airflow/.local/lib/python3.12/site-packages/airflow/example_dags/example_setup_teardown.py for tasks to queue
[2025-02-27T15:57:52.263+0000] {logging_mixin.py:190} INFO - [2025-02-27T15:57:52.262+0000] {dagbag.py:588} INFO - Filling up the DagBag from /home/airflow/.local/lib/python3.12/site-packages/airflow/example_dags/example_setup_teardown.py
[2025-02-27T15:57:52.271+0000] {processor.py:925} INFO - DAG(s) 'example_setup_teardown' retrieved from /home/airflow/.local/lib/python3.12/site-packages/airflow/example_dags/example_setup_teardown.py
[2025-02-27T15:57:52.293+0000] {logging_mixin.py:190} INFO - [2025-02-27T15:57:52.293+0000] {dag.py:3239} INFO - Sync 1 DAGs
[2025-02-27T15:57:52.309+0000] {logging_mixin.py:190} INFO - [2025-02-27T15:57:52.309+0000] {dag.py:4180} INFO - Setting next_dagrun for example_setup_teardown to None, run_after=None
[2025-02-27T15:57:52.329+0000] {processor.py:208} INFO - Processing /home/airflow/.local/lib/python3.12/site-packages/airflow/example_dags/example_setup_teardown.py took 0.076 seconds
[2025-02-27T15:58:22.484+0000] {processor.py:186} INFO - Started process (PID=771) to work on /home/airflow/.local/lib/python3.12/site-packages/airflow/example_dags/example_setup_teardown.py
[2025-02-27T15:58:22.486+0000] {processor.py:914} INFO - Processing file /home/airflow/.local/lib/python3.12/site-packages/airflow/example_dags/example_setup_teardown.py for tasks to queue
[2025-02-27T15:58:22.490+0000] {logging_mixin.py:190} INFO - [2025-02-27T15:58:22.489+0000] {dagbag.py:588} INFO - Filling up the DagBag from /home/airflow/.local/lib/python3.12/site-packages/airflow/example_dags/example_setup_teardown.py
[2025-02-27T15:58:22.502+0000] {processor.py:925} INFO - DAG(s) 'example_setup_teardown' retrieved from /home/airflow/.local/lib/python3.12/site-packages/airflow/example_dags/example_setup_teardown.py
[2025-02-27T15:58:22.527+0000] {logging_mixin.py:190} INFO - [2025-02-27T15:58:22.527+0000] {dag.py:3239} INFO - Sync 1 DAGs
[2025-02-27T15:58:22.544+0000] {logging_mixin.py:190} INFO - [2025-02-27T15:58:22.543+0000] {dag.py:4180} INFO - Setting next_dagrun for example_setup_teardown to None, run_after=None
[2025-02-27T15:58:22.563+0000] {processor.py:208} INFO - Processing /home/airflow/.local/lib/python3.12/site-packages/airflow/example_dags/example_setup_teardown.py took 0.087 seconds
[2025-02-27T15:58:52.720+0000] {processor.py:186} INFO - Started process (PID=834) to work on /home/airflow/.local/lib/python3.12/site-packages/airflow/example_dags/example_setup_teardown.py
[2025-02-27T15:58:52.721+0000] {processor.py:914} INFO - Processing file /home/airflow/.local/lib/python3.12/site-packages/airflow/example_dags/example_setup_teardown.py for tasks to queue
[2025-02-27T15:58:52.724+0000] {logging_mixin.py:190} INFO - [2025-02-27T15:58:52.723+0000] {dagbag.py:588} INFO - Filling up the DagBag from /home/airflow/.local/lib/python3.12/site-packages/airflow/example_dags/example_setup_teardown.py
[2025-02-27T15:58:52.732+0000] {processor.py:925} INFO - DAG(s) 'example_setup_teardown' retrieved from /home/airflow/.local/lib/python3.12/site-packages/airflow/example_dags/example_setup_teardown.py
[2025-02-27T15:58:52.755+0000] {logging_mixin.py:190} INFO - [2025-02-27T15:58:52.755+0000] {dag.py:3239} INFO - Sync 1 DAGs
[2025-02-27T15:58:52.771+0000] {logging_mixin.py:190} INFO - [2025-02-27T15:58:52.771+0000] {dag.py:4180} INFO - Setting next_dagrun for example_setup_teardown to None, run_after=None
[2025-02-27T15:58:52.793+0000] {processor.py:208} INFO - Processing /home/airflow/.local/lib/python3.12/site-packages/airflow/example_dags/example_setup_teardown.py took 0.078 seconds
[2025-02-27T15:59:23.014+0000] {processor.py:186} INFO - Started process (PID=897) to work on /home/airflow/.local/lib/python3.12/site-packages/airflow/example_dags/example_setup_teardown.py
[2025-02-27T15:59:23.017+0000] {processor.py:914} INFO - Processing file /home/airflow/.local/lib/python3.12/site-packages/airflow/example_dags/example_setup_teardown.py for tasks to queue
[2025-02-27T15:59:23.022+0000] {logging_mixin.py:190} INFO - [2025-02-27T15:59:23.021+0000] {dagbag.py:588} INFO - Filling up the DagBag from /home/airflow/.local/lib/python3.12/site-packages/airflow/example_dags/example_setup_teardown.py
[2025-02-27T15:59:23.034+0000] {processor.py:925} INFO - DAG(s) 'example_setup_teardown' retrieved from /home/airflow/.local/lib/python3.12/site-packages/airflow/example_dags/example_setup_teardown.py
[2025-02-27T15:59:23.064+0000] {logging_mixin.py:190} INFO - [2025-02-27T15:59:23.063+0000] {dag.py:3239} INFO - Sync 1 DAGs
[2025-02-27T15:59:23.094+0000] {logging_mixin.py:190} INFO - [2025-02-27T15:59:23.093+0000] {dag.py:4180} INFO - Setting next_dagrun for example_setup_teardown to None, run_after=None
[2025-02-27T15:59:23.126+0000] {processor.py:208} INFO - Processing /home/airflow/.local/lib/python3.12/site-packages/airflow/example_dags/example_setup_teardown.py took 0.119 seconds
[2025-02-27T15:59:53.420+0000] {processor.py:186} INFO - Started process (PID=960) to work on /home/airflow/.local/lib/python3.12/site-packages/airflow/example_dags/example_setup_teardown.py
[2025-02-27T15:59:53.421+0000] {processor.py:914} INFO - Processing file /home/airflow/.local/lib/python3.12/site-packages/airflow/example_dags/example_setup_teardown.py for tasks to queue
[2025-02-27T15:59:53.424+0000] {logging_mixin.py:190} INFO - [2025-02-27T15:59:53.424+0000] {dagbag.py:588} INFO - Filling up the DagBag from /home/airflow/.local/lib/python3.12/site-packages/airflow/example_dags/example_setup_teardown.py
[2025-02-27T15:59:53.433+0000] {processor.py:925} INFO - DAG(s) 'example_setup_teardown' retrieved from /home/airflow/.local/lib/python3.12/site-packages/airflow/example_dags/example_setup_teardown.py
[2025-02-27T15:59:53.455+0000] {logging_mixin.py:190} INFO - [2025-02-27T15:59:53.455+0000] {dag.py:3239} INFO - Sync 1 DAGs
[2025-02-27T15:59:53.472+0000] {logging_mixin.py:190} INFO - [2025-02-27T15:59:53.471+0000] {dag.py:4180} INFO - Setting next_dagrun for example_setup_teardown to None, run_after=None
[2025-02-27T15:59:53.494+0000] {processor.py:208} INFO - Processing /home/airflow/.local/lib/python3.12/site-packages/airflow/example_dags/example_setup_teardown.py took 0.080 seconds
[2025-02-27T16:00:23.850+0000] {processor.py:186} INFO - Started process (PID=1023) to work on /home/airflow/.local/lib/python3.12/site-packages/airflow/example_dags/example_setup_teardown.py
[2025-02-27T16:00:23.851+0000] {processor.py:914} INFO - Processing file /home/airflow/.local/lib/python3.12/site-packages/airflow/example_dags/example_setup_teardown.py for tasks to queue
[2025-02-27T16:00:23.854+0000] {logging_mixin.py:190} INFO - [2025-02-27T16:00:23.853+0000] {dagbag.py:588} INFO - Filling up the DagBag from /home/airflow/.local/lib/python3.12/site-packages/airflow/example_dags/example_setup_teardown.py
[2025-02-27T16:00:23.866+0000] {processor.py:925} INFO - DAG(s) 'example_setup_teardown' retrieved from /home/airflow/.local/lib/python3.12/site-packages/airflow/example_dags/example_setup_teardown.py
[2025-02-27T16:00:23.891+0000] {logging_mixin.py:190} INFO - [2025-02-27T16:00:23.891+0000] {dag.py:3239} INFO - Sync 1 DAGs
[2025-02-27T16:00:23.909+0000] {logging_mixin.py:190} INFO - [2025-02-27T16:00:23.909+0000] {dag.py:4180} INFO - Setting next_dagrun for example_setup_teardown to None, run_after=None
[2025-02-27T16:00:23.931+0000] {processor.py:208} INFO - Processing /home/airflow/.local/lib/python3.12/site-packages/airflow/example_dags/example_setup_teardown.py took 0.087 seconds
[2025-02-27T16:00:54.027+0000] {processor.py:186} INFO - Started process (PID=1086) to work on /home/airflow/.local/lib/python3.12/site-packages/airflow/example_dags/example_setup_teardown.py
[2025-02-27T16:00:54.028+0000] {processor.py:914} INFO - Processing file /home/airflow/.local/lib/python3.12/site-packages/airflow/example_dags/example_setup_teardown.py for tasks to queue
[2025-02-27T16:00:54.031+0000] {logging_mixin.py:190} INFO - [2025-02-27T16:00:54.030+0000] {dagbag.py:588} INFO - Filling up the DagBag from /home/airflow/.local/lib/python3.12/site-packages/airflow/example_dags/example_setup_teardown.py
[2025-02-27T16:00:54.039+0000] {processor.py:925} INFO - DAG(s) 'example_setup_teardown' retrieved from /home/airflow/.local/lib/python3.12/site-packages/airflow/example_dags/example_setup_teardown.py
[2025-02-27T16:00:54.058+0000] {logging_mixin.py:190} INFO - [2025-02-27T16:00:54.058+0000] {dag.py:3239} INFO - Sync 1 DAGs
[2025-02-27T16:00:54.072+0000] {logging_mixin.py:190} INFO - [2025-02-27T16:00:54.072+0000] {dag.py:4180} INFO - Setting next_dagrun for example_setup_teardown to None, run_after=None
[2025-02-27T16:00:54.092+0000] {processor.py:208} INFO - Processing /home/airflow/.local/lib/python3.12/site-packages/airflow/example_dags/example_setup_teardown.py took 0.071 seconds
[2025-02-27T16:01:24.456+0000] {processor.py:186} INFO - Started process (PID=1149) to work on /home/airflow/.local/lib/python3.12/site-packages/airflow/example_dags/example_setup_teardown.py
[2025-02-27T16:01:24.457+0000] {processor.py:914} INFO - Processing file /home/airflow/.local/lib/python3.12/site-packages/airflow/example_dags/example_setup_teardown.py for tasks to queue
[2025-02-27T16:01:24.460+0000] {logging_mixin.py:190} INFO - [2025-02-27T16:01:24.459+0000] {dagbag.py:588} INFO - Filling up the DagBag from /home/airflow/.local/lib/python3.12/site-packages/airflow/example_dags/example_setup_teardown.py
[2025-02-27T16:01:24.468+0000] {processor.py:925} INFO - DAG(s) 'example_setup_teardown' retrieved from /home/airflow/.local/lib/python3.12/site-packages/airflow/example_dags/example_setup_teardown.py
[2025-02-27T16:01:24.489+0000] {logging_mixin.py:190} INFO - [2025-02-27T16:01:24.489+0000] {dag.py:3239} INFO - Sync 1 DAGs
[2025-02-27T16:01:24.504+0000] {logging_mixin.py:190} INFO - [2025-02-27T16:01:24.504+0000] {dag.py:4180} INFO - Setting next_dagrun for example_setup_teardown to None, run_after=None
[2025-02-27T16:01:24.522+0000] {processor.py:208} INFO - Processing /home/airflow/.local/lib/python3.12/site-packages/airflow/example_dags/example_setup_teardown.py took 0.072 seconds
[2025-02-27T16:01:54.817+0000] {processor.py:186} INFO - Started process (PID=1212) to work on /home/airflow/.local/lib/python3.12/site-packages/airflow/example_dags/example_setup_teardown.py
[2025-02-27T16:01:54.817+0000] {processor.py:914} INFO - Processing file /home/airflow/.local/lib/python3.12/site-packages/airflow/example_dags/example_setup_teardown.py for tasks to queue
[2025-02-27T16:01:54.820+0000] {logging_mixin.py:190} INFO - [2025-02-27T16:01:54.820+0000] {dagbag.py:588} INFO - Filling up the DagBag from /home/airflow/.local/lib/python3.12/site-packages/airflow/example_dags/example_setup_teardown.py
[2025-02-27T16:01:54.828+0000] {processor.py:925} INFO - DAG(s) 'example_setup_teardown' retrieved from /home/airflow/.local/lib/python3.12/site-packages/airflow/example_dags/example_setup_teardown.py
[2025-02-27T16:01:54.850+0000] {logging_mixin.py:190} INFO - [2025-02-27T16:01:54.850+0000] {dag.py:3239} INFO - Sync 1 DAGs
[2025-02-27T16:01:54.866+0000] {logging_mixin.py:190} INFO - [2025-02-27T16:01:54.866+0000] {dag.py:4180} INFO - Setting next_dagrun for example_setup_teardown to None, run_after=None
[2025-02-27T16:01:54.883+0000] {processor.py:208} INFO - Processing /home/airflow/.local/lib/python3.12/site-packages/airflow/example_dags/example_setup_teardown.py took 0.072 seconds
