[2025-02-27T15:52:59.372+0000] {processor.py:186} INFO - Started process (PID=122) to work on /home/airflow/.local/lib/python3.12/site-packages/airflow/example_dags/example_bash_operator.py
[2025-02-27T15:52:59.379+0000] {processor.py:914} INFO - Processing file /home/airflow/.local/lib/python3.12/site-packages/airflow/example_dags/example_bash_operator.py for tasks to queue
[2025-02-27T15:52:59.385+0000] {logging_mixin.py:190} INFO - [2025-02-27T15:52:59.384+0000] {dagbag.py:588} INFO - Filling up the DagBag from /home/airflow/.local/lib/python3.12/site-packages/airflow/example_dags/example_bash_operator.py
[2025-02-27T15:52:59.424+0000] {processor.py:925} INFO - DAG(s) 'example_bash_operator' retrieved from /home/airflow/.local/lib/python3.12/site-packages/airflow/example_dags/example_bash_operator.py
[2025-02-27T15:52:59.668+0000] {logging_mixin.py:190} INFO - [2025-02-27T15:52:59.667+0000] {override.py:1912} INFO - Created Permission View: can edit on DAG:example_bash_operator
[2025-02-27T15:52:59.686+0000] {logging_mixin.py:190} INFO - [2025-02-27T15:52:59.686+0000] {override.py:1912} INFO - Created Permission View: can delete on DAG:example_bash_operator
[2025-02-27T15:52:59.699+0000] {logging_mixin.py:190} INFO - [2025-02-27T15:52:59.698+0000] {override.py:1912} INFO - Created Permission View: can read on DAG:example_bash_operator
[2025-02-27T15:52:59.716+0000] {logging_mixin.py:190} INFO - [2025-02-27T15:52:59.716+0000] {override.py:1912} INFO - Created Permission View: can delete on DAG Run:example_bash_operator
[2025-02-27T15:52:59.729+0000] {logging_mixin.py:190} INFO - [2025-02-27T15:52:59.729+0000] {override.py:1912} INFO - Created Permission View: menu access on DAG Run:example_bash_operator
[2025-02-27T15:52:59.741+0000] {logging_mixin.py:190} INFO - [2025-02-27T15:52:59.740+0000] {override.py:1912} INFO - Created Permission View: can read on DAG Run:example_bash_operator
[2025-02-27T15:52:59.749+0000] {logging_mixin.py:190} INFO - [2025-02-27T15:52:59.748+0000] {override.py:1912} INFO - Created Permission View: can create on DAG Run:example_bash_operator
[2025-02-27T15:52:59.749+0000] {logging_mixin.py:190} INFO - [2025-02-27T15:52:59.749+0000] {dag.py:3239} INFO - Sync 1 DAGs
[2025-02-27T15:52:59.764+0000] {logging_mixin.py:190} INFO - [2025-02-27T15:52:59.763+0000] {dag.py:3262} INFO - Creating ORM DAG for example_bash_operator
[2025-02-27T15:52:59.778+0000] {logging_mixin.py:190} INFO - [2025-02-27T15:52:59.778+0000] {dag.py:4180} INFO - Setting next_dagrun for example_bash_operator to 2025-02-26 00:00:00+00:00, run_after=2025-02-27 00:00:00+00:00
[2025-02-27T15:52:59.797+0000] {processor.py:208} INFO - Processing /home/airflow/.local/lib/python3.12/site-packages/airflow/example_dags/example_bash_operator.py took 0.435 seconds
[2025-02-27T15:53:30.544+0000] {processor.py:186} INFO - Started process (PID=184) to work on /home/airflow/.local/lib/python3.12/site-packages/airflow/example_dags/example_bash_operator.py
[2025-02-27T15:53:30.545+0000] {processor.py:914} INFO - Processing file /home/airflow/.local/lib/python3.12/site-packages/airflow/example_dags/example_bash_operator.py for tasks to queue
[2025-02-27T15:53:30.548+0000] {logging_mixin.py:190} INFO - [2025-02-27T15:53:30.548+0000] {dagbag.py:588} INFO - Filling up the DagBag from /home/airflow/.local/lib/python3.12/site-packages/airflow/example_dags/example_bash_operator.py
[2025-02-27T15:53:30.566+0000] {processor.py:925} INFO - DAG(s) 'example_bash_operator' retrieved from /home/airflow/.local/lib/python3.12/site-packages/airflow/example_dags/example_bash_operator.py
[2025-02-27T15:53:30.604+0000] {logging_mixin.py:190} INFO - [2025-02-27T15:53:30.603+0000] {dag.py:3239} INFO - Sync 1 DAGs
[2025-02-27T15:53:30.630+0000] {logging_mixin.py:190} INFO - [2025-02-27T15:53:30.630+0000] {dag.py:4180} INFO - Setting next_dagrun for example_bash_operator to 2025-02-26 00:00:00+00:00, run_after=2025-02-27 00:00:00+00:00
[2025-02-27T15:53:30.656+0000] {processor.py:208} INFO - Processing /home/airflow/.local/lib/python3.12/site-packages/airflow/example_dags/example_bash_operator.py took 0.118 seconds
[2025-02-27T15:54:00.797+0000] {processor.py:186} INFO - Started process (PID=247) to work on /home/airflow/.local/lib/python3.12/site-packages/airflow/example_dags/example_bash_operator.py
[2025-02-27T15:54:00.798+0000] {processor.py:914} INFO - Processing file /home/airflow/.local/lib/python3.12/site-packages/airflow/example_dags/example_bash_operator.py for tasks to queue
[2025-02-27T15:54:00.801+0000] {logging_mixin.py:190} INFO - [2025-02-27T15:54:00.800+0000] {dagbag.py:588} INFO - Filling up the DagBag from /home/airflow/.local/lib/python3.12/site-packages/airflow/example_dags/example_bash_operator.py
[2025-02-27T15:54:00.816+0000] {processor.py:925} INFO - DAG(s) 'example_bash_operator' retrieved from /home/airflow/.local/lib/python3.12/site-packages/airflow/example_dags/example_bash_operator.py
[2025-02-27T15:54:00.850+0000] {logging_mixin.py:190} INFO - [2025-02-27T15:54:00.850+0000] {dag.py:3239} INFO - Sync 1 DAGs
[2025-02-27T15:54:00.880+0000] {logging_mixin.py:190} INFO - [2025-02-27T15:54:00.879+0000] {dag.py:4180} INFO - Setting next_dagrun for example_bash_operator to 2025-02-26 00:00:00+00:00, run_after=2025-02-27 00:00:00+00:00
[2025-02-27T15:54:00.911+0000] {processor.py:208} INFO - Processing /home/airflow/.local/lib/python3.12/site-packages/airflow/example_dags/example_bash_operator.py took 0.121 seconds
[2025-02-27T15:54:31.854+0000] {processor.py:186} INFO - Started process (PID=310) to work on /home/airflow/.local/lib/python3.12/site-packages/airflow/example_dags/example_bash_operator.py
[2025-02-27T15:54:31.854+0000] {processor.py:914} INFO - Processing file /home/airflow/.local/lib/python3.12/site-packages/airflow/example_dags/example_bash_operator.py for tasks to queue
[2025-02-27T15:54:31.857+0000] {logging_mixin.py:190} INFO - [2025-02-27T15:54:31.856+0000] {dagbag.py:588} INFO - Filling up the DagBag from /home/airflow/.local/lib/python3.12/site-packages/airflow/example_dags/example_bash_operator.py
[2025-02-27T15:54:31.870+0000] {processor.py:925} INFO - DAG(s) 'example_bash_operator' retrieved from /home/airflow/.local/lib/python3.12/site-packages/airflow/example_dags/example_bash_operator.py
[2025-02-27T15:54:31.898+0000] {logging_mixin.py:190} INFO - [2025-02-27T15:54:31.898+0000] {dag.py:3239} INFO - Sync 1 DAGs
[2025-02-27T15:54:31.924+0000] {logging_mixin.py:190} INFO - [2025-02-27T15:54:31.924+0000] {dag.py:4180} INFO - Setting next_dagrun for example_bash_operator to 2025-02-26 00:00:00+00:00, run_after=2025-02-27 00:00:00+00:00
[2025-02-27T15:54:31.941+0000] {processor.py:208} INFO - Processing /home/airflow/.local/lib/python3.12/site-packages/airflow/example_dags/example_bash_operator.py took 0.094 seconds
[2025-02-27T15:55:03.512+0000] {processor.py:186} INFO - Started process (PID=373) to work on /home/airflow/.local/lib/python3.12/site-packages/airflow/example_dags/example_bash_operator.py
[2025-02-27T15:55:03.513+0000] {processor.py:914} INFO - Processing file /home/airflow/.local/lib/python3.12/site-packages/airflow/example_dags/example_bash_operator.py for tasks to queue
[2025-02-27T15:55:03.515+0000] {logging_mixin.py:190} INFO - [2025-02-27T15:55:03.515+0000] {dagbag.py:588} INFO - Filling up the DagBag from /home/airflow/.local/lib/python3.12/site-packages/airflow/example_dags/example_bash_operator.py
[2025-02-27T15:55:03.530+0000] {processor.py:925} INFO - DAG(s) 'example_bash_operator' retrieved from /home/airflow/.local/lib/python3.12/site-packages/airflow/example_dags/example_bash_operator.py
[2025-02-27T15:55:03.561+0000] {logging_mixin.py:190} INFO - [2025-02-27T15:55:03.561+0000] {dag.py:3239} INFO - Sync 1 DAGs
[2025-02-27T15:55:03.587+0000] {logging_mixin.py:190} INFO - [2025-02-27T15:55:03.587+0000] {dag.py:4180} INFO - Setting next_dagrun for example_bash_operator to 2025-02-26 00:00:00+00:00, run_after=2025-02-27 00:00:00+00:00
[2025-02-27T15:55:03.627+0000] {processor.py:208} INFO - Processing /home/airflow/.local/lib/python3.12/site-packages/airflow/example_dags/example_bash_operator.py took 0.122 seconds
[2025-02-27T15:55:34.878+0000] {processor.py:186} INFO - Started process (PID=436) to work on /home/airflow/.local/lib/python3.12/site-packages/airflow/example_dags/example_bash_operator.py
[2025-02-27T15:55:34.879+0000] {processor.py:914} INFO - Processing file /home/airflow/.local/lib/python3.12/site-packages/airflow/example_dags/example_bash_operator.py for tasks to queue
[2025-02-27T15:55:34.882+0000] {logging_mixin.py:190} INFO - [2025-02-27T15:55:34.882+0000] {dagbag.py:588} INFO - Filling up the DagBag from /home/airflow/.local/lib/python3.12/site-packages/airflow/example_dags/example_bash_operator.py
[2025-02-27T15:55:34.905+0000] {processor.py:925} INFO - DAG(s) 'example_bash_operator' retrieved from /home/airflow/.local/lib/python3.12/site-packages/airflow/example_dags/example_bash_operator.py
[2025-02-27T15:55:34.946+0000] {logging_mixin.py:190} INFO - [2025-02-27T15:55:34.946+0000] {dag.py:3239} INFO - Sync 1 DAGs
[2025-02-27T15:55:34.974+0000] {logging_mixin.py:190} INFO - [2025-02-27T15:55:34.974+0000] {dag.py:4180} INFO - Setting next_dagrun for example_bash_operator to 2025-02-26 00:00:00+00:00, run_after=2025-02-27 00:00:00+00:00
[2025-02-27T15:55:35.003+0000] {processor.py:208} INFO - Processing /home/airflow/.local/lib/python3.12/site-packages/airflow/example_dags/example_bash_operator.py took 0.134 seconds
[2025-02-27T15:56:05.635+0000] {processor.py:186} INFO - Started process (PID=499) to work on /home/airflow/.local/lib/python3.12/site-packages/airflow/example_dags/example_bash_operator.py
[2025-02-27T15:56:05.636+0000] {processor.py:914} INFO - Processing file /home/airflow/.local/lib/python3.12/site-packages/airflow/example_dags/example_bash_operator.py for tasks to queue
[2025-02-27T15:56:05.639+0000] {logging_mixin.py:190} INFO - [2025-02-27T15:56:05.639+0000] {dagbag.py:588} INFO - Filling up the DagBag from /home/airflow/.local/lib/python3.12/site-packages/airflow/example_dags/example_bash_operator.py
[2025-02-27T15:56:05.652+0000] {processor.py:925} INFO - DAG(s) 'example_bash_operator' retrieved from /home/airflow/.local/lib/python3.12/site-packages/airflow/example_dags/example_bash_operator.py
[2025-02-27T15:56:05.681+0000] {logging_mixin.py:190} INFO - [2025-02-27T15:56:05.681+0000] {dag.py:3239} INFO - Sync 1 DAGs
[2025-02-27T15:56:05.708+0000] {logging_mixin.py:190} INFO - [2025-02-27T15:56:05.707+0000] {dag.py:4180} INFO - Setting next_dagrun for example_bash_operator to 2025-02-26 00:00:00+00:00, run_after=2025-02-27 00:00:00+00:00
[2025-02-27T15:56:05.728+0000] {processor.py:208} INFO - Processing /home/airflow/.local/lib/python3.12/site-packages/airflow/example_dags/example_bash_operator.py took 0.099 seconds
[2025-02-27T15:56:36.808+0000] {processor.py:186} INFO - Started process (PID=562) to work on /home/airflow/.local/lib/python3.12/site-packages/airflow/example_dags/example_bash_operator.py
[2025-02-27T15:56:36.809+0000] {processor.py:914} INFO - Processing file /home/airflow/.local/lib/python3.12/site-packages/airflow/example_dags/example_bash_operator.py for tasks to queue
[2025-02-27T15:56:36.812+0000] {logging_mixin.py:190} INFO - [2025-02-27T15:56:36.812+0000] {dagbag.py:588} INFO - Filling up the DagBag from /home/airflow/.local/lib/python3.12/site-packages/airflow/example_dags/example_bash_operator.py
[2025-02-27T15:56:36.829+0000] {processor.py:925} INFO - DAG(s) 'example_bash_operator' retrieved from /home/airflow/.local/lib/python3.12/site-packages/airflow/example_dags/example_bash_operator.py
[2025-02-27T15:56:36.860+0000] {logging_mixin.py:190} INFO - [2025-02-27T15:56:36.860+0000] {dag.py:3239} INFO - Sync 1 DAGs
[2025-02-27T15:56:36.885+0000] {logging_mixin.py:190} INFO - [2025-02-27T15:56:36.885+0000] {dag.py:4180} INFO - Setting next_dagrun for example_bash_operator to 2025-02-26 00:00:00+00:00, run_after=2025-02-27 00:00:00+00:00
[2025-02-27T15:56:36.904+0000] {processor.py:208} INFO - Processing /home/airflow/.local/lib/python3.12/site-packages/airflow/example_dags/example_bash_operator.py took 0.104 seconds
[2025-02-27T15:57:07.065+0000] {processor.py:186} INFO - Started process (PID=625) to work on /home/airflow/.local/lib/python3.12/site-packages/airflow/example_dags/example_bash_operator.py
[2025-02-27T15:57:07.066+0000] {processor.py:914} INFO - Processing file /home/airflow/.local/lib/python3.12/site-packages/airflow/example_dags/example_bash_operator.py for tasks to queue
[2025-02-27T15:57:07.068+0000] {logging_mixin.py:190} INFO - [2025-02-27T15:57:07.068+0000] {dagbag.py:588} INFO - Filling up the DagBag from /home/airflow/.local/lib/python3.12/site-packages/airflow/example_dags/example_bash_operator.py
[2025-02-27T15:57:07.082+0000] {processor.py:925} INFO - DAG(s) 'example_bash_operator' retrieved from /home/airflow/.local/lib/python3.12/site-packages/airflow/example_dags/example_bash_operator.py
[2025-02-27T15:57:07.114+0000] {logging_mixin.py:190} INFO - [2025-02-27T15:57:07.113+0000] {dag.py:3239} INFO - Sync 1 DAGs
[2025-02-27T15:57:07.147+0000] {logging_mixin.py:190} INFO - [2025-02-27T15:57:07.147+0000] {dag.py:4180} INFO - Setting next_dagrun for example_bash_operator to 2025-02-26 00:00:00+00:00, run_after=2025-02-27 00:00:00+00:00
[2025-02-27T15:57:07.169+0000] {processor.py:208} INFO - Processing /home/airflow/.local/lib/python3.12/site-packages/airflow/example_dags/example_bash_operator.py took 0.110 seconds
[2025-02-27T15:57:38.061+0000] {processor.py:186} INFO - Started process (PID=688) to work on /home/airflow/.local/lib/python3.12/site-packages/airflow/example_dags/example_bash_operator.py
[2025-02-27T15:57:38.062+0000] {processor.py:914} INFO - Processing file /home/airflow/.local/lib/python3.12/site-packages/airflow/example_dags/example_bash_operator.py for tasks to queue
[2025-02-27T15:57:38.066+0000] {logging_mixin.py:190} INFO - [2025-02-27T15:57:38.065+0000] {dagbag.py:588} INFO - Filling up the DagBag from /home/airflow/.local/lib/python3.12/site-packages/airflow/example_dags/example_bash_operator.py
[2025-02-27T15:57:38.085+0000] {processor.py:925} INFO - DAG(s) 'example_bash_operator' retrieved from /home/airflow/.local/lib/python3.12/site-packages/airflow/example_dags/example_bash_operator.py
[2025-02-27T15:57:38.118+0000] {logging_mixin.py:190} INFO - [2025-02-27T15:57:38.118+0000] {dag.py:3239} INFO - Sync 1 DAGs
[2025-02-27T15:57:38.149+0000] {logging_mixin.py:190} INFO - [2025-02-27T15:57:38.149+0000] {dag.py:4180} INFO - Setting next_dagrun for example_bash_operator to 2025-02-26 00:00:00+00:00, run_after=2025-02-27 00:00:00+00:00
[2025-02-27T15:57:38.184+0000] {processor.py:208} INFO - Processing /home/airflow/.local/lib/python3.12/site-packages/airflow/example_dags/example_bash_operator.py took 0.131 seconds
[2025-02-27T15:58:08.307+0000] {processor.py:186} INFO - Started process (PID=750) to work on /home/airflow/.local/lib/python3.12/site-packages/airflow/example_dags/example_bash_operator.py
[2025-02-27T15:58:08.309+0000] {processor.py:914} INFO - Processing file /home/airflow/.local/lib/python3.12/site-packages/airflow/example_dags/example_bash_operator.py for tasks to queue
[2025-02-27T15:58:08.311+0000] {logging_mixin.py:190} INFO - [2025-02-27T15:58:08.311+0000] {dagbag.py:588} INFO - Filling up the DagBag from /home/airflow/.local/lib/python3.12/site-packages/airflow/example_dags/example_bash_operator.py
[2025-02-27T15:58:08.327+0000] {processor.py:925} INFO - DAG(s) 'example_bash_operator' retrieved from /home/airflow/.local/lib/python3.12/site-packages/airflow/example_dags/example_bash_operator.py
[2025-02-27T15:58:08.360+0000] {logging_mixin.py:190} INFO - [2025-02-27T15:58:08.360+0000] {dag.py:3239} INFO - Sync 1 DAGs
[2025-02-27T15:58:08.392+0000] {logging_mixin.py:190} INFO - [2025-02-27T15:58:08.392+0000] {dag.py:4180} INFO - Setting next_dagrun for example_bash_operator to 2025-02-26 00:00:00+00:00, run_after=2025-02-27 00:00:00+00:00
[2025-02-27T15:58:08.421+0000] {processor.py:208} INFO - Processing /home/airflow/.local/lib/python3.12/site-packages/airflow/example_dags/example_bash_operator.py took 0.119 seconds
[2025-02-27T15:58:38.702+0000] {processor.py:186} INFO - Started process (PID=812) to work on /home/airflow/.local/lib/python3.12/site-packages/airflow/example_dags/example_bash_operator.py
[2025-02-27T15:58:38.703+0000] {processor.py:914} INFO - Processing file /home/airflow/.local/lib/python3.12/site-packages/airflow/example_dags/example_bash_operator.py for tasks to queue
[2025-02-27T15:58:38.706+0000] {logging_mixin.py:190} INFO - [2025-02-27T15:58:38.706+0000] {dagbag.py:588} INFO - Filling up the DagBag from /home/airflow/.local/lib/python3.12/site-packages/airflow/example_dags/example_bash_operator.py
[2025-02-27T15:58:38.723+0000] {processor.py:925} INFO - DAG(s) 'example_bash_operator' retrieved from /home/airflow/.local/lib/python3.12/site-packages/airflow/example_dags/example_bash_operator.py
[2025-02-27T15:58:38.756+0000] {logging_mixin.py:190} INFO - [2025-02-27T15:58:38.756+0000] {dag.py:3239} INFO - Sync 1 DAGs
[2025-02-27T15:58:38.785+0000] {logging_mixin.py:190} INFO - [2025-02-27T15:58:38.785+0000] {dag.py:4180} INFO - Setting next_dagrun for example_bash_operator to 2025-02-26 00:00:00+00:00, run_after=2025-02-27 00:00:00+00:00
[2025-02-27T15:58:38.807+0000] {processor.py:208} INFO - Processing /home/airflow/.local/lib/python3.12/site-packages/airflow/example_dags/example_bash_operator.py took 0.112 seconds
[2025-02-27T15:59:09.640+0000] {processor.py:186} INFO - Started process (PID=875) to work on /home/airflow/.local/lib/python3.12/site-packages/airflow/example_dags/example_bash_operator.py
[2025-02-27T15:59:09.641+0000] {processor.py:914} INFO - Processing file /home/airflow/.local/lib/python3.12/site-packages/airflow/example_dags/example_bash_operator.py for tasks to queue
[2025-02-27T15:59:09.643+0000] {logging_mixin.py:190} INFO - [2025-02-27T15:59:09.643+0000] {dagbag.py:588} INFO - Filling up the DagBag from /home/airflow/.local/lib/python3.12/site-packages/airflow/example_dags/example_bash_operator.py
[2025-02-27T15:59:09.657+0000] {processor.py:925} INFO - DAG(s) 'example_bash_operator' retrieved from /home/airflow/.local/lib/python3.12/site-packages/airflow/example_dags/example_bash_operator.py
[2025-02-27T15:59:09.686+0000] {logging_mixin.py:190} INFO - [2025-02-27T15:59:09.686+0000] {dag.py:3239} INFO - Sync 1 DAGs
[2025-02-27T15:59:09.713+0000] {logging_mixin.py:190} INFO - [2025-02-27T15:59:09.713+0000] {dag.py:4180} INFO - Setting next_dagrun for example_bash_operator to 2025-02-26 00:00:00+00:00, run_after=2025-02-27 00:00:00+00:00
[2025-02-27T15:59:09.733+0000] {processor.py:208} INFO - Processing /home/airflow/.local/lib/python3.12/site-packages/airflow/example_dags/example_bash_operator.py took 0.099 seconds
[2025-02-27T15:59:39.984+0000] {processor.py:186} INFO - Started process (PID=938) to work on /home/airflow/.local/lib/python3.12/site-packages/airflow/example_dags/example_bash_operator.py
[2025-02-27T15:59:39.985+0000] {processor.py:914} INFO - Processing file /home/airflow/.local/lib/python3.12/site-packages/airflow/example_dags/example_bash_operator.py for tasks to queue
[2025-02-27T15:59:39.987+0000] {logging_mixin.py:190} INFO - [2025-02-27T15:59:39.987+0000] {dagbag.py:588} INFO - Filling up the DagBag from /home/airflow/.local/lib/python3.12/site-packages/airflow/example_dags/example_bash_operator.py
[2025-02-27T15:59:40.002+0000] {processor.py:925} INFO - DAG(s) 'example_bash_operator' retrieved from /home/airflow/.local/lib/python3.12/site-packages/airflow/example_dags/example_bash_operator.py
[2025-02-27T15:59:40.032+0000] {logging_mixin.py:190} INFO - [2025-02-27T15:59:40.032+0000] {dag.py:3239} INFO - Sync 1 DAGs
[2025-02-27T15:59:40.059+0000] {logging_mixin.py:190} INFO - [2025-02-27T15:59:40.058+0000] {dag.py:4180} INFO - Setting next_dagrun for example_bash_operator to 2025-02-26 00:00:00+00:00, run_after=2025-02-27 00:00:00+00:00
[2025-02-27T15:59:40.081+0000] {processor.py:208} INFO - Processing /home/airflow/.local/lib/python3.12/site-packages/airflow/example_dags/example_bash_operator.py took 0.103 seconds
