[2025-02-27T15:52:49.747+0000] {processor.py:186} INFO - Started process (PID=89) to work on /home/airflow/.local/lib/python3.12/site-packages/airflow/example_dags/tutorial.py
[2025-02-27T15:52:49.748+0000] {processor.py:914} INFO - Processing file /home/airflow/.local/lib/python3.12/site-packages/airflow/example_dags/tutorial.py for tasks to queue
[2025-02-27T15:52:49.751+0000] {logging_mixin.py:190} INFO - [2025-02-27T15:52:49.750+0000] {dagbag.py:588} INFO - Filling up the DagBag from /home/airflow/.local/lib/python3.12/site-packages/airflow/example_dags/tutorial.py
[2025-02-27T15:52:49.760+0000] {processor.py:925} INFO - DAG(s) 'tutorial' retrieved from /home/airflow/.local/lib/python3.12/site-packages/airflow/example_dags/tutorial.py
[2025-02-27T15:52:49.929+0000] {logging_mixin.py:190} INFO - [2025-02-27T15:52:49.928+0000] {override.py:1912} INFO - Created Permission View: can edit on DAG:tutorial
[2025-02-27T15:52:49.942+0000] {logging_mixin.py:190} INFO - [2025-02-27T15:52:49.941+0000] {override.py:1912} INFO - Created Permission View: can delete on DAG:tutorial
[2025-02-27T15:52:49.953+0000] {logging_mixin.py:190} INFO - [2025-02-27T15:52:49.952+0000] {override.py:1912} INFO - Created Permission View: can read on DAG:tutorial
[2025-02-27T15:52:49.969+0000] {logging_mixin.py:190} INFO - [2025-02-27T15:52:49.969+0000] {override.py:1912} INFO - Created Permission View: can delete on DAG Run:tutorial
[2025-02-27T15:52:49.979+0000] {logging_mixin.py:190} INFO - [2025-02-27T15:52:49.979+0000] {override.py:1912} INFO - Created Permission View: menu access on DAG Run:tutorial
[2025-02-27T15:52:49.990+0000] {logging_mixin.py:190} INFO - [2025-02-27T15:52:49.989+0000] {override.py:1912} INFO - Created Permission View: can read on DAG Run:tutorial
[2025-02-27T15:52:50.001+0000] {logging_mixin.py:190} INFO - [2025-02-27T15:52:50.000+0000] {override.py:1912} INFO - Created Permission View: can create on DAG Run:tutorial
[2025-02-27T15:52:50.001+0000] {logging_mixin.py:190} INFO - [2025-02-27T15:52:50.001+0000] {dag.py:3239} INFO - Sync 1 DAGs
[2025-02-27T15:52:50.019+0000] {logging_mixin.py:190} INFO - [2025-02-27T15:52:50.018+0000] {dag.py:3262} INFO - Creating ORM DAG for tutorial
[2025-02-27T15:52:50.031+0000] {logging_mixin.py:190} INFO - [2025-02-27T15:52:50.031+0000] {dag.py:4180} INFO - Setting next_dagrun for tutorial to 2025-02-26 00:00:00+00:00, run_after=2025-02-27 00:00:00+00:00
[2025-02-27T15:52:50.052+0000] {processor.py:208} INFO - Processing /home/airflow/.local/lib/python3.12/site-packages/airflow/example_dags/tutorial.py took 0.311 seconds
[2025-02-27T15:53:20.643+0000] {processor.py:186} INFO - Started process (PID=152) to work on /home/airflow/.local/lib/python3.12/site-packages/airflow/example_dags/tutorial.py
[2025-02-27T15:53:20.644+0000] {processor.py:914} INFO - Processing file /home/airflow/.local/lib/python3.12/site-packages/airflow/example_dags/tutorial.py for tasks to queue
[2025-02-27T15:53:20.647+0000] {logging_mixin.py:190} INFO - [2025-02-27T15:53:20.647+0000] {dagbag.py:588} INFO - Filling up the DagBag from /home/airflow/.local/lib/python3.12/site-packages/airflow/example_dags/tutorial.py
[2025-02-27T15:53:20.657+0000] {processor.py:925} INFO - DAG(s) 'tutorial' retrieved from /home/airflow/.local/lib/python3.12/site-packages/airflow/example_dags/tutorial.py
[2025-02-27T15:53:20.679+0000] {logging_mixin.py:190} INFO - [2025-02-27T15:53:20.678+0000] {dag.py:3239} INFO - Sync 1 DAGs
[2025-02-27T15:53:20.703+0000] {logging_mixin.py:190} INFO - [2025-02-27T15:53:20.703+0000] {dag.py:4180} INFO - Setting next_dagrun for tutorial to 2025-02-26 00:00:00+00:00, run_after=2025-02-27 00:00:00+00:00
[2025-02-27T15:53:20.732+0000] {processor.py:208} INFO - Processing /home/airflow/.local/lib/python3.12/site-packages/airflow/example_dags/tutorial.py took 0.096 seconds
[2025-02-27T15:53:51.259+0000] {processor.py:186} INFO - Started process (PID=215) to work on /home/airflow/.local/lib/python3.12/site-packages/airflow/example_dags/tutorial.py
[2025-02-27T15:53:51.260+0000] {processor.py:914} INFO - Processing file /home/airflow/.local/lib/python3.12/site-packages/airflow/example_dags/tutorial.py for tasks to queue
[2025-02-27T15:53:51.263+0000] {logging_mixin.py:190} INFO - [2025-02-27T15:53:51.262+0000] {dagbag.py:588} INFO - Filling up the DagBag from /home/airflow/.local/lib/python3.12/site-packages/airflow/example_dags/tutorial.py
[2025-02-27T15:53:51.275+0000] {processor.py:925} INFO - DAG(s) 'tutorial' retrieved from /home/airflow/.local/lib/python3.12/site-packages/airflow/example_dags/tutorial.py
[2025-02-27T15:53:51.298+0000] {logging_mixin.py:190} INFO - [2025-02-27T15:53:51.298+0000] {dag.py:3239} INFO - Sync 1 DAGs
[2025-02-27T15:53:51.324+0000] {logging_mixin.py:190} INFO - [2025-02-27T15:53:51.324+0000] {dag.py:4180} INFO - Setting next_dagrun for tutorial to 2025-02-26 00:00:00+00:00, run_after=2025-02-27 00:00:00+00:00
[2025-02-27T15:53:51.358+0000] {processor.py:208} INFO - Processing /home/airflow/.local/lib/python3.12/site-packages/airflow/example_dags/tutorial.py took 0.107 seconds
[2025-02-27T15:54:21.831+0000] {processor.py:186} INFO - Started process (PID=278) to work on /home/airflow/.local/lib/python3.12/site-packages/airflow/example_dags/tutorial.py
[2025-02-27T15:54:21.832+0000] {processor.py:914} INFO - Processing file /home/airflow/.local/lib/python3.12/site-packages/airflow/example_dags/tutorial.py for tasks to queue
[2025-02-27T15:54:21.835+0000] {logging_mixin.py:190} INFO - [2025-02-27T15:54:21.834+0000] {dagbag.py:588} INFO - Filling up the DagBag from /home/airflow/.local/lib/python3.12/site-packages/airflow/example_dags/tutorial.py
[2025-02-27T15:54:21.845+0000] {processor.py:925} INFO - DAG(s) 'tutorial' retrieved from /home/airflow/.local/lib/python3.12/site-packages/airflow/example_dags/tutorial.py
[2025-02-27T15:54:21.867+0000] {logging_mixin.py:190} INFO - [2025-02-27T15:54:21.867+0000] {dag.py:3239} INFO - Sync 1 DAGs
[2025-02-27T15:54:21.898+0000] {logging_mixin.py:190} INFO - [2025-02-27T15:54:21.898+0000] {dag.py:4180} INFO - Setting next_dagrun for tutorial to 2025-02-26 00:00:00+00:00, run_after=2025-02-27 00:00:00+00:00
[2025-02-27T15:54:21.922+0000] {processor.py:208} INFO - Processing /home/airflow/.local/lib/python3.12/site-packages/airflow/example_dags/tutorial.py took 0.097 seconds
[2025-02-27T15:54:52.518+0000] {processor.py:186} INFO - Started process (PID=341) to work on /home/airflow/.local/lib/python3.12/site-packages/airflow/example_dags/tutorial.py
[2025-02-27T15:54:52.519+0000] {processor.py:914} INFO - Processing file /home/airflow/.local/lib/python3.12/site-packages/airflow/example_dags/tutorial.py for tasks to queue
[2025-02-27T15:54:52.522+0000] {logging_mixin.py:190} INFO - [2025-02-27T15:54:52.521+0000] {dagbag.py:588} INFO - Filling up the DagBag from /home/airflow/.local/lib/python3.12/site-packages/airflow/example_dags/tutorial.py
[2025-02-27T15:54:52.530+0000] {processor.py:925} INFO - DAG(s) 'tutorial' retrieved from /home/airflow/.local/lib/python3.12/site-packages/airflow/example_dags/tutorial.py
[2025-02-27T15:54:52.556+0000] {logging_mixin.py:190} INFO - [2025-02-27T15:54:52.556+0000] {dag.py:3239} INFO - Sync 1 DAGs
[2025-02-27T15:54:52.589+0000] {logging_mixin.py:190} INFO - [2025-02-27T15:54:52.588+0000] {dag.py:4180} INFO - Setting next_dagrun for tutorial to 2025-02-26 00:00:00+00:00, run_after=2025-02-27 00:00:00+00:00
[2025-02-27T15:54:52.619+0000] {processor.py:208} INFO - Processing /home/airflow/.local/lib/python3.12/site-packages/airflow/example_dags/tutorial.py took 0.108 seconds
[2025-02-27T15:55:22.898+0000] {processor.py:186} INFO - Started process (PID=404) to work on /home/airflow/.local/lib/python3.12/site-packages/airflow/example_dags/tutorial.py
[2025-02-27T15:55:22.899+0000] {processor.py:914} INFO - Processing file /home/airflow/.local/lib/python3.12/site-packages/airflow/example_dags/tutorial.py for tasks to queue
[2025-02-27T15:55:22.902+0000] {logging_mixin.py:190} INFO - [2025-02-27T15:55:22.901+0000] {dagbag.py:588} INFO - Filling up the DagBag from /home/airflow/.local/lib/python3.12/site-packages/airflow/example_dags/tutorial.py
[2025-02-27T15:55:22.912+0000] {processor.py:925} INFO - DAG(s) 'tutorial' retrieved from /home/airflow/.local/lib/python3.12/site-packages/airflow/example_dags/tutorial.py
[2025-02-27T15:55:22.941+0000] {logging_mixin.py:190} INFO - [2025-02-27T15:55:22.940+0000] {dag.py:3239} INFO - Sync 1 DAGs
[2025-02-27T15:55:22.977+0000] {logging_mixin.py:190} INFO - [2025-02-27T15:55:22.977+0000] {dag.py:4180} INFO - Setting next_dagrun for tutorial to 2025-02-26 00:00:00+00:00, run_after=2025-02-27 00:00:00+00:00
[2025-02-27T15:55:22.997+0000] {processor.py:208} INFO - Processing /home/airflow/.local/lib/python3.12/site-packages/airflow/example_dags/tutorial.py took 0.109 seconds
[2025-02-27T15:55:53.225+0000] {processor.py:186} INFO - Started process (PID=467) to work on /home/airflow/.local/lib/python3.12/site-packages/airflow/example_dags/tutorial.py
[2025-02-27T15:55:53.227+0000] {processor.py:914} INFO - Processing file /home/airflow/.local/lib/python3.12/site-packages/airflow/example_dags/tutorial.py for tasks to queue
[2025-02-27T15:55:53.230+0000] {logging_mixin.py:190} INFO - [2025-02-27T15:55:53.229+0000] {dagbag.py:588} INFO - Filling up the DagBag from /home/airflow/.local/lib/python3.12/site-packages/airflow/example_dags/tutorial.py
[2025-02-27T15:55:53.245+0000] {processor.py:925} INFO - DAG(s) 'tutorial' retrieved from /home/airflow/.local/lib/python3.12/site-packages/airflow/example_dags/tutorial.py
[2025-02-27T15:55:53.277+0000] {logging_mixin.py:190} INFO - [2025-02-27T15:55:53.276+0000] {dag.py:3239} INFO - Sync 1 DAGs
[2025-02-27T15:55:53.305+0000] {logging_mixin.py:190} INFO - [2025-02-27T15:55:53.304+0000] {dag.py:4180} INFO - Setting next_dagrun for tutorial to 2025-02-26 00:00:00+00:00, run_after=2025-02-27 00:00:00+00:00
[2025-02-27T15:55:53.323+0000] {processor.py:208} INFO - Processing /home/airflow/.local/lib/python3.12/site-packages/airflow/example_dags/tutorial.py took 0.108 seconds
[2025-02-27T15:56:23.745+0000] {processor.py:186} INFO - Started process (PID=530) to work on /home/airflow/.local/lib/python3.12/site-packages/airflow/example_dags/tutorial.py
[2025-02-27T15:56:23.746+0000] {processor.py:914} INFO - Processing file /home/airflow/.local/lib/python3.12/site-packages/airflow/example_dags/tutorial.py for tasks to queue
[2025-02-27T15:56:23.749+0000] {logging_mixin.py:190} INFO - [2025-02-27T15:56:23.748+0000] {dagbag.py:588} INFO - Filling up the DagBag from /home/airflow/.local/lib/python3.12/site-packages/airflow/example_dags/tutorial.py
[2025-02-27T15:56:23.759+0000] {processor.py:925} INFO - DAG(s) 'tutorial' retrieved from /home/airflow/.local/lib/python3.12/site-packages/airflow/example_dags/tutorial.py
[2025-02-27T15:56:23.790+0000] {logging_mixin.py:190} INFO - [2025-02-27T15:56:23.789+0000] {dag.py:3239} INFO - Sync 1 DAGs
[2025-02-27T15:56:23.821+0000] {logging_mixin.py:190} INFO - [2025-02-27T15:56:23.821+0000] {dag.py:4180} INFO - Setting next_dagrun for tutorial to 2025-02-26 00:00:00+00:00, run_after=2025-02-27 00:00:00+00:00
[2025-02-27T15:56:23.852+0000] {processor.py:208} INFO - Processing /home/airflow/.local/lib/python3.12/site-packages/airflow/example_dags/tutorial.py took 0.114 seconds
[2025-02-27T15:56:54.373+0000] {processor.py:186} INFO - Started process (PID=594) to work on /home/airflow/.local/lib/python3.12/site-packages/airflow/example_dags/tutorial.py
[2025-02-27T15:56:54.374+0000] {processor.py:914} INFO - Processing file /home/airflow/.local/lib/python3.12/site-packages/airflow/example_dags/tutorial.py for tasks to queue
[2025-02-27T15:56:54.377+0000] {logging_mixin.py:190} INFO - [2025-02-27T15:56:54.377+0000] {dagbag.py:588} INFO - Filling up the DagBag from /home/airflow/.local/lib/python3.12/site-packages/airflow/example_dags/tutorial.py
[2025-02-27T15:56:54.387+0000] {processor.py:925} INFO - DAG(s) 'tutorial' retrieved from /home/airflow/.local/lib/python3.12/site-packages/airflow/example_dags/tutorial.py
[2025-02-27T15:56:54.414+0000] {logging_mixin.py:190} INFO - [2025-02-27T15:56:54.414+0000] {dag.py:3239} INFO - Sync 1 DAGs
[2025-02-27T15:56:54.448+0000] {logging_mixin.py:190} INFO - [2025-02-27T15:56:54.448+0000] {dag.py:4180} INFO - Setting next_dagrun for tutorial to 2025-02-26 00:00:00+00:00, run_after=2025-02-27 00:00:00+00:00
[2025-02-27T15:56:54.473+0000] {processor.py:208} INFO - Processing /home/airflow/.local/lib/python3.12/site-packages/airflow/example_dags/tutorial.py took 0.107 seconds
[2025-02-27T15:57:24.749+0000] {processor.py:186} INFO - Started process (PID=657) to work on /home/airflow/.local/lib/python3.12/site-packages/airflow/example_dags/tutorial.py
[2025-02-27T15:57:24.750+0000] {processor.py:914} INFO - Processing file /home/airflow/.local/lib/python3.12/site-packages/airflow/example_dags/tutorial.py for tasks to queue
[2025-02-27T15:57:24.752+0000] {logging_mixin.py:190} INFO - [2025-02-27T15:57:24.752+0000] {dagbag.py:588} INFO - Filling up the DagBag from /home/airflow/.local/lib/python3.12/site-packages/airflow/example_dags/tutorial.py
[2025-02-27T15:57:24.762+0000] {processor.py:925} INFO - DAG(s) 'tutorial' retrieved from /home/airflow/.local/lib/python3.12/site-packages/airflow/example_dags/tutorial.py
[2025-02-27T15:57:24.785+0000] {logging_mixin.py:190} INFO - [2025-02-27T15:57:24.785+0000] {dag.py:3239} INFO - Sync 1 DAGs
[2025-02-27T15:57:24.812+0000] {logging_mixin.py:190} INFO - [2025-02-27T15:57:24.812+0000] {dag.py:4180} INFO - Setting next_dagrun for tutorial to 2025-02-26 00:00:00+00:00, run_after=2025-02-27 00:00:00+00:00
[2025-02-27T15:57:24.831+0000] {processor.py:208} INFO - Processing /home/airflow/.local/lib/python3.12/site-packages/airflow/example_dags/tutorial.py took 0.088 seconds
[2025-02-27T15:57:55.023+0000] {processor.py:186} INFO - Started process (PID=720) to work on /home/airflow/.local/lib/python3.12/site-packages/airflow/example_dags/tutorial.py
[2025-02-27T15:57:55.024+0000] {processor.py:914} INFO - Processing file /home/airflow/.local/lib/python3.12/site-packages/airflow/example_dags/tutorial.py for tasks to queue
[2025-02-27T15:57:55.027+0000] {logging_mixin.py:190} INFO - [2025-02-27T15:57:55.026+0000] {dagbag.py:588} INFO - Filling up the DagBag from /home/airflow/.local/lib/python3.12/site-packages/airflow/example_dags/tutorial.py
[2025-02-27T15:57:55.035+0000] {processor.py:925} INFO - DAG(s) 'tutorial' retrieved from /home/airflow/.local/lib/python3.12/site-packages/airflow/example_dags/tutorial.py
[2025-02-27T15:57:55.055+0000] {logging_mixin.py:190} INFO - [2025-02-27T15:57:55.055+0000] {dag.py:3239} INFO - Sync 1 DAGs
[2025-02-27T15:57:55.081+0000] {logging_mixin.py:190} INFO - [2025-02-27T15:57:55.080+0000] {dag.py:4180} INFO - Setting next_dagrun for tutorial to 2025-02-26 00:00:00+00:00, run_after=2025-02-27 00:00:00+00:00
[2025-02-27T15:57:55.098+0000] {processor.py:208} INFO - Processing /home/airflow/.local/lib/python3.12/site-packages/airflow/example_dags/tutorial.py took 0.081 seconds
[2025-02-27T15:58:25.341+0000] {processor.py:186} INFO - Started process (PID=783) to work on /home/airflow/.local/lib/python3.12/site-packages/airflow/example_dags/tutorial.py
[2025-02-27T15:58:25.343+0000] {processor.py:914} INFO - Processing file /home/airflow/.local/lib/python3.12/site-packages/airflow/example_dags/tutorial.py for tasks to queue
[2025-02-27T15:58:25.345+0000] {logging_mixin.py:190} INFO - [2025-02-27T15:58:25.345+0000] {dagbag.py:588} INFO - Filling up the DagBag from /home/airflow/.local/lib/python3.12/site-packages/airflow/example_dags/tutorial.py
[2025-02-27T15:58:25.354+0000] {processor.py:925} INFO - DAG(s) 'tutorial' retrieved from /home/airflow/.local/lib/python3.12/site-packages/airflow/example_dags/tutorial.py
[2025-02-27T15:58:25.375+0000] {logging_mixin.py:190} INFO - [2025-02-27T15:58:25.375+0000] {dag.py:3239} INFO - Sync 1 DAGs
[2025-02-27T15:58:25.399+0000] {logging_mixin.py:190} INFO - [2025-02-27T15:58:25.399+0000] {dag.py:4180} INFO - Setting next_dagrun for tutorial to 2025-02-26 00:00:00+00:00, run_after=2025-02-27 00:00:00+00:00
[2025-02-27T15:58:25.419+0000] {processor.py:208} INFO - Processing /home/airflow/.local/lib/python3.12/site-packages/airflow/example_dags/tutorial.py took 0.085 seconds
[2025-02-27T15:58:55.595+0000] {processor.py:186} INFO - Started process (PID=846) to work on /home/airflow/.local/lib/python3.12/site-packages/airflow/example_dags/tutorial.py
[2025-02-27T15:58:55.597+0000] {processor.py:914} INFO - Processing file /home/airflow/.local/lib/python3.12/site-packages/airflow/example_dags/tutorial.py for tasks to queue
[2025-02-27T15:58:55.600+0000] {logging_mixin.py:190} INFO - [2025-02-27T15:58:55.599+0000] {dagbag.py:588} INFO - Filling up the DagBag from /home/airflow/.local/lib/python3.12/site-packages/airflow/example_dags/tutorial.py
[2025-02-27T15:58:55.612+0000] {processor.py:925} INFO - DAG(s) 'tutorial' retrieved from /home/airflow/.local/lib/python3.12/site-packages/airflow/example_dags/tutorial.py
[2025-02-27T15:58:55.636+0000] {logging_mixin.py:190} INFO - [2025-02-27T15:58:55.636+0000] {dag.py:3239} INFO - Sync 1 DAGs
[2025-02-27T15:58:55.667+0000] {logging_mixin.py:190} INFO - [2025-02-27T15:58:55.667+0000] {dag.py:4180} INFO - Setting next_dagrun for tutorial to 2025-02-26 00:00:00+00:00, run_after=2025-02-27 00:00:00+00:00
[2025-02-27T15:58:55.690+0000] {processor.py:208} INFO - Processing /home/airflow/.local/lib/python3.12/site-packages/airflow/example_dags/tutorial.py took 0.100 seconds
[2025-02-27T15:59:25.980+0000] {processor.py:186} INFO - Started process (PID=909) to work on /home/airflow/.local/lib/python3.12/site-packages/airflow/example_dags/tutorial.py
[2025-02-27T15:59:25.981+0000] {processor.py:914} INFO - Processing file /home/airflow/.local/lib/python3.12/site-packages/airflow/example_dags/tutorial.py for tasks to queue
[2025-02-27T15:59:25.983+0000] {logging_mixin.py:190} INFO - [2025-02-27T15:59:25.983+0000] {dagbag.py:588} INFO - Filling up the DagBag from /home/airflow/.local/lib/python3.12/site-packages/airflow/example_dags/tutorial.py
[2025-02-27T15:59:25.991+0000] {processor.py:925} INFO - DAG(s) 'tutorial' retrieved from /home/airflow/.local/lib/python3.12/site-packages/airflow/example_dags/tutorial.py
[2025-02-27T15:59:26.011+0000] {logging_mixin.py:190} INFO - [2025-02-27T15:59:26.010+0000] {dag.py:3239} INFO - Sync 1 DAGs
[2025-02-27T15:59:26.036+0000] {logging_mixin.py:190} INFO - [2025-02-27T15:59:26.035+0000] {dag.py:4180} INFO - Setting next_dagrun for tutorial to 2025-02-26 00:00:00+00:00, run_after=2025-02-27 00:00:00+00:00
[2025-02-27T15:59:26.058+0000] {processor.py:208} INFO - Processing /home/airflow/.local/lib/python3.12/site-packages/airflow/example_dags/tutorial.py took 0.084 seconds
[2025-02-27T15:59:56.179+0000] {processor.py:186} INFO - Started process (PID=972) to work on /home/airflow/.local/lib/python3.12/site-packages/airflow/example_dags/tutorial.py
[2025-02-27T15:59:56.180+0000] {processor.py:914} INFO - Processing file /home/airflow/.local/lib/python3.12/site-packages/airflow/example_dags/tutorial.py for tasks to queue
[2025-02-27T15:59:56.182+0000] {logging_mixin.py:190} INFO - [2025-02-27T15:59:56.182+0000] {dagbag.py:588} INFO - Filling up the DagBag from /home/airflow/.local/lib/python3.12/site-packages/airflow/example_dags/tutorial.py
[2025-02-27T15:59:56.190+0000] {processor.py:925} INFO - DAG(s) 'tutorial' retrieved from /home/airflow/.local/lib/python3.12/site-packages/airflow/example_dags/tutorial.py
[2025-02-27T15:59:56.210+0000] {logging_mixin.py:190} INFO - [2025-02-27T15:59:56.210+0000] {dag.py:3239} INFO - Sync 1 DAGs
[2025-02-27T15:59:56.233+0000] {logging_mixin.py:190} INFO - [2025-02-27T15:59:56.233+0000] {dag.py:4180} INFO - Setting next_dagrun for tutorial to 2025-02-26 00:00:00+00:00, run_after=2025-02-27 00:00:00+00:00
[2025-02-27T15:59:56.253+0000] {processor.py:208} INFO - Processing /home/airflow/.local/lib/python3.12/site-packages/airflow/example_dags/tutorial.py took 0.080 seconds
[2025-02-27T16:00:26.673+0000] {processor.py:186} INFO - Started process (PID=1035) to work on /home/airflow/.local/lib/python3.12/site-packages/airflow/example_dags/tutorial.py
[2025-02-27T16:00:26.675+0000] {processor.py:914} INFO - Processing file /home/airflow/.local/lib/python3.12/site-packages/airflow/example_dags/tutorial.py for tasks to queue
[2025-02-27T16:00:26.678+0000] {logging_mixin.py:190} INFO - [2025-02-27T16:00:26.678+0000] {dagbag.py:588} INFO - Filling up the DagBag from /home/airflow/.local/lib/python3.12/site-packages/airflow/example_dags/tutorial.py
[2025-02-27T16:00:26.689+0000] {processor.py:925} INFO - DAG(s) 'tutorial' retrieved from /home/airflow/.local/lib/python3.12/site-packages/airflow/example_dags/tutorial.py
[2025-02-27T16:00:26.720+0000] {logging_mixin.py:190} INFO - [2025-02-27T16:00:26.720+0000] {dag.py:3239} INFO - Sync 1 DAGs
[2025-02-27T16:00:26.757+0000] {logging_mixin.py:190} INFO - [2025-02-27T16:00:26.756+0000] {dag.py:4180} INFO - Setting next_dagrun for tutorial to 2025-02-26 00:00:00+00:00, run_after=2025-02-27 00:00:00+00:00
[2025-02-27T16:00:26.782+0000] {processor.py:208} INFO - Processing /home/airflow/.local/lib/python3.12/site-packages/airflow/example_dags/tutorial.py took 0.118 seconds
[2025-02-27T16:00:56.932+0000] {processor.py:186} INFO - Started process (PID=1098) to work on /home/airflow/.local/lib/python3.12/site-packages/airflow/example_dags/tutorial.py
[2025-02-27T16:00:56.933+0000] {processor.py:914} INFO - Processing file /home/airflow/.local/lib/python3.12/site-packages/airflow/example_dags/tutorial.py for tasks to queue
[2025-02-27T16:00:56.935+0000] {logging_mixin.py:190} INFO - [2025-02-27T16:00:56.935+0000] {dagbag.py:588} INFO - Filling up the DagBag from /home/airflow/.local/lib/python3.12/site-packages/airflow/example_dags/tutorial.py
[2025-02-27T16:00:56.944+0000] {processor.py:925} INFO - DAG(s) 'tutorial' retrieved from /home/airflow/.local/lib/python3.12/site-packages/airflow/example_dags/tutorial.py
[2025-02-27T16:00:56.966+0000] {logging_mixin.py:190} INFO - [2025-02-27T16:00:56.966+0000] {dag.py:3239} INFO - Sync 1 DAGs
[2025-02-27T16:00:56.991+0000] {logging_mixin.py:190} INFO - [2025-02-27T16:00:56.991+0000] {dag.py:4180} INFO - Setting next_dagrun for tutorial to 2025-02-26 00:00:00+00:00, run_after=2025-02-27 00:00:00+00:00
[2025-02-27T16:00:57.013+0000] {processor.py:208} INFO - Processing /home/airflow/.local/lib/python3.12/site-packages/airflow/example_dags/tutorial.py took 0.086 seconds
[2025-02-27T16:01:27.097+0000] {processor.py:186} INFO - Started process (PID=1161) to work on /home/airflow/.local/lib/python3.12/site-packages/airflow/example_dags/tutorial.py
[2025-02-27T16:01:27.098+0000] {processor.py:914} INFO - Processing file /home/airflow/.local/lib/python3.12/site-packages/airflow/example_dags/tutorial.py for tasks to queue
[2025-02-27T16:01:27.101+0000] {logging_mixin.py:190} INFO - [2025-02-27T16:01:27.101+0000] {dagbag.py:588} INFO - Filling up the DagBag from /home/airflow/.local/lib/python3.12/site-packages/airflow/example_dags/tutorial.py
[2025-02-27T16:01:27.109+0000] {processor.py:925} INFO - DAG(s) 'tutorial' retrieved from /home/airflow/.local/lib/python3.12/site-packages/airflow/example_dags/tutorial.py
[2025-02-27T16:01:27.130+0000] {logging_mixin.py:190} INFO - [2025-02-27T16:01:27.130+0000] {dag.py:3239} INFO - Sync 1 DAGs
[2025-02-27T16:01:27.154+0000] {logging_mixin.py:190} INFO - [2025-02-27T16:01:27.154+0000] {dag.py:4180} INFO - Setting next_dagrun for tutorial to 2025-02-26 00:00:00+00:00, run_after=2025-02-27 00:00:00+00:00
[2025-02-27T16:01:27.173+0000] {processor.py:208} INFO - Processing /home/airflow/.local/lib/python3.12/site-packages/airflow/example_dags/tutorial.py took 0.082 seconds
[2025-02-27T16:01:57.521+0000] {processor.py:186} INFO - Started process (PID=1224) to work on /home/airflow/.local/lib/python3.12/site-packages/airflow/example_dags/tutorial.py
[2025-02-27T16:01:57.522+0000] {processor.py:914} INFO - Processing file /home/airflow/.local/lib/python3.12/site-packages/airflow/example_dags/tutorial.py for tasks to queue
[2025-02-27T16:01:57.524+0000] {logging_mixin.py:190} INFO - [2025-02-27T16:01:57.524+0000] {dagbag.py:588} INFO - Filling up the DagBag from /home/airflow/.local/lib/python3.12/site-packages/airflow/example_dags/tutorial.py
[2025-02-27T16:01:57.532+0000] {processor.py:925} INFO - DAG(s) 'tutorial' retrieved from /home/airflow/.local/lib/python3.12/site-packages/airflow/example_dags/tutorial.py
[2025-02-27T16:01:57.554+0000] {logging_mixin.py:190} INFO - [2025-02-27T16:01:57.554+0000] {dag.py:3239} INFO - Sync 1 DAGs
[2025-02-27T16:01:57.581+0000] {logging_mixin.py:190} INFO - [2025-02-27T16:01:57.581+0000] {dag.py:4180} INFO - Setting next_dagrun for tutorial to 2025-02-26 00:00:00+00:00, run_after=2025-02-27 00:00:00+00:00
[2025-02-27T16:01:57.604+0000] {processor.py:208} INFO - Processing /home/airflow/.local/lib/python3.12/site-packages/airflow/example_dags/tutorial.py took 0.089 seconds
[2025-02-27T16:02:28.441+0000] {processor.py:186} INFO - Started process (PID=1287) to work on /home/airflow/.local/lib/python3.12/site-packages/airflow/example_dags/tutorial.py
[2025-02-27T16:02:28.442+0000] {processor.py:914} INFO - Processing file /home/airflow/.local/lib/python3.12/site-packages/airflow/example_dags/tutorial.py for tasks to queue
[2025-02-27T16:02:28.444+0000] {logging_mixin.py:190} INFO - [2025-02-27T16:02:28.444+0000] {dagbag.py:588} INFO - Filling up the DagBag from /home/airflow/.local/lib/python3.12/site-packages/airflow/example_dags/tutorial.py
[2025-02-27T16:02:28.452+0000] {processor.py:925} INFO - DAG(s) 'tutorial' retrieved from /home/airflow/.local/lib/python3.12/site-packages/airflow/example_dags/tutorial.py
[2025-02-27T16:02:28.472+0000] {logging_mixin.py:190} INFO - [2025-02-27T16:02:28.471+0000] {dag.py:3239} INFO - Sync 1 DAGs
[2025-02-27T16:02:28.498+0000] {logging_mixin.py:190} INFO - [2025-02-27T16:02:28.498+0000] {dag.py:4180} INFO - Setting next_dagrun for tutorial to 2025-02-26 00:00:00+00:00, run_after=2025-02-27 00:00:00+00:00
[2025-02-27T16:02:28.518+0000] {processor.py:208} INFO - Processing /home/airflow/.local/lib/python3.12/site-packages/airflow/example_dags/tutorial.py took 0.082 seconds
[2025-02-27T16:02:58.914+0000] {processor.py:186} INFO - Started process (PID=1350) to work on /home/airflow/.local/lib/python3.12/site-packages/airflow/example_dags/tutorial.py
[2025-02-27T16:02:58.916+0000] {processor.py:914} INFO - Processing file /home/airflow/.local/lib/python3.12/site-packages/airflow/example_dags/tutorial.py for tasks to queue
[2025-02-27T16:02:58.918+0000] {logging_mixin.py:190} INFO - [2025-02-27T16:02:58.918+0000] {dagbag.py:588} INFO - Filling up the DagBag from /home/airflow/.local/lib/python3.12/site-packages/airflow/example_dags/tutorial.py
[2025-02-27T16:02:58.929+0000] {processor.py:925} INFO - DAG(s) 'tutorial' retrieved from /home/airflow/.local/lib/python3.12/site-packages/airflow/example_dags/tutorial.py
[2025-02-27T16:02:58.956+0000] {logging_mixin.py:190} INFO - [2025-02-27T16:02:58.956+0000] {dag.py:3239} INFO - Sync 1 DAGs
[2025-02-27T16:02:58.991+0000] {logging_mixin.py:190} INFO - [2025-02-27T16:02:58.991+0000] {dag.py:4180} INFO - Setting next_dagrun for tutorial to 2025-02-26 00:00:00+00:00, run_after=2025-02-27 00:00:00+00:00
[2025-02-27T16:02:59.020+0000] {processor.py:208} INFO - Processing /home/airflow/.local/lib/python3.12/site-packages/airflow/example_dags/tutorial.py took 0.113 seconds
