[2025-02-27T15:52:51.791+0000] {processor.py:186} INFO - Started process (PID=100) to work on /home/airflow/.local/lib/python3.12/site-packages/airflow/example_dags/tutorial_dag.py
[2025-02-27T15:52:51.792+0000] {processor.py:914} INFO - Processing file /home/airflow/.local/lib/python3.12/site-packages/airflow/example_dags/tutorial_dag.py for tasks to queue
[2025-02-27T15:52:51.795+0000] {logging_mixin.py:190} INFO - [2025-02-27T15:52:51.795+0000] {dagbag.py:588} INFO - Filling up the DagBag from /home/airflow/.local/lib/python3.12/site-packages/airflow/example_dags/tutorial_dag.py
[2025-02-27T15:52:51.809+0000] {processor.py:925} INFO - DAG(s) 'tutorial_dag' retrieved from /home/airflow/.local/lib/python3.12/site-packages/airflow/example_dags/tutorial_dag.py
[2025-02-27T15:52:52.000+0000] {logging_mixin.py:190} INFO - [2025-02-27T15:52:51.999+0000] {override.py:1912} INFO - Created Permission View: can edit on DAG:tutorial_dag
[2025-02-27T15:52:52.023+0000] {logging_mixin.py:190} INFO - [2025-02-27T15:52:52.023+0000] {override.py:1912} INFO - Created Permission View: can delete on DAG:tutorial_dag
[2025-02-27T15:52:52.045+0000] {logging_mixin.py:190} INFO - [2025-02-27T15:52:52.044+0000] {override.py:1912} INFO - Created Permission View: can read on DAG:tutorial_dag
[2025-02-27T15:52:52.105+0000] {logging_mixin.py:190} INFO - [2025-02-27T15:52:52.105+0000] {override.py:1912} INFO - Created Permission View: can delete on DAG Run:tutorial_dag
[2025-02-27T15:52:52.136+0000] {logging_mixin.py:190} INFO - [2025-02-27T15:52:52.136+0000] {override.py:1912} INFO - Created Permission View: menu access on DAG Run:tutorial_dag
[2025-02-27T15:52:52.160+0000] {logging_mixin.py:190} INFO - [2025-02-27T15:52:52.159+0000] {override.py:1912} INFO - Created Permission View: can read on DAG Run:tutorial_dag
[2025-02-27T15:52:52.180+0000] {logging_mixin.py:190} INFO - [2025-02-27T15:52:52.180+0000] {override.py:1912} INFO - Created Permission View: can create on DAG Run:tutorial_dag
[2025-02-27T15:52:52.181+0000] {logging_mixin.py:190} INFO - [2025-02-27T15:52:52.181+0000] {dag.py:3239} INFO - Sync 1 DAGs
[2025-02-27T15:52:52.196+0000] {logging_mixin.py:190} INFO - [2025-02-27T15:52:52.196+0000] {dag.py:3262} INFO - Creating ORM DAG for tutorial_dag
[2025-02-27T15:52:52.197+0000] {logging_mixin.py:190} INFO - [2025-02-27T15:52:52.197+0000] {dag.py:4180} INFO - Setting next_dagrun for tutorial_dag to None, run_after=None
[2025-02-27T15:52:52.236+0000] {processor.py:208} INFO - Processing /home/airflow/.local/lib/python3.12/site-packages/airflow/example_dags/tutorial_dag.py took 0.450 seconds
[2025-02-27T15:53:22.756+0000] {processor.py:186} INFO - Started process (PID=162) to work on /home/airflow/.local/lib/python3.12/site-packages/airflow/example_dags/tutorial_dag.py
[2025-02-27T15:53:22.758+0000] {processor.py:914} INFO - Processing file /home/airflow/.local/lib/python3.12/site-packages/airflow/example_dags/tutorial_dag.py for tasks to queue
[2025-02-27T15:53:22.761+0000] {logging_mixin.py:190} INFO - [2025-02-27T15:53:22.760+0000] {dagbag.py:588} INFO - Filling up the DagBag from /home/airflow/.local/lib/python3.12/site-packages/airflow/example_dags/tutorial_dag.py
[2025-02-27T15:53:22.771+0000] {processor.py:925} INFO - DAG(s) 'tutorial_dag' retrieved from /home/airflow/.local/lib/python3.12/site-packages/airflow/example_dags/tutorial_dag.py
[2025-02-27T15:53:22.797+0000] {logging_mixin.py:190} INFO - [2025-02-27T15:53:22.797+0000] {dag.py:3239} INFO - Sync 1 DAGs
[2025-02-27T15:53:22.819+0000] {logging_mixin.py:190} INFO - [2025-02-27T15:53:22.818+0000] {dag.py:4180} INFO - Setting next_dagrun for tutorial_dag to None, run_after=None
[2025-02-27T15:53:22.855+0000] {processor.py:208} INFO - Processing /home/airflow/.local/lib/python3.12/site-packages/airflow/example_dags/tutorial_dag.py took 0.107 seconds
[2025-02-27T15:53:53.173+0000] {processor.py:186} INFO - Started process (PID=225) to work on /home/airflow/.local/lib/python3.12/site-packages/airflow/example_dags/tutorial_dag.py
[2025-02-27T15:53:53.175+0000] {processor.py:914} INFO - Processing file /home/airflow/.local/lib/python3.12/site-packages/airflow/example_dags/tutorial_dag.py for tasks to queue
[2025-02-27T15:53:53.179+0000] {logging_mixin.py:190} INFO - [2025-02-27T15:53:53.179+0000] {dagbag.py:588} INFO - Filling up the DagBag from /home/airflow/.local/lib/python3.12/site-packages/airflow/example_dags/tutorial_dag.py
[2025-02-27T15:53:53.192+0000] {processor.py:925} INFO - DAG(s) 'tutorial_dag' retrieved from /home/airflow/.local/lib/python3.12/site-packages/airflow/example_dags/tutorial_dag.py
[2025-02-27T15:53:53.219+0000] {logging_mixin.py:190} INFO - [2025-02-27T15:53:53.219+0000] {dag.py:3239} INFO - Sync 1 DAGs
[2025-02-27T15:53:53.243+0000] {logging_mixin.py:190} INFO - [2025-02-27T15:53:53.242+0000] {dag.py:4180} INFO - Setting next_dagrun for tutorial_dag to None, run_after=None
[2025-02-27T15:53:53.279+0000] {processor.py:208} INFO - Processing /home/airflow/.local/lib/python3.12/site-packages/airflow/example_dags/tutorial_dag.py took 0.114 seconds
[2025-02-27T15:54:23.913+0000] {processor.py:186} INFO - Started process (PID=288) to work on /home/airflow/.local/lib/python3.12/site-packages/airflow/example_dags/tutorial_dag.py
[2025-02-27T15:54:23.914+0000] {processor.py:914} INFO - Processing file /home/airflow/.local/lib/python3.12/site-packages/airflow/example_dags/tutorial_dag.py for tasks to queue
[2025-02-27T15:54:23.916+0000] {logging_mixin.py:190} INFO - [2025-02-27T15:54:23.916+0000] {dagbag.py:588} INFO - Filling up the DagBag from /home/airflow/.local/lib/python3.12/site-packages/airflow/example_dags/tutorial_dag.py
[2025-02-27T15:54:23.924+0000] {processor.py:925} INFO - DAG(s) 'tutorial_dag' retrieved from /home/airflow/.local/lib/python3.12/site-packages/airflow/example_dags/tutorial_dag.py
[2025-02-27T15:54:23.944+0000] {logging_mixin.py:190} INFO - [2025-02-27T15:54:23.944+0000] {dag.py:3239} INFO - Sync 1 DAGs
[2025-02-27T15:54:23.959+0000] {logging_mixin.py:190} INFO - [2025-02-27T15:54:23.959+0000] {dag.py:4180} INFO - Setting next_dagrun for tutorial_dag to None, run_after=None
[2025-02-27T15:54:23.993+0000] {processor.py:208} INFO - Processing /home/airflow/.local/lib/python3.12/site-packages/airflow/example_dags/tutorial_dag.py took 0.086 seconds
[2025-02-27T15:54:54.361+0000] {processor.py:186} INFO - Started process (PID=351) to work on /home/airflow/.local/lib/python3.12/site-packages/airflow/example_dags/tutorial_dag.py
[2025-02-27T15:54:54.362+0000] {processor.py:914} INFO - Processing file /home/airflow/.local/lib/python3.12/site-packages/airflow/example_dags/tutorial_dag.py for tasks to queue
[2025-02-27T15:54:54.365+0000] {logging_mixin.py:190} INFO - [2025-02-27T15:54:54.364+0000] {dagbag.py:588} INFO - Filling up the DagBag from /home/airflow/.local/lib/python3.12/site-packages/airflow/example_dags/tutorial_dag.py
[2025-02-27T15:54:54.373+0000] {processor.py:925} INFO - DAG(s) 'tutorial_dag' retrieved from /home/airflow/.local/lib/python3.12/site-packages/airflow/example_dags/tutorial_dag.py
[2025-02-27T15:54:54.394+0000] {logging_mixin.py:190} INFO - [2025-02-27T15:54:54.393+0000] {dag.py:3239} INFO - Sync 1 DAGs
[2025-02-27T15:54:54.409+0000] {logging_mixin.py:190} INFO - [2025-02-27T15:54:54.408+0000] {dag.py:4180} INFO - Setting next_dagrun for tutorial_dag to None, run_after=None
[2025-02-27T15:54:54.430+0000] {processor.py:208} INFO - Processing /home/airflow/.local/lib/python3.12/site-packages/airflow/example_dags/tutorial_dag.py took 0.074 seconds
[2025-02-27T15:55:24.823+0000] {processor.py:186} INFO - Started process (PID=414) to work on /home/airflow/.local/lib/python3.12/site-packages/airflow/example_dags/tutorial_dag.py
[2025-02-27T15:55:24.824+0000] {processor.py:914} INFO - Processing file /home/airflow/.local/lib/python3.12/site-packages/airflow/example_dags/tutorial_dag.py for tasks to queue
[2025-02-27T15:55:24.826+0000] {logging_mixin.py:190} INFO - [2025-02-27T15:55:24.826+0000] {dagbag.py:588} INFO - Filling up the DagBag from /home/airflow/.local/lib/python3.12/site-packages/airflow/example_dags/tutorial_dag.py
[2025-02-27T15:55:24.833+0000] {processor.py:925} INFO - DAG(s) 'tutorial_dag' retrieved from /home/airflow/.local/lib/python3.12/site-packages/airflow/example_dags/tutorial_dag.py
[2025-02-27T15:55:24.853+0000] {logging_mixin.py:190} INFO - [2025-02-27T15:55:24.853+0000] {dag.py:3239} INFO - Sync 1 DAGs
[2025-02-27T15:55:24.868+0000] {logging_mixin.py:190} INFO - [2025-02-27T15:55:24.868+0000] {dag.py:4180} INFO - Setting next_dagrun for tutorial_dag to None, run_after=None
[2025-02-27T15:55:24.887+0000] {processor.py:208} INFO - Processing /home/airflow/.local/lib/python3.12/site-packages/airflow/example_dags/tutorial_dag.py took 0.069 seconds
[2025-02-27T15:55:55.052+0000] {processor.py:186} INFO - Started process (PID=477) to work on /home/airflow/.local/lib/python3.12/site-packages/airflow/example_dags/tutorial_dag.py
[2025-02-27T15:55:55.053+0000] {processor.py:914} INFO - Processing file /home/airflow/.local/lib/python3.12/site-packages/airflow/example_dags/tutorial_dag.py for tasks to queue
[2025-02-27T15:55:55.056+0000] {logging_mixin.py:190} INFO - [2025-02-27T15:55:55.056+0000] {dagbag.py:588} INFO - Filling up the DagBag from /home/airflow/.local/lib/python3.12/site-packages/airflow/example_dags/tutorial_dag.py
[2025-02-27T15:55:55.064+0000] {processor.py:925} INFO - DAG(s) 'tutorial_dag' retrieved from /home/airflow/.local/lib/python3.12/site-packages/airflow/example_dags/tutorial_dag.py
[2025-02-27T15:55:55.091+0000] {logging_mixin.py:190} INFO - [2025-02-27T15:55:55.090+0000] {dag.py:3239} INFO - Sync 1 DAGs
[2025-02-27T15:55:55.109+0000] {logging_mixin.py:190} INFO - [2025-02-27T15:55:55.108+0000] {dag.py:4180} INFO - Setting next_dagrun for tutorial_dag to None, run_after=None
[2025-02-27T15:55:55.132+0000] {processor.py:208} INFO - Processing /home/airflow/.local/lib/python3.12/site-packages/airflow/example_dags/tutorial_dag.py took 0.087 seconds
[2025-02-27T15:56:25.737+0000] {processor.py:186} INFO - Started process (PID=540) to work on /home/airflow/.local/lib/python3.12/site-packages/airflow/example_dags/tutorial_dag.py
[2025-02-27T15:56:25.738+0000] {processor.py:914} INFO - Processing file /home/airflow/.local/lib/python3.12/site-packages/airflow/example_dags/tutorial_dag.py for tasks to queue
[2025-02-27T15:56:25.741+0000] {logging_mixin.py:190} INFO - [2025-02-27T15:56:25.740+0000] {dagbag.py:588} INFO - Filling up the DagBag from /home/airflow/.local/lib/python3.12/site-packages/airflow/example_dags/tutorial_dag.py
[2025-02-27T15:56:25.750+0000] {processor.py:925} INFO - DAG(s) 'tutorial_dag' retrieved from /home/airflow/.local/lib/python3.12/site-packages/airflow/example_dags/tutorial_dag.py
[2025-02-27T15:56:25.780+0000] {logging_mixin.py:190} INFO - [2025-02-27T15:56:25.780+0000] {dag.py:3239} INFO - Sync 1 DAGs
[2025-02-27T15:56:25.805+0000] {logging_mixin.py:190} INFO - [2025-02-27T15:56:25.805+0000] {dag.py:4180} INFO - Setting next_dagrun for tutorial_dag to None, run_after=None
[2025-02-27T15:56:25.830+0000] {processor.py:208} INFO - Processing /home/airflow/.local/lib/python3.12/site-packages/airflow/example_dags/tutorial_dag.py took 0.100 seconds
[2025-02-27T15:56:56.130+0000] {processor.py:186} INFO - Started process (PID=604) to work on /home/airflow/.local/lib/python3.12/site-packages/airflow/example_dags/tutorial_dag.py
[2025-02-27T15:56:56.131+0000] {processor.py:914} INFO - Processing file /home/airflow/.local/lib/python3.12/site-packages/airflow/example_dags/tutorial_dag.py for tasks to queue
[2025-02-27T15:56:56.133+0000] {logging_mixin.py:190} INFO - [2025-02-27T15:56:56.132+0000] {dagbag.py:588} INFO - Filling up the DagBag from /home/airflow/.local/lib/python3.12/site-packages/airflow/example_dags/tutorial_dag.py
[2025-02-27T15:56:56.140+0000] {processor.py:925} INFO - DAG(s) 'tutorial_dag' retrieved from /home/airflow/.local/lib/python3.12/site-packages/airflow/example_dags/tutorial_dag.py
[2025-02-27T15:56:56.159+0000] {logging_mixin.py:190} INFO - [2025-02-27T15:56:56.159+0000] {dag.py:3239} INFO - Sync 1 DAGs
[2025-02-27T15:56:56.174+0000] {logging_mixin.py:190} INFO - [2025-02-27T15:56:56.174+0000] {dag.py:4180} INFO - Setting next_dagrun for tutorial_dag to None, run_after=None
[2025-02-27T15:56:56.195+0000] {processor.py:208} INFO - Processing /home/airflow/.local/lib/python3.12/site-packages/airflow/example_dags/tutorial_dag.py took 0.070 seconds
[2025-02-27T15:57:26.482+0000] {processor.py:186} INFO - Started process (PID=667) to work on /home/airflow/.local/lib/python3.12/site-packages/airflow/example_dags/tutorial_dag.py
[2025-02-27T15:57:26.483+0000] {processor.py:914} INFO - Processing file /home/airflow/.local/lib/python3.12/site-packages/airflow/example_dags/tutorial_dag.py for tasks to queue
[2025-02-27T15:57:26.485+0000] {logging_mixin.py:190} INFO - [2025-02-27T15:57:26.485+0000] {dagbag.py:588} INFO - Filling up the DagBag from /home/airflow/.local/lib/python3.12/site-packages/airflow/example_dags/tutorial_dag.py
[2025-02-27T15:57:26.493+0000] {processor.py:925} INFO - DAG(s) 'tutorial_dag' retrieved from /home/airflow/.local/lib/python3.12/site-packages/airflow/example_dags/tutorial_dag.py
[2025-02-27T15:57:26.514+0000] {logging_mixin.py:190} INFO - [2025-02-27T15:57:26.514+0000] {dag.py:3239} INFO - Sync 1 DAGs
[2025-02-27T15:57:26.529+0000] {logging_mixin.py:190} INFO - [2025-02-27T15:57:26.528+0000] {dag.py:4180} INFO - Setting next_dagrun for tutorial_dag to None, run_after=None
[2025-02-27T15:57:26.549+0000] {processor.py:208} INFO - Processing /home/airflow/.local/lib/python3.12/site-packages/airflow/example_dags/tutorial_dag.py took 0.073 seconds
[2025-02-27T15:57:56.784+0000] {processor.py:186} INFO - Started process (PID=730) to work on /home/airflow/.local/lib/python3.12/site-packages/airflow/example_dags/tutorial_dag.py
[2025-02-27T15:57:56.785+0000] {processor.py:914} INFO - Processing file /home/airflow/.local/lib/python3.12/site-packages/airflow/example_dags/tutorial_dag.py for tasks to queue
[2025-02-27T15:57:56.788+0000] {logging_mixin.py:190} INFO - [2025-02-27T15:57:56.788+0000] {dagbag.py:588} INFO - Filling up the DagBag from /home/airflow/.local/lib/python3.12/site-packages/airflow/example_dags/tutorial_dag.py
[2025-02-27T15:57:56.796+0000] {processor.py:925} INFO - DAG(s) 'tutorial_dag' retrieved from /home/airflow/.local/lib/python3.12/site-packages/airflow/example_dags/tutorial_dag.py
[2025-02-27T15:57:56.817+0000] {logging_mixin.py:190} INFO - [2025-02-27T15:57:56.817+0000] {dag.py:3239} INFO - Sync 1 DAGs
[2025-02-27T15:57:56.834+0000] {logging_mixin.py:190} INFO - [2025-02-27T15:57:56.834+0000] {dag.py:4180} INFO - Setting next_dagrun for tutorial_dag to None, run_after=None
[2025-02-27T15:57:56.859+0000] {processor.py:208} INFO - Processing /home/airflow/.local/lib/python3.12/site-packages/airflow/example_dags/tutorial_dag.py took 0.081 seconds
[2025-02-27T15:58:27.074+0000] {processor.py:186} INFO - Started process (PID=793) to work on /home/airflow/.local/lib/python3.12/site-packages/airflow/example_dags/tutorial_dag.py
[2025-02-27T15:58:27.075+0000] {processor.py:914} INFO - Processing file /home/airflow/.local/lib/python3.12/site-packages/airflow/example_dags/tutorial_dag.py for tasks to queue
[2025-02-27T15:58:27.077+0000] {logging_mixin.py:190} INFO - [2025-02-27T15:58:27.077+0000] {dagbag.py:588} INFO - Filling up the DagBag from /home/airflow/.local/lib/python3.12/site-packages/airflow/example_dags/tutorial_dag.py
[2025-02-27T15:58:27.084+0000] {processor.py:925} INFO - DAG(s) 'tutorial_dag' retrieved from /home/airflow/.local/lib/python3.12/site-packages/airflow/example_dags/tutorial_dag.py
[2025-02-27T15:58:27.106+0000] {logging_mixin.py:190} INFO - [2025-02-27T15:58:27.106+0000] {dag.py:3239} INFO - Sync 1 DAGs
[2025-02-27T15:58:27.121+0000] {logging_mixin.py:190} INFO - [2025-02-27T15:58:27.120+0000] {dag.py:4180} INFO - Setting next_dagrun for tutorial_dag to None, run_after=None
[2025-02-27T15:58:27.139+0000] {processor.py:208} INFO - Processing /home/airflow/.local/lib/python3.12/site-packages/airflow/example_dags/tutorial_dag.py took 0.071 seconds
[2025-02-27T15:58:57.388+0000] {processor.py:186} INFO - Started process (PID=856) to work on /home/airflow/.local/lib/python3.12/site-packages/airflow/example_dags/tutorial_dag.py
[2025-02-27T15:58:57.389+0000] {processor.py:914} INFO - Processing file /home/airflow/.local/lib/python3.12/site-packages/airflow/example_dags/tutorial_dag.py for tasks to queue
[2025-02-27T15:58:57.392+0000] {logging_mixin.py:190} INFO - [2025-02-27T15:58:57.391+0000] {dagbag.py:588} INFO - Filling up the DagBag from /home/airflow/.local/lib/python3.12/site-packages/airflow/example_dags/tutorial_dag.py
[2025-02-27T15:58:57.399+0000] {processor.py:925} INFO - DAG(s) 'tutorial_dag' retrieved from /home/airflow/.local/lib/python3.12/site-packages/airflow/example_dags/tutorial_dag.py
[2025-02-27T15:58:57.420+0000] {logging_mixin.py:190} INFO - [2025-02-27T15:58:57.420+0000] {dag.py:3239} INFO - Sync 1 DAGs
[2025-02-27T15:58:57.434+0000] {logging_mixin.py:190} INFO - [2025-02-27T15:58:57.434+0000] {dag.py:4180} INFO - Setting next_dagrun for tutorial_dag to None, run_after=None
[2025-02-27T15:58:57.456+0000] {processor.py:208} INFO - Processing /home/airflow/.local/lib/python3.12/site-packages/airflow/example_dags/tutorial_dag.py took 0.074 seconds
[2025-02-27T15:59:27.805+0000] {processor.py:186} INFO - Started process (PID=919) to work on /home/airflow/.local/lib/python3.12/site-packages/airflow/example_dags/tutorial_dag.py
[2025-02-27T15:59:27.806+0000] {processor.py:914} INFO - Processing file /home/airflow/.local/lib/python3.12/site-packages/airflow/example_dags/tutorial_dag.py for tasks to queue
[2025-02-27T15:59:27.809+0000] {logging_mixin.py:190} INFO - [2025-02-27T15:59:27.809+0000] {dagbag.py:588} INFO - Filling up the DagBag from /home/airflow/.local/lib/python3.12/site-packages/airflow/example_dags/tutorial_dag.py
[2025-02-27T15:59:27.817+0000] {processor.py:925} INFO - DAG(s) 'tutorial_dag' retrieved from /home/airflow/.local/lib/python3.12/site-packages/airflow/example_dags/tutorial_dag.py
[2025-02-27T15:59:27.839+0000] {logging_mixin.py:190} INFO - [2025-02-27T15:59:27.839+0000] {dag.py:3239} INFO - Sync 1 DAGs
[2025-02-27T15:59:27.856+0000] {logging_mixin.py:190} INFO - [2025-02-27T15:59:27.856+0000] {dag.py:4180} INFO - Setting next_dagrun for tutorial_dag to None, run_after=None
[2025-02-27T15:59:27.878+0000] {processor.py:208} INFO - Processing /home/airflow/.local/lib/python3.12/site-packages/airflow/example_dags/tutorial_dag.py took 0.079 seconds
