[2025-02-27T15:52:50.924+0000] {processor.py:186} INFO - Started process (PID=95) to work on /home/airflow/.local/lib/python3.12/site-packages/airflow/example_dags/tutorial_objectstorage.py
[2025-02-27T15:52:50.925+0000] {processor.py:914} INFO - Processing file /home/airflow/.local/lib/python3.12/site-packages/airflow/example_dags/tutorial_objectstorage.py for tasks to queue
[2025-02-27T15:52:50.928+0000] {logging_mixin.py:190} INFO - [2025-02-27T15:52:50.927+0000] {dagbag.py:588} INFO - Filling up the DagBag from /home/airflow/.local/lib/python3.12/site-packages/airflow/example_dags/tutorial_objectstorage.py
[2025-02-27T15:52:50.940+0000] {processor.py:925} INFO - DAG(s) 'tutorial_objectstorage' retrieved from /home/airflow/.local/lib/python3.12/site-packages/airflow/example_dags/tutorial_objectstorage.py
[2025-02-27T15:52:51.077+0000] {logging_mixin.py:190} INFO - [2025-02-27T15:52:51.076+0000] {override.py:1912} INFO - Created Permission View: can edit on DAG:tutorial_objectstorage
[2025-02-27T15:52:51.092+0000] {logging_mixin.py:190} INFO - [2025-02-27T15:52:51.092+0000] {override.py:1912} INFO - Created Permission View: can delete on DAG:tutorial_objectstorage
[2025-02-27T15:52:51.105+0000] {logging_mixin.py:190} INFO - [2025-02-27T15:52:51.104+0000] {override.py:1912} INFO - Created Permission View: can read on DAG:tutorial_objectstorage
[2025-02-27T15:52:51.113+0000] {logging_mixin.py:190} INFO - [2025-02-27T15:52:51.113+0000] {override.py:1912} INFO - Created Permission View: can delete on DAG Run:tutorial_objectstorage
[2025-02-27T15:52:51.124+0000] {logging_mixin.py:190} INFO - [2025-02-27T15:52:51.124+0000] {override.py:1912} INFO - Created Permission View: menu access on DAG Run:tutorial_objectstorage
[2025-02-27T15:52:51.134+0000] {logging_mixin.py:190} INFO - [2025-02-27T15:52:51.134+0000] {override.py:1912} INFO - Created Permission View: can read on DAG Run:tutorial_objectstorage
[2025-02-27T15:52:51.145+0000] {logging_mixin.py:190} INFO - [2025-02-27T15:52:51.145+0000] {override.py:1912} INFO - Created Permission View: can create on DAG Run:tutorial_objectstorage
[2025-02-27T15:52:51.146+0000] {logging_mixin.py:190} INFO - [2025-02-27T15:52:51.146+0000] {dag.py:3239} INFO - Sync 1 DAGs
[2025-02-27T15:52:51.164+0000] {logging_mixin.py:190} INFO - [2025-02-27T15:52:51.164+0000] {dag.py:3262} INFO - Creating ORM DAG for tutorial_objectstorage
[2025-02-27T15:52:51.166+0000] {logging_mixin.py:190} INFO - [2025-02-27T15:52:51.166+0000] {dag.py:4180} INFO - Setting next_dagrun for tutorial_objectstorage to None, run_after=None
[2025-02-27T15:52:51.188+0000] {processor.py:208} INFO - Processing /home/airflow/.local/lib/python3.12/site-packages/airflow/example_dags/tutorial_objectstorage.py took 0.270 seconds
[2025-02-27T15:53:21.253+0000] {processor.py:186} INFO - Started process (PID=158) to work on /home/airflow/.local/lib/python3.12/site-packages/airflow/example_dags/tutorial_objectstorage.py
[2025-02-27T15:53:21.254+0000] {processor.py:914} INFO - Processing file /home/airflow/.local/lib/python3.12/site-packages/airflow/example_dags/tutorial_objectstorage.py for tasks to queue
[2025-02-27T15:53:21.256+0000] {logging_mixin.py:190} INFO - [2025-02-27T15:53:21.256+0000] {dagbag.py:588} INFO - Filling up the DagBag from /home/airflow/.local/lib/python3.12/site-packages/airflow/example_dags/tutorial_objectstorage.py
[2025-02-27T15:53:21.266+0000] {processor.py:925} INFO - DAG(s) 'tutorial_objectstorage' retrieved from /home/airflow/.local/lib/python3.12/site-packages/airflow/example_dags/tutorial_objectstorage.py
[2025-02-27T15:53:21.290+0000] {logging_mixin.py:190} INFO - [2025-02-27T15:53:21.290+0000] {dag.py:3239} INFO - Sync 1 DAGs
[2025-02-27T15:53:21.307+0000] {logging_mixin.py:190} INFO - [2025-02-27T15:53:21.306+0000] {dag.py:4180} INFO - Setting next_dagrun for tutorial_objectstorage to None, run_after=None
[2025-02-27T15:53:21.345+0000] {processor.py:208} INFO - Processing /home/airflow/.local/lib/python3.12/site-packages/airflow/example_dags/tutorial_objectstorage.py took 0.098 seconds
[2025-02-27T15:53:51.847+0000] {processor.py:186} INFO - Started process (PID=221) to work on /home/airflow/.local/lib/python3.12/site-packages/airflow/example_dags/tutorial_objectstorage.py
[2025-02-27T15:53:51.847+0000] {processor.py:914} INFO - Processing file /home/airflow/.local/lib/python3.12/site-packages/airflow/example_dags/tutorial_objectstorage.py for tasks to queue
[2025-02-27T15:53:51.849+0000] {logging_mixin.py:190} INFO - [2025-02-27T15:53:51.849+0000] {dagbag.py:588} INFO - Filling up the DagBag from /home/airflow/.local/lib/python3.12/site-packages/airflow/example_dags/tutorial_objectstorage.py
[2025-02-27T15:53:51.859+0000] {processor.py:925} INFO - DAG(s) 'tutorial_objectstorage' retrieved from /home/airflow/.local/lib/python3.12/site-packages/airflow/example_dags/tutorial_objectstorage.py
[2025-02-27T15:53:51.880+0000] {logging_mixin.py:190} INFO - [2025-02-27T15:53:51.880+0000] {dag.py:3239} INFO - Sync 1 DAGs
[2025-02-27T15:53:51.896+0000] {logging_mixin.py:190} INFO - [2025-02-27T15:53:51.896+0000] {dag.py:4180} INFO - Setting next_dagrun for tutorial_objectstorage to None, run_after=None
[2025-02-27T15:53:51.916+0000] {processor.py:208} INFO - Processing /home/airflow/.local/lib/python3.12/site-packages/airflow/example_dags/tutorial_objectstorage.py took 0.075 seconds
[2025-02-27T15:54:22.659+0000] {processor.py:186} INFO - Started process (PID=284) to work on /home/airflow/.local/lib/python3.12/site-packages/airflow/example_dags/tutorial_objectstorage.py
[2025-02-27T15:54:22.660+0000] {processor.py:914} INFO - Processing file /home/airflow/.local/lib/python3.12/site-packages/airflow/example_dags/tutorial_objectstorage.py for tasks to queue
[2025-02-27T15:54:22.662+0000] {logging_mixin.py:190} INFO - [2025-02-27T15:54:22.662+0000] {dagbag.py:588} INFO - Filling up the DagBag from /home/airflow/.local/lib/python3.12/site-packages/airflow/example_dags/tutorial_objectstorage.py
[2025-02-27T15:54:22.675+0000] {processor.py:925} INFO - DAG(s) 'tutorial_objectstorage' retrieved from /home/airflow/.local/lib/python3.12/site-packages/airflow/example_dags/tutorial_objectstorage.py
[2025-02-27T15:54:22.699+0000] {logging_mixin.py:190} INFO - [2025-02-27T15:54:22.699+0000] {dag.py:3239} INFO - Sync 1 DAGs
[2025-02-27T15:54:22.719+0000] {logging_mixin.py:190} INFO - [2025-02-27T15:54:22.719+0000] {dag.py:4180} INFO - Setting next_dagrun for tutorial_objectstorage to None, run_after=None
[2025-02-27T15:54:22.759+0000] {processor.py:208} INFO - Processing /home/airflow/.local/lib/python3.12/site-packages/airflow/example_dags/tutorial_objectstorage.py took 0.107 seconds
[2025-02-27T15:54:53.138+0000] {processor.py:186} INFO - Started process (PID=347) to work on /home/airflow/.local/lib/python3.12/site-packages/airflow/example_dags/tutorial_objectstorage.py
[2025-02-27T15:54:53.139+0000] {processor.py:914} INFO - Processing file /home/airflow/.local/lib/python3.12/site-packages/airflow/example_dags/tutorial_objectstorage.py for tasks to queue
[2025-02-27T15:54:53.141+0000] {logging_mixin.py:190} INFO - [2025-02-27T15:54:53.141+0000] {dagbag.py:588} INFO - Filling up the DagBag from /home/airflow/.local/lib/python3.12/site-packages/airflow/example_dags/tutorial_objectstorage.py
[2025-02-27T15:54:53.152+0000] {processor.py:925} INFO - DAG(s) 'tutorial_objectstorage' retrieved from /home/airflow/.local/lib/python3.12/site-packages/airflow/example_dags/tutorial_objectstorage.py
[2025-02-27T15:54:53.175+0000] {logging_mixin.py:190} INFO - [2025-02-27T15:54:53.174+0000] {dag.py:3239} INFO - Sync 1 DAGs
[2025-02-27T15:54:53.192+0000] {logging_mixin.py:190} INFO - [2025-02-27T15:54:53.192+0000] {dag.py:4180} INFO - Setting next_dagrun for tutorial_objectstorage to None, run_after=None
[2025-02-27T15:54:53.234+0000] {processor.py:208} INFO - Processing /home/airflow/.local/lib/python3.12/site-packages/airflow/example_dags/tutorial_objectstorage.py took 0.103 seconds
[2025-02-27T15:55:23.505+0000] {processor.py:186} INFO - Started process (PID=410) to work on /home/airflow/.local/lib/python3.12/site-packages/airflow/example_dags/tutorial_objectstorage.py
[2025-02-27T15:55:23.507+0000] {processor.py:914} INFO - Processing file /home/airflow/.local/lib/python3.12/site-packages/airflow/example_dags/tutorial_objectstorage.py for tasks to queue
[2025-02-27T15:55:23.511+0000] {logging_mixin.py:190} INFO - [2025-02-27T15:55:23.511+0000] {dagbag.py:588} INFO - Filling up the DagBag from /home/airflow/.local/lib/python3.12/site-packages/airflow/example_dags/tutorial_objectstorage.py
[2025-02-27T15:55:23.523+0000] {processor.py:925} INFO - DAG(s) 'tutorial_objectstorage' retrieved from /home/airflow/.local/lib/python3.12/site-packages/airflow/example_dags/tutorial_objectstorage.py
[2025-02-27T15:55:23.558+0000] {logging_mixin.py:190} INFO - [2025-02-27T15:55:23.557+0000] {dag.py:3239} INFO - Sync 1 DAGs
[2025-02-27T15:55:23.577+0000] {logging_mixin.py:190} INFO - [2025-02-27T15:55:23.576+0000] {dag.py:4180} INFO - Setting next_dagrun for tutorial_objectstorage to None, run_after=None
[2025-02-27T15:55:23.600+0000] {processor.py:208} INFO - Processing /home/airflow/.local/lib/python3.12/site-packages/airflow/example_dags/tutorial_objectstorage.py took 0.102 seconds
[2025-02-27T15:55:53.761+0000] {processor.py:186} INFO - Started process (PID=473) to work on /home/airflow/.local/lib/python3.12/site-packages/airflow/example_dags/tutorial_objectstorage.py
[2025-02-27T15:55:53.762+0000] {processor.py:914} INFO - Processing file /home/airflow/.local/lib/python3.12/site-packages/airflow/example_dags/tutorial_objectstorage.py for tasks to queue
[2025-02-27T15:55:53.765+0000] {logging_mixin.py:190} INFO - [2025-02-27T15:55:53.764+0000] {dagbag.py:588} INFO - Filling up the DagBag from /home/airflow/.local/lib/python3.12/site-packages/airflow/example_dags/tutorial_objectstorage.py
[2025-02-27T15:55:53.774+0000] {processor.py:925} INFO - DAG(s) 'tutorial_objectstorage' retrieved from /home/airflow/.local/lib/python3.12/site-packages/airflow/example_dags/tutorial_objectstorage.py
[2025-02-27T15:55:53.797+0000] {logging_mixin.py:190} INFO - [2025-02-27T15:55:53.797+0000] {dag.py:3239} INFO - Sync 1 DAGs
[2025-02-27T15:55:53.814+0000] {logging_mixin.py:190} INFO - [2025-02-27T15:55:53.814+0000] {dag.py:4180} INFO - Setting next_dagrun for tutorial_objectstorage to None, run_after=None
[2025-02-27T15:55:53.834+0000] {processor.py:208} INFO - Processing /home/airflow/.local/lib/python3.12/site-packages/airflow/example_dags/tutorial_objectstorage.py took 0.079 seconds
[2025-02-27T15:56:24.435+0000] {processor.py:186} INFO - Started process (PID=536) to work on /home/airflow/.local/lib/python3.12/site-packages/airflow/example_dags/tutorial_objectstorage.py
[2025-02-27T15:56:24.437+0000] {processor.py:914} INFO - Processing file /home/airflow/.local/lib/python3.12/site-packages/airflow/example_dags/tutorial_objectstorage.py for tasks to queue
[2025-02-27T15:56:24.439+0000] {logging_mixin.py:190} INFO - [2025-02-27T15:56:24.439+0000] {dagbag.py:588} INFO - Filling up the DagBag from /home/airflow/.local/lib/python3.12/site-packages/airflow/example_dags/tutorial_objectstorage.py
[2025-02-27T15:56:24.449+0000] {processor.py:925} INFO - DAG(s) 'tutorial_objectstorage' retrieved from /home/airflow/.local/lib/python3.12/site-packages/airflow/example_dags/tutorial_objectstorage.py
[2025-02-27T15:56:24.471+0000] {logging_mixin.py:190} INFO - [2025-02-27T15:56:24.471+0000] {dag.py:3239} INFO - Sync 1 DAGs
[2025-02-27T15:56:24.488+0000] {logging_mixin.py:190} INFO - [2025-02-27T15:56:24.488+0000] {dag.py:4180} INFO - Setting next_dagrun for tutorial_objectstorage to None, run_after=None
[2025-02-27T15:56:24.512+0000] {processor.py:208} INFO - Processing /home/airflow/.local/lib/python3.12/site-packages/airflow/example_dags/tutorial_objectstorage.py took 0.084 seconds
[2025-02-27T15:56:54.801+0000] {processor.py:186} INFO - Started process (PID=600) to work on /home/airflow/.local/lib/python3.12/site-packages/airflow/example_dags/tutorial_objectstorage.py
[2025-02-27T15:56:54.802+0000] {processor.py:914} INFO - Processing file /home/airflow/.local/lib/python3.12/site-packages/airflow/example_dags/tutorial_objectstorage.py for tasks to queue
[2025-02-27T15:56:54.805+0000] {logging_mixin.py:190} INFO - [2025-02-27T15:56:54.804+0000] {dagbag.py:588} INFO - Filling up the DagBag from /home/airflow/.local/lib/python3.12/site-packages/airflow/example_dags/tutorial_objectstorage.py
[2025-02-27T15:56:54.814+0000] {processor.py:925} INFO - DAG(s) 'tutorial_objectstorage' retrieved from /home/airflow/.local/lib/python3.12/site-packages/airflow/example_dags/tutorial_objectstorage.py
[2025-02-27T15:56:54.836+0000] {logging_mixin.py:190} INFO - [2025-02-27T15:56:54.835+0000] {dag.py:3239} INFO - Sync 1 DAGs
[2025-02-27T15:56:54.854+0000] {logging_mixin.py:190} INFO - [2025-02-27T15:56:54.854+0000] {dag.py:4180} INFO - Setting next_dagrun for tutorial_objectstorage to None, run_after=None
[2025-02-27T15:56:54.874+0000] {processor.py:208} INFO - Processing /home/airflow/.local/lib/python3.12/site-packages/airflow/example_dags/tutorial_objectstorage.py took 0.080 seconds
[2025-02-27T15:57:25.123+0000] {processor.py:186} INFO - Started process (PID=663) to work on /home/airflow/.local/lib/python3.12/site-packages/airflow/example_dags/tutorial_objectstorage.py
[2025-02-27T15:57:25.124+0000] {processor.py:914} INFO - Processing file /home/airflow/.local/lib/python3.12/site-packages/airflow/example_dags/tutorial_objectstorage.py for tasks to queue
[2025-02-27T15:57:25.126+0000] {logging_mixin.py:190} INFO - [2025-02-27T15:57:25.126+0000] {dagbag.py:588} INFO - Filling up the DagBag from /home/airflow/.local/lib/python3.12/site-packages/airflow/example_dags/tutorial_objectstorage.py
[2025-02-27T15:57:25.135+0000] {processor.py:925} INFO - DAG(s) 'tutorial_objectstorage' retrieved from /home/airflow/.local/lib/python3.12/site-packages/airflow/example_dags/tutorial_objectstorage.py
[2025-02-27T15:57:25.157+0000] {logging_mixin.py:190} INFO - [2025-02-27T15:57:25.156+0000] {dag.py:3239} INFO - Sync 1 DAGs
[2025-02-27T15:57:25.172+0000] {logging_mixin.py:190} INFO - [2025-02-27T15:57:25.171+0000] {dag.py:4180} INFO - Setting next_dagrun for tutorial_objectstorage to None, run_after=None
[2025-02-27T15:57:25.192+0000] {processor.py:208} INFO - Processing /home/airflow/.local/lib/python3.12/site-packages/airflow/example_dags/tutorial_objectstorage.py took 0.074 seconds
[2025-02-27T15:57:55.413+0000] {processor.py:186} INFO - Started process (PID=726) to work on /home/airflow/.local/lib/python3.12/site-packages/airflow/example_dags/tutorial_objectstorage.py
[2025-02-27T15:57:55.414+0000] {processor.py:914} INFO - Processing file /home/airflow/.local/lib/python3.12/site-packages/airflow/example_dags/tutorial_objectstorage.py for tasks to queue
[2025-02-27T15:57:55.416+0000] {logging_mixin.py:190} INFO - [2025-02-27T15:57:55.416+0000] {dagbag.py:588} INFO - Filling up the DagBag from /home/airflow/.local/lib/python3.12/site-packages/airflow/example_dags/tutorial_objectstorage.py
[2025-02-27T15:57:55.424+0000] {processor.py:925} INFO - DAG(s) 'tutorial_objectstorage' retrieved from /home/airflow/.local/lib/python3.12/site-packages/airflow/example_dags/tutorial_objectstorage.py
[2025-02-27T15:57:55.443+0000] {logging_mixin.py:190} INFO - [2025-02-27T15:57:55.443+0000] {dag.py:3239} INFO - Sync 1 DAGs
[2025-02-27T15:57:55.458+0000] {logging_mixin.py:190} INFO - [2025-02-27T15:57:55.458+0000] {dag.py:4180} INFO - Setting next_dagrun for tutorial_objectstorage to None, run_after=None
[2025-02-27T15:57:55.478+0000] {processor.py:208} INFO - Processing /home/airflow/.local/lib/python3.12/site-packages/airflow/example_dags/tutorial_objectstorage.py took 0.070 seconds
[2025-02-27T15:58:25.713+0000] {processor.py:186} INFO - Started process (PID=789) to work on /home/airflow/.local/lib/python3.12/site-packages/airflow/example_dags/tutorial_objectstorage.py
[2025-02-27T15:58:25.714+0000] {processor.py:914} INFO - Processing file /home/airflow/.local/lib/python3.12/site-packages/airflow/example_dags/tutorial_objectstorage.py for tasks to queue
[2025-02-27T15:58:25.716+0000] {logging_mixin.py:190} INFO - [2025-02-27T15:58:25.716+0000] {dagbag.py:588} INFO - Filling up the DagBag from /home/airflow/.local/lib/python3.12/site-packages/airflow/example_dags/tutorial_objectstorage.py
[2025-02-27T15:58:25.725+0000] {processor.py:925} INFO - DAG(s) 'tutorial_objectstorage' retrieved from /home/airflow/.local/lib/python3.12/site-packages/airflow/example_dags/tutorial_objectstorage.py
[2025-02-27T15:58:25.747+0000] {logging_mixin.py:190} INFO - [2025-02-27T15:58:25.746+0000] {dag.py:3239} INFO - Sync 1 DAGs
[2025-02-27T15:58:25.762+0000] {logging_mixin.py:190} INFO - [2025-02-27T15:58:25.762+0000] {dag.py:4180} INFO - Setting next_dagrun for tutorial_objectstorage to None, run_after=None
[2025-02-27T15:58:25.783+0000] {processor.py:208} INFO - Processing /home/airflow/.local/lib/python3.12/site-packages/airflow/example_dags/tutorial_objectstorage.py took 0.076 seconds
[2025-02-27T15:58:56.020+0000] {processor.py:186} INFO - Started process (PID=852) to work on /home/airflow/.local/lib/python3.12/site-packages/airflow/example_dags/tutorial_objectstorage.py
[2025-02-27T15:58:56.021+0000] {processor.py:914} INFO - Processing file /home/airflow/.local/lib/python3.12/site-packages/airflow/example_dags/tutorial_objectstorage.py for tasks to queue
[2025-02-27T15:58:56.024+0000] {logging_mixin.py:190} INFO - [2025-02-27T15:58:56.024+0000] {dagbag.py:588} INFO - Filling up the DagBag from /home/airflow/.local/lib/python3.12/site-packages/airflow/example_dags/tutorial_objectstorage.py
[2025-02-27T15:58:56.035+0000] {processor.py:925} INFO - DAG(s) 'tutorial_objectstorage' retrieved from /home/airflow/.local/lib/python3.12/site-packages/airflow/example_dags/tutorial_objectstorage.py
[2025-02-27T15:58:56.058+0000] {logging_mixin.py:190} INFO - [2025-02-27T15:58:56.058+0000] {dag.py:3239} INFO - Sync 1 DAGs
[2025-02-27T15:58:56.074+0000] {logging_mixin.py:190} INFO - [2025-02-27T15:58:56.074+0000] {dag.py:4180} INFO - Setting next_dagrun for tutorial_objectstorage to None, run_after=None
[2025-02-27T15:58:56.097+0000] {processor.py:208} INFO - Processing /home/airflow/.local/lib/python3.12/site-packages/airflow/example_dags/tutorial_objectstorage.py took 0.085 seconds
[2025-02-27T15:59:26.370+0000] {processor.py:186} INFO - Started process (PID=915) to work on /home/airflow/.local/lib/python3.12/site-packages/airflow/example_dags/tutorial_objectstorage.py
[2025-02-27T15:59:26.371+0000] {processor.py:914} INFO - Processing file /home/airflow/.local/lib/python3.12/site-packages/airflow/example_dags/tutorial_objectstorage.py for tasks to queue
[2025-02-27T15:59:26.373+0000] {logging_mixin.py:190} INFO - [2025-02-27T15:59:26.373+0000] {dagbag.py:588} INFO - Filling up the DagBag from /home/airflow/.local/lib/python3.12/site-packages/airflow/example_dags/tutorial_objectstorage.py
[2025-02-27T15:59:26.382+0000] {processor.py:925} INFO - DAG(s) 'tutorial_objectstorage' retrieved from /home/airflow/.local/lib/python3.12/site-packages/airflow/example_dags/tutorial_objectstorage.py
[2025-02-27T15:59:26.405+0000] {logging_mixin.py:190} INFO - [2025-02-27T15:59:26.405+0000] {dag.py:3239} INFO - Sync 1 DAGs
[2025-02-27T15:59:26.423+0000] {logging_mixin.py:190} INFO - [2025-02-27T15:59:26.422+0000] {dag.py:4180} INFO - Setting next_dagrun for tutorial_objectstorage to None, run_after=None
[2025-02-27T15:59:26.446+0000] {processor.py:208} INFO - Processing /home/airflow/.local/lib/python3.12/site-packages/airflow/example_dags/tutorial_objectstorage.py took 0.082 seconds
